15:41:44.084 [main                     ] DEBUG GameApplication      - Logger initialized
15:41:44.115 [main                     ] DEBUG GameApplication      - Logging settings
Title: Untitled
Version: 0.0
Width: 800
Height: 600
Fullscreen: false
Intro: false
Menus: false
Profiling: false
Single step:false
App Mode: DEVELOPER
Menu Key: ESCAPE
Stage Style: DECORATED
Scene Factory: class com.almasb.fxgl.app.SceneFactory
Dialog Factory: class com.almasb.fxgl.ui.FXGLDialogFactory
UI Factory: class com.almasb.fxgl.ui.FXGLUIFactory

15:41:44.549 [JavaFX Application Thread] DEBUG Engine               - Initializing FXGL
15:41:44.550 [JavaFX Application Thread] INFO  Engine               - FXGL-11.4 (06.08.2019 18.29) on WINDOWS (J:11.0.7 FX:12.0.1)
15:41:44.550 [JavaFX Application Thread] INFO  Engine               - Source code and latest versions at: https://github.com/AlmasB/FXGL
15:41:44.550 [JavaFX Application Thread] INFO  Engine               -              Join the FXGL chat at: https://gitter.im/AlmasB/FXGL
15:41:44.552 [JavaFX Application Thread] DEBUG Engine               - Adding new engine service: class com.almasb.fxgl.audio.AudioPlayer
15:41:44.553 [JavaFX Application Thread] DEBUG Engine               - Adding new engine service: class com.almasb.fxgl.notification.impl.NotificationServiceProvider
15:41:44.554 [JavaFX Application Thread] DEBUG Engine               - Adding new engine service: class com.almasb.fxgl.achievement.AchievementManager
15:41:44.558 [JavaFX Application Thread] DEBUG FS                   - Loaded FSServiceImpl
15:41:44.558 [JavaFX Application Thread] DEBUG SaveLoadManager      - Checking profiles dir: profiles/
15:41:44.558 [JavaFX Application Thread] DEBUG SaveLoadManager      - Creating non-existent profiles dir
15:41:44.590 [JavaFX Application Thread] DEBUG Engine               - Loading localizations
15:41:44.602 [JavaFX Application Thread] DEBUG AssetLoader          - Loading from file system: /assets/properties/languages/english.properties
15:41:44.605 [JavaFX Application Thread] DEBUG AssetLoader          - Loading from file system: /assets/properties/languages/french.properties
15:41:44.606 [JavaFX Application Thread] DEBUG AssetLoader          - Loading from file system: /assets/properties/languages/german.properties
15:41:44.607 [JavaFX Application Thread] DEBUG AssetLoader          - Loading from file system: /assets/properties/languages/russian.properties
15:41:44.608 [JavaFX Application Thread] DEBUG AssetLoader          - Loading from file system: /assets/properties/languages/hungarian.properties
15:41:44.609 [JavaFX Application Thread] DEBUG Engine               - Registering font factories
15:41:44.610 [JavaFX Application Thread] DEBUG AssetLoader          - Loading from file system: /assets/ui/fonts/VarelaRound-Regular.ttf
15:41:44.863 [JavaFX Application Thread] DEBUG AssetLoader          - Loading from file system: /assets/ui/fonts/Abel-Regular.ttf
15:41:44.867 [JavaFX Application Thread] DEBUG AssetLoader          - Loading from file system: /assets/ui/fonts/lucida_console.ttf
15:41:44.871 [JavaFX Application Thread] DEBUG AssetLoader          - Loading from file system: /assets/ui/fonts/Courier-Prime.ttf
15:41:44.875 [JavaFX Application Thread] DEBUG Engine               - Setting UI factory
15:41:44.954 [JavaFX Application Thread] DEBUG AssetLoader          - Loading from file system: /assets/textures/fxgl_logo.png
15:41:45.004 [JavaFX Application Thread] DEBUG MainWindow           - Creating a JavaFX scene
15:41:45.038 [JavaFX Application Thread] DEBUG MainWindow           - Target settings size: 800.0 x 600.0
15:41:45.038 [JavaFX Application Thread] DEBUG MainWindow           - Scaled scene size:    800.0 x 600.0
15:41:45.038 [JavaFX Application Thread] DEBUG MainWindow           - Scaled ratio: (1.0, 1.0)
15:41:45.039 [JavaFX Application Thread] DEBUG MainWindow           - Applying CSS: fxgl_dark.css
15:41:45.040 [JavaFX Application Thread] DEBUG AssetLoader          - Loading from file system: /assets/ui/css/fxgl_dark.css
15:41:45.040 [JavaFX Application Thread] DEBUG AssetLoader          - Loading from file system: /assets/ui/cursors/fxgl_default.png
15:41:45.044 [JavaFX Application Thread] DEBUG Input                - Clearing active input actions
15:41:45.045 [JavaFX Application Thread] DEBUG MainWindow           - StartupScene -> StartupScene
15:41:45.047 [JavaFX Application Thread] DEBUG AssetLoader          - Loading from file system: /assets/textures/fxgl_icon.png
15:41:45.058 [JavaFX Application Thread] DEBUG MainWindow           - Opening main window
15:41:45.174 [JavaFX Application Thread] DEBUG MainWindow           - Window border size: (16.0, 39.0)
15:41:45.174 [JavaFX Application Thread] DEBUG MainWindow           - Scaled size: 800.0 x 600.0
15:41:45.175 [JavaFX Application Thread] DEBUG MainWindow           - Scaled ratio: (1.0, 1.0)
15:41:45.175 [JavaFX Application Thread] DEBUG MainWindow           - Scene size: 800.0 x 600.0
15:41:45.175 [JavaFX Application Thread] DEBUG MainWindow           - Stage size: 816.0 x 639.0
15:41:45.185 [FXGL Background Thread 1 ] DEBUG FS                   - Loaded FSServiceImpl
15:41:45.189 [FXGL Background Thread 1 ] DEBUG Engine               - Loading default FXGL system data
15:41:45.190 [FXGL Background Thread 1 ] DEBUG Engine               - Initializing application scenes
15:41:45.216 [FXGL Background Thread 1 ] DEBUG GameWorld            - Game world initialized
15:41:45.255 [FXGL Background Thread 1 ] DEBUG PhysicsWorld         - Physics world initialized: appHeight=600, physics.ppm=50.0
15:41:45.256 [FXGL Background Thread 1 ] DEBUG GameScene            - Game scene initialized: 800x600
15:41:45.279 [FXGL Background Thread 1 ] DEBUG Input                - Registered new binding: Resume - Esc
15:41:45.279 [FXGL Background Thread 1 ] DEBUG AssetLoader          - Loading from file system: /assets/textures/pause_menu_bg.png
15:41:45.300 [FXGL Background Thread 1 ] DEBUG Input                - Registered new binding: Pause - Esc
15:41:45.301 [FXGL Background Thread 1 ] DEBUG Engine               - Application scenes initialized
15:41:45.303 [JavaFX Application Thread] DEBUG Engine               - Running preInit()
15:41:45.303 [JavaFX Application Thread] DEBUG Input                - Registered new binding: Screenshot - P
15:41:45.304 [JavaFX Application Thread] DEBUG Input                - Registered new binding: System info dump - CTRL+9
15:41:45.304 [JavaFX Application Thread] DEBUG Input                - Registered new binding: Restart - CTRL+R
15:41:45.304 [JavaFX Application Thread] DEBUG Engine               - generateDefaultProfile()
15:41:45.304 [JavaFX Application Thread] DEBUG Engine               - Creating default profile
15:41:45.305 [JavaFX Application Thread] DEBUG EventBus             - Firing event: SaveEvent
15:41:45.306 [JavaFX Application Thread] DEBUG Engine               - Logging environment variables
15:41:45.306 [JavaFX Application Thread] DEBUG Engine               - achievements: []
15:41:45.306 [JavaFX Application Thread] DEBUG Engine               - language: ObjectProperty [value: ENGLISH]
15:41:45.306 [JavaFX Application Thread] DEBUG Engine               - isCloseConfirmation: false
15:41:45.306 [JavaFX Application Thread] DEBUG Engine               - isProfilingEnabled: false
15:41:45.306 [JavaFX Application Thread] DEBUG Engine               - soundNotification: core/notification.wav
15:41:45.307 [JavaFX Application Thread] DEBUG Engine               - devShowBBoxProperty: BooleanProperty [value: false]
15:41:45.307 [JavaFX Application Thread] DEBUG Engine               - pixelsPerMeter: 50.0
15:41:45.307 [JavaFX Application Thread] DEBUG Engine               - overlayRoot: Group@a1af73d
15:41:45.307 [JavaFX Application Thread] DEBUG Engine               - appIcon: fxgl_icon.png
15:41:45.307 [JavaFX Application Thread] DEBUG Engine               - soundMenuBack: menu/back.wav
15:41:45.307 [JavaFX Application Thread] DEBUG Engine               - isFullScreenAllowed: false
15:41:45.307 [JavaFX Application Thread] DEBUG Engine               - isIntroEnabled: false
15:41:45.307 [JavaFX Application Thread] DEBUG Engine               - eventBus: com.almasb.fxgl.event.EventBus@4c852c3b
15:41:45.307 [JavaFX Application Thread] DEBUG Engine               - fontMono: lucida_console.ttf
15:41:45.307 [JavaFX Application Thread] DEBUG Engine               - soundMenuSelect: menu/select.wav
15:41:45.307 [JavaFX Application Thread] DEBUG Engine               - isWindows: true
15:41:45.307 [JavaFX Application Thread] DEBUG Engine               - isMobile: false
15:41:45.307 [JavaFX Application Thread] DEBUG Engine               - height: 600
15:41:45.307 [JavaFX Application Thread] DEBUG Engine               - isExperimentalNative: false
15:41:45.307 [JavaFX Application Thread] DEBUG Engine               - isSingleStep: false
15:41:45.308 [JavaFX Application Thread] DEBUG Engine               - cSSList: [fxgl_dark.css]
15:41:45.308 [JavaFX Application Thread] DEBUG Engine               - fontGame: Abel-Regular.ttf
15:41:45.308 [JavaFX Application Thread] DEBUG Engine               - menuKey: ESCAPE
15:41:45.308 [JavaFX Application Thread] DEBUG Engine               - devShowPositionProperty: BooleanProperty [value: false]
15:41:45.308 [JavaFX Application Thread] DEBUG Engine               - versionCheckDays: 7
15:41:45.308 [JavaFX Application Thread] DEBUG Engine               - masterTimer: com.almasb.fxgl.time.Timer@3e4edd35
15:41:45.308 [JavaFX Application Thread] DEBUG Engine               - configClass: Optional.empty
15:41:45.308 [JavaFX Application Thread] DEBUG Engine               - version: 0.0
15:41:45.308 [JavaFX Application Thread] DEBUG Engine               - fullScreen: BooleanProperty [value: false]
15:41:45.308 [JavaFX Application Thread] DEBUG Engine               - dialogFactory: com.almasb.fxgl.ui.FXGLDialogFactory@3eb3d583
15:41:45.308 [JavaFX Application Thread] DEBUG Engine               - applicationMode: DEVELOPER
15:41:45.308 [JavaFX Application Thread] DEBUG Engine               - isMac: false
15:41:45.308 [JavaFX Application Thread] DEBUG Engine               - urlGoogleForms: https://goo.gl/forms/6wrMnOBxTE1fEpOy2
15:41:45.308 [JavaFX Application Thread] DEBUG Engine               - isMenuEnabled: false
15:41:45.308 [JavaFX Application Thread] DEBUG Engine               - profileName: user.profile
15:41:45.308 [JavaFX Application Thread] DEBUG Engine               - urlPOM: https://raw.githubusercontent.com/AlmasB/FXGL/master/pom.xml
15:41:45.309 [JavaFX Application Thread] DEBUG Engine               - notificationViewClass: class com.almasb.fxgl.notification.view.XboxNotificationView
15:41:45.309 [JavaFX Application Thread] DEBUG Engine               - devSensorColorProperty: ObjectProperty [value: 0xffff00ff]
15:41:45.309 [JavaFX Application Thread] DEBUG Engine               - sceneFactory: com.almasb.fxgl.app.SceneFactory@73141ad1
15:41:45.309 [JavaFX Application Thread] DEBUG Engine               - dataFileExt: .dat
15:41:45.309 [JavaFX Application Thread] DEBUG Engine               - stageStyle: DECORATED
15:41:45.309 [JavaFX Application Thread] DEBUG Engine               - isManualResizeEnabled: false
15:41:45.309 [JavaFX Application Thread] DEBUG Engine               - title: Untitled
15:41:45.309 [JavaFX Application Thread] DEBUG Engine               - platform: WINDOWS
15:41:45.309 [JavaFX Application Thread] DEBUG Engine               - devBBoxColorProperty: ObjectProperty [value: 0xff0000ff]
15:41:45.309 [JavaFX Application Thread] DEBUG Engine               - isDesktop: true
15:41:45.309 [JavaFX Application Thread] DEBUG Engine               - credits: []
15:41:45.309 [JavaFX Application Thread] DEBUG Engine               - globalMusicVolumeProperty: DoubleProperty [value: 0.5]
15:41:45.309 [JavaFX Application Thread] DEBUG Engine               - isPreserveResizeRatio: false
15:41:45.309 [JavaFX Application Thread] DEBUG Engine               - uIFactory: com.almasb.fxgl.ui.FXGLUIFactory@1615147c
15:41:45.309 [JavaFX Application Thread] DEBUG Engine               - fontText: Courier-Prime.ttf
15:41:45.309 [JavaFX Application Thread] DEBUG Engine               - isExperimentalTiledLargeMap: false
15:41:45.310 [JavaFX Application Thread] DEBUG Engine               - secondsIn24h: 60
15:41:45.310 [JavaFX Application Thread] DEBUG Engine               - runtimeInfo: RuntimeInfo(platform=WINDOWS, version=11.4, build=06.08.2019 18.29)
15:41:45.310 [JavaFX Application Thread] DEBUG Engine               - soundMenuPress: menu/press.wav
15:41:45.310 [JavaFX Application Thread] DEBUG Engine               - isLinux: false
15:41:45.310 [JavaFX Application Thread] DEBUG Engine               - urlGithub: https://github.com/AlmasB/FXGL
15:41:45.310 [JavaFX Application Thread] DEBUG Engine               - profileDir: profiles/
15:41:45.310 [JavaFX Application Thread] DEBUG Engine               - isDeveloperMenuEnabled: false
15:41:45.310 [JavaFX Application Thread] DEBUG Engine               - globalSoundVolumeProperty: DoubleProperty [value: 0.5]
15:41:45.310 [JavaFX Application Thread] DEBUG Engine               - isBrowser: false
15:41:45.310 [JavaFX Application Thread] DEBUG Engine               - urlLeaderboard: http://fxgl-top.herokuapp.com/
15:41:45.311 [JavaFX Application Thread] DEBUG Engine               - globalSoundVolume: 0.5
15:41:45.311 [JavaFX Application Thread] DEBUG Engine               - saveDir: saves/
15:41:45.311 [JavaFX Application Thread] DEBUG Engine               - engineServices: [class com.almasb.fxgl.audio.AudioPlayer, class com.almasb.fxgl.notification.impl.NotificationServiceProvider, class com.almasb.fxgl.achievement.AchievementManager]
15:41:45.311 [JavaFX Application Thread] DEBUG Engine               - globalMusicVolume: 0.5
15:41:45.311 [JavaFX Application Thread] DEBUG Engine               - width: 800
15:41:45.311 [JavaFX Application Thread] DEBUG Engine               - saveFileExt: .sav
15:41:45.311 [JavaFX Application Thread] DEBUG Engine               - isAndroid: false
15:41:45.311 [JavaFX Application Thread] DEBUG Engine               - fontUI: VarelaRound-Regular.ttf
15:41:45.311 [JavaFX Application Thread] DEBUG Engine               - enabledMenuItems: []
15:41:45.311 [JavaFX Application Thread] DEBUG Engine               - isIOS: false
15:41:45.322 [JavaFX Application Thread] INFO  Engine               - FXGL initialization took: 0.732 sec
15:41:45.322 [JavaFX Application Thread] DEBUG LoopRunner           - Starting loop
15:41:45.328 [JavaFX Application Thread] DEBUG StartupScene         - STARTUP
15:41:45.328 [JavaFX Application Thread] DEBUG Engine               - Starting new game
15:41:45.329 [JavaFX Application Thread] DEBUG MainWindow           - Applying CSS: fxgl_dark.css
15:41:45.329 [JavaFX Application Thread] DEBUG AssetLoader          - Loading from file system: /assets/ui/css/fxgl_dark.css
15:41:45.329 [JavaFX Application Thread] DEBUG AssetLoader          - Loading from file system: /assets/ui/cursors/fxgl_default.png
15:41:45.330 [JavaFX Application Thread] DEBUG Input                - Clearing active input actions
15:41:45.337 [JavaFX Application Thread] DEBUG MainWindow           - StartupScene -> LoadingScene
15:41:45.341 [JavaFX Application Thread] DEBUG Engine               - Removing overlay from StartupScene and adding to LoadingScene
15:41:45.341 [FXGL Background Thread 1 ] DEBUG InitAppTask          - Clearing previous game
15:41:45.341 [FXGL Background Thread 1 ] DEBUG GameWorld            - Clearing game world
15:41:45.341 [FXGL Background Thread 1 ] DEBUG PhysicsWorld         - Clearing physics world
15:41:45.341 [FXGL Background Thread 1 ] DEBUG GameScene            - Clearing game scene
15:41:45.341 [FXGL Background Thread 1 ] DEBUG InitAppTask          - Initializing Game
15:41:45.342 [FXGL Background Thread 1 ] DEBUG InitAppTask          - Initializing Physics
15:41:45.342 [FXGL Background Thread 1 ] DEBUG InitAppTask          - Initializing UI
15:41:45.343 [FXGL Background Thread 1 ] DEBUG InitAppTask          - Initialization Complete
15:41:45.343 [FXGL Background Thread 1 ] INFO  InitAppTask          - Game initialization took: 0.002 sec
15:41:45.384 [JavaFX Application Thread] DEBUG MainWindow           - Applying CSS: fxgl_dark.css
15:41:45.384 [JavaFX Application Thread] DEBUG AssetLoader          - Loading from file system: /assets/ui/css/fxgl_dark.css
15:41:45.385 [JavaFX Application Thread] DEBUG AssetLoader          - Loading from file system: /assets/ui/cursors/fxgl_default.png
15:41:45.385 [JavaFX Application Thread] DEBUG Input                - Clearing active input actions
15:41:45.391 [JavaFX Application Thread] DEBUG MainWindow           - LoadingScene -> GameScene
15:41:45.391 [JavaFX Application Thread] DEBUG Engine               - Removing overlay from LoadingScene and adding to GameScene
15:41:47.603 [JavaFX Application Thread] DEBUG Engine               - Exiting FXGL
15:41:47.603 [JavaFX Application Thread] DEBUG Engine               - Shutting down background threads
15:41:47.603 [JavaFX Application Thread] DEBUG Engine               - Saving FXGL system data
15:41:47.609 [JavaFX Application Thread] DEBUG FSServiceImpl        - Writing to: D:\CodeGym\casestudy02\system\fxgl.bundle
15:41:47.616 [JavaFX Application Thread] DEBUG Engine               - Closing logger and exiting JavaFX
