17:43:29.800 [main                     ] DEBUG GameApplication      - Logger initialized
17:43:29.814 [main                     ] DEBUG GameApplication      - Logging settings
Title: FXGL Geometry Wars
Version: 1.1.0
Width: 1280
Height: 720
Fullscreen: false
Intro: false
Profiling: false
Single step:false
App Mode: DEVELOPER
Menu Key: ESCAPE
Stage Style: DECORATED
Scene Factory: class com.almasb.fxgl.app.scene.SceneFactory

17:43:30.142 [JavaFX Application Thread] DEBUG GameApplication      - Initializing FXGL
17:43:30.149 [JavaFX Application Thread] INFO  Engine               - FXGL-11.9 (27.05.2020 17.06) on WINDOWS (J:11.0.7 FX:13.0.2)
17:43:30.149 [JavaFX Application Thread] DEBUG Engine               - JRE Vendor Name: Oracle Corporation
17:43:30.149 [JavaFX Application Thread] DEBUG Engine               - Running on OS: Windows 10 version 10.0
17:43:30.149 [JavaFX Application Thread] DEBUG Engine               - Architecture: amd64
17:43:30.149 [JavaFX Application Thread] INFO  Engine               - Source code and latest versions at: https://github.com/AlmasB/FXGL
17:43:30.149 [JavaFX Application Thread] INFO  Engine               -              Join the FXGL chat at: https://gitter.im/AlmasB/FXGL
17:43:30.252 [JavaFX Application Thread] DEBUG MainWindow           - Creating a JavaFX scene
17:43:30.311 [JavaFX Application Thread] DEBUG MainWindow           - Target settings size: 1280.0 x 720.0
17:43:30.311 [JavaFX Application Thread] DEBUG MainWindow           - Scaled scene size:    1280.0 x 720.0
17:43:30.311 [JavaFX Application Thread] DEBUG MainWindow           - Scaled ratio: (1.0, 1.0)
17:43:30.312 [JavaFX Application Thread] DEBUG MainWindow           - Set initial scene to FXGLStartupScene
17:43:30.319 [JavaFX Application Thread] DEBUG MainWindow           - Opening main window
17:43:30.417 [JavaFX Application Thread] DEBUG MainWindow           - Window border size: (16.0, 39.0)
17:43:30.417 [JavaFX Application Thread] DEBUG MainWindow           - Scaled size: 1280.0 x 720.0
17:43:30.417 [JavaFX Application Thread] DEBUG MainWindow           - Scaled ratio: (1.0, 1.0)
17:43:30.418 [JavaFX Application Thread] DEBUG MainWindow           - Scene size: 1280.0 x 720.0
17:43:30.418 [JavaFX Application Thread] DEBUG MainWindow           - Stage size: 1296.0 x 759.0
17:43:30.429 [FXGL Background Thread 1 ] DEBUG Engine               - Initializing environment variables
17:43:30.462 [FXGL Background Thread 1 ] DEBUG WindowService        - Applying CSS: fxgl_dark.css
17:43:30.463 [FXGL Background Thread 1 ] DEBUG AssetLoaderService   - Loading from file system: /assets/ui/css/fxgl_dark.css
17:43:30.525 [FXGL Background Thread 1 ] DEBUG WindowService        - Initializing application scenes
17:43:30.566 [FXGL Background Thread 1 ] DEBUG GameWorld            - Game world initialized
17:43:30.601 [FXGL Background Thread 1 ] DEBUG PhysicsWorld         - Physics world initialized: appHeight=720, physics.ppm=50.0
17:43:30.603 [FXGL Background Thread 1 ] DEBUG GameScene            - Game scene initialized: 1280x720
17:43:30.631 [FXGL Background Thread 1 ] DEBUG AssetLoaderService   - Loading from file system: /assets/textures/particles/trace_horizontal.png
17:43:30.683 [FXGL Background Thread 1 ] DEBUG FXGL.DefaultMenu     - createMenuBodyGameMenu()
17:43:30.698 [FXGL Background Thread 1 ] DEBUG FXGL.DefaultMenu     - createOptionsMenu()
17:43:30.702 [FXGL Background Thread 1 ] DEBUG AssetLoaderService   - Loading from file system: /assets/textures/particles/smoke.png
17:43:30.770 [FXGL Background Thread 1 ] DEBUG WindowService        - Application scenes initialized
17:43:30.780 [FXGL Background Thread 1 ] DEBUG SystemBundleService  - Loading FXGL system data
17:43:30.783 [FXGL Background Thread 1 ] DEBUG FileSystemAccess     - Reading from: D:\CodeGym\casestudy02\system\fxgl.bundle
17:43:30.785 [FXGL Background Thread 1 ] DEBUG SystemBundleService  - Bundle FXGL: {}
17:43:30.785 [FXGL Background Thread 1 ] INFO  Engine               - FXGL initialization took: 0.354 sec
17:43:30.787 [FXGL Background Thread 1 ] DEBUG GameApplication      - Loading localizations
17:43:30.787 [FXGL Background Thread 1 ] DEBUG AssetLoaderService   - Loading from file system: /assets/languages/english.lang
17:43:30.796 [FXGL Background Thread 1 ] DEBUG AssetLoaderService   - Loading from file system: /assets/languages/french.lang
17:43:30.798 [FXGL Background Thread 1 ] DEBUG AssetLoaderService   - Loading from file system: /assets/languages/german.lang
17:43:30.799 [FXGL Background Thread 1 ] DEBUG AssetLoaderService   - Loading from file system: /assets/languages/hungarian.lang
17:43:30.803 [FXGL Background Thread 1 ] DEBUG AssetLoaderService   - Loading from file system: /assets/languages/russian.lang
17:43:30.805 [FXGL Background Thread 1 ] DEBUG GameApplication      - Registering font factories with UI factory
17:43:30.805 [FXGL Background Thread 1 ] DEBUG AssetLoaderService   - Loading from file system: /assets/ui/fonts/game_font_7.ttf
17:43:31.036 [FXGL Background Thread 1 ] DEBUG AssetLoaderService   - Loading from file system: /assets/ui/fonts/Abel-Regular.ttf
17:43:31.040 [FXGL Background Thread 1 ] DEBUG AssetLoaderService   - Loading from file system: /assets/ui/fonts/lucida_console.ttf
17:43:31.045 [FXGL Background Thread 1 ] DEBUG AssetLoaderService   - Loading from file system: /assets/ui/fonts/Courier-Prime.ttf
17:43:31.058 [JavaFX Application Thread] DEBUG Input                - Registered new binding: action0 - W
17:43:31.059 [JavaFX Application Thread] DEBUG Input                - Registered new binding: action1 - A
17:43:31.059 [JavaFX Application Thread] DEBUG Input                - Registered new binding: action2 - S
17:43:31.059 [JavaFX Application Thread] DEBUG Input                - Registered new binding: action3 - D
17:43:31.060 [JavaFX Application Thread] DEBUG Input                - Registered new binding: action4 - LMB
17:43:31.060 [JavaFX Application Thread] DEBUG AssetLoaderService   - Loading from file system: /assets/textures/explosion.png
17:43:31.193 [JavaFX Application Thread] DEBUG AssetLoaderService   - Loading from file system: /assets/music/bgm.mp3
17:43:31.304 [JavaFX Application Thread] DEBUG AudioPlayer          - Playing music com.almasb.fxgl.audio.Music@452e95ce
17:43:31.305 [JavaFX Application Thread] DEBUG AssetLoaderService   - Loading from file system: /assets/textures/fxgl_icon.png
17:43:31.313 [JavaFX Application Thread] DEBUG AssetLoaderService   - Loading from file system: /assets/ui/cursors/fxgl_default.png
17:43:31.315 [JavaFX Application Thread] DEBUG Input                - Registered new binding: Screenshot - P
17:43:31.315 [JavaFX Application Thread] DEBUG Input                - Registered new binding: System info dump - CTRL+9
17:43:31.315 [JavaFX Application Thread] DEBUG Input                - Registered new binding: Restart - CTRL+R
17:43:31.316 [JavaFX Application Thread] DEBUG LoopRunner           - Starting loop
17:43:31.335 [JavaFX Application Thread] DEBUG FXGLStartupScene     - STARTUP
17:43:31.335 [JavaFX Application Thread] DEBUG WindowService        - Starting new game
17:43:31.335 [JavaFX Application Thread] DEBUG Input                - Clearing active input actions
17:43:31.345 [JavaFX Application Thread] DEBUG WindowService        - Removing overlay from FXGLStartupScene and adding to FXGLLoadingScene
17:43:31.345 [JavaFX Application Thread] DEBUG MainWindow           - FXGLStartupScene -> FXGLLoadingScene
17:43:31.345 [JavaFX Application Thread] DEBUG WindowService        - Clearing previous game
17:43:31.345 [JavaFX Application Thread] DEBUG GameScene            - Clearing game scene
17:43:31.345 [JavaFX Application Thread] DEBUG GameWorld            - Clearing game world
17:43:31.345 [JavaFX Application Thread] DEBUG PhysicsWorld         - Clearing physics world
17:43:31.346 [FXGL Background Thread 1 ] DEBUG GameApplication      - Initializing game
17:43:31.371 [FXGL Background Thread 1 ] DEBUG AssetLoaderService   - Loading from file system: /assets/textures/Player.png
17:43:31.387 [FXGL Background Thread 1 ] INFO  GameApplication      - Game initialization took: 0.041 sec
17:43:31.559 [JavaFX Application Thread] DEBUG Input                - Clearing active input actions
17:43:31.565 [JavaFX Application Thread] DEBUG WindowService        - Removing overlay from FXGLLoadingScene and adding to GameScene
17:43:31.566 [JavaFX Application Thread] DEBUG MainWindow           - FXGLLoadingScene -> GameScene
17:43:31.571 [JavaFX Application Thread] DEBUG EventBus             - Firing event: javafx.event.Event[source=javafx.event.Event$$Lambda$112/0x000000080021e840@43c12eef]
17:43:31.571 [JavaFX Application Thread] DEBUG EventBus             - Firing event: javafx.event.Event[source=javafx.event.Event$$Lambda$112/0x000000080021e840@43c12eef]
17:43:31.571 [JavaFX Application Thread] DEBUG EventBus             - Firing event: javafx.event.Event[source=javafx.event.Event$$Lambda$112/0x000000080021e840@43c12eef]
17:43:33.169 [JavaFX Application Thread] DEBUG AssetLoaderService   - Loading from file system: /assets/textures/RedWanderer.png
17:43:33.181 [JavaFX Application Thread] DEBUG AssetLoaderService   - Loading from file system: /assets/textures/wanderer_overlay.png
17:43:33.682 [JavaFX Application Thread] DEBUG AssetLoaderService   - Loading from file system: /assets/textures/RedSeeker.png
17:43:33.688 [JavaFX Application Thread] DEBUG AssetLoaderService   - Loading from file system: /assets/textures/Seeker.png
17:43:33.693 [JavaFX Application Thread] DEBUG AssetLoaderService   - Loading from file system: /assets/textures/Seeker_overlay.png
17:43:33.724 [JavaFX Application Thread] DEBUG AssetLoaderService   - Loading from file system: /assets/textures/Seeker_overlay.png
17:43:33.789 [FXGL Background Thread 2 ] DEBUG Engine               - Logging environment variables
17:43:33.790 [FXGL Background Thread 2 ] DEBUG Engine               - achievements: []
17:43:33.791 [FXGL Background Thread 2 ] DEBUG Engine               - appIcon: fxgl_icon.png
17:43:33.791 [FXGL Background Thread 2 ] DEBUG Engine               - applicationMode: DEVELOPER
17:43:33.791 [FXGL Background Thread 2 ] DEBUG Engine               - cSSList: [fxgl_dark.css]
17:43:33.791 [FXGL Background Thread 2 ] DEBUG Engine               - configClass: Optional[class geowars.GeoWarsConfig]
17:43:33.791 [FXGL Background Thread 2 ] DEBUG Engine               - credits: []
17:43:33.791 [FXGL Background Thread 2 ] DEBUG Engine               - devBBoxColorProperty: ObjectProperty [value: 0xff0000ff]
17:43:33.791 [FXGL Background Thread 2 ] DEBUG Engine               - devSensorColorProperty: ObjectProperty [value: 0xffff00ff]
17:43:33.791 [FXGL Background Thread 2 ] DEBUG Engine               - devShowBBoxProperty: BooleanProperty [value: false]
17:43:33.791 [FXGL Background Thread 2 ] DEBUG Engine               - devShowPositionProperty: BooleanProperty [value: false]
17:43:33.791 [FXGL Background Thread 2 ] DEBUG Engine               - enabledMenuItems: []
17:43:33.791 [FXGL Background Thread 2 ] DEBUG Engine               - engineServices: [class com.almasb.fxgl.app.GameApplication$GameApplicationService, class com.almasb.fxgl.app.services.WindowService, class com.almasb.fxgl.app.services.FXGLDialogService, class com.almasb.fxgl.app.services.IOTaskExecutorService, class com.almasb.fxgl.event.EventBusService, class com.almasb.fxgl.io.FileSystemService, class com.almasb.fxgl.localization.LocalizationService, class com.almasb.fxgl.app.services.AssetLoaderService, class com.almasb.fxgl.app.services.SystemBundleService, class com.almasb.fxgl.profile.SaveLoadService, class com.almasb.fxgl.ui.FXGLUIFactoryServiceProvider, class com.almasb.fxgl.ui.FXGLDialogFactoryServiceProvider, class com.almasb.fxgl.audio.AudioPlayer, class com.almasb.fxgl.notification.impl.NotificationServiceProvider, class com.almasb.fxgl.achievement.AchievementService, class com.almasb.fxgl.cutscene.CutsceneService, class com.almasb.fxgl.minigames.MiniGameService, class com.almasb.fxgl.net.NetService, class com.almasb.fxgl.app.services.UpdaterService, class com.almasb.fxgl.dev.DevService]
17:43:33.791 [FXGL Background Thread 2 ] DEBUG Engine               - fontGame: Abel-Regular.ttf
17:43:33.791 [FXGL Background Thread 2 ] DEBUG Engine               - fontMono: lucida_console.ttf
17:43:33.792 [FXGL Background Thread 2 ] DEBUG Engine               - fontText: Courier-Prime.ttf
17:43:33.792 [FXGL Background Thread 2 ] DEBUG Engine               - fontUI: game_font_7.ttf
17:43:33.792 [FXGL Background Thread 2 ] DEBUG Engine               - fullScreen: BooleanProperty [value: false]
17:43:33.792 [FXGL Background Thread 2 ] DEBUG Engine               - gameDifficulty: MEDIUM
17:43:33.792 [FXGL Background Thread 2 ] DEBUG Engine               - gameDifficultyProperty: ObjectProperty [value: MEDIUM]
17:43:33.792 [FXGL Background Thread 2 ] DEBUG Engine               - globalMusicVolume: 0.5
17:43:33.792 [FXGL Background Thread 2 ] DEBUG Engine               - globalMusicVolumeProperty: DoubleProperty [value: 0.2]
17:43:33.792 [FXGL Background Thread 2 ] DEBUG Engine               - globalSoundVolume: 0.5
17:43:33.792 [FXGL Background Thread 2 ] DEBUG Engine               - globalSoundVolumeProperty: DoubleProperty [value: 0.2]
17:43:33.792 [FXGL Background Thread 2 ] DEBUG Engine               - height: 720
17:43:33.792 [FXGL Background Thread 2 ] DEBUG Engine               - isAndroid: false
17:43:33.792 [FXGL Background Thread 2 ] DEBUG Engine               - isBrowser: false
17:43:33.792 [FXGL Background Thread 2 ] DEBUG Engine               - isClickFeedbackEnabled: false
17:43:33.792 [FXGL Background Thread 2 ] DEBUG Engine               - isCloseConfirmation: false
17:43:33.792 [FXGL Background Thread 2 ] DEBUG Engine               - isDesktop: true
17:43:33.792 [FXGL Background Thread 2 ] DEBUG Engine               - isDeveloperMenuEnabled: false
17:43:33.792 [FXGL Background Thread 2 ] DEBUG Engine               - isExperimentalNative: false
17:43:33.793 [FXGL Background Thread 2 ] DEBUG Engine               - isExperimentalTiledLargeMap: false
17:43:33.793 [FXGL Background Thread 2 ] DEBUG Engine               - isFullScreenAllowed: false
17:43:33.793 [FXGL Background Thread 2 ] DEBUG Engine               - isFullScreenFromStart: false
17:43:33.793 [FXGL Background Thread 2 ] DEBUG Engine               - isGameMenuEnabled: true
17:43:33.793 [FXGL Background Thread 2 ] DEBUG Engine               - isIOS: false
17:43:33.793 [FXGL Background Thread 2 ] DEBUG Engine               - isIntroEnabled: false
17:43:33.793 [FXGL Background Thread 2 ] DEBUG Engine               - isLinux: false
17:43:33.793 [FXGL Background Thread 2 ] DEBUG Engine               - isMac: false
17:43:33.793 [FXGL Background Thread 2 ] DEBUG Engine               - isMainMenuEnabled: false
17:43:33.793 [FXGL Background Thread 2 ] DEBUG Engine               - isManualResizeEnabled: true
17:43:33.793 [FXGL Background Thread 2 ] DEBUG Engine               - isMobile: false
17:43:33.793 [FXGL Background Thread 2 ] DEBUG Engine               - isPreserveResizeRatio: false
17:43:33.793 [FXGL Background Thread 2 ] DEBUG Engine               - isProfilingEnabled: false
17:43:33.793 [FXGL Background Thread 2 ] DEBUG Engine               - isSingleStep: false
17:43:33.793 [FXGL Background Thread 2 ] DEBUG Engine               - isUserProfileEnabled: false
17:43:33.793 [FXGL Background Thread 2 ] DEBUG Engine               - isWindows: true
17:43:33.793 [FXGL Background Thread 2 ] DEBUG Engine               - language: ObjectProperty [value: ENGLISH]
17:43:33.793 [FXGL Background Thread 2 ] DEBUG Engine               - mainWindow: com.almasb.fxgl.app.MainWindow@581c7c53
17:43:33.793 [FXGL Background Thread 2 ] DEBUG Engine               - menuKey: ESCAPE
17:43:33.793 [FXGL Background Thread 2 ] DEBUG Engine               - notificationViewClass: class com.almasb.fxgl.notification.view.XboxNotificationView
17:43:33.794 [FXGL Background Thread 2 ] DEBUG Engine               - pixelsPerMeter: 50.0
17:43:33.794 [FXGL Background Thread 2 ] DEBUG Engine               - platform: WINDOWS
17:43:33.794 [FXGL Background Thread 2 ] DEBUG Engine               - profileDir: profiles/
17:43:33.794 [FXGL Background Thread 2 ] DEBUG Engine               - profileName: StringProperty [value: DEFAULT]
17:43:33.794 [FXGL Background Thread 2 ] DEBUG Engine               - randomSeed: -1
17:43:33.794 [FXGL Background Thread 2 ] DEBUG Engine               - runtimeInfo: RuntimeInfo(platform=WINDOWS, version=11.9, build=27.05.2020 17.06)
17:43:33.794 [FXGL Background Thread 2 ] DEBUG Engine               - saveFileExt: sav
17:43:33.794 [FXGL Background Thread 2 ] DEBUG Engine               - sceneFactory: com.almasb.fxgl.app.scene.SceneFactory@1a9106a0
17:43:33.794 [FXGL Background Thread 2 ] DEBUG Engine               - secondsIn24h: 60
17:43:33.794 [FXGL Background Thread 2 ] DEBUG Engine               - settings: Title: FXGL Geometry Wars
Version: 1.1.0
Width: 1280
Height: 720
Fullscreen: false
Intro: false
Profiling: false
Single step:false
App Mode: DEVELOPER
Menu Key: ESCAPE
Stage Style: DECORATED
Scene Factory: class com.almasb.fxgl.app.scene.SceneFactory

17:43:33.794 [FXGL Background Thread 2 ] DEBUG Engine               - soundMenuBack: menu/back.wav
17:43:33.794 [FXGL Background Thread 2 ] DEBUG Engine               - soundMenuPress: menu/press.wav
17:43:33.794 [FXGL Background Thread 2 ] DEBUG Engine               - soundMenuSelect: menu/select.wav
17:43:33.794 [FXGL Background Thread 2 ] DEBUG Engine               - soundNotification: core/notification.wav
17:43:33.794 [FXGL Background Thread 2 ] DEBUG Engine               - stageStyle: DECORATED
17:43:33.794 [FXGL Background Thread 2 ] DEBUG Engine               - supportedLanguages: [ENGLISH, FRENCH, GERMAN, HUNGARIAN, RUSSIAN]
17:43:33.794 [FXGL Background Thread 2 ] DEBUG Engine               - title: FXGL Geometry Wars
17:43:33.794 [FXGL Background Thread 2 ] DEBUG Engine               - urlGithub: https://github.com/AlmasB/FXGL
17:43:33.794 [FXGL Background Thread 2 ] DEBUG Engine               - urlLeaderboard: http://fxgl-top.herokuapp.com/
17:43:33.794 [FXGL Background Thread 2 ] DEBUG Engine               - urlPOM: https://raw.githubusercontent.com/AlmasB/FXGL/master/pom.xml
17:43:33.794 [FXGL Background Thread 2 ] DEBUG Engine               - version: 1.1.0
17:43:33.794 [FXGL Background Thread 2 ] DEBUG Engine               - versionCheckDays: 7
17:43:33.794 [FXGL Background Thread 2 ] DEBUG Engine               - width: 1280
17:43:33.795 [FXGL Background Thread 2 ] DEBUG Engine               - Logging services
17:43:33.795 [FXGL Background Thread 2 ] DEBUG Engine               - class com.almasb.fxgl.app.GameApplication$GameApplicationService
17:43:33.795 [FXGL Background Thread 2 ] DEBUG Engine               - class com.almasb.fxgl.app.services.WindowService
17:43:33.795 [FXGL Background Thread 2 ] DEBUG Engine               - class com.almasb.fxgl.app.services.FXGLDialogService
17:43:33.795 [FXGL Background Thread 2 ] DEBUG Engine               - class com.almasb.fxgl.app.services.IOTaskExecutorService
17:43:33.795 [FXGL Background Thread 2 ] DEBUG Engine               - class com.almasb.fxgl.event.EventBusService
17:43:33.795 [FXGL Background Thread 2 ] DEBUG Engine               - class com.almasb.fxgl.io.FileSystemService
17:43:33.795 [FXGL Background Thread 2 ] DEBUG Engine               - class com.almasb.fxgl.localization.LocalizationService
17:43:33.795 [FXGL Background Thread 2 ] DEBUG Engine               - class com.almasb.fxgl.app.services.AssetLoaderService
17:43:33.795 [FXGL Background Thread 2 ] DEBUG Engine               - class com.almasb.fxgl.app.services.SystemBundleService
17:43:33.795 [FXGL Background Thread 2 ] DEBUG Engine               - class com.almasb.fxgl.profile.SaveLoadService
17:43:33.795 [FXGL Background Thread 2 ] DEBUG Engine               - class com.almasb.fxgl.ui.FXGLUIFactoryServiceProvider
17:43:33.795 [FXGL Background Thread 2 ] DEBUG Engine               - class com.almasb.fxgl.ui.FXGLDialogFactoryServiceProvider
17:43:33.795 [FXGL Background Thread 2 ] DEBUG Engine               - class com.almasb.fxgl.audio.AudioPlayer
17:43:33.795 [FXGL Background Thread 2 ] DEBUG Engine               - class com.almasb.fxgl.notification.impl.NotificationServiceProvider
17:43:33.795 [FXGL Background Thread 2 ] DEBUG Engine               - class com.almasb.fxgl.achievement.AchievementService
17:43:33.795 [FXGL Background Thread 2 ] DEBUG Engine               - class com.almasb.fxgl.cutscene.CutsceneService
17:43:33.795 [FXGL Background Thread 2 ] DEBUG Engine               - class com.almasb.fxgl.minigames.MiniGameService
17:43:33.796 [FXGL Background Thread 2 ] DEBUG Engine               - class com.almasb.fxgl.net.NetService
17:43:33.796 [FXGL Background Thread 2 ] DEBUG Engine               - class com.almasb.fxgl.app.services.UpdaterService
17:43:33.796 [FXGL Background Thread 2 ] DEBUG Engine               - class com.almasb.fxgl.dev.DevService
17:43:34.163 [JavaFX Application Thread] DEBUG AssetLoaderService   - Loading from file system: /assets/sounds/shoot3.wav
17:43:34.168 [JavaFX Application Thread] DEBUG AssetLoaderService   - Loading from file system: /assets/textures/Bullet.png
17:43:34.690 [JavaFX Application Thread] DEBUG AssetLoaderService   - Loading from file system: /assets/textures/Wanderer.png
17:43:34.697 [JavaFX Application Thread] DEBUG AssetLoaderService   - Loading from cache: /assets/textures/wanderer_overlay.png@80.0x80.0
17:43:34.698 [JavaFX Application Thread] DEBUG AssetLoaderService   - Loading from file system: /assets/textures/Runner.png
17:43:35.778 [JavaFX Application Thread] DEBUG AssetLoaderService   - Loading from cache: /assets/textures/Seeker.png@60.0x60.0
17:43:35.779 [JavaFX Application Thread] DEBUG AssetLoaderService   - Loading from cache: /assets/textures/Seeker.png@60.0x60.0
17:43:35.780 [JavaFX Application Thread] DEBUG AssetLoaderService   - Loading from cache: /assets/textures/Seeker_overlay.png
17:43:35.801 [JavaFX Application Thread] DEBUG AssetLoaderService   - Loading from cache: /assets/textures/Seeker_overlay.png@60.0x60.0
17:43:35.873 [JavaFX Application Thread] DEBUG AssetLoaderService   - Loading from file system: /assets/sounds/shoot7.wav
17:43:35.874 [JavaFX Application Thread] DEBUG AssetLoaderService   - Loading from cache: /assets/textures/Bullet.png
17:43:36.002 [JavaFX Application Thread] DEBUG AssetLoaderService   - Loading from file system: /assets/sounds/shoot8.wav
17:43:36.005 [JavaFX Application Thread] DEBUG AssetLoaderService   - Loading from cache: /assets/textures/Bullet.png
17:43:36.274 [JavaFX Application Thread] DEBUG AssetLoaderService   - Loading from cache: /assets/textures/Wanderer.png@80.0x80.0
17:43:36.275 [JavaFX Application Thread] DEBUG AssetLoaderService   - Loading from cache: /assets/textures/wanderer_overlay.png@80.0x80.0
17:43:36.770 [JavaFX Application Thread] DEBUG AssetLoaderService   - Loading from file system: /assets/textures/Bouncer.png
17:43:36.946 [JavaFX Application Thread] DEBUG AssetLoaderService   - Loading from file system: /assets/sounds/shoot1.wav
17:43:36.948 [JavaFX Application Thread] DEBUG AssetLoaderService   - Loading from cache: /assets/textures/Bullet.png
17:43:37.778 [JavaFX Application Thread] DEBUG AssetLoaderService   - Loading from cache: /assets/textures/Runner.png@64.5x55.0
17:43:37.794 [JavaFX Application Thread] DEBUG AssetLoaderService   - Loading from cache: /assets/textures/Wanderer.png@80.0x80.0
17:43:37.795 [JavaFX Application Thread] DEBUG AssetLoaderService   - Loading from cache: /assets/textures/wanderer_overlay.png@80.0x80.0
17:43:37.796 [JavaFX Application Thread] DEBUG AssetLoaderService   - Loading from cache: /assets/textures/Seeker.png@60.0x60.0
17:43:37.797 [JavaFX Application Thread] DEBUG AssetLoaderService   - Loading from cache: /assets/textures/Seeker.png@60.0x60.0
17:43:37.798 [JavaFX Application Thread] DEBUG AssetLoaderService   - Loading from cache: /assets/textures/Seeker_overlay.png
17:43:37.814 [JavaFX Application Thread] DEBUG AssetLoaderService   - Loading from cache: /assets/textures/Seeker_overlay.png@60.0x60.0
17:43:38.626 [JavaFX Application Thread] DEBUG AssetLoaderService   - Loading from cache: /assets/sounds/shoot3.wav
17:43:38.626 [JavaFX Application Thread] DEBUG AssetLoaderService   - Loading from cache: /assets/textures/Bullet.png
17:43:39.313 [JavaFX Application Thread] DEBUG AssetLoaderService   - Loading from cache: /assets/textures/RedWanderer.png@80.0x80.0
17:43:39.314 [JavaFX Application Thread] DEBUG AssetLoaderService   - Loading from cache: /assets/textures/wanderer_overlay.png@80.0x80.0
17:43:39.377 [JavaFX Application Thread] DEBUG AssetLoaderService   - Loading from file system: /assets/sounds/shoot5.wav
17:43:39.379 [JavaFX Application Thread] DEBUG AssetLoaderService   - Loading from cache: /assets/textures/Bullet.png
17:43:39.635 [JavaFX Application Thread] DEBUG AssetLoaderService   - Loading from cache: /assets/textures/explosion.png@3840.0x80.0
17:43:39.640 [JavaFX Application Thread] DEBUG AssetLoaderService   - Loading from file system: /assets/textures/particles/circle_05.png
17:43:39.649 [JavaFX Application Thread] DEBUG AssetLoaderService   - Loading from file system: /assets/sounds/explosion-03.wav
17:43:39.652 [JavaFX Application Thread] DEBUG AssetLoaderService   - Loading from file system: /assets/textures/YellowCrystal.png
17:43:39.857 [JavaFX Application Thread] DEBUG AssetLoaderService   - Loading from cache: /assets/textures/RedSeeker.png@60.0x60.0
17:43:39.859 [JavaFX Application Thread] DEBUG AssetLoaderService   - Loading from cache: /assets/textures/Seeker.png@60.0x60.0
17:43:39.859 [JavaFX Application Thread] DEBUG AssetLoaderService   - Loading from cache: /assets/textures/Seeker_overlay.png
17:43:39.874 [JavaFX Application Thread] DEBUG AssetLoaderService   - Loading from cache: /assets/textures/Seeker_overlay.png@60.0x60.0
17:43:40.162 [JavaFX Application Thread] DEBUG AssetLoaderService   - Loading from file system: /assets/sounds/shoot4.wav
17:43:40.164 [JavaFX Application Thread] DEBUG AssetLoaderService   - Loading from cache: /assets/textures/Bullet.png
17:43:40.273 [JavaFX Application Thread] DEBUG AssetLoaderService   - Loading from cache: /assets/sounds/shoot1.wav
17:43:40.273 [JavaFX Application Thread] DEBUG AssetLoaderService   - Loading from cache: /assets/textures/Bullet.png
17:43:40.642 [JavaFX Application Thread] DEBUG AssetLoaderService   - Loading from cache: /assets/sounds/shoot7.wav
17:43:40.642 [JavaFX Application Thread] DEBUG AssetLoaderService   - Loading from cache: /assets/textures/Bullet.png
17:43:40.691 [JavaFX Application Thread] DEBUG AssetLoaderService   - Loading from cache: /assets/textures/explosion.png@3840.0x80.0
17:43:40.691 [JavaFX Application Thread] DEBUG AssetLoaderService   - Loading from cache: /assets/textures/particles/circle_05.png@32.0x32.0
17:43:40.691 [JavaFX Application Thread] DEBUG AssetLoaderService   - Loading from file system: /assets/sounds/explosion-04.wav
17:43:40.693 [JavaFX Application Thread] DEBUG AssetLoaderService   - Loading from cache: /assets/textures/YellowCrystal.png
17:43:40.754 [JavaFX Application Thread] DEBUG AssetLoaderService   - Loading from cache: /assets/sounds/shoot3.wav
17:43:40.754 [JavaFX Application Thread] DEBUG AssetLoaderService   - Loading from cache: /assets/textures/Bullet.png
17:43:40.834 [JavaFX Application Thread] DEBUG AssetLoaderService   - Loading from cache: /assets/textures/Runner.png@64.5x55.0
17:43:40.866 [JavaFX Application Thread] DEBUG AssetLoaderService   - Loading from cache: /assets/textures/RedWanderer.png@80.0x80.0
17:43:40.867 [JavaFX Application Thread] DEBUG AssetLoaderService   - Loading from cache: /assets/textures/wanderer_overlay.png@80.0x80.0
17:43:40.882 [JavaFX Application Thread] DEBUG AssetLoaderService   - Loading from cache: /assets/sounds/shoot7.wav
17:43:40.882 [JavaFX Application Thread] DEBUG AssetLoaderService   - Loading from cache: /assets/textures/Bullet.png
17:43:40.994 [JavaFX Application Thread] DEBUG AssetLoaderService   - Loading from cache: /assets/sounds/shoot4.wav
17:43:40.994 [JavaFX Application Thread] DEBUG AssetLoaderService   - Loading from cache: /assets/textures/Bullet.png
17:43:41.825 [JavaFX Application Thread] DEBUG AssetLoaderService   - Loading from cache: /assets/textures/Bouncer.png@63.5x76.0
17:43:41.857 [JavaFX Application Thread] DEBUG AssetLoaderService   - Loading from cache: /assets/textures/Seeker.png@60.0x60.0
17:43:41.857 [JavaFX Application Thread] DEBUG AssetLoaderService   - Loading from cache: /assets/textures/Seeker.png@60.0x60.0
17:43:41.858 [JavaFX Application Thread] DEBUG AssetLoaderService   - Loading from cache: /assets/textures/Seeker_overlay.png
17:43:41.875 [JavaFX Application Thread] DEBUG AssetLoaderService   - Loading from cache: /assets/textures/Seeker_overlay.png@60.0x60.0
17:43:42.004 [JavaFX Application Thread] DEBUG AssetLoaderService   - Loading from cache: /assets/sounds/shoot3.wav
17:43:42.004 [JavaFX Application Thread] DEBUG AssetLoaderService   - Loading from cache: /assets/textures/Bullet.png
17:43:42.129 [JavaFX Application Thread] DEBUG AssetLoaderService   - Loading from cache: /assets/sounds/shoot4.wav
17:43:42.129 [JavaFX Application Thread] DEBUG AssetLoaderService   - Loading from cache: /assets/textures/Bullet.png
17:43:42.353 [JavaFX Application Thread] DEBUG AssetLoaderService   - Loading from cache: /assets/textures/RedWanderer.png@80.0x80.0
17:43:42.354 [JavaFX Application Thread] DEBUG AssetLoaderService   - Loading from cache: /assets/textures/wanderer_overlay.png@80.0x80.0
17:43:42.786 [JavaFX Application Thread] DEBUG AssetLoaderService   - Loading from file system: /assets/sounds/shoot2.wav
17:43:42.788 [JavaFX Application Thread] DEBUG AssetLoaderService   - Loading from cache: /assets/textures/Bullet.png
17:43:42.883 [JavaFX Application Thread] DEBUG AssetLoaderService   - Loading from cache: /assets/textures/explosion.png@3840.0x80.0
17:43:42.883 [JavaFX Application Thread] DEBUG AssetLoaderService   - Loading from cache: /assets/textures/particles/circle_05.png@32.0x32.0
17:43:42.883 [JavaFX Application Thread] DEBUG AssetLoaderService   - Loading from file system: /assets/sounds/explosion-08.wav
17:43:42.887 [JavaFX Application Thread] DEBUG AssetLoaderService   - Loading from cache: /assets/textures/YellowCrystal.png
17:43:42.914 [JavaFX Application Thread] DEBUG AssetLoaderService   - Loading from cache: /assets/sounds/shoot8.wav
17:43:42.914 [JavaFX Application Thread] DEBUG AssetLoaderService   - Loading from cache: /assets/textures/Bullet.png
17:43:43.027 [JavaFX Application Thread] DEBUG AssetLoaderService   - Loading from cache: /assets/sounds/shoot8.wav
17:43:43.027 [JavaFX Application Thread] DEBUG AssetLoaderService   - Loading from cache: /assets/textures/Bullet.png
17:43:43.138 [JavaFX Application Thread] DEBUG AssetLoaderService   - Loading from cache: /assets/sounds/shoot2.wav
17:43:43.138 [JavaFX Application Thread] DEBUG AssetLoaderService   - Loading from cache: /assets/textures/Bullet.png
17:43:43.410 [JavaFX Application Thread] DEBUG AssetLoaderService   - Loading from cache: /assets/sounds/shoot4.wav
17:43:43.410 [JavaFX Application Thread] DEBUG AssetLoaderService   - Loading from cache: /assets/textures/Bullet.png
17:43:43.506 [JavaFX Application Thread] DEBUG AssetLoaderService   - Loading from cache: /assets/textures/explosion.png@3840.0x80.0
17:43:43.506 [JavaFX Application Thread] DEBUG AssetLoaderService   - Loading from cache: /assets/textures/particles/circle_05.png@32.0x32.0
17:43:43.506 [JavaFX Application Thread] DEBUG AssetLoaderService   - Loading from file system: /assets/sounds/explosion-01.wav
17:43:43.508 [JavaFX Application Thread] DEBUG AssetLoaderService   - Loading from cache: /assets/textures/YellowCrystal.png
17:43:43.522 [JavaFX Application Thread] DEBUG AssetLoaderService   - Loading from cache: /assets/sounds/shoot2.wav
17:43:43.522 [JavaFX Application Thread] DEBUG AssetLoaderService   - Loading from cache: /assets/textures/Bullet.png
17:43:43.842 [JavaFX Application Thread] DEBUG AssetLoaderService   - Loading from cache: /assets/textures/Runner.png@64.5x55.0
17:43:43.873 [JavaFX Application Thread] DEBUG AssetLoaderService   - Loading from cache: /assets/textures/RedWanderer.png@80.0x80.0
17:43:43.875 [JavaFX Application Thread] DEBUG AssetLoaderService   - Loading from cache: /assets/textures/wanderer_overlay.png@80.0x80.0
17:43:43.876 [JavaFX Application Thread] DEBUG AssetLoaderService   - Loading from cache: /assets/textures/Seeker.png@60.0x60.0
17:43:43.877 [JavaFX Application Thread] DEBUG AssetLoaderService   - Loading from cache: /assets/textures/Seeker.png@60.0x60.0
17:43:43.877 [JavaFX Application Thread] DEBUG AssetLoaderService   - Loading from cache: /assets/textures/Seeker_overlay.png
17:43:43.888 [JavaFX Application Thread] DEBUG AssetLoaderService   - Loading from cache: /assets/textures/Seeker_overlay.png@60.0x60.0
17:43:44.161 [JavaFX Application Thread] DEBUG AssetLoaderService   - Loading from cache: /assets/sounds/shoot2.wav
17:43:44.161 [JavaFX Application Thread] DEBUG AssetLoaderService   - Loading from cache: /assets/textures/Bullet.png
17:43:44.273 [JavaFX Application Thread] DEBUG AssetLoaderService   - Loading from cache: /assets/sounds/shoot4.wav
17:43:44.273 [JavaFX Application Thread] DEBUG AssetLoaderService   - Loading from cache: /assets/textures/Bullet.png
17:43:44.386 [JavaFX Application Thread] DEBUG AssetLoaderService   - Loading from cache: /assets/sounds/shoot2.wav
17:43:44.386 [JavaFX Application Thread] DEBUG AssetLoaderService   - Loading from cache: /assets/textures/Bullet.png
17:43:44.514 [JavaFX Application Thread] DEBUG AssetLoaderService   - Loading from cache: /assets/sounds/shoot1.wav
17:43:44.514 [JavaFX Application Thread] DEBUG AssetLoaderService   - Loading from cache: /assets/textures/Bullet.png
17:43:44.962 [JavaFX Application Thread] DEBUG AssetLoaderService   - Loading from cache: /assets/textures/explosion.png@3840.0x80.0
17:43:44.963 [JavaFX Application Thread] DEBUG AssetLoaderService   - Loading from cache: /assets/textures/particles/circle_05.png@32.0x32.0
17:43:44.963 [JavaFX Application Thread] DEBUG AssetLoaderService   - Loading from cache: /assets/sounds/explosion-01.wav
17:43:44.963 [JavaFX Application Thread] DEBUG AssetLoaderService   - Loading from cache: /assets/textures/YellowCrystal.png
17:43:45.042 [JavaFX Application Thread] DEBUG AssetLoaderService   - Loading from cache: /assets/sounds/shoot4.wav
17:43:45.042 [JavaFX Application Thread] DEBUG AssetLoaderService   - Loading from cache: /assets/textures/Bullet.png
17:43:45.378 [JavaFX Application Thread] DEBUG AssetLoaderService   - Loading from cache: /assets/textures/Wanderer.png@80.0x80.0
17:43:45.379 [JavaFX Application Thread] DEBUG AssetLoaderService   - Loading from cache: /assets/textures/wanderer_overlay.png@80.0x80.0
17:43:45.873 [JavaFX Application Thread] DEBUG AssetLoaderService   - Loading from cache: /assets/textures/Seeker.png@60.0x60.0
17:43:45.873 [JavaFX Application Thread] DEBUG AssetLoaderService   - Loading from cache: /assets/textures/Seeker.png@60.0x60.0
17:43:45.874 [JavaFX Application Thread] DEBUG AssetLoaderService   - Loading from cache: /assets/textures/Seeker_overlay.png
17:43:45.886 [JavaFX Application Thread] DEBUG AssetLoaderService   - Loading from cache: /assets/textures/Seeker_overlay.png@60.0x60.0
17:43:46.834 [JavaFX Application Thread] DEBUG AssetLoaderService   - Loading from cache: /assets/textures/Bouncer.png@63.5x76.0
17:43:46.836 [JavaFX Application Thread] DEBUG AssetLoaderService   - Loading from cache: /assets/textures/Runner.png@64.5x55.0
17:43:46.882 [JavaFX Application Thread] DEBUG AssetLoaderService   - Loading from cache: /assets/textures/Wanderer.png@80.0x80.0
17:43:46.884 [JavaFX Application Thread] DEBUG AssetLoaderService   - Loading from cache: /assets/textures/wanderer_overlay.png@80.0x80.0
17:43:47.873 [JavaFX Application Thread] DEBUG AssetLoaderService   - Loading from cache: /assets/textures/Seeker.png@60.0x60.0
17:43:47.873 [JavaFX Application Thread] DEBUG AssetLoaderService   - Loading from cache: /assets/textures/Seeker.png@60.0x60.0
17:43:47.874 [JavaFX Application Thread] DEBUG AssetLoaderService   - Loading from cache: /assets/textures/Seeker_overlay.png
17:43:47.886 [JavaFX Application Thread] DEBUG AssetLoaderService   - Loading from cache: /assets/textures/Seeker_overlay.png@60.0x60.0
17:43:48.370 [JavaFX Application Thread] DEBUG AssetLoaderService   - Loading from cache: /assets/textures/Wanderer.png@80.0x80.0
17:43:48.371 [JavaFX Application Thread] DEBUG AssetLoaderService   - Loading from cache: /assets/textures/wanderer_overlay.png@80.0x80.0
17:43:49.857 [JavaFX Application Thread] DEBUG AssetLoaderService   - Loading from cache: /assets/textures/Runner.png@64.5x55.0
17:43:49.889 [JavaFX Application Thread] DEBUG AssetLoaderService   - Loading from cache: /assets/textures/RedWanderer.png@80.0x80.0
17:43:49.890 [JavaFX Application Thread] DEBUG AssetLoaderService   - Loading from cache: /assets/textures/wanderer_overlay.png@80.0x80.0
17:43:49.891 [JavaFX Application Thread] DEBUG AssetLoaderService   - Loading from cache: /assets/textures/Seeker.png@60.0x60.0
17:43:49.891 [JavaFX Application Thread] DEBUG AssetLoaderService   - Loading from cache: /assets/textures/Seeker.png@60.0x60.0
17:43:49.892 [JavaFX Application Thread] DEBUG AssetLoaderService   - Loading from cache: /assets/textures/Seeker_overlay.png
17:43:49.904 [JavaFX Application Thread] DEBUG AssetLoaderService   - Loading from cache: /assets/textures/Seeker_overlay.png@60.0x60.0
17:43:51.042 [JavaFX Application Thread] DEBUG AssetLoaderService   - Loading from cache: /assets/sounds/shoot8.wav
17:43:51.042 [JavaFX Application Thread] DEBUG AssetLoaderService   - Loading from cache: /assets/textures/Bullet.png
17:43:51.153 [JavaFX Application Thread] DEBUG AssetLoaderService   - Loading from cache: /assets/sounds/shoot1.wav
17:43:51.153 [JavaFX Application Thread] DEBUG AssetLoaderService   - Loading from cache: /assets/textures/Bullet.png
17:43:51.410 [JavaFX Application Thread] DEBUG AssetLoaderService   - Loading from cache: /assets/textures/Wanderer.png@80.0x80.0
17:43:51.411 [JavaFX Application Thread] DEBUG AssetLoaderService   - Loading from cache: /assets/textures/wanderer_overlay.png@80.0x80.0
17:43:51.857 [JavaFX Application Thread] DEBUG AssetLoaderService   - Loading from cache: /assets/textures/Bouncer.png@63.5x76.0
17:43:51.906 [JavaFX Application Thread] DEBUG AssetLoaderService   - Loading from cache: /assets/textures/Seeker.png@60.0x60.0
17:43:51.906 [JavaFX Application Thread] DEBUG AssetLoaderService   - Loading from cache: /assets/textures/Seeker.png@60.0x60.0
17:43:51.907 [JavaFX Application Thread] DEBUG AssetLoaderService   - Loading from cache: /assets/textures/Seeker_overlay.png
17:43:51.919 [JavaFX Application Thread] DEBUG AssetLoaderService   - Loading from cache: /assets/textures/Seeker_overlay.png@60.0x60.0
17:43:52.866 [JavaFX Application Thread] DEBUG AssetLoaderService   - Loading from cache: /assets/textures/Runner.png@64.5x55.0
17:43:52.930 [JavaFX Application Thread] DEBUG AssetLoaderService   - Loading from cache: /assets/textures/Wanderer.png@80.0x80.0
17:43:52.930 [JavaFX Application Thread] DEBUG AssetLoaderService   - Loading from cache: /assets/textures/wanderer_overlay.png@80.0x80.0
17:43:53.729 [JavaFX Application Thread] DEBUG AssetLoaderService   - Loading from cache: /assets/sounds/shoot5.wav
17:43:53.729 [JavaFX Application Thread] DEBUG AssetLoaderService   - Loading from cache: /assets/textures/Bullet.png
17:43:53.842 [JavaFX Application Thread] DEBUG AssetLoaderService   - Loading from cache: /assets/sounds/shoot2.wav
17:43:53.842 [JavaFX Application Thread] DEBUG AssetLoaderService   - Loading from cache: /assets/textures/Bullet.png
17:43:53.921 [JavaFX Application Thread] DEBUG AssetLoaderService   - Loading from cache: /assets/textures/Seeker.png@60.0x60.0
17:43:53.921 [JavaFX Application Thread] DEBUG AssetLoaderService   - Loading from cache: /assets/textures/Seeker.png@60.0x60.0
17:43:53.922 [JavaFX Application Thread] DEBUG AssetLoaderService   - Loading from cache: /assets/textures/Seeker_overlay.png
17:43:53.934 [JavaFX Application Thread] DEBUG AssetLoaderService   - Loading from cache: /assets/textures/Seeker_overlay.png@60.0x60.0
17:43:53.953 [JavaFX Application Thread] DEBUG AssetLoaderService   - Loading from cache: /assets/sounds/shoot3.wav
17:43:53.953 [JavaFX Application Thread] DEBUG AssetLoaderService   - Loading from cache: /assets/textures/Bullet.png
17:43:53.970 [JavaFX Application Thread] DEBUG AssetLoaderService   - Loading from cache: /assets/textures/explosion.png@3840.0x80.0
17:43:53.970 [JavaFX Application Thread] DEBUG AssetLoaderService   - Loading from cache: /assets/textures/particles/circle_05.png@32.0x32.0
17:43:53.970 [JavaFX Application Thread] DEBUG AssetLoaderService   - Loading from file system: /assets/sounds/explosion-05.wav
17:43:53.972 [JavaFX Application Thread] DEBUG AssetLoaderService   - Loading from cache: /assets/textures/YellowCrystal.png
17:43:54.066 [JavaFX Application Thread] DEBUG AssetLoaderService   - Loading from cache: /assets/sounds/shoot1.wav
17:43:54.066 [JavaFX Application Thread] DEBUG AssetLoaderService   - Loading from cache: /assets/textures/Bullet.png
17:43:54.194 [JavaFX Application Thread] DEBUG AssetLoaderService   - Loading from cache: /assets/sounds/shoot1.wav
17:43:54.194 [JavaFX Application Thread] DEBUG AssetLoaderService   - Loading from cache: /assets/textures/Bullet.png
17:43:54.434 [JavaFX Application Thread] DEBUG AssetLoaderService   - Loading from cache: /assets/textures/Wanderer.png@80.0x80.0
17:43:54.435 [JavaFX Application Thread] DEBUG AssetLoaderService   - Loading from cache: /assets/textures/wanderer_overlay.png@80.0x80.0
17:43:55.890 [JavaFX Application Thread] DEBUG AssetLoaderService   - Loading from cache: /assets/textures/Runner.png@64.5x55.0
17:43:55.937 [JavaFX Application Thread] DEBUG AssetLoaderService   - Loading from cache: /assets/textures/Seeker.png@60.0x60.0
17:43:55.937 [JavaFX Application Thread] DEBUG AssetLoaderService   - Loading from cache: /assets/textures/Seeker.png@60.0x60.0
17:43:55.938 [JavaFX Application Thread] DEBUG AssetLoaderService   - Loading from cache: /assets/textures/Seeker_overlay.png
17:43:55.950 [JavaFX Application Thread] DEBUG AssetLoaderService   - Loading from cache: /assets/textures/Seeker_overlay.png@60.0x60.0
17:43:55.955 [JavaFX Application Thread] DEBUG AssetLoaderService   - Loading from cache: /assets/textures/Wanderer.png@80.0x80.0
17:43:55.956 [JavaFX Application Thread] DEBUG AssetLoaderService   - Loading from cache: /assets/textures/wanderer_overlay.png@80.0x80.0
17:43:56.865 [JavaFX Application Thread] DEBUG AssetLoaderService   - Loading from cache: /assets/textures/Bouncer.png@63.5x76.0
17:43:57.474 [JavaFX Application Thread] DEBUG AssetLoaderService   - Loading from cache: /assets/textures/Wanderer.png@80.0x80.0
17:43:57.475 [JavaFX Application Thread] DEBUG AssetLoaderService   - Loading from cache: /assets/textures/wanderer_overlay.png@80.0x80.0
17:43:57.954 [JavaFX Application Thread] DEBUG AssetLoaderService   - Loading from cache: /assets/textures/Seeker.png@60.0x60.0
17:43:57.954 [JavaFX Application Thread] DEBUG AssetLoaderService   - Loading from cache: /assets/textures/Seeker.png@60.0x60.0
17:43:57.955 [JavaFX Application Thread] DEBUG AssetLoaderService   - Loading from cache: /assets/textures/Seeker_overlay.png
17:43:57.967 [JavaFX Application Thread] DEBUG AssetLoaderService   - Loading from cache: /assets/textures/Seeker_overlay.png@60.0x60.0
17:43:58.898 [JavaFX Application Thread] DEBUG AssetLoaderService   - Loading from cache: /assets/textures/Runner.png@64.5x55.0
17:43:58.994 [JavaFX Application Thread] DEBUG AssetLoaderService   - Loading from cache: /assets/textures/RedWanderer.png@80.0x80.0
17:43:58.995 [JavaFX Application Thread] DEBUG AssetLoaderService   - Loading from cache: /assets/textures/wanderer_overlay.png@80.0x80.0
17:43:59.970 [JavaFX Application Thread] DEBUG AssetLoaderService   - Loading from cache: /assets/textures/Seeker.png@60.0x60.0
17:43:59.970 [JavaFX Application Thread] DEBUG AssetLoaderService   - Loading from cache: /assets/textures/Seeker.png@60.0x60.0
17:43:59.971 [JavaFX Application Thread] DEBUG AssetLoaderService   - Loading from cache: /assets/textures/Seeker_overlay.png
17:43:59.983 [JavaFX Application Thread] DEBUG AssetLoaderService   - Loading from cache: /assets/textures/Seeker_overlay.png@60.0x60.0
17:44:00.497 [JavaFX Application Thread] DEBUG AssetLoaderService   - Loading from cache: /assets/textures/RedWanderer.png@80.0x80.0
17:44:00.498 [JavaFX Application Thread] DEBUG AssetLoaderService   - Loading from cache: /assets/textures/wanderer_overlay.png@80.0x80.0
17:44:01.890 [JavaFX Application Thread] DEBUG AssetLoaderService   - Loading from cache: /assets/textures/Bouncer.png@63.5x76.0
17:44:01.922 [JavaFX Application Thread] DEBUG AssetLoaderService   - Loading from cache: /assets/textures/Runner.png@64.5x55.0
17:44:01.985 [JavaFX Application Thread] DEBUG AssetLoaderService   - Loading from cache: /assets/textures/Seeker.png@60.0x60.0
17:44:01.985 [JavaFX Application Thread] DEBUG AssetLoaderService   - Loading from cache: /assets/textures/Seeker.png@60.0x60.0
17:44:01.986 [JavaFX Application Thread] DEBUG AssetLoaderService   - Loading from cache: /assets/textures/Seeker_overlay.png
17:44:02.002 [JavaFX Application Thread] DEBUG AssetLoaderService   - Loading from cache: /assets/textures/Seeker_overlay.png@60.0x60.0
17:44:02.017 [JavaFX Application Thread] DEBUG AssetLoaderService   - Loading from cache: /assets/textures/RedWanderer.png@80.0x80.0
17:44:02.018 [JavaFX Application Thread] DEBUG AssetLoaderService   - Loading from cache: /assets/textures/wanderer_overlay.png@80.0x80.0
17:44:03.538 [JavaFX Application Thread] DEBUG AssetLoaderService   - Loading from cache: /assets/textures/Wanderer.png@80.0x80.0
17:44:03.539 [JavaFX Application Thread] DEBUG AssetLoaderService   - Loading from cache: /assets/textures/wanderer_overlay.png@80.0x80.0
17:44:04.002 [JavaFX Application Thread] DEBUG AssetLoaderService   - Loading from cache: /assets/textures/Seeker.png@60.0x60.0
17:44:04.002 [JavaFX Application Thread] DEBUG AssetLoaderService   - Loading from cache: /assets/textures/Seeker.png@60.0x60.0
17:44:04.002 [JavaFX Application Thread] DEBUG AssetLoaderService   - Loading from cache: /assets/textures/Seeker_overlay.png
17:44:04.015 [JavaFX Application Thread] DEBUG AssetLoaderService   - Loading from cache: /assets/textures/Seeker_overlay.png@60.0x60.0
17:44:04.756 [JavaFX Application Thread] DEBUG GameApplication      - Exiting FXGL
17:44:04.756 [JavaFX Application Thread] DEBUG LoopRunner           - Stopping loop
17:44:04.756 [JavaFX Application Thread] DEBUG SystemBundleService  - Saving FXGL system data
17:44:04.757 [JavaFX Application Thread] DEBUG FileSystemAccess     - Writing to: D:\CodeGym\casestudy02\system\fxgl.bundle
17:44:04.759 [JavaFX Application Thread] DEBUG GameApplication      - Shutting down background threads
17:44:04.759 [JavaFX Application Thread] DEBUG GameApplication      - Closing logger and exiting JavaFX
