17:01:51.289 [main                     ] DEBUG GameApplication      - Logger initialized
17:01:51.303 [main                     ] DEBUG GameApplication      - Logging settings
Title: FXGL Geometry Wars
Version: 1.1.0
Width: 1280
Height: 720
Fullscreen: false
Intro: false
Profiling: false
Single step:false
App Mode: DEVELOPER
Menu Key: ESCAPE
Stage Style: DECORATED
Scene Factory: class com.almasb.fxgl.app.scene.SceneFactory

17:01:51.622 [JavaFX Application Thread] DEBUG GameApplication      - Initializing FXGL
17:01:51.629 [JavaFX Application Thread] INFO  Engine               - FXGL-11.9 (27.05.2020 17.06) on WINDOWS (J:11.0.7 FX:13.0.2)
17:01:51.629 [JavaFX Application Thread] DEBUG Engine               - JRE Vendor Name: Oracle Corporation
17:01:51.629 [JavaFX Application Thread] DEBUG Engine               - Running on OS: Windows 10 version 10.0
17:01:51.629 [JavaFX Application Thread] DEBUG Engine               - Architecture: amd64
17:01:51.629 [JavaFX Application Thread] INFO  Engine               - Source code and latest versions at: https://github.com/AlmasB/FXGL
17:01:51.629 [JavaFX Application Thread] INFO  Engine               -              Join the FXGL chat at: https://gitter.im/AlmasB/FXGL
17:01:51.724 [JavaFX Application Thread] DEBUG MainWindow           - Creating a JavaFX scene
17:01:51.778 [JavaFX Application Thread] DEBUG MainWindow           - Target settings size: 1280.0 x 720.0
17:01:51.778 [JavaFX Application Thread] DEBUG MainWindow           - Scaled scene size:    1280.0 x 720.0
17:01:51.778 [JavaFX Application Thread] DEBUG MainWindow           - Scaled ratio: (1.0, 1.0)
17:01:51.779 [JavaFX Application Thread] DEBUG MainWindow           - Set initial scene to FXGLStartupScene
17:01:51.785 [JavaFX Application Thread] DEBUG MainWindow           - Opening main window
17:01:51.869 [JavaFX Application Thread] DEBUG MainWindow           - Window border size: (16.0, 39.0)
17:01:51.870 [JavaFX Application Thread] DEBUG MainWindow           - Scaled size: 1280.0 x 720.0
17:01:51.870 [JavaFX Application Thread] DEBUG MainWindow           - Scaled ratio: (1.0, 1.0)
17:01:51.870 [JavaFX Application Thread] DEBUG MainWindow           - Scene size: 1280.0 x 720.0
17:01:51.870 [JavaFX Application Thread] DEBUG MainWindow           - Stage size: 1296.0 x 759.0
17:01:51.877 [FXGL Background Thread 1 ] DEBUG Engine               - Initializing environment variables
17:01:51.898 [FXGL Background Thread 1 ] DEBUG WindowService        - Applying CSS: fxgl_dark.css
17:01:51.898 [FXGL Background Thread 1 ] DEBUG AssetLoaderService   - Loading from file system: /assets/ui/css/fxgl_dark.css
17:01:51.952 [FXGL Background Thread 1 ] DEBUG WindowService        - Initializing application scenes
17:01:51.994 [FXGL Background Thread 1 ] DEBUG GameWorld            - Game world initialized
17:01:52.036 [FXGL Background Thread 1 ] DEBUG PhysicsWorld         - Physics world initialized: appHeight=720, physics.ppm=50.0
17:01:52.038 [FXGL Background Thread 1 ] DEBUG GameScene            - Game scene initialized: 1280x720
17:01:52.065 [FXGL Background Thread 1 ] DEBUG AssetLoaderService   - Loading from file system: /assets/textures/particles/trace_horizontal.png
17:01:52.126 [FXGL Background Thread 1 ] DEBUG FXGL.DefaultMenu     - createMenuBodyGameMenu()
17:01:52.140 [FXGL Background Thread 1 ] DEBUG FXGL.DefaultMenu     - createOptionsMenu()
17:01:52.144 [FXGL Background Thread 1 ] DEBUG AssetLoaderService   - Loading from file system: /assets/textures/particles/smoke.png
17:01:52.196 [FXGL Background Thread 1 ] DEBUG WindowService        - Application scenes initialized
17:01:52.208 [FXGL Background Thread 1 ] DEBUG SystemBundleService  - Loading FXGL system data
17:01:52.212 [FXGL Background Thread 1 ] DEBUG FileSystemAccess     - Reading from: D:\CodeGym\casestudy02\system\fxgl.bundle
17:01:52.216 [FXGL Background Thread 1 ] DEBUG SystemBundleService  - Bundle FXGL: {}
17:01:52.216 [FXGL Background Thread 1 ] INFO  Engine               - FXGL initialization took: 0.338 sec
17:01:52.218 [FXGL Background Thread 1 ] DEBUG GameApplication      - Loading localizations
17:01:52.218 [FXGL Background Thread 1 ] DEBUG AssetLoaderService   - Loading from file system: /assets/languages/english.lang
17:01:52.229 [FXGL Background Thread 1 ] DEBUG AssetLoaderService   - Loading from file system: /assets/languages/french.lang
17:01:52.230 [FXGL Background Thread 1 ] DEBUG AssetLoaderService   - Loading from file system: /assets/languages/german.lang
17:01:52.231 [FXGL Background Thread 1 ] DEBUG AssetLoaderService   - Loading from file system: /assets/languages/hungarian.lang
17:01:52.234 [FXGL Background Thread 1 ] DEBUG AssetLoaderService   - Loading from file system: /assets/languages/russian.lang
17:01:52.236 [FXGL Background Thread 1 ] DEBUG GameApplication      - Registering font factories with UI factory
17:01:52.236 [FXGL Background Thread 1 ] DEBUG AssetLoaderService   - Loading from file system: /assets/ui/fonts/game_font_7.ttf
17:01:52.469 [FXGL Background Thread 1 ] DEBUG AssetLoaderService   - Loading from file system: /assets/ui/fonts/Abel-Regular.ttf
17:01:52.472 [FXGL Background Thread 1 ] DEBUG AssetLoaderService   - Loading from file system: /assets/ui/fonts/lucida_console.ttf
17:01:52.477 [FXGL Background Thread 1 ] DEBUG AssetLoaderService   - Loading from file system: /assets/ui/fonts/Courier-Prime.ttf
17:01:52.490 [JavaFX Application Thread] DEBUG Input                - Registered new binding: action0 - W
17:01:52.490 [JavaFX Application Thread] DEBUG Input                - Registered new binding: action1 - A
17:01:52.490 [JavaFX Application Thread] DEBUG Input                - Registered new binding: action2 - S
17:01:52.491 [JavaFX Application Thread] DEBUG Input                - Registered new binding: action3 - D
17:01:52.492 [JavaFX Application Thread] DEBUG Input                - Registered new binding: action4 - LMB
17:01:52.492 [JavaFX Application Thread] DEBUG AssetLoaderService   - Loading from file system: /assets/textures/explosion.png
17:01:52.607 [JavaFX Application Thread] DEBUG AssetLoaderService   - Loading from file system: /assets/music/bgm.mp3
17:01:52.715 [JavaFX Application Thread] DEBUG AudioPlayer          - Playing music com.almasb.fxgl.audio.Music@3b244828
17:01:52.716 [JavaFX Application Thread] DEBUG AssetLoaderService   - Loading from file system: /assets/textures/fxgl_icon.png
17:01:52.723 [JavaFX Application Thread] DEBUG AssetLoaderService   - Loading from file system: /assets/ui/cursors/fxgl_default.png
17:01:52.726 [JavaFX Application Thread] DEBUG Input                - Registered new binding: Screenshot - P
17:01:52.727 [JavaFX Application Thread] DEBUG Input                - Registered new binding: System info dump - CTRL+9
17:01:52.727 [JavaFX Application Thread] DEBUG Input                - Registered new binding: Restart - CTRL+R
17:01:52.727 [JavaFX Application Thread] DEBUG LoopRunner           - Starting loop
17:01:52.735 [JavaFX Application Thread] DEBUG FXGLStartupScene     - STARTUP
17:01:52.735 [JavaFX Application Thread] DEBUG WindowService        - Starting new game
17:01:52.736 [JavaFX Application Thread] DEBUG Input                - Clearing active input actions
17:01:52.745 [JavaFX Application Thread] DEBUG WindowService        - Removing overlay from FXGLStartupScene and adding to FXGLLoadingScene
17:01:52.745 [JavaFX Application Thread] DEBUG MainWindow           - FXGLStartupScene -> FXGLLoadingScene
17:01:52.745 [JavaFX Application Thread] DEBUG WindowService        - Clearing previous game
17:01:52.745 [JavaFX Application Thread] DEBUG GameScene            - Clearing game scene
17:01:52.745 [JavaFX Application Thread] DEBUG GameWorld            - Clearing game world
17:01:52.745 [JavaFX Application Thread] DEBUG PhysicsWorld         - Clearing physics world
17:01:52.746 [FXGL Background Thread 1 ] DEBUG GameApplication      - Initializing game
17:01:52.758 [FXGL Background Thread 1 ] DEBUG AssetLoaderService   - Loading from file system: /assets/textures/Player.png
17:01:52.781 [FXGL Background Thread 1 ] INFO  GameApplication      - Game initialization took: 0.034 sec
17:01:52.814 [JavaFX Application Thread] DEBUG Input                - Clearing active input actions
17:01:52.822 [JavaFX Application Thread] DEBUG WindowService        - Removing overlay from FXGLLoadingScene and adding to GameScene
17:01:52.822 [JavaFX Application Thread] DEBUG MainWindow           - FXGLLoadingScene -> GameScene
17:01:52.827 [JavaFX Application Thread] DEBUG EventBus             - Firing event: javafx.event.Event[source=javafx.event.Event$$Lambda$112/0x000000080021f040@59e91f95]
17:01:52.827 [JavaFX Application Thread] DEBUG EventBus             - Firing event: javafx.event.Event[source=javafx.event.Event$$Lambda$112/0x000000080021f040@59e91f95]
17:01:54.346 [JavaFX Application Thread] DEBUG AssetLoaderService   - Loading from file system: /assets/textures/Wanderer.png
17:01:54.357 [JavaFX Application Thread] DEBUG AssetLoaderService   - Loading from file system: /assets/textures/wanderer_overlay.png
17:01:54.859 [JavaFX Application Thread] DEBUG AssetLoaderService   - Loading from file system: /assets/textures/Seeker.png
17:01:54.861 [JavaFX Application Thread] DEBUG AssetLoaderService   - Loading from cache: /assets/textures/Seeker.png@60.0x60.0
17:01:54.863 [JavaFX Application Thread] DEBUG AssetLoaderService   - Loading from file system: /assets/textures/Seeker_overlay.png
17:01:54.895 [JavaFX Application Thread] DEBUG AssetLoaderService   - Loading from file system: /assets/textures/Seeker_overlay.png
17:01:55.220 [FXGL Background Thread 2 ] DEBUG Engine               - Logging environment variables
17:01:55.222 [FXGL Background Thread 2 ] DEBUG Engine               - achievements: []
17:01:55.222 [FXGL Background Thread 2 ] DEBUG Engine               - appIcon: fxgl_icon.png
17:01:55.222 [FXGL Background Thread 2 ] DEBUG Engine               - applicationMode: DEVELOPER
17:01:55.222 [FXGL Background Thread 2 ] DEBUG Engine               - cSSList: [fxgl_dark.css]
17:01:55.222 [FXGL Background Thread 2 ] DEBUG Engine               - configClass: Optional[class geowars.GeoWarsConfig]
17:01:55.222 [FXGL Background Thread 2 ] DEBUG Engine               - credits: []
17:01:55.223 [FXGL Background Thread 2 ] DEBUG Engine               - devBBoxColorProperty: ObjectProperty [value: 0xff0000ff]
17:01:55.223 [FXGL Background Thread 2 ] DEBUG Engine               - devSensorColorProperty: ObjectProperty [value: 0xffff00ff]
17:01:55.223 [FXGL Background Thread 2 ] DEBUG Engine               - devShowBBoxProperty: BooleanProperty [value: false]
17:01:55.223 [FXGL Background Thread 2 ] DEBUG Engine               - devShowPositionProperty: BooleanProperty [value: false]
17:01:55.223 [FXGL Background Thread 2 ] DEBUG Engine               - enabledMenuItems: []
17:01:55.223 [FXGL Background Thread 2 ] DEBUG Engine               - engineServices: [class com.almasb.fxgl.app.GameApplication$GameApplicationService, class com.almasb.fxgl.app.services.WindowService, class com.almasb.fxgl.app.services.FXGLDialogService, class com.almasb.fxgl.app.services.IOTaskExecutorService, class com.almasb.fxgl.event.EventBusService, class com.almasb.fxgl.io.FileSystemService, class com.almasb.fxgl.localization.LocalizationService, class com.almasb.fxgl.app.services.AssetLoaderService, class com.almasb.fxgl.app.services.SystemBundleService, class com.almasb.fxgl.profile.SaveLoadService, class com.almasb.fxgl.ui.FXGLUIFactoryServiceProvider, class com.almasb.fxgl.ui.FXGLDialogFactoryServiceProvider, class com.almasb.fxgl.audio.AudioPlayer, class com.almasb.fxgl.notification.impl.NotificationServiceProvider, class com.almasb.fxgl.achievement.AchievementService, class com.almasb.fxgl.cutscene.CutsceneService, class com.almasb.fxgl.minigames.MiniGameService, class com.almasb.fxgl.net.NetService, class com.almasb.fxgl.app.services.UpdaterService, class com.almasb.fxgl.dev.DevService]
17:01:55.223 [FXGL Background Thread 2 ] DEBUG Engine               - fontGame: Abel-Regular.ttf
17:01:55.223 [FXGL Background Thread 2 ] DEBUG Engine               - fontMono: lucida_console.ttf
17:01:55.223 [FXGL Background Thread 2 ] DEBUG Engine               - fontText: Courier-Prime.ttf
17:01:55.223 [FXGL Background Thread 2 ] DEBUG Engine               - fontUI: game_font_7.ttf
17:01:55.223 [FXGL Background Thread 2 ] DEBUG Engine               - fullScreen: BooleanProperty [value: false]
17:01:55.223 [FXGL Background Thread 2 ] DEBUG Engine               - gameDifficulty: MEDIUM
17:01:55.223 [FXGL Background Thread 2 ] DEBUG Engine               - gameDifficultyProperty: ObjectProperty [value: MEDIUM]
17:01:55.223 [FXGL Background Thread 2 ] DEBUG Engine               - globalMusicVolume: 0.5
17:01:55.224 [FXGL Background Thread 2 ] DEBUG Engine               - globalMusicVolumeProperty: DoubleProperty [value: 0.2]
17:01:55.224 [FXGL Background Thread 2 ] DEBUG Engine               - globalSoundVolume: 0.5
17:01:55.224 [FXGL Background Thread 2 ] DEBUG Engine               - globalSoundVolumeProperty: DoubleProperty [value: 0.2]
17:01:55.224 [FXGL Background Thread 2 ] DEBUG Engine               - height: 720
17:01:55.224 [FXGL Background Thread 2 ] DEBUG Engine               - isAndroid: false
17:01:55.224 [FXGL Background Thread 2 ] DEBUG Engine               - isBrowser: false
17:01:55.224 [FXGL Background Thread 2 ] DEBUG Engine               - isClickFeedbackEnabled: false
17:01:55.224 [FXGL Background Thread 2 ] DEBUG Engine               - isCloseConfirmation: false
17:01:55.224 [FXGL Background Thread 2 ] DEBUG Engine               - isDesktop: true
17:01:55.224 [FXGL Background Thread 2 ] DEBUG Engine               - isDeveloperMenuEnabled: false
17:01:55.224 [FXGL Background Thread 2 ] DEBUG Engine               - isExperimentalNative: false
17:01:55.224 [FXGL Background Thread 2 ] DEBUG Engine               - isExperimentalTiledLargeMap: false
17:01:55.224 [FXGL Background Thread 2 ] DEBUG Engine               - isFullScreenAllowed: false
17:01:55.224 [FXGL Background Thread 2 ] DEBUG Engine               - isFullScreenFromStart: false
17:01:55.224 [FXGL Background Thread 2 ] DEBUG Engine               - isGameMenuEnabled: true
17:01:55.224 [FXGL Background Thread 2 ] DEBUG Engine               - isIOS: false
17:01:55.224 [FXGL Background Thread 2 ] DEBUG Engine               - isIntroEnabled: false
17:01:55.224 [FXGL Background Thread 2 ] DEBUG Engine               - isLinux: false
17:01:55.224 [FXGL Background Thread 2 ] DEBUG Engine               - isMac: false
17:01:55.224 [FXGL Background Thread 2 ] DEBUG Engine               - isMainMenuEnabled: false
17:01:55.225 [FXGL Background Thread 2 ] DEBUG Engine               - isManualResizeEnabled: true
17:01:55.225 [FXGL Background Thread 2 ] DEBUG Engine               - isMobile: false
17:01:55.225 [FXGL Background Thread 2 ] DEBUG Engine               - isPreserveResizeRatio: false
17:01:55.225 [FXGL Background Thread 2 ] DEBUG Engine               - isProfilingEnabled: false
17:01:55.225 [FXGL Background Thread 2 ] DEBUG Engine               - isSingleStep: false
17:01:55.225 [FXGL Background Thread 2 ] DEBUG Engine               - isUserProfileEnabled: false
17:01:55.225 [FXGL Background Thread 2 ] DEBUG Engine               - isWindows: true
17:01:55.225 [FXGL Background Thread 2 ] DEBUG Engine               - language: ObjectProperty [value: ENGLISH]
17:01:55.225 [FXGL Background Thread 2 ] DEBUG Engine               - mainWindow: com.almasb.fxgl.app.MainWindow@160f6c84
17:01:55.225 [FXGL Background Thread 2 ] DEBUG Engine               - menuKey: ESCAPE
17:01:55.225 [FXGL Background Thread 2 ] DEBUG Engine               - notificationViewClass: class com.almasb.fxgl.notification.view.XboxNotificationView
17:01:55.225 [FXGL Background Thread 2 ] DEBUG Engine               - pixelsPerMeter: 50.0
17:01:55.225 [FXGL Background Thread 2 ] DEBUG Engine               - platform: WINDOWS
17:01:55.225 [FXGL Background Thread 2 ] DEBUG Engine               - profileDir: profiles/
17:01:55.225 [FXGL Background Thread 2 ] DEBUG Engine               - profileName: StringProperty [value: DEFAULT]
17:01:55.225 [FXGL Background Thread 2 ] DEBUG Engine               - randomSeed: -1
17:01:55.225 [FXGL Background Thread 2 ] DEBUG Engine               - runtimeInfo: RuntimeInfo(platform=WINDOWS, version=11.9, build=27.05.2020 17.06)
17:01:55.225 [FXGL Background Thread 2 ] DEBUG Engine               - saveFileExt: sav
17:01:55.226 [FXGL Background Thread 2 ] DEBUG Engine               - sceneFactory: com.almasb.fxgl.app.scene.SceneFactory@726f9e24
17:01:55.226 [FXGL Background Thread 2 ] DEBUG Engine               - secondsIn24h: 60
17:01:55.226 [FXGL Background Thread 2 ] DEBUG Engine               - settings: Title: FXGL Geometry Wars
Version: 1.1.0
Width: 1280
Height: 720
Fullscreen: false
Intro: false
Profiling: false
Single step:false
App Mode: DEVELOPER
Menu Key: ESCAPE
Stage Style: DECORATED
Scene Factory: class com.almasb.fxgl.app.scene.SceneFactory

17:01:55.226 [FXGL Background Thread 2 ] DEBUG Engine               - soundMenuBack: menu/back.wav
17:01:55.226 [FXGL Background Thread 2 ] DEBUG Engine               - soundMenuPress: menu/press.wav
17:01:55.226 [FXGL Background Thread 2 ] DEBUG Engine               - soundMenuSelect: menu/select.wav
17:01:55.226 [FXGL Background Thread 2 ] DEBUG Engine               - soundNotification: core/notification.wav
17:01:55.226 [FXGL Background Thread 2 ] DEBUG Engine               - stageStyle: DECORATED
17:01:55.226 [FXGL Background Thread 2 ] DEBUG Engine               - supportedLanguages: [ENGLISH, FRENCH, GERMAN, HUNGARIAN, RUSSIAN]
17:01:55.226 [FXGL Background Thread 2 ] DEBUG Engine               - title: FXGL Geometry Wars
17:01:55.226 [FXGL Background Thread 2 ] DEBUG Engine               - urlGithub: https://github.com/AlmasB/FXGL
17:01:55.226 [FXGL Background Thread 2 ] DEBUG Engine               - urlLeaderboard: http://fxgl-top.herokuapp.com/
17:01:55.226 [FXGL Background Thread 2 ] DEBUG Engine               - urlPOM: https://raw.githubusercontent.com/AlmasB/FXGL/master/pom.xml
17:01:55.226 [FXGL Background Thread 2 ] DEBUG Engine               - version: 1.1.0
17:01:55.226 [FXGL Background Thread 2 ] DEBUG Engine               - versionCheckDays: 7
17:01:55.226 [FXGL Background Thread 2 ] DEBUG Engine               - width: 1280
17:01:55.226 [FXGL Background Thread 2 ] DEBUG Engine               - Logging services
17:01:55.226 [FXGL Background Thread 2 ] DEBUG Engine               - class com.almasb.fxgl.app.GameApplication$GameApplicationService
17:01:55.226 [FXGL Background Thread 2 ] DEBUG Engine               - class com.almasb.fxgl.app.services.WindowService
17:01:55.226 [FXGL Background Thread 2 ] DEBUG Engine               - class com.almasb.fxgl.app.services.FXGLDialogService
17:01:55.226 [FXGL Background Thread 2 ] DEBUG Engine               - class com.almasb.fxgl.app.services.IOTaskExecutorService
17:01:55.226 [FXGL Background Thread 2 ] DEBUG Engine               - class com.almasb.fxgl.event.EventBusService
17:01:55.226 [FXGL Background Thread 2 ] DEBUG Engine               - class com.almasb.fxgl.io.FileSystemService
17:01:55.226 [FXGL Background Thread 2 ] DEBUG Engine               - class com.almasb.fxgl.localization.LocalizationService
17:01:55.227 [FXGL Background Thread 2 ] DEBUG Engine               - class com.almasb.fxgl.app.services.AssetLoaderService
17:01:55.227 [FXGL Background Thread 2 ] DEBUG Engine               - class com.almasb.fxgl.app.services.SystemBundleService
17:01:55.227 [FXGL Background Thread 2 ] DEBUG Engine               - class com.almasb.fxgl.profile.SaveLoadService
17:01:55.227 [FXGL Background Thread 2 ] DEBUG Engine               - class com.almasb.fxgl.ui.FXGLUIFactoryServiceProvider
17:01:55.227 [FXGL Background Thread 2 ] DEBUG Engine               - class com.almasb.fxgl.ui.FXGLDialogFactoryServiceProvider
17:01:55.227 [FXGL Background Thread 2 ] DEBUG Engine               - class com.almasb.fxgl.audio.AudioPlayer
17:01:55.227 [FXGL Background Thread 2 ] DEBUG Engine               - class com.almasb.fxgl.notification.impl.NotificationServiceProvider
17:01:55.227 [FXGL Background Thread 2 ] DEBUG Engine               - class com.almasb.fxgl.achievement.AchievementService
17:01:55.227 [FXGL Background Thread 2 ] DEBUG Engine               - class com.almasb.fxgl.cutscene.CutsceneService
17:01:55.227 [FXGL Background Thread 2 ] DEBUG Engine               - class com.almasb.fxgl.minigames.MiniGameService
17:01:55.227 [FXGL Background Thread 2 ] DEBUG Engine               - class com.almasb.fxgl.net.NetService
17:01:55.227 [FXGL Background Thread 2 ] DEBUG Engine               - class com.almasb.fxgl.app.services.UpdaterService
17:01:55.227 [FXGL Background Thread 2 ] DEBUG Engine               - class com.almasb.fxgl.dev.DevService
17:01:55.867 [JavaFX Application Thread] DEBUG AssetLoaderService   - Loading from file system: /assets/textures/RedWanderer.png
17:01:55.873 [JavaFX Application Thread] DEBUG AssetLoaderService   - Loading from cache: /assets/textures/wanderer_overlay.png@80.0x80.0
17:01:56.891 [JavaFX Application Thread] DEBUG AssetLoaderService   - Loading from cache: /assets/textures/Seeker.png@60.0x60.0
17:01:56.892 [JavaFX Application Thread] DEBUG AssetLoaderService   - Loading from cache: /assets/textures/Seeker.png@60.0x60.0
17:01:56.893 [JavaFX Application Thread] DEBUG AssetLoaderService   - Loading from cache: /assets/textures/Seeker_overlay.png
17:01:56.914 [JavaFX Application Thread] DEBUG AssetLoaderService   - Loading from cache: /assets/textures/Seeker_overlay.png@60.0x60.0
17:01:57.387 [JavaFX Application Thread] DEBUG AssetLoaderService   - Loading from cache: /assets/textures/Wanderer.png@80.0x80.0
17:01:57.388 [JavaFX Application Thread] DEBUG AssetLoaderService   - Loading from cache: /assets/textures/wanderer_overlay.png@80.0x80.0
17:01:57.868 [JavaFX Application Thread] DEBUG AssetLoaderService   - Loading from file system: /assets/textures/Bouncer.png
17:01:58.907 [JavaFX Application Thread] DEBUG AssetLoaderService   - Loading from cache: /assets/textures/RedWanderer.png@80.0x80.0
17:01:58.908 [JavaFX Application Thread] DEBUG AssetLoaderService   - Loading from cache: /assets/textures/wanderer_overlay.png@80.0x80.0
17:01:58.909 [JavaFX Application Thread] DEBUG AssetLoaderService   - Loading from cache: /assets/textures/Seeker.png@60.0x60.0
17:01:58.910 [JavaFX Application Thread] DEBUG AssetLoaderService   - Loading from cache: /assets/textures/Seeker.png@60.0x60.0
17:01:58.910 [JavaFX Application Thread] DEBUG AssetLoaderService   - Loading from cache: /assets/textures/Seeker_overlay.png
17:01:58.924 [JavaFX Application Thread] DEBUG AssetLoaderService   - Loading from cache: /assets/textures/Seeker_overlay.png@60.0x60.0
17:02:00.427 [JavaFX Application Thread] DEBUG AssetLoaderService   - Loading from cache: /assets/textures/RedWanderer.png@80.0x80.0
17:02:00.428 [JavaFX Application Thread] DEBUG AssetLoaderService   - Loading from cache: /assets/textures/wanderer_overlay.png@80.0x80.0
17:02:00.922 [JavaFX Application Thread] DEBUG AssetLoaderService   - Loading from cache: /assets/textures/Seeker.png@60.0x60.0
17:02:00.923 [JavaFX Application Thread] DEBUG AssetLoaderService   - Loading from cache: /assets/textures/Seeker.png@60.0x60.0
17:02:00.927 [JavaFX Application Thread] DEBUG AssetLoaderService   - Loading from cache: /assets/textures/Seeker_overlay.png
17:02:00.938 [JavaFX Application Thread] DEBUG AssetLoaderService   - Loading from cache: /assets/textures/Seeker_overlay.png@60.0x60.0
17:02:01.914 [JavaFX Application Thread] DEBUG AssetLoaderService   - Loading from cache: /assets/textures/Wanderer.png@80.0x80.0
17:02:01.915 [JavaFX Application Thread] DEBUG AssetLoaderService   - Loading from cache: /assets/textures/wanderer_overlay.png@80.0x80.0
17:02:02.875 [JavaFX Application Thread] DEBUG AssetLoaderService   - Loading from cache: /assets/textures/Bouncer.png@63.5x76.0
17:02:02.923 [JavaFX Application Thread] DEBUG AssetLoaderService   - Loading from cache: /assets/textures/Seeker.png@60.0x60.0
17:02:02.923 [JavaFX Application Thread] DEBUG AssetLoaderService   - Loading from cache: /assets/textures/Seeker.png@60.0x60.0
17:02:02.924 [JavaFX Application Thread] DEBUG AssetLoaderService   - Loading from cache: /assets/textures/Seeker_overlay.png
17:02:02.938 [JavaFX Application Thread] DEBUG AssetLoaderService   - Loading from cache: /assets/textures/Seeker_overlay.png@60.0x60.0
17:02:03.419 [JavaFX Application Thread] DEBUG AssetLoaderService   - Loading from cache: /assets/textures/Wanderer.png@80.0x80.0
17:02:03.420 [JavaFX Application Thread] DEBUG AssetLoaderService   - Loading from cache: /assets/textures/wanderer_overlay.png@80.0x80.0
17:02:04.922 [JavaFX Application Thread] DEBUG AssetLoaderService   - Loading from cache: /assets/textures/RedWanderer.png@80.0x80.0
17:02:04.923 [JavaFX Application Thread] DEBUG AssetLoaderService   - Loading from cache: /assets/textures/wanderer_overlay.png@80.0x80.0
17:02:04.924 [JavaFX Application Thread] DEBUG AssetLoaderService   - Loading from cache: /assets/textures/Seeker.png@60.0x60.0
17:02:04.924 [JavaFX Application Thread] DEBUG AssetLoaderService   - Loading from cache: /assets/textures/Seeker.png@60.0x60.0
17:02:04.925 [JavaFX Application Thread] DEBUG AssetLoaderService   - Loading from cache: /assets/textures/Seeker_overlay.png
17:02:04.937 [JavaFX Application Thread] DEBUG AssetLoaderService   - Loading from cache: /assets/textures/Seeker_overlay.png@60.0x60.0
17:02:05.406 [JavaFX Application Thread] DEBUG AssetLoaderService   - Loading from file system: /assets/sounds/shoot4.wav
17:02:05.412 [JavaFX Application Thread] DEBUG AssetLoaderService   - Loading from file system: /assets/textures/Bullet.png
17:02:05.467 [JavaFX Application Thread] DEBUG AssetLoaderService   - Loading from cache: /assets/textures/explosion.png@3840.0x80.0
17:02:05.470 [JavaFX Application Thread] DEBUG AssetLoaderService   - Loading from file system: /assets/textures/particles/circle_05.png
17:02:05.480 [JavaFX Application Thread] DEBUG AssetLoaderService   - Loading from file system: /assets/sounds/explosion-08.wav
17:02:05.482 [JavaFX Application Thread] DEBUG AssetLoaderService   - Loading from file system: /assets/textures/YellowCrystal.png
17:02:05.563 [JavaFX Application Thread] DEBUG AssetLoaderService   - Loading from file system: /assets/sounds/shoot3.wav
17:02:05.565 [JavaFX Application Thread] DEBUG AssetLoaderService   - Loading from cache: /assets/textures/Bullet.png
17:02:06.459 [JavaFX Application Thread] DEBUG AssetLoaderService   - Loading from cache: /assets/textures/RedWanderer.png@80.0x80.0
17:02:06.460 [JavaFX Application Thread] DEBUG AssetLoaderService   - Loading from cache: /assets/textures/wanderer_overlay.png@80.0x80.0
17:02:06.715 [JavaFX Application Thread] DEBUG AssetLoaderService   - Loading from cache: /assets/sounds/shoot3.wav
17:02:06.715 [JavaFX Application Thread] DEBUG AssetLoaderService   - Loading from cache: /assets/textures/Bullet.png
17:02:06.954 [JavaFX Application Thread] DEBUG AssetLoaderService   - Loading from file system: /assets/textures/RedSeeker.png
17:02:06.958 [JavaFX Application Thread] DEBUG AssetLoaderService   - Loading from cache: /assets/textures/Seeker.png@60.0x60.0
17:02:06.958 [JavaFX Application Thread] DEBUG AssetLoaderService   - Loading from cache: /assets/textures/Seeker_overlay.png
17:02:06.969 [JavaFX Application Thread] DEBUG AssetLoaderService   - Loading from cache: /assets/textures/Seeker_overlay.png@60.0x60.0
17:02:07.531 [JavaFX Application Thread] DEBUG AssetLoaderService   - Loading from file system: /assets/sounds/shoot1.wav
17:02:07.532 [JavaFX Application Thread] DEBUG AssetLoaderService   - Loading from cache: /assets/textures/Bullet.png
17:02:07.690 [JavaFX Application Thread] DEBUG AssetLoaderService   - Loading from cache: /assets/textures/explosion.png@3840.0x80.0
17:02:07.690 [JavaFX Application Thread] DEBUG AssetLoaderService   - Loading from cache: /assets/textures/particles/circle_05.png@32.0x32.0
17:02:07.691 [JavaFX Application Thread] DEBUG AssetLoaderService   - Loading from file system: /assets/sounds/explosion-02.wav
17:02:07.693 [JavaFX Application Thread] DEBUG AssetLoaderService   - Loading from cache: /assets/textures/YellowCrystal.png
17:02:07.899 [JavaFX Application Thread] DEBUG AssetLoaderService   - Loading from cache: /assets/textures/Bouncer.png@63.5x76.0
17:02:07.946 [JavaFX Application Thread] DEBUG AssetLoaderService   - Loading from cache: /assets/textures/Wanderer.png@80.0x80.0
17:02:07.947 [JavaFX Application Thread] DEBUG AssetLoaderService   - Loading from cache: /assets/textures/wanderer_overlay.png@80.0x80.0
17:02:08.427 [JavaFX Application Thread] DEBUG AssetLoaderService   - Loading from file system: /assets/sounds/shoot2.wav
17:02:08.429 [JavaFX Application Thread] DEBUG AssetLoaderService   - Loading from cache: /assets/textures/Bullet.png
17:02:08.586 [JavaFX Application Thread] DEBUG AssetLoaderService   - Loading from cache: /assets/textures/explosion.png@3840.0x80.0
17:02:08.587 [JavaFX Application Thread] DEBUG AssetLoaderService   - Loading from cache: /assets/textures/particles/circle_05.png@32.0x32.0
17:02:08.587 [JavaFX Application Thread] DEBUG AssetLoaderService   - Loading from file system: /assets/sounds/explosion-01.wav
17:02:08.589 [JavaFX Application Thread] DEBUG AssetLoaderService   - Loading from cache: /assets/textures/YellowCrystal.png
17:02:08.954 [JavaFX Application Thread] DEBUG AssetLoaderService   - Loading from cache: /assets/textures/RedSeeker.png@60.0x60.0
17:02:08.954 [JavaFX Application Thread] DEBUG AssetLoaderService   - Loading from cache: /assets/textures/Seeker.png@60.0x60.0
17:02:08.955 [JavaFX Application Thread] DEBUG AssetLoaderService   - Loading from cache: /assets/textures/Seeker_overlay.png
17:02:08.967 [JavaFX Application Thread] DEBUG AssetLoaderService   - Loading from cache: /assets/textures/Seeker_overlay.png@60.0x60.0
17:02:09.451 [JavaFX Application Thread] DEBUG AssetLoaderService   - Loading from cache: /assets/textures/RedWanderer.png@80.0x80.0
17:02:09.452 [JavaFX Application Thread] DEBUG AssetLoaderService   - Loading from cache: /assets/textures/wanderer_overlay.png@80.0x80.0
17:02:10.971 [JavaFX Application Thread] DEBUG AssetLoaderService   - Loading from cache: /assets/textures/Wanderer.png@80.0x80.0
17:02:10.972 [JavaFX Application Thread] DEBUG AssetLoaderService   - Loading from cache: /assets/textures/wanderer_overlay.png@80.0x80.0
17:02:10.974 [JavaFX Application Thread] DEBUG AssetLoaderService   - Loading from cache: /assets/textures/Seeker.png@60.0x60.0
17:02:10.975 [JavaFX Application Thread] DEBUG AssetLoaderService   - Loading from cache: /assets/textures/Seeker.png@60.0x60.0
17:02:10.975 [JavaFX Application Thread] DEBUG AssetLoaderService   - Loading from cache: /assets/textures/Seeker_overlay.png
17:02:10.986 [JavaFX Application Thread] DEBUG AssetLoaderService   - Loading from cache: /assets/textures/Seeker_overlay.png@60.0x60.0
17:02:12.491 [JavaFX Application Thread] DEBUG AssetLoaderService   - Loading from cache: /assets/textures/RedWanderer.png@80.0x80.0
17:02:12.492 [JavaFX Application Thread] DEBUG AssetLoaderService   - Loading from cache: /assets/textures/wanderer_overlay.png@80.0x80.0
17:02:12.923 [JavaFX Application Thread] DEBUG AssetLoaderService   - Loading from cache: /assets/textures/Bouncer.png@63.5x76.0
17:02:12.987 [JavaFX Application Thread] DEBUG AssetLoaderService   - Loading from cache: /assets/textures/Seeker.png@60.0x60.0
17:02:12.987 [JavaFX Application Thread] DEBUG AssetLoaderService   - Loading from cache: /assets/textures/Seeker.png@60.0x60.0
17:02:12.988 [JavaFX Application Thread] DEBUG AssetLoaderService   - Loading from cache: /assets/textures/Seeker_overlay.png
17:02:13.003 [JavaFX Application Thread] DEBUG AssetLoaderService   - Loading from cache: /assets/textures/Seeker_overlay.png@60.0x60.0
17:02:13.995 [JavaFX Application Thread] DEBUG AssetLoaderService   - Loading from cache: /assets/textures/Wanderer.png@80.0x80.0
17:02:13.996 [JavaFX Application Thread] DEBUG AssetLoaderService   - Loading from cache: /assets/textures/wanderer_overlay.png@80.0x80.0
17:02:15.003 [JavaFX Application Thread] DEBUG AssetLoaderService   - Loading from cache: /assets/textures/Seeker.png@60.0x60.0
17:02:15.003 [JavaFX Application Thread] DEBUG AssetLoaderService   - Loading from cache: /assets/textures/Seeker.png@60.0x60.0
17:02:15.004 [JavaFX Application Thread] DEBUG AssetLoaderService   - Loading from cache: /assets/textures/Seeker_overlay.png
17:02:15.015 [JavaFX Application Thread] DEBUG AssetLoaderService   - Loading from cache: /assets/textures/Seeker_overlay.png@60.0x60.0
17:02:15.514 [JavaFX Application Thread] DEBUG AssetLoaderService   - Loading from cache: /assets/textures/RedWanderer.png@80.0x80.0
17:02:15.515 [JavaFX Application Thread] DEBUG AssetLoaderService   - Loading from cache: /assets/textures/wanderer_overlay.png@80.0x80.0
17:02:17.019 [JavaFX Application Thread] DEBUG AssetLoaderService   - Loading from cache: /assets/textures/Seeker.png@60.0x60.0
17:02:17.019 [JavaFX Application Thread] DEBUG AssetLoaderService   - Loading from cache: /assets/textures/Seeker.png@60.0x60.0
17:02:17.020 [JavaFX Application Thread] DEBUG AssetLoaderService   - Loading from cache: /assets/textures/Seeker_overlay.png
17:02:17.032 [JavaFX Application Thread] DEBUG AssetLoaderService   - Loading from cache: /assets/textures/Seeker_overlay.png@60.0x60.0
17:02:17.035 [JavaFX Application Thread] DEBUG AssetLoaderService   - Loading from cache: /assets/textures/Wanderer.png@80.0x80.0
17:02:17.036 [JavaFX Application Thread] DEBUG AssetLoaderService   - Loading from cache: /assets/textures/wanderer_overlay.png@80.0x80.0
17:02:17.931 [JavaFX Application Thread] DEBUG AssetLoaderService   - Loading from cache: /assets/textures/Bouncer.png@63.5x76.0
17:02:18.555 [JavaFX Application Thread] DEBUG AssetLoaderService   - Loading from cache: /assets/textures/RedWanderer.png@80.0x80.0
17:02:18.556 [JavaFX Application Thread] DEBUG AssetLoaderService   - Loading from cache: /assets/textures/wanderer_overlay.png@80.0x80.0
17:02:19.035 [JavaFX Application Thread] DEBUG AssetLoaderService   - Loading from cache: /assets/textures/Seeker.png@60.0x60.0
17:02:19.035 [JavaFX Application Thread] DEBUG AssetLoaderService   - Loading from cache: /assets/textures/Seeker.png@60.0x60.0
17:02:19.036 [JavaFX Application Thread] DEBUG AssetLoaderService   - Loading from cache: /assets/textures/Seeker_overlay.png
17:02:19.047 [JavaFX Application Thread] DEBUG AssetLoaderService   - Loading from cache: /assets/textures/Seeker_overlay.png@60.0x60.0
17:02:20.059 [JavaFX Application Thread] DEBUG AssetLoaderService   - Loading from cache: /assets/textures/RedWanderer.png@80.0x80.0
17:02:20.060 [JavaFX Application Thread] DEBUG AssetLoaderService   - Loading from cache: /assets/textures/wanderer_overlay.png@80.0x80.0
17:02:21.050 [JavaFX Application Thread] DEBUG AssetLoaderService   - Loading from cache: /assets/textures/RedSeeker.png@60.0x60.0
17:02:21.050 [JavaFX Application Thread] DEBUG AssetLoaderService   - Loading from cache: /assets/textures/Seeker.png@60.0x60.0
17:02:21.051 [JavaFX Application Thread] DEBUG AssetLoaderService   - Loading from cache: /assets/textures/Seeker_overlay.png
17:02:21.062 [JavaFX Application Thread] DEBUG AssetLoaderService   - Loading from cache: /assets/textures/Seeker_overlay.png@60.0x60.0
17:02:21.579 [JavaFX Application Thread] DEBUG AssetLoaderService   - Loading from cache: /assets/textures/RedWanderer.png@80.0x80.0
17:02:21.580 [JavaFX Application Thread] DEBUG AssetLoaderService   - Loading from cache: /assets/textures/wanderer_overlay.png@80.0x80.0
17:02:22.954 [JavaFX Application Thread] DEBUG AssetLoaderService   - Loading from cache: /assets/textures/Bouncer.png@63.5x76.0
17:02:23.066 [JavaFX Application Thread] DEBUG AssetLoaderService   - Loading from cache: /assets/textures/Seeker.png@60.0x60.0
17:02:23.066 [JavaFX Application Thread] DEBUG AssetLoaderService   - Loading from cache: /assets/textures/Seeker.png@60.0x60.0
17:02:23.067 [JavaFX Application Thread] DEBUG AssetLoaderService   - Loading from cache: /assets/textures/Seeker_overlay.png
17:02:23.078 [JavaFX Application Thread] DEBUG AssetLoaderService   - Loading from cache: /assets/textures/Seeker_overlay.png@60.0x60.0
17:02:23.099 [JavaFX Application Thread] DEBUG AssetLoaderService   - Loading from cache: /assets/textures/Wanderer.png@80.0x80.0
17:02:23.100 [JavaFX Application Thread] DEBUG AssetLoaderService   - Loading from cache: /assets/textures/wanderer_overlay.png@80.0x80.0
17:02:24.619 [JavaFX Application Thread] DEBUG AssetLoaderService   - Loading from cache: /assets/textures/RedWanderer.png@80.0x80.0
17:02:24.620 [JavaFX Application Thread] DEBUG AssetLoaderService   - Loading from cache: /assets/textures/wanderer_overlay.png@80.0x80.0
17:02:25.082 [JavaFX Application Thread] DEBUG AssetLoaderService   - Loading from cache: /assets/textures/RedSeeker.png@60.0x60.0
17:02:25.083 [JavaFX Application Thread] DEBUG AssetLoaderService   - Loading from cache: /assets/textures/Seeker.png@60.0x60.0
17:02:25.083 [JavaFX Application Thread] DEBUG AssetLoaderService   - Loading from cache: /assets/textures/Seeker_overlay.png
17:02:25.094 [JavaFX Application Thread] DEBUG AssetLoaderService   - Loading from cache: /assets/textures/Seeker_overlay.png@60.0x60.0
17:02:26.122 [JavaFX Application Thread] DEBUG AssetLoaderService   - Loading from cache: /assets/textures/Wanderer.png@80.0x80.0
17:02:26.123 [JavaFX Application Thread] DEBUG AssetLoaderService   - Loading from cache: /assets/textures/wanderer_overlay.png@80.0x80.0
17:02:27.099 [JavaFX Application Thread] DEBUG AssetLoaderService   - Loading from cache: /assets/textures/Seeker.png@60.0x60.0
17:02:27.100 [JavaFX Application Thread] DEBUG AssetLoaderService   - Loading from cache: /assets/textures/Seeker.png@60.0x60.0
17:02:27.100 [JavaFX Application Thread] DEBUG AssetLoaderService   - Loading from cache: /assets/textures/Seeker_overlay.png
17:02:27.114 [JavaFX Application Thread] DEBUG AssetLoaderService   - Loading from cache: /assets/textures/Seeker_overlay.png@60.0x60.0
17:02:27.643 [JavaFX Application Thread] DEBUG AssetLoaderService   - Loading from cache: /assets/textures/Wanderer.png@80.0x80.0
17:02:27.644 [JavaFX Application Thread] DEBUG AssetLoaderService   - Loading from cache: /assets/textures/wanderer_overlay.png@80.0x80.0
17:02:27.963 [JavaFX Application Thread] DEBUG AssetLoaderService   - Loading from cache: /assets/textures/Bouncer.png@63.5x76.0
17:02:29.115 [JavaFX Application Thread] DEBUG AssetLoaderService   - Loading from cache: /assets/textures/RedSeeker.png@60.0x60.0
17:02:29.115 [JavaFX Application Thread] DEBUG AssetLoaderService   - Loading from cache: /assets/textures/Seeker.png@60.0x60.0
17:02:29.116 [JavaFX Application Thread] DEBUG AssetLoaderService   - Loading from cache: /assets/textures/Seeker_overlay.png
17:02:29.127 [JavaFX Application Thread] DEBUG AssetLoaderService   - Loading from cache: /assets/textures/Seeker_overlay.png@60.0x60.0
17:02:29.162 [JavaFX Application Thread] DEBUG AssetLoaderService   - Loading from cache: /assets/textures/Wanderer.png@80.0x80.0
17:02:29.163 [JavaFX Application Thread] DEBUG AssetLoaderService   - Loading from cache: /assets/textures/wanderer_overlay.png@80.0x80.0
17:02:29.788 [JavaFX Application Thread] DEBUG GameApplication      - Exiting FXGL
17:02:29.789 [JavaFX Application Thread] DEBUG LoopRunner           - Stopping loop
17:02:29.789 [JavaFX Application Thread] DEBUG SystemBundleService  - Saving FXGL system data
17:02:29.790 [JavaFX Application Thread] DEBUG FileSystemAccess     - Writing to: D:\CodeGym\casestudy02\system\fxgl.bundle
17:02:29.791 [JavaFX Application Thread] DEBUG GameApplication      - Shutting down background threads
17:02:29.791 [JavaFX Application Thread] DEBUG GameApplication      - Closing logger and exiting JavaFX
