17:38:50.536 [main                     ] DEBUG GameApplication      - Logger initialized
17:38:50.551 [main                     ] DEBUG GameApplication      - Logging settings
Title: FXGL Geometry Wars
Version: 1.1.0
Width: 1280
Height: 720
Fullscreen: false
Intro: false
Profiling: false
Single step:false
App Mode: DEVELOPER
Menu Key: ESCAPE
Stage Style: DECORATED
Scene Factory: class com.almasb.fxgl.app.scene.SceneFactory

17:38:50.892 [JavaFX Application Thread] DEBUG GameApplication      - Initializing FXGL
17:38:50.899 [JavaFX Application Thread] INFO  Engine               - FXGL-11.9 (27.05.2020 17.06) on WINDOWS (J:11.0.7 FX:13.0.2)
17:38:50.899 [JavaFX Application Thread] DEBUG Engine               - JRE Vendor Name: Oracle Corporation
17:38:50.899 [JavaFX Application Thread] DEBUG Engine               - Running on OS: Windows 10 version 10.0
17:38:50.899 [JavaFX Application Thread] DEBUG Engine               - Architecture: amd64
17:38:50.899 [JavaFX Application Thread] INFO  Engine               - Source code and latest versions at: https://github.com/AlmasB/FXGL
17:38:50.899 [JavaFX Application Thread] INFO  Engine               -              Join the FXGL chat at: https://gitter.im/AlmasB/FXGL
17:38:51.001 [JavaFX Application Thread] DEBUG MainWindow           - Creating a JavaFX scene
17:38:51.056 [JavaFX Application Thread] DEBUG MainWindow           - Target settings size: 1280.0 x 720.0
17:38:51.056 [JavaFX Application Thread] DEBUG MainWindow           - Scaled scene size:    1280.0 x 720.0
17:38:51.056 [JavaFX Application Thread] DEBUG MainWindow           - Scaled ratio: (1.0, 1.0)
17:38:51.057 [JavaFX Application Thread] DEBUG MainWindow           - Set initial scene to FXGLStartupScene
17:38:51.063 [JavaFX Application Thread] DEBUG MainWindow           - Opening main window
17:38:51.141 [JavaFX Application Thread] DEBUG MainWindow           - Window border size: (16.0, 39.0)
17:38:51.142 [JavaFX Application Thread] DEBUG MainWindow           - Scaled size: 1280.0 x 720.0
17:38:51.142 [JavaFX Application Thread] DEBUG MainWindow           - Scaled ratio: (1.0, 1.0)
17:38:51.142 [JavaFX Application Thread] DEBUG MainWindow           - Scene size: 1280.0 x 720.0
17:38:51.142 [JavaFX Application Thread] DEBUG MainWindow           - Stage size: 1296.0 x 759.0
17:38:51.148 [FXGL Background Thread 1 ] DEBUG Engine               - Initializing environment variables
17:38:51.173 [FXGL Background Thread 1 ] DEBUG WindowService        - Applying CSS: fxgl_dark.css
17:38:51.174 [FXGL Background Thread 1 ] DEBUG AssetLoaderService   - Loading from file system: /assets/ui/css/fxgl_dark.css
17:38:51.225 [FXGL Background Thread 1 ] DEBUG WindowService        - Initializing application scenes
17:38:51.272 [FXGL Background Thread 1 ] DEBUG GameWorld            - Game world initialized
17:38:51.319 [FXGL Background Thread 1 ] DEBUG PhysicsWorld         - Physics world initialized: appHeight=720, physics.ppm=50.0
17:38:51.321 [FXGL Background Thread 1 ] DEBUG GameScene            - Game scene initialized: 1280x720
17:38:51.351 [FXGL Background Thread 1 ] DEBUG AssetLoaderService   - Loading from file system: /assets/textures/particles/trace_horizontal.png
17:38:51.406 [FXGL Background Thread 1 ] DEBUG FXGL.DefaultMenu     - createMenuBodyGameMenu()
17:38:51.420 [FXGL Background Thread 1 ] DEBUG FXGL.DefaultMenu     - createOptionsMenu()
17:38:51.423 [FXGL Background Thread 1 ] DEBUG AssetLoaderService   - Loading from file system: /assets/textures/particles/smoke.png
17:38:51.472 [FXGL Background Thread 1 ] DEBUG WindowService        - Application scenes initialized
17:38:51.483 [FXGL Background Thread 1 ] DEBUG SystemBundleService  - Loading FXGL system data
17:38:51.487 [FXGL Background Thread 1 ] DEBUG FileSystemAccess     - Reading from: D:\CodeGym\casestudy02\system\fxgl.bundle
17:38:51.493 [FXGL Background Thread 1 ] DEBUG SystemBundleService  - Bundle FXGL: {}
17:38:51.493 [FXGL Background Thread 1 ] INFO  Engine               - FXGL initialization took: 0.343 sec
17:38:51.496 [FXGL Background Thread 1 ] DEBUG GameApplication      - Loading localizations
17:38:51.497 [FXGL Background Thread 1 ] DEBUG AssetLoaderService   - Loading from file system: /assets/languages/english.lang
17:38:51.507 [FXGL Background Thread 1 ] DEBUG AssetLoaderService   - Loading from file system: /assets/languages/french.lang
17:38:51.509 [FXGL Background Thread 1 ] DEBUG AssetLoaderService   - Loading from file system: /assets/languages/german.lang
17:38:51.510 [FXGL Background Thread 1 ] DEBUG AssetLoaderService   - Loading from file system: /assets/languages/hungarian.lang
17:38:51.514 [FXGL Background Thread 1 ] DEBUG AssetLoaderService   - Loading from file system: /assets/languages/russian.lang
17:38:51.516 [FXGL Background Thread 1 ] DEBUG GameApplication      - Registering font factories with UI factory
17:38:51.516 [FXGL Background Thread 1 ] DEBUG AssetLoaderService   - Loading from file system: /assets/ui/fonts/game_font_7.ttf
17:38:51.732 [FXGL Background Thread 1 ] DEBUG AssetLoaderService   - Loading from file system: /assets/ui/fonts/Abel-Regular.ttf
17:38:51.736 [FXGL Background Thread 1 ] DEBUG AssetLoaderService   - Loading from file system: /assets/ui/fonts/lucida_console.ttf
17:38:51.739 [FXGL Background Thread 1 ] DEBUG AssetLoaderService   - Loading from file system: /assets/ui/fonts/Courier-Prime.ttf
17:38:51.751 [JavaFX Application Thread] DEBUG Input                - Registered new binding: action0 - W
17:38:51.751 [JavaFX Application Thread] DEBUG Input                - Registered new binding: action1 - A
17:38:51.752 [JavaFX Application Thread] DEBUG Input                - Registered new binding: action2 - S
17:38:51.752 [JavaFX Application Thread] DEBUG Input                - Registered new binding: action3 - D
17:38:51.753 [JavaFX Application Thread] DEBUG Input                - Registered new binding: action4 - LMB
17:38:51.753 [JavaFX Application Thread] DEBUG AssetLoaderService   - Loading from file system: /assets/textures/fxgl_icon.png
17:38:51.769 [JavaFX Application Thread] DEBUG AssetLoaderService   - Loading from file system: /assets/ui/cursors/fxgl_default.png
17:38:51.771 [JavaFX Application Thread] DEBUG Input                - Registered new binding: Screenshot - P
17:38:51.771 [JavaFX Application Thread] DEBUG Input                - Registered new binding: System info dump - CTRL+9
17:38:51.771 [JavaFX Application Thread] DEBUG Input                - Registered new binding: Restart - CTRL+R
17:38:51.772 [JavaFX Application Thread] DEBUG LoopRunner           - Starting loop
17:38:51.793 [JavaFX Application Thread] DEBUG FXGLStartupScene     - STARTUP
17:38:51.793 [JavaFX Application Thread] DEBUG WindowService        - Starting new game
17:38:51.794 [JavaFX Application Thread] DEBUG Input                - Clearing active input actions
17:38:51.804 [JavaFX Application Thread] DEBUG WindowService        - Removing overlay from FXGLStartupScene and adding to FXGLLoadingScene
17:38:51.804 [JavaFX Application Thread] DEBUG MainWindow           - FXGLStartupScene -> FXGLLoadingScene
17:38:51.804 [JavaFX Application Thread] DEBUG WindowService        - Clearing previous game
17:38:51.804 [JavaFX Application Thread] DEBUG GameScene            - Clearing game scene
17:38:51.804 [JavaFX Application Thread] DEBUG GameWorld            - Clearing game world
17:38:51.804 [JavaFX Application Thread] DEBUG PhysicsWorld         - Clearing physics world
17:38:51.805 [FXGL Background Thread 1 ] DEBUG GameApplication      - Initializing game
17:38:51.817 [FXGL Background Thread 1 ] DEBUG AssetLoaderService   - Loading from file system: /assets/textures/Player.png
17:38:51.835 [FXGL Background Thread 1 ] INFO  GameApplication      - Game initialization took: 0.029 sec
17:38:51.835 [JavaFX Application Thread] DEBUG Input                - Clearing active input actions
17:38:51.842 [JavaFX Application Thread] DEBUG WindowService        - Removing overlay from FXGLLoadingScene and adding to GameScene
17:38:51.842 [JavaFX Application Thread] DEBUG MainWindow           - FXGLLoadingScene -> GameScene
17:38:52.877 [JavaFX Application Thread] DEBUG AssetLoaderService   - Loading from file system: /assets/textures/Wanderer.png
17:38:52.887 [JavaFX Application Thread] DEBUG AssetLoaderService   - Loading from file system: /assets/textures/wanderer_overlay.png
17:38:53.885 [JavaFX Application Thread] DEBUG AssetLoaderService   - Loading from cache: /assets/textures/Wanderer.png@80.0x80.0
17:38:53.887 [JavaFX Application Thread] DEBUG AssetLoaderService   - Loading from cache: /assets/textures/wanderer_overlay.png@80.0x80.0
17:38:54.496 [FXGL Background Thread 2 ] DEBUG Engine               - Logging environment variables
17:38:54.497 [FXGL Background Thread 2 ] DEBUG Engine               - achievements: []
17:38:54.497 [FXGL Background Thread 2 ] DEBUG Engine               - appIcon: fxgl_icon.png
17:38:54.497 [FXGL Background Thread 2 ] DEBUG Engine               - applicationMode: DEVELOPER
17:38:54.497 [FXGL Background Thread 2 ] DEBUG Engine               - cSSList: [fxgl_dark.css]
17:38:54.497 [FXGL Background Thread 2 ] DEBUG Engine               - configClass: Optional[class geowars.GeoWarsConfig]
17:38:54.497 [FXGL Background Thread 2 ] DEBUG Engine               - credits: []
17:38:54.497 [FXGL Background Thread 2 ] DEBUG Engine               - devBBoxColorProperty: ObjectProperty [value: 0xff0000ff]
17:38:54.497 [FXGL Background Thread 2 ] DEBUG Engine               - devSensorColorProperty: ObjectProperty [value: 0xffff00ff]
17:38:54.497 [FXGL Background Thread 2 ] DEBUG Engine               - devShowBBoxProperty: BooleanProperty [value: false]
17:38:54.497 [FXGL Background Thread 2 ] DEBUG Engine               - devShowPositionProperty: BooleanProperty [value: false]
17:38:54.498 [FXGL Background Thread 2 ] DEBUG Engine               - enabledMenuItems: []
17:38:54.498 [FXGL Background Thread 2 ] DEBUG Engine               - engineServices: [class com.almasb.fxgl.app.GameApplication$GameApplicationService, class com.almasb.fxgl.app.services.WindowService, class com.almasb.fxgl.app.services.FXGLDialogService, class com.almasb.fxgl.app.services.IOTaskExecutorService, class com.almasb.fxgl.event.EventBusService, class com.almasb.fxgl.io.FileSystemService, class com.almasb.fxgl.localization.LocalizationService, class com.almasb.fxgl.app.services.AssetLoaderService, class com.almasb.fxgl.app.services.SystemBundleService, class com.almasb.fxgl.profile.SaveLoadService, class com.almasb.fxgl.ui.FXGLUIFactoryServiceProvider, class com.almasb.fxgl.ui.FXGLDialogFactoryServiceProvider, class com.almasb.fxgl.audio.AudioPlayer, class com.almasb.fxgl.notification.impl.NotificationServiceProvider, class com.almasb.fxgl.achievement.AchievementService, class com.almasb.fxgl.cutscene.CutsceneService, class com.almasb.fxgl.minigames.MiniGameService, class com.almasb.fxgl.net.NetService, class com.almasb.fxgl.app.services.UpdaterService, class com.almasb.fxgl.dev.DevService]
17:38:54.498 [FXGL Background Thread 2 ] DEBUG Engine               - fontGame: Abel-Regular.ttf
17:38:54.498 [FXGL Background Thread 2 ] DEBUG Engine               - fontMono: lucida_console.ttf
17:38:54.498 [FXGL Background Thread 2 ] DEBUG Engine               - fontText: Courier-Prime.ttf
17:38:54.498 [FXGL Background Thread 2 ] DEBUG Engine               - fontUI: game_font_7.ttf
17:38:54.498 [FXGL Background Thread 2 ] DEBUG Engine               - fullScreen: BooleanProperty [value: false]
17:38:54.498 [FXGL Background Thread 2 ] DEBUG Engine               - gameDifficulty: MEDIUM
17:38:54.498 [FXGL Background Thread 2 ] DEBUG Engine               - gameDifficultyProperty: ObjectProperty [value: MEDIUM]
17:38:54.498 [FXGL Background Thread 2 ] DEBUG Engine               - globalMusicVolume: 0.5
17:38:54.498 [FXGL Background Thread 2 ] DEBUG Engine               - globalMusicVolumeProperty: DoubleProperty [value: 0.5]
17:38:54.498 [FXGL Background Thread 2 ] DEBUG Engine               - globalSoundVolume: 0.5
17:38:54.498 [FXGL Background Thread 2 ] DEBUG Engine               - globalSoundVolumeProperty: DoubleProperty [value: 0.5]
17:38:54.498 [FXGL Background Thread 2 ] DEBUG Engine               - height: 720
17:38:54.498 [FXGL Background Thread 2 ] DEBUG Engine               - isAndroid: false
17:38:54.498 [FXGL Background Thread 2 ] DEBUG Engine               - isBrowser: false
17:38:54.498 [FXGL Background Thread 2 ] DEBUG Engine               - isClickFeedbackEnabled: false
17:38:54.498 [FXGL Background Thread 2 ] DEBUG Engine               - isCloseConfirmation: false
17:38:54.499 [FXGL Background Thread 2 ] DEBUG Engine               - isDesktop: true
17:38:54.499 [FXGL Background Thread 2 ] DEBUG Engine               - isDeveloperMenuEnabled: false
17:38:54.499 [FXGL Background Thread 2 ] DEBUG Engine               - isExperimentalNative: false
17:38:54.499 [FXGL Background Thread 2 ] DEBUG Engine               - isExperimentalTiledLargeMap: false
17:38:54.499 [FXGL Background Thread 2 ] DEBUG Engine               - isFullScreenAllowed: false
17:38:54.499 [FXGL Background Thread 2 ] DEBUG Engine               - isFullScreenFromStart: false
17:38:54.499 [FXGL Background Thread 2 ] DEBUG Engine               - isGameMenuEnabled: true
17:38:54.499 [FXGL Background Thread 2 ] DEBUG Engine               - isIOS: false
17:38:54.499 [FXGL Background Thread 2 ] DEBUG Engine               - isIntroEnabled: false
17:38:54.499 [FXGL Background Thread 2 ] DEBUG Engine               - isLinux: false
17:38:54.499 [FXGL Background Thread 2 ] DEBUG Engine               - isMac: false
17:38:54.499 [FXGL Background Thread 2 ] DEBUG Engine               - isMainMenuEnabled: false
17:38:54.499 [FXGL Background Thread 2 ] DEBUG Engine               - isManualResizeEnabled: true
17:38:54.499 [FXGL Background Thread 2 ] DEBUG Engine               - isMobile: false
17:38:54.499 [FXGL Background Thread 2 ] DEBUG Engine               - isPreserveResizeRatio: false
17:38:54.499 [FXGL Background Thread 2 ] DEBUG Engine               - isProfilingEnabled: false
17:38:54.499 [FXGL Background Thread 2 ] DEBUG Engine               - isSingleStep: false
17:38:54.499 [FXGL Background Thread 2 ] DEBUG Engine               - isUserProfileEnabled: false
17:38:54.499 [FXGL Background Thread 2 ] DEBUG Engine               - isWindows: true
17:38:54.499 [FXGL Background Thread 2 ] DEBUG Engine               - language: ObjectProperty [value: ENGLISH]
17:38:54.499 [FXGL Background Thread 2 ] DEBUG Engine               - mainWindow: com.almasb.fxgl.app.MainWindow@779012d0
17:38:54.500 [FXGL Background Thread 2 ] DEBUG Engine               - menuKey: ESCAPE
17:38:54.500 [FXGL Background Thread 2 ] DEBUG Engine               - notificationViewClass: class com.almasb.fxgl.notification.view.XboxNotificationView
17:38:54.500 [FXGL Background Thread 2 ] DEBUG Engine               - pixelsPerMeter: 50.0
17:38:54.500 [FXGL Background Thread 2 ] DEBUG Engine               - platform: WINDOWS
17:38:54.500 [FXGL Background Thread 2 ] DEBUG Engine               - profileDir: profiles/
17:38:54.500 [FXGL Background Thread 2 ] DEBUG Engine               - profileName: StringProperty [value: DEFAULT]
17:38:54.500 [FXGL Background Thread 2 ] DEBUG Engine               - randomSeed: -1
17:38:54.500 [FXGL Background Thread 2 ] DEBUG Engine               - runtimeInfo: RuntimeInfo(platform=WINDOWS, version=11.9, build=27.05.2020 17.06)
17:38:54.500 [FXGL Background Thread 2 ] DEBUG Engine               - saveFileExt: sav
17:38:54.500 [FXGL Background Thread 2 ] DEBUG Engine               - sceneFactory: com.almasb.fxgl.app.scene.SceneFactory@5338c0e
17:38:54.500 [FXGL Background Thread 2 ] DEBUG Engine               - secondsIn24h: 60
17:38:54.500 [FXGL Background Thread 2 ] DEBUG Engine               - settings: Title: FXGL Geometry Wars
Version: 1.1.0
Width: 1280
Height: 720
Fullscreen: false
Intro: false
Profiling: false
Single step:false
App Mode: DEVELOPER
Menu Key: ESCAPE
Stage Style: DECORATED
Scene Factory: class com.almasb.fxgl.app.scene.SceneFactory

17:38:54.500 [FXGL Background Thread 2 ] DEBUG Engine               - soundMenuBack: menu/back.wav
17:38:54.500 [FXGL Background Thread 2 ] DEBUG Engine               - soundMenuPress: menu/press.wav
17:38:54.500 [FXGL Background Thread 2 ] DEBUG Engine               - soundMenuSelect: menu/select.wav
17:38:54.500 [FXGL Background Thread 2 ] DEBUG Engine               - soundNotification: core/notification.wav
17:38:54.500 [FXGL Background Thread 2 ] DEBUG Engine               - stageStyle: DECORATED
17:38:54.500 [FXGL Background Thread 2 ] DEBUG Engine               - supportedLanguages: [ENGLISH, FRENCH, GERMAN, HUNGARIAN, RUSSIAN]
17:38:54.500 [FXGL Background Thread 2 ] DEBUG Engine               - title: FXGL Geometry Wars
17:38:54.500 [FXGL Background Thread 2 ] DEBUG Engine               - urlGithub: https://github.com/AlmasB/FXGL
17:38:54.501 [FXGL Background Thread 2 ] DEBUG Engine               - urlLeaderboard: http://fxgl-top.herokuapp.com/
17:38:54.501 [FXGL Background Thread 2 ] DEBUG Engine               - urlPOM: https://raw.githubusercontent.com/AlmasB/FXGL/master/pom.xml
17:38:54.501 [FXGL Background Thread 2 ] DEBUG Engine               - version: 1.1.0
17:38:54.501 [FXGL Background Thread 2 ] DEBUG Engine               - versionCheckDays: 7
17:38:54.501 [FXGL Background Thread 2 ] DEBUG Engine               - width: 1280
17:38:54.501 [FXGL Background Thread 2 ] DEBUG Engine               - Logging services
17:38:54.501 [FXGL Background Thread 2 ] DEBUG Engine               - class com.almasb.fxgl.app.GameApplication$GameApplicationService
17:38:54.501 [FXGL Background Thread 2 ] DEBUG Engine               - class com.almasb.fxgl.app.services.WindowService
17:38:54.501 [FXGL Background Thread 2 ] DEBUG Engine               - class com.almasb.fxgl.app.services.FXGLDialogService
17:38:54.501 [FXGL Background Thread 2 ] DEBUG Engine               - class com.almasb.fxgl.app.services.IOTaskExecutorService
17:38:54.501 [FXGL Background Thread 2 ] DEBUG Engine               - class com.almasb.fxgl.event.EventBusService
17:38:54.501 [FXGL Background Thread 2 ] DEBUG Engine               - class com.almasb.fxgl.io.FileSystemService
17:38:54.501 [FXGL Background Thread 2 ] DEBUG Engine               - class com.almasb.fxgl.localization.LocalizationService
17:38:54.501 [FXGL Background Thread 2 ] DEBUG Engine               - class com.almasb.fxgl.app.services.AssetLoaderService
17:38:54.501 [FXGL Background Thread 2 ] DEBUG Engine               - class com.almasb.fxgl.app.services.SystemBundleService
17:38:54.501 [FXGL Background Thread 2 ] DEBUG Engine               - class com.almasb.fxgl.profile.SaveLoadService
17:38:54.501 [FXGL Background Thread 2 ] DEBUG Engine               - class com.almasb.fxgl.ui.FXGLUIFactoryServiceProvider
17:38:54.501 [FXGL Background Thread 2 ] DEBUG Engine               - class com.almasb.fxgl.ui.FXGLDialogFactoryServiceProvider
17:38:54.501 [FXGL Background Thread 2 ] DEBUG Engine               - class com.almasb.fxgl.audio.AudioPlayer
17:38:54.502 [FXGL Background Thread 2 ] DEBUG Engine               - class com.almasb.fxgl.notification.impl.NotificationServiceProvider
17:38:54.502 [FXGL Background Thread 2 ] DEBUG Engine               - class com.almasb.fxgl.achievement.AchievementService
17:38:54.502 [FXGL Background Thread 2 ] DEBUG Engine               - class com.almasb.fxgl.cutscene.CutsceneService
17:38:54.502 [FXGL Background Thread 2 ] DEBUG Engine               - class com.almasb.fxgl.minigames.MiniGameService
17:38:54.502 [FXGL Background Thread 2 ] DEBUG Engine               - class com.almasb.fxgl.net.NetService
17:38:54.502 [FXGL Background Thread 2 ] DEBUG Engine               - class com.almasb.fxgl.app.services.UpdaterService
17:38:54.502 [FXGL Background Thread 2 ] DEBUG Engine               - class com.almasb.fxgl.dev.DevService
17:38:54.910 [JavaFX Application Thread] DEBUG AssetLoaderService   - Loading from cache: /assets/textures/Wanderer.png@80.0x80.0
17:38:54.918 [JavaFX Application Thread] DEBUG AssetLoaderService   - Loading from cache: /assets/textures/wanderer_overlay.png@80.0x80.0
17:38:55.377 [JavaFX Application Thread] DEBUG AssetLoaderService   - Loading from file system: /assets/sounds/shoot4.wav
17:38:55.558 [JavaFX Application Thread] DEBUG AssetLoaderService   - Loading from file system: /assets/textures/Bullet.png
17:38:55.774 [JavaFX Application Thread] DEBUG LoopRunner           - Stopping loop
17:38:55.774 [JavaFX Application Thread] FATAL GameApplication      - Uncaught Exception:

Fatal exception occurred: java.lang.IllegalArgumentException : No EntityFactory has a method annotated @Spawns(Explosion)
E: com.almasb.fxgl.entity.GameWorld.create(GameWorld.kt:392)
E: com.almasb.fxgl.entity.GameWorld.spawn(GameWorld.kt:375)
E: com.almasb.fxgl.entity.GameWorld.spawn(GameWorld.kt:363)
E: com.almasb.fxgl.entity.GameWorld.spawn(GameWorld.kt:350)
E: com.almasb.fxgl.dsl.FXGL$Companion.spawn(FXGL.kt:424)
E: com.almasb.fxgl.dsl.FXGL.spawn(FXGL.kt)
E: geowars.Main.onDeath(Main.java:253)
E: geowars.Main$1.onCollisionBegin(Main.java:119)
E: com.almasb.fxgl.physics.CollisionPair.collisionBegin(CollisionPair.java:37)
E: com.almasb.fxgl.physics.PhysicsWorld.collisionBeginFor(PhysicsWorld.java:482)
E: com.almasb.fxgl.physics.PhysicsWorld.checkCollisions(PhysicsWorld.java:436)
E: com.almasb.fxgl.physics.PhysicsWorld.onUpdate(PhysicsWorld.java:181)
E: com.almasb.fxgl.app.scene.GameScene.step(GameScene.kt:116)
E: com.almasb.fxgl.app.scene.GameScene.onUpdate(GameScene.kt:111)
E: com.almasb.fxgl.scene.Scene.update(Scene.kt:75)
E: com.almasb.fxgl.app.MainWindow$update$1.invoke(MainWindow.kt:209)
E: com.almasb.fxgl.app.MainWindow$update$1.invoke(MainWindow.kt:39)
E: com.almasb.fxgl.core.fsm.StateMachine.runOnActiveStates(StateMachine.kt:60)
E: com.almasb.fxgl.app.MainWindow.update(MainWindow.kt:209)
E: com.almasb.fxgl.app.services.WindowService.onUpdate(WindowService.kt:123)
E: com.almasb.fxgl.app.Engine.loop(Engine.kt:135)
E: com.almasb.fxgl.app.Engine.access$loop(Engine.kt:25)
E: com.almasb.fxgl.app.Engine$loop$1.invoke(Engine.kt:29)
E: com.almasb.fxgl.app.Engine$loop$1.invoke(Engine.kt:25)
E: com.almasb.fxgl.app.LoopRunner.frame(LoopRunner.kt:86)
E: com.almasb.fxgl.app.LoopRunner.access$frame(LoopRunner.kt:17)
E: com.almasb.fxgl.app.LoopRunner$impl$2$1.handle(LoopRunner.kt:37)
E: javafx.animation.AnimationTimer$AnimationTimerReceiver.lambda$handle$0(AnimationTimer.java:57)
E: java.base/java.security.AccessController.doPrivileged(Native Method)
E: javafx.animation.AnimationTimer$AnimationTimerReceiver.handle(AnimationTimer.java:56)
E: com.sun.scenario.animation.AbstractMasterTimer.timePulseImpl(AbstractMasterTimer.java:357)
E: com.sun.scenario.animation.AbstractMasterTimer$MainLoop.run(AbstractMasterTimer.java:267)
E: com.sun.javafx.tk.quantum.QuantumToolkit.pulse(QuantumToolkit.java:559)
E: com.sun.javafx.tk.quantum.QuantumToolkit.pulse(QuantumToolkit.java:543)
E: com.sun.javafx.tk.quantum.QuantumToolkit.pulseFromQueue(QuantumToolkit.java:536)
E: com.sun.javafx.tk.quantum.QuantumToolkit.lambda$runToolkit$11(QuantumToolkit.java:342)
E: com.sun.glass.ui.InvokeLaterDispatcher$Future.run(InvokeLaterDispatcher.java:96)
E: com.sun.glass.ui.win.WinApplication._runLoop(Native Method)
E: com.sun.glass.ui.win.WinApplication.lambda$runLoop$3(WinApplication.java:174)
E: java.base/java.lang.Thread.run(Thread.java:834)

17:38:55.774 [JavaFX Application Thread] FATAL GameApplication      - Application will now exit
17:38:55.785 [JavaFX Application Thread] DEBUG MainWindow           - Push state: ErrorSubScene
17:38:55.785 [JavaFX Application Thread] DEBUG Input                - Clearing active input actions
17:38:55.792 [JavaFX Application Thread] DEBUG WindowService        - Removing overlay from GameScene and adding to ErrorSubScene
17:38:55.792 [JavaFX Application Thread] DEBUG MainWindow           - GameScene -> ErrorSubScene
17:38:57.768 [JavaFX Application Thread] DEBUG GameApplication      - Exiting FXGL
17:38:57.768 [JavaFX Application Thread] DEBUG GameApplication      - Shutting down background threads
17:38:57.768 [JavaFX Application Thread] DEBUG GameApplication      - Closing logger and exiting JavaFX
