14:07:09.905 [main                     ] DEBUG GameApplication      - Logger initialized
14:07:09.918 [main                     ] DEBUG GameApplication      - Logging settings
Title: FXGL Geometry Wars
Version: 1.1.0
Width: 1280
Height: 720
Fullscreen: false
Intro: true
Profiling: false
Single step:false
App Mode: RELEASE
Menu Key: ESCAPE
Stage Style: DECORATED
Scene Factory: class com.almasb.fxgl.app.scene.SceneFactory

14:07:10.274 [JavaFX Application Thread] DEBUG GameApplication      - Initializing FXGL
14:07:10.282 [JavaFX Application Thread] INFO  Engine               - FXGL-11.9 (27.05.2020 17.06) on WINDOWS (J:11.0.7 FX:13.0.2)
14:07:10.282 [JavaFX Application Thread] DEBUG Engine               - JRE Vendor Name: Oracle Corporation
14:07:10.282 [JavaFX Application Thread] DEBUG Engine               - Running on OS: Windows 10 version 10.0
14:07:10.282 [JavaFX Application Thread] DEBUG Engine               - Architecture: amd64
14:07:10.282 [JavaFX Application Thread] INFO  Engine               - Source code and latest versions at: https://github.com/AlmasB/FXGL
14:07:10.282 [JavaFX Application Thread] INFO  Engine               -              Join the FXGL chat at: https://gitter.im/AlmasB/FXGL
14:07:10.380 [JavaFX Application Thread] DEBUG MainWindow           - Creating a JavaFX scene
14:07:10.435 [JavaFX Application Thread] DEBUG MainWindow           - Target settings size: 1280.0 x 720.0
14:07:10.435 [JavaFX Application Thread] DEBUG MainWindow           - Scaled scene size:    1280.0 x 720.0
14:07:10.435 [JavaFX Application Thread] DEBUG MainWindow           - Scaled ratio: (1.0, 1.0)
14:07:10.436 [JavaFX Application Thread] DEBUG MainWindow           - Set initial scene to FXGLStartupScene
14:07:10.442 [JavaFX Application Thread] DEBUG MainWindow           - Opening main window
14:07:10.527 [JavaFX Application Thread] DEBUG MainWindow           - Window border size: (16.0, 39.0)
14:07:10.527 [JavaFX Application Thread] DEBUG MainWindow           - Scaled size: 1280.0 x 720.0
14:07:10.528 [JavaFX Application Thread] DEBUG MainWindow           - Scaled ratio: (1.0, 1.0)
14:07:10.528 [JavaFX Application Thread] DEBUG MainWindow           - Scene size: 1280.0 x 720.0
14:07:10.528 [JavaFX Application Thread] DEBUG MainWindow           - Stage size: 1296.0 x 759.0
14:07:10.540 [FXGL Background Thread 1 ] DEBUG Engine               - Initializing environment variables
14:07:10.575 [FXGL Background Thread 1 ] DEBUG WindowService        - Applying CSS: fxgl_dark.css
14:07:10.576 [FXGL Background Thread 1 ] DEBUG AssetLoaderService   - Loading from file system: /assets/ui/css/fxgl_dark.css
14:07:10.667 [FXGL Background Thread 1 ] DEBUG WindowService        - Initializing application scenes
14:07:10.725 [FXGL Background Thread 1 ] DEBUG GameWorld            - Game world initialized
14:07:10.787 [FXGL Background Thread 1 ] DEBUG PhysicsWorld         - Physics world initialized: appHeight=720, physics.ppm=50.0
14:07:10.789 [FXGL Background Thread 1 ] DEBUG GameScene            - Game scene initialized: 1280x720
14:07:10.800 [FXGL Background Thread 1 ] DEBUG AssetLoaderService   - Loading from file system: /assets/textures/particles/explosion.png
14:07:10.947 [FXGL Background Thread 1 ] DEBUG AssetLoaderService   - Loading from file system: /assets/textures/particles/trace_horizontal.png
14:07:10.985 [FXGL Background Thread 1 ] DEBUG FXGL.DefaultMenu     - createMenuBodyMainMenu()
14:07:11.000 [FXGL Background Thread 1 ] DEBUG FXGL.DefaultMenu     - createOptionsMenu()
14:07:11.005 [FXGL Background Thread 1 ] DEBUG AssetLoaderService   - Loading from file system: /assets/textures/particles/smoke.png
14:07:11.031 [FXGL Background Thread 1 ] DEBUG AssetLoaderService   - Loading from cache: /assets/textures/particles/trace_horizontal.png@64.0x64.0
14:07:11.032 [FXGL Background Thread 1 ] DEBUG FXGL.DefaultMenu     - createMenuBodyGameMenu()
14:07:11.034 [FXGL Background Thread 1 ] DEBUG FXGL.DefaultMenu     - createOptionsMenu()
14:07:11.037 [FXGL Background Thread 1 ] DEBUG AssetLoaderService   - Loading from cache: /assets/textures/particles/smoke.png@128.0x128.0
14:07:11.047 [FXGL Background Thread 1 ] DEBUG WindowService        - Application scenes initialized
14:07:11.057 [FXGL Background Thread 1 ] DEBUG SystemBundleService  - Loading FXGL system data
14:07:11.060 [FXGL Background Thread 1 ] DEBUG FileSystemAccess     - Reading from: D:\CodeGym\casestudy02\system\fxgl.bundle
14:07:11.064 [FXGL Background Thread 1 ] DEBUG SystemBundleService  - Bundle FXGL: {}
14:07:11.064 [FXGL Background Thread 1 ] INFO  Engine               - FXGL initialization took: 0.523 sec
14:07:11.065 [FXGL Background Thread 1 ] DEBUG GameApplication      - Loading localizations
14:07:11.066 [FXGL Background Thread 1 ] DEBUG AssetLoaderService   - Loading from file system: /assets/languages/english.lang
14:07:11.077 [FXGL Background Thread 1 ] DEBUG AssetLoaderService   - Loading from file system: /assets/languages/french.lang
14:07:11.079 [FXGL Background Thread 1 ] DEBUG AssetLoaderService   - Loading from file system: /assets/languages/german.lang
14:07:11.080 [FXGL Background Thread 1 ] DEBUG AssetLoaderService   - Loading from file system: /assets/languages/hungarian.lang
14:07:11.083 [FXGL Background Thread 1 ] DEBUG AssetLoaderService   - Loading from file system: /assets/languages/russian.lang
14:07:11.085 [FXGL Background Thread 1 ] DEBUG GameApplication      - Registering font factories with UI factory
14:07:11.085 [FXGL Background Thread 1 ] DEBUG AssetLoaderService   - Loading from file system: /assets/ui/fonts/game_font_7.ttf
14:07:11.325 [FXGL Background Thread 1 ] DEBUG AssetLoaderService   - Loading from file system: /assets/ui/fonts/Abel-Regular.ttf
14:07:11.331 [FXGL Background Thread 1 ] DEBUG AssetLoaderService   - Loading from file system: /assets/ui/fonts/lucida_console.ttf
14:07:11.350 [FXGL Background Thread 1 ] DEBUG AssetLoaderService   - Loading from file system: /assets/ui/fonts/Courier-Prime.ttf
14:07:11.365 [JavaFX Application Thread] DEBUG Input                - Registered new binding: action0 - W
14:07:11.365 [JavaFX Application Thread] DEBUG Input                - Registered new binding: action1 - A
14:07:11.365 [JavaFX Application Thread] DEBUG Input                - Registered new binding: action2 - S
14:07:11.365 [JavaFX Application Thread] DEBUG Input                - Registered new binding: action3 - D
14:07:11.366 [JavaFX Application Thread] DEBUG Input                - Registered new binding: action4 - LMB
14:07:11.367 [JavaFX Application Thread] DEBUG AssetLoaderService   - Loading from file system: /assets/textures/explosion.png
14:07:11.471 [JavaFX Application Thread] DEBUG AssetLoaderService   - Loading from file system: /assets/music/bgm.mp3
14:07:11.592 [JavaFX Application Thread] DEBUG AudioPlayer          - Playing music com.almasb.fxgl.audio.Music@19e65f99
14:07:11.592 [JavaFX Application Thread] DEBUG AssetLoaderService   - Loading from file system: /assets/textures/fxgl_icon.png
14:07:11.601 [JavaFX Application Thread] DEBUG AssetLoaderService   - Loading from file system: /assets/ui/cursors/fxgl_default.png
14:07:11.603 [JavaFX Application Thread] DEBUG Input                - Registered new binding: Screenshot - P
14:07:11.604 [JavaFX Application Thread] DEBUG LoopRunner           - Starting loop
14:07:11.611 [JavaFX Application Thread] DEBUG FXGLStartupScene     - STARTUP
14:07:11.615 [JavaFX Application Thread] DEBUG Input                - Clearing active input actions
14:07:11.627 [JavaFX Application Thread] DEBUG WindowService        - Removing overlay from FXGLStartupScene and adding to FXGLIntroScene
14:07:11.627 [JavaFX Application Thread] DEBUG MainWindow           - FXGLStartupScene -> FXGLIntroScene
14:07:14.066 [FXGL Background Thread 2 ] DEBUG Engine               - Logging environment variables
14:07:14.066 [FXGL Background Thread 2 ] DEBUG Engine               - achievements: []
14:07:14.066 [FXGL Background Thread 2 ] DEBUG Engine               - appIcon: fxgl_icon.png
14:07:14.066 [FXGL Background Thread 2 ] DEBUG Engine               - applicationMode: RELEASE
14:07:14.067 [FXGL Background Thread 2 ] DEBUG Engine               - cSSList: [fxgl_dark.css]
14:07:14.067 [FXGL Background Thread 2 ] DEBUG Engine               - configClass: Optional[class geowars.GeoWarsConfig]
14:07:14.067 [FXGL Background Thread 2 ] DEBUG Engine               - credits: []
14:07:14.067 [FXGL Background Thread 2 ] DEBUG Engine               - devBBoxColorProperty: ObjectProperty [value: 0xff0000ff]
14:07:14.067 [FXGL Background Thread 2 ] DEBUG Engine               - devSensorColorProperty: ObjectProperty [value: 0xffff00ff]
14:07:14.067 [FXGL Background Thread 2 ] DEBUG Engine               - devShowBBoxProperty: BooleanProperty [value: false]
14:07:14.067 [FXGL Background Thread 2 ] DEBUG Engine               - devShowPositionProperty: BooleanProperty [value: false]
14:07:14.067 [FXGL Background Thread 2 ] DEBUG Engine               - enabledMenuItems: []
14:07:14.068 [FXGL Background Thread 2 ] DEBUG Engine               - engineServices: [class com.almasb.fxgl.app.GameApplication$GameApplicationService, class com.almasb.fxgl.app.services.WindowService, class com.almasb.fxgl.app.services.FXGLDialogService, class com.almasb.fxgl.app.services.IOTaskExecutorService, class com.almasb.fxgl.event.EventBusService, class com.almasb.fxgl.io.FileSystemService, class com.almasb.fxgl.localization.LocalizationService, class com.almasb.fxgl.app.services.AssetLoaderService, class com.almasb.fxgl.app.services.SystemBundleService, class com.almasb.fxgl.profile.SaveLoadService, class com.almasb.fxgl.ui.FXGLUIFactoryServiceProvider, class com.almasb.fxgl.ui.FXGLDialogFactoryServiceProvider, class com.almasb.fxgl.audio.AudioPlayer, class com.almasb.fxgl.notification.impl.NotificationServiceProvider, class com.almasb.fxgl.achievement.AchievementService, class com.almasb.fxgl.cutscene.CutsceneService, class com.almasb.fxgl.minigames.MiniGameService, class com.almasb.fxgl.net.NetService, class com.almasb.fxgl.app.services.UpdaterService, class com.almasb.fxgl.dev.DevService]
14:07:14.068 [FXGL Background Thread 2 ] DEBUG Engine               - fontGame: Abel-Regular.ttf
14:07:14.068 [FXGL Background Thread 2 ] DEBUG Engine               - fontMono: lucida_console.ttf
14:07:14.068 [FXGL Background Thread 2 ] DEBUG Engine               - fontText: Courier-Prime.ttf
14:07:14.068 [FXGL Background Thread 2 ] DEBUG Engine               - fontUI: game_font_7.ttf
14:07:14.068 [FXGL Background Thread 2 ] DEBUG Engine               - fullScreen: BooleanProperty [value: false]
14:07:14.068 [FXGL Background Thread 2 ] DEBUG Engine               - gameDifficulty: MEDIUM
14:07:14.069 [FXGL Background Thread 2 ] DEBUG Engine               - gameDifficultyProperty: ObjectProperty [value: MEDIUM]
14:07:14.069 [FXGL Background Thread 2 ] DEBUG Engine               - globalMusicVolume: 0.5
14:07:14.070 [FXGL Background Thread 2 ] DEBUG Engine               - globalMusicVolumeProperty: DoubleProperty [value: 0.2]
14:07:14.070 [FXGL Background Thread 2 ] DEBUG Engine               - globalSoundVolume: 0.5
14:07:14.070 [FXGL Background Thread 2 ] DEBUG Engine               - globalSoundVolumeProperty: DoubleProperty [value: 0.2]
14:07:14.070 [FXGL Background Thread 2 ] DEBUG Engine               - height: 720
14:07:14.070 [FXGL Background Thread 2 ] DEBUG Engine               - isAndroid: false
14:07:14.070 [FXGL Background Thread 2 ] DEBUG Engine               - isBrowser: false
14:07:14.070 [FXGL Background Thread 2 ] DEBUG Engine               - isClickFeedbackEnabled: false
14:07:14.071 [FXGL Background Thread 2 ] DEBUG Engine               - isCloseConfirmation: false
14:07:14.071 [FXGL Background Thread 2 ] DEBUG Engine               - isDesktop: true
14:07:14.071 [FXGL Background Thread 2 ] DEBUG Engine               - isDeveloperMenuEnabled: false
14:07:14.071 [FXGL Background Thread 2 ] DEBUG Engine               - isExperimentalNative: false
14:07:14.071 [FXGL Background Thread 2 ] DEBUG Engine               - isExperimentalTiledLargeMap: false
14:07:14.071 [FXGL Background Thread 2 ] DEBUG Engine               - isFullScreenAllowed: false
14:07:14.071 [FXGL Background Thread 2 ] DEBUG Engine               - isFullScreenFromStart: false
14:07:14.071 [FXGL Background Thread 2 ] DEBUG Engine               - isGameMenuEnabled: true
14:07:14.071 [FXGL Background Thread 2 ] DEBUG Engine               - isIOS: false
14:07:14.071 [FXGL Background Thread 2 ] DEBUG Engine               - isIntroEnabled: true
14:07:14.071 [FXGL Background Thread 2 ] DEBUG Engine               - isLinux: false
14:07:14.071 [FXGL Background Thread 2 ] DEBUG Engine               - isMac: false
14:07:14.071 [FXGL Background Thread 2 ] DEBUG Engine               - isMainMenuEnabled: true
14:07:14.071 [FXGL Background Thread 2 ] DEBUG Engine               - isManualResizeEnabled: true
14:07:14.071 [FXGL Background Thread 2 ] DEBUG Engine               - isMobile: false
14:07:14.071 [FXGL Background Thread 2 ] DEBUG Engine               - isPreserveResizeRatio: false
14:07:14.071 [FXGL Background Thread 2 ] DEBUG Engine               - isProfilingEnabled: false
14:07:14.072 [FXGL Background Thread 2 ] DEBUG Engine               - isSingleStep: false
14:07:14.072 [FXGL Background Thread 2 ] DEBUG Engine               - isUserProfileEnabled: false
14:07:14.072 [FXGL Background Thread 2 ] DEBUG Engine               - isWindows: true
14:07:14.072 [FXGL Background Thread 2 ] DEBUG Engine               - language: ObjectProperty [value: ENGLISH]
14:07:14.072 [FXGL Background Thread 2 ] DEBUG Engine               - mainWindow: com.almasb.fxgl.app.MainWindow@451f58aa
14:07:14.072 [FXGL Background Thread 2 ] DEBUG Engine               - menuKey: ESCAPE
14:07:14.072 [FXGL Background Thread 2 ] DEBUG Engine               - notificationViewClass: class com.almasb.fxgl.notification.view.XboxNotificationView
14:07:14.073 [FXGL Background Thread 2 ] DEBUG Engine               - pixelsPerMeter: 50.0
14:07:14.073 [FXGL Background Thread 2 ] DEBUG Engine               - platform: WINDOWS
14:07:14.073 [FXGL Background Thread 2 ] DEBUG Engine               - profileDir: profiles/
14:07:14.073 [FXGL Background Thread 2 ] DEBUG Engine               - profileName: StringProperty [value: DEFAULT]
14:07:14.073 [FXGL Background Thread 2 ] DEBUG Engine               - randomSeed: -1
14:07:14.073 [FXGL Background Thread 2 ] DEBUG Engine               - runtimeInfo: RuntimeInfo(platform=WINDOWS, version=11.9, build=27.05.2020 17.06)
14:07:14.073 [FXGL Background Thread 2 ] DEBUG Engine               - saveFileExt: sav
14:07:14.073 [FXGL Background Thread 2 ] DEBUG Engine               - sceneFactory: com.almasb.fxgl.app.scene.SceneFactory@6b07e435
14:07:14.073 [FXGL Background Thread 2 ] DEBUG Engine               - secondsIn24h: 60
14:07:14.074 [FXGL Background Thread 2 ] DEBUG Engine               - settings: Title: FXGL Geometry Wars
Version: 1.1.0
Width: 1280
Height: 720
Fullscreen: false
Intro: true
Profiling: false
Single step:false
App Mode: RELEASE
Menu Key: ESCAPE
Stage Style: DECORATED
Scene Factory: class com.almasb.fxgl.app.scene.SceneFactory

14:07:14.074 [FXGL Background Thread 2 ] DEBUG Engine               - soundMenuBack: menu/back.wav
14:07:14.074 [FXGL Background Thread 2 ] DEBUG Engine               - soundMenuPress: menu/press.wav
14:07:14.074 [FXGL Background Thread 2 ] DEBUG Engine               - soundMenuSelect: menu/select.wav
14:07:14.074 [FXGL Background Thread 2 ] DEBUG Engine               - soundNotification: core/notification.wav
14:07:14.074 [FXGL Background Thread 2 ] DEBUG Engine               - stageStyle: DECORATED
14:07:14.074 [FXGL Background Thread 2 ] DEBUG Engine               - supportedLanguages: [ENGLISH, FRENCH, GERMAN, HUNGARIAN, RUSSIAN]
14:07:14.074 [FXGL Background Thread 2 ] DEBUG Engine               - title: FXGL Geometry Wars
14:07:14.074 [FXGL Background Thread 2 ] DEBUG Engine               - urlGithub: https://github.com/AlmasB/FXGL
14:07:14.074 [FXGL Background Thread 2 ] DEBUG Engine               - urlLeaderboard: http://fxgl-top.herokuapp.com/
14:07:14.075 [FXGL Background Thread 2 ] DEBUG Engine               - urlPOM: https://raw.githubusercontent.com/AlmasB/FXGL/master/pom.xml
14:07:14.075 [FXGL Background Thread 2 ] DEBUG Engine               - version: 1.1.0
14:07:14.075 [FXGL Background Thread 2 ] DEBUG Engine               - versionCheckDays: 7
14:07:14.075 [FXGL Background Thread 2 ] DEBUG Engine               - width: 1280
14:07:14.075 [FXGL Background Thread 2 ] DEBUG Engine               - Logging services
14:07:14.075 [FXGL Background Thread 2 ] DEBUG Engine               - class com.almasb.fxgl.app.GameApplication$GameApplicationService
14:07:14.075 [FXGL Background Thread 2 ] DEBUG Engine               - class com.almasb.fxgl.app.services.WindowService
14:07:14.075 [FXGL Background Thread 2 ] DEBUG Engine               - class com.almasb.fxgl.app.services.FXGLDialogService
14:07:14.075 [FXGL Background Thread 2 ] DEBUG Engine               - class com.almasb.fxgl.app.services.IOTaskExecutorService
14:07:14.075 [FXGL Background Thread 2 ] DEBUG Engine               - class com.almasb.fxgl.event.EventBusService
14:07:14.075 [FXGL Background Thread 2 ] DEBUG Engine               - class com.almasb.fxgl.io.FileSystemService
14:07:14.075 [FXGL Background Thread 2 ] DEBUG Engine               - class com.almasb.fxgl.localization.LocalizationService
14:07:14.075 [FXGL Background Thread 2 ] DEBUG Engine               - class com.almasb.fxgl.app.services.AssetLoaderService
14:07:14.076 [FXGL Background Thread 2 ] DEBUG Engine               - class com.almasb.fxgl.app.services.SystemBundleService
14:07:14.076 [FXGL Background Thread 2 ] DEBUG Engine               - class com.almasb.fxgl.profile.SaveLoadService
14:07:14.076 [FXGL Background Thread 2 ] DEBUG Engine               - class com.almasb.fxgl.ui.FXGLUIFactoryServiceProvider
14:07:14.076 [FXGL Background Thread 2 ] DEBUG Engine               - class com.almasb.fxgl.ui.FXGLDialogFactoryServiceProvider
14:07:14.076 [FXGL Background Thread 2 ] DEBUG Engine               - class com.almasb.fxgl.audio.AudioPlayer
14:07:14.076 [FXGL Background Thread 2 ] DEBUG Engine               - class com.almasb.fxgl.notification.impl.NotificationServiceProvider
14:07:14.076 [FXGL Background Thread 2 ] DEBUG Engine               - class com.almasb.fxgl.achievement.AchievementService
14:07:14.076 [FXGL Background Thread 2 ] DEBUG Engine               - class com.almasb.fxgl.cutscene.CutsceneService
14:07:14.076 [FXGL Background Thread 2 ] DEBUG Engine               - class com.almasb.fxgl.minigames.MiniGameService
14:07:14.076 [FXGL Background Thread 2 ] DEBUG Engine               - class com.almasb.fxgl.net.NetService
14:07:14.076 [FXGL Background Thread 2 ] DEBUG Engine               - class com.almasb.fxgl.app.services.UpdaterService
14:07:14.076 [FXGL Background Thread 2 ] DEBUG Engine               - class com.almasb.fxgl.dev.DevService
14:07:17.287 [JavaFX Application Thread] DEBUG Input                - Clearing active input actions
14:07:17.292 [JavaFX Application Thread] DEBUG WindowService        - Removing overlay from FXGLIntroScene and adding to 
14:07:17.292 [JavaFX Application Thread] DEBUG MainWindow           - FXGLIntroScene -> 
14:07:17.292 [JavaFX Application Thread] DEBUG MainWindow           - Push state: FXGLDefaultMenu
14:07:17.298 [JavaFX Application Thread] DEBUG Input                - Clearing active input actions
14:07:17.309 [JavaFX Application Thread] DEBUG WindowService        - Removing overlay from  and adding to FXGLDefaultMenu
14:07:17.309 [JavaFX Application Thread] DEBUG MainWindow           -  -> FXGLDefaultMenu
14:07:20.694 [JavaFX Application Thread] DEBUG Menu                 - createContentAudio()
14:07:26.908 [JavaFX Application Thread] DEBUG Menu                 - fireNewGame()
14:07:26.908 [JavaFX Application Thread] DEBUG WindowService        - Starting new game
14:07:26.908 [JavaFX Application Thread] DEBUG MainWindow           - Pop state: FXGLDefaultMenu
14:07:26.909 [JavaFX Application Thread] DEBUG Input                - Clearing active input actions
14:07:26.910 [JavaFX Application Thread] DEBUG WindowService        - Removing overlay from FXGLDefaultMenu and adding to 
14:07:26.910 [JavaFX Application Thread] DEBUG MainWindow           -  <- FXGLDefaultMenu
14:07:26.911 [JavaFX Application Thread] DEBUG Input                - Clearing active input actions
14:07:26.917 [JavaFX Application Thread] DEBUG WindowService        - Removing overlay from  and adding to FXGLLoadingScene
14:07:26.917 [JavaFX Application Thread] DEBUG MainWindow           -  -> FXGLLoadingScene
14:07:26.917 [JavaFX Application Thread] DEBUG WindowService        - Clearing previous game
14:07:26.917 [JavaFX Application Thread] DEBUG GameScene            - Clearing game scene
14:07:26.917 [JavaFX Application Thread] DEBUG GameWorld            - Clearing game world
14:07:26.917 [JavaFX Application Thread] DEBUG PhysicsWorld         - Clearing physics world
14:07:26.919 [FXGL Background Thread 1 ] DEBUG GameApplication      - Initializing game
14:07:26.942 [FXGL Background Thread 1 ] DEBUG AssetLoaderService   - Loading from file system: /assets/textures/Player.png
14:07:26.961 [FXGL Background Thread 1 ] INFO  GameApplication      - Game initialization took: 0.042 sec
14:07:26.961 [JavaFX Application Thread] DEBUG Input                - Clearing active input actions
14:07:26.967 [JavaFX Application Thread] DEBUG WindowService        - Removing overlay from FXGLLoadingScene and adding to GameScene
14:07:26.967 [JavaFX Application Thread] DEBUG MainWindow           - FXGLLoadingScene -> GameScene
14:07:27.768 [JavaFX Application Thread] DEBUG AssetLoaderService   - Loading from file system: /assets/sounds/shoot7.wav
14:07:27.774 [JavaFX Application Thread] DEBUG AssetLoaderService   - Loading from file system: /assets/textures/Bullet.png
14:07:27.893 [JavaFX Application Thread] DEBUG AssetLoaderService   - Loading from file system: /assets/textures/Wanderer.png
14:07:27.905 [JavaFX Application Thread] DEBUG AssetLoaderService   - Loading from file system: /assets/textures/wanderer_overlay.png
14:07:28.198 [JavaFX Application Thread] DEBUG AssetLoaderService   - Loading from file system: /assets/sounds/shoot8.wav
14:07:28.200 [JavaFX Application Thread] DEBUG AssetLoaderService   - Loading from cache: /assets/textures/Bullet.png
14:07:28.485 [JavaFX Application Thread] DEBUG AssetLoaderService   - Loading from file system: /assets/sounds/shoot4.wav
14:07:28.487 [JavaFX Application Thread] DEBUG AssetLoaderService   - Loading from cache: /assets/textures/Bullet.png
14:07:28.598 [JavaFX Application Thread] DEBUG AssetLoaderService   - Loading from file system: /assets/sounds/shoot2.wav
14:07:28.599 [JavaFX Application Thread] DEBUG AssetLoaderService   - Loading from cache: /assets/textures/Bullet.png
14:07:28.709 [JavaFX Application Thread] DEBUG AssetLoaderService   - Loading from file system: /assets/sounds/shoot6.wav
14:07:28.711 [JavaFX Application Thread] DEBUG AssetLoaderService   - Loading from cache: /assets/textures/Bullet.png
14:07:28.837 [JavaFX Application Thread] DEBUG AssetLoaderService   - Loading from cache: /assets/sounds/shoot8.wav
14:07:28.837 [JavaFX Application Thread] DEBUG AssetLoaderService   - Loading from cache: /assets/textures/Bullet.png
14:07:28.917 [JavaFX Application Thread] DEBUG AssetLoaderService   - Loading from file system: /assets/textures/RedWanderer.png
14:07:28.924 [JavaFX Application Thread] DEBUG AssetLoaderService   - Loading from cache: /assets/textures/wanderer_overlay.png@80.0x80.0
14:07:28.949 [JavaFX Application Thread] DEBUG AssetLoaderService   - Loading from cache: /assets/sounds/shoot8.wav
14:07:28.949 [JavaFX Application Thread] DEBUG AssetLoaderService   - Loading from cache: /assets/textures/Bullet.png
14:07:29.062 [JavaFX Application Thread] DEBUG AssetLoaderService   - Loading from cache: /assets/sounds/shoot2.wav
14:07:29.063 [JavaFX Application Thread] DEBUG AssetLoaderService   - Loading from cache: /assets/textures/Bullet.png
14:07:29.111 [JavaFX Application Thread] DEBUG AssetLoaderService   - Loading from cache: /assets/textures/explosion.png@3840.0x80.0
14:07:29.113 [JavaFX Application Thread] DEBUG AssetLoaderService   - Loading from file system: /assets/textures/particles/circle_05.png
14:07:29.125 [JavaFX Application Thread] DEBUG AssetLoaderService   - Loading from file system: /assets/sounds/explosion-03.wav
14:07:29.130 [JavaFX Application Thread] DEBUG AssetLoaderService   - Loading from file system: /assets/textures/YellowCrystal.png
14:07:29.206 [JavaFX Application Thread] DEBUG AssetLoaderService   - Loading from file system: /assets/sounds/shoot3.wav
14:07:29.210 [JavaFX Application Thread] DEBUG AssetLoaderService   - Loading from cache: /assets/textures/Bullet.png
14:07:29.317 [JavaFX Application Thread] DEBUG AssetLoaderService   - Loading from cache: /assets/sounds/shoot4.wav
14:07:29.317 [JavaFX Application Thread] DEBUG AssetLoaderService   - Loading from cache: /assets/textures/Bullet.png
14:07:29.701 [JavaFX Application Thread] DEBUG AssetLoaderService   - Loading from file system: /assets/sounds/shoot1.wav
14:07:29.702 [JavaFX Application Thread] DEBUG AssetLoaderService   - Loading from cache: /assets/textures/Bullet.png
14:07:29.814 [JavaFX Application Thread] DEBUG AssetLoaderService   - Loading from cache: /assets/sounds/shoot7.wav
14:07:29.814 [JavaFX Application Thread] DEBUG AssetLoaderService   - Loading from cache: /assets/textures/Bullet.png
14:07:29.926 [JavaFX Application Thread] DEBUG AssetLoaderService   - Loading from cache: /assets/sounds/shoot2.wav
14:07:29.926 [JavaFX Application Thread] DEBUG AssetLoaderService   - Loading from cache: /assets/textures/Bullet.png
14:07:29.942 [JavaFX Application Thread] DEBUG AssetLoaderService   - Loading from cache: /assets/textures/Wanderer.png@80.0x80.0
14:07:29.943 [JavaFX Application Thread] DEBUG AssetLoaderService   - Loading from cache: /assets/textures/wanderer_overlay.png@80.0x80.0
14:07:30.053 [JavaFX Application Thread] DEBUG AssetLoaderService   - Loading from cache: /assets/sounds/shoot4.wav
14:07:30.053 [JavaFX Application Thread] DEBUG AssetLoaderService   - Loading from cache: /assets/textures/Bullet.png
14:07:30.166 [JavaFX Application Thread] DEBUG AssetLoaderService   - Loading from cache: /assets/sounds/shoot1.wav
14:07:30.166 [JavaFX Application Thread] DEBUG AssetLoaderService   - Loading from cache: /assets/textures/Bullet.png
14:07:30.279 [JavaFX Application Thread] DEBUG AssetLoaderService   - Loading from cache: /assets/sounds/shoot3.wav
14:07:30.279 [JavaFX Application Thread] DEBUG AssetLoaderService   - Loading from cache: /assets/textures/Bullet.png
14:07:30.550 [JavaFX Application Thread] DEBUG AssetLoaderService   - Loading from cache: /assets/textures/explosion.png@3840.0x80.0
14:07:30.550 [JavaFX Application Thread] DEBUG AssetLoaderService   - Loading from cache: /assets/textures/particles/circle_05.png@32.0x32.0
14:07:30.551 [JavaFX Application Thread] DEBUG AssetLoaderService   - Loading from file system: /assets/sounds/explosion-08.wav
14:07:30.553 [JavaFX Application Thread] DEBUG AssetLoaderService   - Loading from cache: /assets/textures/YellowCrystal.png
14:07:30.965 [JavaFX Application Thread] DEBUG AssetLoaderService   - Loading from cache: /assets/textures/Wanderer.png@80.0x80.0
14:07:30.966 [JavaFX Application Thread] DEBUG AssetLoaderService   - Loading from cache: /assets/textures/wanderer_overlay.png@80.0x80.0
14:07:31.575 [JavaFX Application Thread] DEBUG GameApplication      - Exiting FXGL
14:07:31.575 [JavaFX Application Thread] DEBUG LoopRunner           - Stopping loop
14:07:31.575 [JavaFX Application Thread] DEBUG SystemBundleService  - Saving FXGL system data
14:07:31.577 [JavaFX Application Thread] DEBUG FileSystemAccess     - Writing to: D:\CodeGym\casestudy02\system\fxgl.bundle
14:07:31.578 [JavaFX Application Thread] DEBUG GameApplication      - Shutting down background threads
14:07:31.578 [JavaFX Application Thread] DEBUG GameApplication      - Closing logger and exiting JavaFX
