14:05:03.565 [main                     ] DEBUG GameApplication      - Logger initialized
14:05:03.580 [main                     ] DEBUG GameApplication      - Logging settings
Title: FXGL Geometry Wars
Version: 1.1.0
Width: 1280
Height: 720
Fullscreen: false
Intro: true
Profiling: false
Single step:false
App Mode: RELEASE
Menu Key: ESCAPE
Stage Style: DECORATED
Scene Factory: class com.almasb.fxgl.app.scene.SceneFactory

14:05:03.954 [JavaFX Application Thread] DEBUG GameApplication      - Initializing FXGL
14:05:03.961 [JavaFX Application Thread] INFO  Engine               - FXGL-11.9 (27.05.2020 17.06) on WINDOWS (J:11.0.7 FX:13.0.2)
14:05:03.961 [JavaFX Application Thread] DEBUG Engine               - JRE Vendor Name: Oracle Corporation
14:05:03.961 [JavaFX Application Thread] DEBUG Engine               - Running on OS: Windows 10 version 10.0
14:05:03.961 [JavaFX Application Thread] DEBUG Engine               - Architecture: amd64
14:05:03.962 [JavaFX Application Thread] INFO  Engine               - Source code and latest versions at: https://github.com/AlmasB/FXGL
14:05:03.962 [JavaFX Application Thread] INFO  Engine               -              Join the FXGL chat at: https://gitter.im/AlmasB/FXGL
14:05:04.065 [JavaFX Application Thread] DEBUG MainWindow           - Creating a JavaFX scene
14:05:04.136 [JavaFX Application Thread] DEBUG MainWindow           - Target settings size: 1280.0 x 720.0
14:05:04.136 [JavaFX Application Thread] DEBUG MainWindow           - Scaled scene size:    1280.0 x 720.0
14:05:04.136 [JavaFX Application Thread] DEBUG MainWindow           - Scaled ratio: (1.0, 1.0)
14:05:04.138 [JavaFX Application Thread] DEBUG MainWindow           - Set initial scene to FXGLStartupScene
14:05:04.147 [JavaFX Application Thread] DEBUG MainWindow           - Opening main window
14:05:04.252 [JavaFX Application Thread] DEBUG MainWindow           - Window border size: (16.0, 39.0)
14:05:04.252 [JavaFX Application Thread] DEBUG MainWindow           - Scaled size: 1280.0 x 720.0
14:05:04.252 [JavaFX Application Thread] DEBUG MainWindow           - Scaled ratio: (1.0, 1.0)
14:05:04.252 [JavaFX Application Thread] DEBUG MainWindow           - Scene size: 1280.0 x 720.0
14:05:04.253 [JavaFX Application Thread] DEBUG MainWindow           - Stage size: 1296.0 x 759.0
14:05:04.266 [FXGL Background Thread 1 ] DEBUG Engine               - Initializing environment variables
14:05:04.302 [FXGL Background Thread 1 ] DEBUG WindowService        - Applying CSS: fxgl_dark.css
14:05:04.303 [FXGL Background Thread 1 ] DEBUG AssetLoaderService   - Loading from file system: /assets/ui/css/fxgl_dark.css
14:05:04.392 [FXGL Background Thread 1 ] DEBUG WindowService        - Initializing application scenes
14:05:04.450 [FXGL Background Thread 1 ] DEBUG GameWorld            - Game world initialized
14:05:04.525 [FXGL Background Thread 1 ] DEBUG PhysicsWorld         - Physics world initialized: appHeight=720, physics.ppm=50.0
14:05:04.530 [FXGL Background Thread 1 ] DEBUG GameScene            - Game scene initialized: 1280x720
14:05:04.545 [FXGL Background Thread 1 ] DEBUG AssetLoaderService   - Loading from file system: /assets/textures/particles/explosion.png
14:05:04.696 [FXGL Background Thread 1 ] DEBUG AssetLoaderService   - Loading from file system: /assets/textures/particles/trace_horizontal.png
14:05:04.731 [FXGL Background Thread 1 ] DEBUG FXGL.DefaultMenu     - createMenuBodyMainMenu()
14:05:04.748 [FXGL Background Thread 1 ] DEBUG FXGL.DefaultMenu     - createOptionsMenu()
14:05:04.754 [FXGL Background Thread 1 ] DEBUG AssetLoaderService   - Loading from file system: /assets/textures/particles/smoke.png
14:05:04.794 [FXGL Background Thread 1 ] DEBUG AssetLoaderService   - Loading from cache: /assets/textures/particles/trace_horizontal.png@64.0x64.0
14:05:04.794 [FXGL Background Thread 1 ] DEBUG FXGL.DefaultMenu     - createMenuBodyGameMenu()
14:05:04.796 [FXGL Background Thread 1 ] DEBUG FXGL.DefaultMenu     - createOptionsMenu()
14:05:04.799 [FXGL Background Thread 1 ] DEBUG AssetLoaderService   - Loading from cache: /assets/textures/particles/smoke.png@128.0x128.0
14:05:04.813 [FXGL Background Thread 1 ] DEBUG WindowService        - Application scenes initialized
14:05:04.821 [FXGL Background Thread 1 ] DEBUG SystemBundleService  - Loading FXGL system data
14:05:04.825 [FXGL Background Thread 1 ] DEBUG FileSystemAccess     - Reading from: D:\CodeGym\casestudy02\system\fxgl.bundle
14:05:04.829 [FXGL Background Thread 1 ] DEBUG SystemBundleService  - Bundle FXGL: {}
14:05:04.829 [FXGL Background Thread 1 ] INFO  Engine               - FXGL initialization took: 0.561 sec
14:05:04.830 [FXGL Background Thread 1 ] DEBUG GameApplication      - Loading localizations
14:05:04.831 [FXGL Background Thread 1 ] DEBUG AssetLoaderService   - Loading from file system: /assets/languages/english.lang
14:05:04.843 [FXGL Background Thread 1 ] DEBUG AssetLoaderService   - Loading from file system: /assets/languages/french.lang
14:05:04.845 [FXGL Background Thread 1 ] DEBUG AssetLoaderService   - Loading from file system: /assets/languages/german.lang
14:05:04.849 [FXGL Background Thread 1 ] DEBUG AssetLoaderService   - Loading from file system: /assets/languages/hungarian.lang
14:05:04.855 [FXGL Background Thread 1 ] DEBUG AssetLoaderService   - Loading from file system: /assets/languages/russian.lang
14:05:04.858 [FXGL Background Thread 1 ] DEBUG GameApplication      - Registering font factories with UI factory
14:05:04.858 [FXGL Background Thread 1 ] DEBUG AssetLoaderService   - Loading from file system: /assets/ui/fonts/game_font_7.ttf
14:05:05.093 [FXGL Background Thread 1 ] DEBUG AssetLoaderService   - Loading from file system: /assets/ui/fonts/Abel-Regular.ttf
14:05:05.096 [FXGL Background Thread 1 ] DEBUG AssetLoaderService   - Loading from file system: /assets/ui/fonts/lucida_console.ttf
14:05:05.099 [FXGL Background Thread 1 ] DEBUG AssetLoaderService   - Loading from file system: /assets/ui/fonts/Courier-Prime.ttf
14:05:05.136 [JavaFX Application Thread] DEBUG Input                - Registered new binding: action0 - W
14:05:05.137 [JavaFX Application Thread] DEBUG Input                - Registered new binding: action1 - A
14:05:05.137 [JavaFX Application Thread] DEBUG Input                - Registered new binding: action2 - S
14:05:05.137 [JavaFX Application Thread] DEBUG Input                - Registered new binding: action3 - D
14:05:05.140 [JavaFX Application Thread] DEBUG Input                - Registered new binding: action4 - LMB
14:05:05.140 [JavaFX Application Thread] DEBUG AssetLoaderService   - Loading from file system: /assets/textures/explosion.png
14:05:05.261 [JavaFX Application Thread] DEBUG AssetLoaderService   - Loading from file system: /assets/music/bgm.mp3
14:05:05.397 [JavaFX Application Thread] DEBUG AudioPlayer          - Playing music com.almasb.fxgl.audio.Music@2a0cdb6c
14:05:05.397 [JavaFX Application Thread] DEBUG AssetLoaderService   - Loading from file system: /assets/textures/fxgl_icon.png
14:05:05.406 [JavaFX Application Thread] DEBUG AssetLoaderService   - Loading from file system: /assets/ui/cursors/fxgl_default.png
14:05:05.407 [JavaFX Application Thread] DEBUG Input                - Registered new binding: Screenshot - P
14:05:05.408 [JavaFX Application Thread] DEBUG LoopRunner           - Starting loop
14:05:05.418 [JavaFX Application Thread] DEBUG FXGLStartupScene     - STARTUP
14:05:05.421 [JavaFX Application Thread] DEBUG Input                - Clearing active input actions
14:05:05.430 [JavaFX Application Thread] DEBUG WindowService        - Removing overlay from FXGLStartupScene and adding to FXGLIntroScene
14:05:05.430 [JavaFX Application Thread] DEBUG MainWindow           - FXGLStartupScene -> FXGLIntroScene
14:05:07.832 [FXGL Background Thread 2 ] DEBUG Engine               - Logging environment variables
14:05:07.832 [FXGL Background Thread 2 ] DEBUG Engine               - achievements: []
14:05:07.832 [FXGL Background Thread 2 ] DEBUG Engine               - appIcon: fxgl_icon.png
14:05:07.832 [FXGL Background Thread 2 ] DEBUG Engine               - applicationMode: RELEASE
14:05:07.832 [FXGL Background Thread 2 ] DEBUG Engine               - cSSList: [fxgl_dark.css]
14:05:07.832 [FXGL Background Thread 2 ] DEBUG Engine               - configClass: Optional[class geowars.GeoWarsConfig]
14:05:07.833 [FXGL Background Thread 2 ] DEBUG Engine               - credits: []
14:05:07.833 [FXGL Background Thread 2 ] DEBUG Engine               - devBBoxColorProperty: ObjectProperty [value: 0xff0000ff]
14:05:07.833 [FXGL Background Thread 2 ] DEBUG Engine               - devSensorColorProperty: ObjectProperty [value: 0xffff00ff]
14:05:07.833 [FXGL Background Thread 2 ] DEBUG Engine               - devShowBBoxProperty: BooleanProperty [value: false]
14:05:07.833 [FXGL Background Thread 2 ] DEBUG Engine               - devShowPositionProperty: BooleanProperty [value: false]
14:05:07.833 [FXGL Background Thread 2 ] DEBUG Engine               - enabledMenuItems: []
14:05:07.833 [FXGL Background Thread 2 ] DEBUG Engine               - engineServices: [class com.almasb.fxgl.app.GameApplication$GameApplicationService, class com.almasb.fxgl.app.services.WindowService, class com.almasb.fxgl.app.services.FXGLDialogService, class com.almasb.fxgl.app.services.IOTaskExecutorService, class com.almasb.fxgl.event.EventBusService, class com.almasb.fxgl.io.FileSystemService, class com.almasb.fxgl.localization.LocalizationService, class com.almasb.fxgl.app.services.AssetLoaderService, class com.almasb.fxgl.app.services.SystemBundleService, class com.almasb.fxgl.profile.SaveLoadService, class com.almasb.fxgl.ui.FXGLUIFactoryServiceProvider, class com.almasb.fxgl.ui.FXGLDialogFactoryServiceProvider, class com.almasb.fxgl.audio.AudioPlayer, class com.almasb.fxgl.notification.impl.NotificationServiceProvider, class com.almasb.fxgl.achievement.AchievementService, class com.almasb.fxgl.cutscene.CutsceneService, class com.almasb.fxgl.minigames.MiniGameService, class com.almasb.fxgl.net.NetService, class com.almasb.fxgl.app.services.UpdaterService, class com.almasb.fxgl.dev.DevService]
14:05:07.833 [FXGL Background Thread 2 ] DEBUG Engine               - fontGame: Abel-Regular.ttf
14:05:07.833 [FXGL Background Thread 2 ] DEBUG Engine               - fontMono: lucida_console.ttf
14:05:07.833 [FXGL Background Thread 2 ] DEBUG Engine               - fontText: Courier-Prime.ttf
14:05:07.833 [FXGL Background Thread 2 ] DEBUG Engine               - fontUI: game_font_7.ttf
14:05:07.833 [FXGL Background Thread 2 ] DEBUG Engine               - fullScreen: BooleanProperty [value: false]
14:05:07.834 [FXGL Background Thread 2 ] DEBUG Engine               - gameDifficulty: MEDIUM
14:05:07.834 [FXGL Background Thread 2 ] DEBUG Engine               - gameDifficultyProperty: ObjectProperty [value: MEDIUM]
14:05:07.834 [FXGL Background Thread 2 ] DEBUG Engine               - globalMusicVolume: 0.5
14:05:07.834 [FXGL Background Thread 2 ] DEBUG Engine               - globalMusicVolumeProperty: DoubleProperty [value: 0.2]
14:05:07.834 [FXGL Background Thread 2 ] DEBUG Engine               - globalSoundVolume: 0.5
14:05:07.834 [FXGL Background Thread 2 ] DEBUG Engine               - globalSoundVolumeProperty: DoubleProperty [value: 0.2]
14:05:07.834 [FXGL Background Thread 2 ] DEBUG Engine               - height: 720
14:05:07.834 [FXGL Background Thread 2 ] DEBUG Engine               - isAndroid: false
14:05:07.834 [FXGL Background Thread 2 ] DEBUG Engine               - isBrowser: false
14:05:07.834 [FXGL Background Thread 2 ] DEBUG Engine               - isClickFeedbackEnabled: false
14:05:07.834 [FXGL Background Thread 2 ] DEBUG Engine               - isCloseConfirmation: false
14:05:07.834 [FXGL Background Thread 2 ] DEBUG Engine               - isDesktop: true
14:05:07.834 [FXGL Background Thread 2 ] DEBUG Engine               - isDeveloperMenuEnabled: false
14:05:07.834 [FXGL Background Thread 2 ] DEBUG Engine               - isExperimentalNative: false
14:05:07.834 [FXGL Background Thread 2 ] DEBUG Engine               - isExperimentalTiledLargeMap: false
14:05:07.834 [FXGL Background Thread 2 ] DEBUG Engine               - isFullScreenAllowed: false
14:05:07.834 [FXGL Background Thread 2 ] DEBUG Engine               - isFullScreenFromStart: false
14:05:07.834 [FXGL Background Thread 2 ] DEBUG Engine               - isGameMenuEnabled: true
14:05:07.834 [FXGL Background Thread 2 ] DEBUG Engine               - isIOS: false
14:05:07.834 [FXGL Background Thread 2 ] DEBUG Engine               - isIntroEnabled: true
14:05:07.835 [FXGL Background Thread 2 ] DEBUG Engine               - isLinux: false
14:05:07.835 [FXGL Background Thread 2 ] DEBUG Engine               - isMac: false
14:05:07.835 [FXGL Background Thread 2 ] DEBUG Engine               - isMainMenuEnabled: true
14:05:07.835 [FXGL Background Thread 2 ] DEBUG Engine               - isManualResizeEnabled: true
14:05:07.835 [FXGL Background Thread 2 ] DEBUG Engine               - isMobile: false
14:05:07.835 [FXGL Background Thread 2 ] DEBUG Engine               - isPreserveResizeRatio: false
14:05:07.835 [FXGL Background Thread 2 ] DEBUG Engine               - isProfilingEnabled: false
14:05:07.835 [FXGL Background Thread 2 ] DEBUG Engine               - isSingleStep: false
14:05:07.835 [FXGL Background Thread 2 ] DEBUG Engine               - isUserProfileEnabled: false
14:05:07.835 [FXGL Background Thread 2 ] DEBUG Engine               - isWindows: true
14:05:07.835 [FXGL Background Thread 2 ] DEBUG Engine               - language: ObjectProperty [value: ENGLISH]
14:05:07.835 [FXGL Background Thread 2 ] DEBUG Engine               - mainWindow: com.almasb.fxgl.app.MainWindow@42f99f5f
14:05:07.835 [FXGL Background Thread 2 ] DEBUG Engine               - menuKey: ESCAPE
14:05:07.835 [FXGL Background Thread 2 ] DEBUG Engine               - notificationViewClass: class com.almasb.fxgl.notification.view.XboxNotificationView
14:05:07.835 [FXGL Background Thread 2 ] DEBUG Engine               - pixelsPerMeter: 50.0
14:05:07.835 [FXGL Background Thread 2 ] DEBUG Engine               - platform: WINDOWS
14:05:07.835 [FXGL Background Thread 2 ] DEBUG Engine               - profileDir: profiles/
14:05:07.835 [FXGL Background Thread 2 ] DEBUG Engine               - profileName: StringProperty [value: DEFAULT]
14:05:07.835 [FXGL Background Thread 2 ] DEBUG Engine               - randomSeed: -1
14:05:07.835 [FXGL Background Thread 2 ] DEBUG Engine               - runtimeInfo: RuntimeInfo(platform=WINDOWS, version=11.9, build=27.05.2020 17.06)
14:05:07.836 [FXGL Background Thread 2 ] DEBUG Engine               - saveFileExt: sav
14:05:07.836 [FXGL Background Thread 2 ] DEBUG Engine               - sceneFactory: com.almasb.fxgl.app.scene.SceneFactory@6284a10c
14:05:07.836 [FXGL Background Thread 2 ] DEBUG Engine               - secondsIn24h: 60
14:05:07.836 [FXGL Background Thread 2 ] DEBUG Engine               - settings: Title: FXGL Geometry Wars
Version: 1.1.0
Width: 1280
Height: 720
Fullscreen: false
Intro: true
Profiling: false
Single step:false
App Mode: RELEASE
Menu Key: ESCAPE
Stage Style: DECORATED
Scene Factory: class com.almasb.fxgl.app.scene.SceneFactory

14:05:07.836 [FXGL Background Thread 2 ] DEBUG Engine               - soundMenuBack: menu/back.wav
14:05:07.836 [FXGL Background Thread 2 ] DEBUG Engine               - soundMenuPress: menu/press.wav
14:05:07.836 [FXGL Background Thread 2 ] DEBUG Engine               - soundMenuSelect: menu/select.wav
14:05:07.836 [FXGL Background Thread 2 ] DEBUG Engine               - soundNotification: core/notification.wav
14:05:07.836 [FXGL Background Thread 2 ] DEBUG Engine               - stageStyle: DECORATED
14:05:07.836 [FXGL Background Thread 2 ] DEBUG Engine               - supportedLanguages: [ENGLISH, FRENCH, GERMAN, HUNGARIAN, RUSSIAN]
14:05:07.836 [FXGL Background Thread 2 ] DEBUG Engine               - title: FXGL Geometry Wars
14:05:07.836 [FXGL Background Thread 2 ] DEBUG Engine               - urlGithub: https://github.com/AlmasB/FXGL
14:05:07.836 [FXGL Background Thread 2 ] DEBUG Engine               - urlLeaderboard: http://fxgl-top.herokuapp.com/
14:05:07.836 [FXGL Background Thread 2 ] DEBUG Engine               - urlPOM: https://raw.githubusercontent.com/AlmasB/FXGL/master/pom.xml
14:05:07.836 [FXGL Background Thread 2 ] DEBUG Engine               - version: 1.1.0
14:05:07.836 [FXGL Background Thread 2 ] DEBUG Engine               - versionCheckDays: 7
14:05:07.836 [FXGL Background Thread 2 ] DEBUG Engine               - width: 1280
14:05:07.836 [FXGL Background Thread 2 ] DEBUG Engine               - Logging services
14:05:07.836 [FXGL Background Thread 2 ] DEBUG Engine               - class com.almasb.fxgl.app.GameApplication$GameApplicationService
14:05:07.836 [FXGL Background Thread 2 ] DEBUG Engine               - class com.almasb.fxgl.app.services.WindowService
14:05:07.836 [FXGL Background Thread 2 ] DEBUG Engine               - class com.almasb.fxgl.app.services.FXGLDialogService
14:05:07.836 [FXGL Background Thread 2 ] DEBUG Engine               - class com.almasb.fxgl.app.services.IOTaskExecutorService
14:05:07.837 [FXGL Background Thread 2 ] DEBUG Engine               - class com.almasb.fxgl.event.EventBusService
14:05:07.837 [FXGL Background Thread 2 ] DEBUG Engine               - class com.almasb.fxgl.io.FileSystemService
14:05:07.837 [FXGL Background Thread 2 ] DEBUG Engine               - class com.almasb.fxgl.localization.LocalizationService
14:05:07.837 [FXGL Background Thread 2 ] DEBUG Engine               - class com.almasb.fxgl.app.services.AssetLoaderService
14:05:07.837 [FXGL Background Thread 2 ] DEBUG Engine               - class com.almasb.fxgl.app.services.SystemBundleService
14:05:07.837 [FXGL Background Thread 2 ] DEBUG Engine               - class com.almasb.fxgl.profile.SaveLoadService
14:05:07.837 [FXGL Background Thread 2 ] DEBUG Engine               - class com.almasb.fxgl.ui.FXGLUIFactoryServiceProvider
14:05:07.837 [FXGL Background Thread 2 ] DEBUG Engine               - class com.almasb.fxgl.ui.FXGLDialogFactoryServiceProvider
14:05:07.837 [FXGL Background Thread 2 ] DEBUG Engine               - class com.almasb.fxgl.audio.AudioPlayer
14:05:07.837 [FXGL Background Thread 2 ] DEBUG Engine               - class com.almasb.fxgl.notification.impl.NotificationServiceProvider
14:05:07.837 [FXGL Background Thread 2 ] DEBUG Engine               - class com.almasb.fxgl.achievement.AchievementService
14:05:07.837 [FXGL Background Thread 2 ] DEBUG Engine               - class com.almasb.fxgl.cutscene.CutsceneService
14:05:07.837 [FXGL Background Thread 2 ] DEBUG Engine               - class com.almasb.fxgl.minigames.MiniGameService
14:05:07.837 [FXGL Background Thread 2 ] DEBUG Engine               - class com.almasb.fxgl.net.NetService
14:05:07.837 [FXGL Background Thread 2 ] DEBUG Engine               - class com.almasb.fxgl.app.services.UpdaterService
14:05:07.837 [FXGL Background Thread 2 ] DEBUG Engine               - class com.almasb.fxgl.dev.DevService
14:05:10.639 [JavaFX Application Thread] DEBUG GameApplication      - Exiting FXGL
14:05:10.640 [JavaFX Application Thread] DEBUG LoopRunner           - Stopping loop
14:05:10.640 [JavaFX Application Thread] DEBUG SystemBundleService  - Saving FXGL system data
14:05:10.641 [JavaFX Application Thread] DEBUG FileSystemAccess     - Writing to: D:\CodeGym\casestudy02\system\fxgl.bundle
14:05:10.643 [JavaFX Application Thread] DEBUG GameApplication      - Shutting down background threads
14:05:10.643 [JavaFX Application Thread] DEBUG GameApplication      - Closing logger and exiting JavaFX
