16:10:10.167 [main                     ] DEBUG GameApplication      - Logger initialized
16:10:10.182 [main                     ] DEBUG GameApplication      - Logging settings
Title: FXGL Geometry Wars
Version: 1.1.0
Width: 1280
Height: 720
Fullscreen: false
Intro: false
Profiling: false
Single step:false
App Mode: DEVELOPER
Menu Key: ESCAPE
Stage Style: DECORATED
Scene Factory: class com.almasb.fxgl.app.scene.SceneFactory

16:10:10.725 [JavaFX Application Thread] DEBUG GameApplication      - Initializing FXGL
16:10:10.750 [JavaFX Application Thread] INFO  Engine               - FXGL-11.9 (27.05.2020 17.06) on WINDOWS (J:11.0.7 FX:13.0.2)
16:10:10.750 [JavaFX Application Thread] DEBUG Engine               - JRE Vendor Name: Oracle Corporation
16:10:10.750 [JavaFX Application Thread] DEBUG Engine               - Running on OS: Windows 10 version 10.0
16:10:10.750 [JavaFX Application Thread] DEBUG Engine               - Architecture: amd64
16:10:10.750 [JavaFX Application Thread] INFO  Engine               - Source code and latest versions at: https://github.com/AlmasB/FXGL
16:10:10.750 [JavaFX Application Thread] INFO  Engine               -              Join the FXGL chat at: https://gitter.im/AlmasB/FXGL
16:10:10.890 [JavaFX Application Thread] DEBUG MainWindow           - Creating a JavaFX scene
16:10:10.961 [JavaFX Application Thread] DEBUG MainWindow           - Target settings size: 1280.0 x 720.0
16:10:10.961 [JavaFX Application Thread] DEBUG MainWindow           - Scaled scene size:    1280.0 x 720.0
16:10:10.962 [JavaFX Application Thread] DEBUG MainWindow           - Scaled ratio: (1.0, 1.0)
16:10:10.963 [JavaFX Application Thread] DEBUG MainWindow           - Set initial scene to FXGLStartupScene
16:10:10.970 [JavaFX Application Thread] DEBUG MainWindow           - Opening main window
16:10:11.063 [JavaFX Application Thread] DEBUG MainWindow           - Window border size: (16.0, 39.0)
16:10:11.063 [JavaFX Application Thread] DEBUG MainWindow           - Scaled size: 1280.0 x 720.0
16:10:11.063 [JavaFX Application Thread] DEBUG MainWindow           - Scaled ratio: (1.0, 1.0)
16:10:11.063 [JavaFX Application Thread] DEBUG MainWindow           - Scene size: 1280.0 x 720.0
16:10:11.063 [JavaFX Application Thread] DEBUG MainWindow           - Stage size: 1296.0 x 759.0
16:10:11.072 [FXGL Background Thread 1 ] DEBUG Engine               - Initializing environment variables
16:10:11.106 [FXGL Background Thread 1 ] DEBUG WindowService        - Applying CSS: fxgl_dark.css
16:10:11.107 [FXGL Background Thread 1 ] DEBUG AssetLoaderService   - Loading from file system: /assets/ui/css/fxgl_dark.css
16:10:11.158 [FXGL Background Thread 1 ] DEBUG WindowService        - Initializing application scenes
16:10:11.196 [FXGL Background Thread 1 ] DEBUG GameWorld            - Game world initialized
16:10:11.237 [FXGL Background Thread 1 ] DEBUG PhysicsWorld         - Physics world initialized: appHeight=720, physics.ppm=50.0
16:10:11.239 [FXGL Background Thread 1 ] DEBUG GameScene            - Game scene initialized: 1280x720
16:10:11.267 [FXGL Background Thread 1 ] DEBUG AssetLoaderService   - Loading from file system: /assets/textures/particles/trace_horizontal.png
16:10:11.319 [FXGL Background Thread 1 ] DEBUG FXGL.DefaultMenu     - createMenuBodyGameMenu()
16:10:11.335 [FXGL Background Thread 1 ] DEBUG FXGL.DefaultMenu     - createOptionsMenu()
16:10:11.338 [FXGL Background Thread 1 ] DEBUG AssetLoaderService   - Loading from file system: /assets/textures/particles/smoke.png
16:10:11.381 [FXGL Background Thread 1 ] DEBUG WindowService        - Application scenes initialized
16:10:11.390 [FXGL Background Thread 1 ] DEBUG SystemBundleService  - Loading FXGL system data
16:10:11.395 [FXGL Background Thread 1 ] DEBUG FileSystemAccess     - Reading from: D:\CodeGym\casestudy02\system\fxgl.bundle
16:10:11.401 [FXGL Background Thread 1 ] DEBUG SystemBundleService  - Bundle FXGL: {}
16:10:11.401 [FXGL Background Thread 1 ] INFO  Engine               - FXGL initialization took: 0.328 sec
16:10:11.403 [FXGL Background Thread 1 ] DEBUG GameApplication      - Loading localizations
16:10:11.403 [FXGL Background Thread 1 ] DEBUG AssetLoaderService   - Loading from file system: /assets/languages/english.lang
16:10:11.419 [FXGL Background Thread 1 ] DEBUG AssetLoaderService   - Loading from file system: /assets/languages/french.lang
16:10:11.421 [FXGL Background Thread 1 ] DEBUG AssetLoaderService   - Loading from file system: /assets/languages/german.lang
16:10:11.423 [FXGL Background Thread 1 ] DEBUG AssetLoaderService   - Loading from file system: /assets/languages/hungarian.lang
16:10:11.426 [FXGL Background Thread 1 ] DEBUG AssetLoaderService   - Loading from file system: /assets/languages/russian.lang
16:10:11.428 [FXGL Background Thread 1 ] DEBUG GameApplication      - Registering font factories with UI factory
16:10:11.428 [FXGL Background Thread 1 ] DEBUG AssetLoaderService   - Loading from file system: /assets/ui/fonts/game_font_7.ttf
16:10:11.826 [FXGL Background Thread 1 ] DEBUG AssetLoaderService   - Loading from file system: /assets/ui/fonts/Abel-Regular.ttf
16:10:11.831 [FXGL Background Thread 1 ] DEBUG AssetLoaderService   - Loading from file system: /assets/ui/fonts/lucida_console.ttf
16:10:11.843 [FXGL Background Thread 1 ] DEBUG AssetLoaderService   - Loading from file system: /assets/ui/fonts/Courier-Prime.ttf
16:10:11.858 [JavaFX Application Thread] DEBUG Input                - Registered new binding: action0 - W
16:10:11.859 [JavaFX Application Thread] DEBUG Input                - Registered new binding: action1 - A
16:10:11.859 [JavaFX Application Thread] DEBUG Input                - Registered new binding: action2 - S
16:10:11.859 [JavaFX Application Thread] DEBUG Input                - Registered new binding: action3 - D
16:10:11.861 [JavaFX Application Thread] DEBUG Input                - Registered new binding: action4 - LMB
16:10:11.861 [JavaFX Application Thread] DEBUG AssetLoaderService   - Loading from file system: /assets/textures/explosion.png
16:10:12.096 [JavaFX Application Thread] DEBUG AssetLoaderService   - Loading from file system: /assets/music/bgm.mp3
16:10:12.301 [JavaFX Application Thread] DEBUG AudioPlayer          - Playing music com.almasb.fxgl.audio.Music@620e44f2
16:10:12.301 [JavaFX Application Thread] DEBUG AssetLoaderService   - Loading from file system: /assets/textures/fxgl_icon.png
16:10:12.310 [JavaFX Application Thread] DEBUG AssetLoaderService   - Loading from file system: /assets/ui/cursors/fxgl_default.png
16:10:12.313 [JavaFX Application Thread] DEBUG Input                - Registered new binding: Screenshot - P
16:10:12.313 [JavaFX Application Thread] DEBUG Input                - Registered new binding: System info dump - CTRL+9
16:10:12.313 [JavaFX Application Thread] DEBUG Input                - Registered new binding: Restart - CTRL+R
16:10:12.314 [JavaFX Application Thread] DEBUG LoopRunner           - Starting loop
16:10:12.330 [JavaFX Application Thread] DEBUG FXGLStartupScene     - STARTUP
16:10:12.330 [JavaFX Application Thread] DEBUG WindowService        - Starting new game
16:10:12.330 [JavaFX Application Thread] DEBUG Input                - Clearing active input actions
16:10:12.340 [JavaFX Application Thread] DEBUG WindowService        - Removing overlay from FXGLStartupScene and adding to FXGLLoadingScene
16:10:12.340 [JavaFX Application Thread] DEBUG MainWindow           - FXGLStartupScene -> FXGLLoadingScene
16:10:12.340 [JavaFX Application Thread] DEBUG WindowService        - Clearing previous game
16:10:12.340 [JavaFX Application Thread] DEBUG GameScene            - Clearing game scene
16:10:12.340 [JavaFX Application Thread] DEBUG GameWorld            - Clearing game world
16:10:12.340 [JavaFX Application Thread] DEBUG PhysicsWorld         - Clearing physics world
16:10:12.341 [FXGL Background Thread 1 ] DEBUG GameApplication      - Initializing game
16:10:12.357 [FXGL Background Thread 1 ] DEBUG AssetLoaderService   - Loading from file system: /assets/textures/Player.png
16:10:12.410 [FXGL Background Thread 1 ] INFO  GameApplication      - Game initialization took: 0.069 sec
16:10:12.453 [JavaFX Application Thread] DEBUG Input                - Clearing active input actions
16:10:12.461 [JavaFX Application Thread] DEBUG WindowService        - Removing overlay from FXGLLoadingScene and adding to GameScene
16:10:12.461 [JavaFX Application Thread] DEBUG MainWindow           - FXGLLoadingScene -> GameScene
16:10:13.989 [JavaFX Application Thread] DEBUG AssetLoaderService   - Loading from file system: /assets/textures/Wanderer.png
16:10:14.010 [JavaFX Application Thread] DEBUG AssetLoaderService   - Loading from file system: /assets/textures/wanderer_overlay.png
16:10:14.405 [FXGL Background Thread 2 ] DEBUG Engine               - Logging environment variables
16:10:14.405 [FXGL Background Thread 2 ] DEBUG Engine               - achievements: []
16:10:14.405 [FXGL Background Thread 2 ] DEBUG Engine               - appIcon: fxgl_icon.png
16:10:14.405 [FXGL Background Thread 2 ] DEBUG Engine               - applicationMode: DEVELOPER
16:10:14.405 [FXGL Background Thread 2 ] DEBUG Engine               - cSSList: [fxgl_dark.css]
16:10:14.405 [FXGL Background Thread 2 ] DEBUG Engine               - configClass: Optional[class geowars.GeoWarsConfig]
16:10:14.405 [FXGL Background Thread 2 ] DEBUG Engine               - credits: []
16:10:14.405 [FXGL Background Thread 2 ] DEBUG Engine               - devBBoxColorProperty: ObjectProperty [value: 0xff0000ff]
16:10:14.405 [FXGL Background Thread 2 ] DEBUG Engine               - devSensorColorProperty: ObjectProperty [value: 0xffff00ff]
16:10:14.405 [FXGL Background Thread 2 ] DEBUG Engine               - devShowBBoxProperty: BooleanProperty [value: false]
16:10:14.405 [FXGL Background Thread 2 ] DEBUG Engine               - devShowPositionProperty: BooleanProperty [value: false]
16:10:14.405 [FXGL Background Thread 2 ] DEBUG Engine               - enabledMenuItems: []
16:10:14.405 [FXGL Background Thread 2 ] DEBUG Engine               - engineServices: [class com.almasb.fxgl.app.GameApplication$GameApplicationService, class com.almasb.fxgl.app.services.WindowService, class com.almasb.fxgl.app.services.FXGLDialogService, class com.almasb.fxgl.app.services.IOTaskExecutorService, class com.almasb.fxgl.event.EventBusService, class com.almasb.fxgl.io.FileSystemService, class com.almasb.fxgl.localization.LocalizationService, class com.almasb.fxgl.app.services.AssetLoaderService, class com.almasb.fxgl.app.services.SystemBundleService, class com.almasb.fxgl.profile.SaveLoadService, class com.almasb.fxgl.ui.FXGLUIFactoryServiceProvider, class com.almasb.fxgl.ui.FXGLDialogFactoryServiceProvider, class com.almasb.fxgl.audio.AudioPlayer, class com.almasb.fxgl.notification.impl.NotificationServiceProvider, class com.almasb.fxgl.achievement.AchievementService, class com.almasb.fxgl.cutscene.CutsceneService, class com.almasb.fxgl.minigames.MiniGameService, class com.almasb.fxgl.net.NetService, class com.almasb.fxgl.app.services.UpdaterService, class com.almasb.fxgl.dev.DevService]
16:10:14.405 [FXGL Background Thread 2 ] DEBUG Engine               - fontGame: Abel-Regular.ttf
16:10:14.405 [FXGL Background Thread 2 ] DEBUG Engine               - fontMono: lucida_console.ttf
16:10:14.405 [FXGL Background Thread 2 ] DEBUG Engine               - fontText: Courier-Prime.ttf
16:10:14.405 [FXGL Background Thread 2 ] DEBUG Engine               - fontUI: game_font_7.ttf
16:10:14.405 [FXGL Background Thread 2 ] DEBUG Engine               - fullScreen: BooleanProperty [value: false]
16:10:14.406 [FXGL Background Thread 2 ] DEBUG Engine               - gameDifficulty: MEDIUM
16:10:14.406 [FXGL Background Thread 2 ] DEBUG Engine               - gameDifficultyProperty: ObjectProperty [value: MEDIUM]
16:10:14.406 [FXGL Background Thread 2 ] DEBUG Engine               - globalMusicVolume: 0.5
16:10:14.406 [FXGL Background Thread 2 ] DEBUG Engine               - globalMusicVolumeProperty: DoubleProperty [value: 0.2]
16:10:14.406 [FXGL Background Thread 2 ] DEBUG Engine               - globalSoundVolume: 0.5
16:10:14.406 [FXGL Background Thread 2 ] DEBUG Engine               - globalSoundVolumeProperty: DoubleProperty [value: 0.2]
16:10:14.406 [FXGL Background Thread 2 ] DEBUG Engine               - height: 720
16:10:14.406 [FXGL Background Thread 2 ] DEBUG Engine               - isAndroid: false
16:10:14.406 [FXGL Background Thread 2 ] DEBUG Engine               - isBrowser: false
16:10:14.406 [FXGL Background Thread 2 ] DEBUG Engine               - isClickFeedbackEnabled: false
16:10:14.406 [FXGL Background Thread 2 ] DEBUG Engine               - isCloseConfirmation: false
16:10:14.406 [FXGL Background Thread 2 ] DEBUG Engine               - isDesktop: true
16:10:14.406 [FXGL Background Thread 2 ] DEBUG Engine               - isDeveloperMenuEnabled: false
16:10:14.406 [FXGL Background Thread 2 ] DEBUG Engine               - isExperimentalNative: false
16:10:14.406 [FXGL Background Thread 2 ] DEBUG Engine               - isExperimentalTiledLargeMap: false
16:10:14.406 [FXGL Background Thread 2 ] DEBUG Engine               - isFullScreenAllowed: false
16:10:14.406 [FXGL Background Thread 2 ] DEBUG Engine               - isFullScreenFromStart: false
16:10:14.407 [FXGL Background Thread 2 ] DEBUG Engine               - isGameMenuEnabled: true
16:10:14.407 [FXGL Background Thread 2 ] DEBUG Engine               - isIOS: false
16:10:14.407 [FXGL Background Thread 2 ] DEBUG Engine               - isIntroEnabled: false
16:10:14.407 [FXGL Background Thread 2 ] DEBUG Engine               - isLinux: false
16:10:14.407 [FXGL Background Thread 2 ] DEBUG Engine               - isMac: false
16:10:14.407 [FXGL Background Thread 2 ] DEBUG Engine               - isMainMenuEnabled: false
16:10:14.407 [FXGL Background Thread 2 ] DEBUG Engine               - isManualResizeEnabled: true
16:10:14.407 [FXGL Background Thread 2 ] DEBUG Engine               - isMobile: false
16:10:14.407 [FXGL Background Thread 2 ] DEBUG Engine               - isPreserveResizeRatio: false
16:10:14.407 [FXGL Background Thread 2 ] DEBUG Engine               - isProfilingEnabled: false
16:10:14.407 [FXGL Background Thread 2 ] DEBUG Engine               - isSingleStep: false
16:10:14.407 [FXGL Background Thread 2 ] DEBUG Engine               - isUserProfileEnabled: false
16:10:14.407 [FXGL Background Thread 2 ] DEBUG Engine               - isWindows: true
16:10:14.407 [FXGL Background Thread 2 ] DEBUG Engine               - language: ObjectProperty [value: ENGLISH]
16:10:14.407 [FXGL Background Thread 2 ] DEBUG Engine               - mainWindow: com.almasb.fxgl.app.MainWindow@68c10fb7
16:10:14.407 [FXGL Background Thread 2 ] DEBUG Engine               - menuKey: ESCAPE
16:10:14.407 [FXGL Background Thread 2 ] DEBUG Engine               - notificationViewClass: class com.almasb.fxgl.notification.view.XboxNotificationView
16:10:14.407 [FXGL Background Thread 2 ] DEBUG Engine               - pixelsPerMeter: 50.0
16:10:14.407 [FXGL Background Thread 2 ] DEBUG Engine               - platform: WINDOWS
16:10:14.407 [FXGL Background Thread 2 ] DEBUG Engine               - profileDir: profiles/
16:10:14.407 [FXGL Background Thread 2 ] DEBUG Engine               - profileName: StringProperty [value: DEFAULT]
16:10:14.407 [FXGL Background Thread 2 ] DEBUG Engine               - randomSeed: -1
16:10:14.408 [FXGL Background Thread 2 ] DEBUG Engine               - runtimeInfo: RuntimeInfo(platform=WINDOWS, version=11.9, build=27.05.2020 17.06)
16:10:14.408 [FXGL Background Thread 2 ] DEBUG Engine               - saveFileExt: sav
16:10:14.408 [FXGL Background Thread 2 ] DEBUG Engine               - sceneFactory: com.almasb.fxgl.app.scene.SceneFactory@777ddf33
16:10:14.408 [FXGL Background Thread 2 ] DEBUG Engine               - secondsIn24h: 60
16:10:14.408 [FXGL Background Thread 2 ] DEBUG Engine               - settings: Title: FXGL Geometry Wars
Version: 1.1.0
Width: 1280
Height: 720
Fullscreen: false
Intro: false
Profiling: false
Single step:false
App Mode: DEVELOPER
Menu Key: ESCAPE
Stage Style: DECORATED
Scene Factory: class com.almasb.fxgl.app.scene.SceneFactory

16:10:14.408 [FXGL Background Thread 2 ] DEBUG Engine               - soundMenuBack: menu/back.wav
16:10:14.408 [FXGL Background Thread 2 ] DEBUG Engine               - soundMenuPress: menu/press.wav
16:10:14.408 [FXGL Background Thread 2 ] DEBUG Engine               - soundMenuSelect: menu/select.wav
16:10:14.408 [FXGL Background Thread 2 ] DEBUG Engine               - soundNotification: core/notification.wav
16:10:14.408 [FXGL Background Thread 2 ] DEBUG Engine               - stageStyle: DECORATED
16:10:14.408 [FXGL Background Thread 2 ] DEBUG Engine               - supportedLanguages: [ENGLISH, FRENCH, GERMAN, HUNGARIAN, RUSSIAN]
16:10:14.408 [FXGL Background Thread 2 ] DEBUG Engine               - title: FXGL Geometry Wars
16:10:14.408 [FXGL Background Thread 2 ] DEBUG Engine               - urlGithub: https://github.com/AlmasB/FXGL
16:10:14.408 [FXGL Background Thread 2 ] DEBUG Engine               - urlLeaderboard: http://fxgl-top.herokuapp.com/
16:10:14.408 [FXGL Background Thread 2 ] DEBUG Engine               - urlPOM: https://raw.githubusercontent.com/AlmasB/FXGL/master/pom.xml
16:10:14.408 [FXGL Background Thread 2 ] DEBUG Engine               - version: 1.1.0
16:10:14.408 [FXGL Background Thread 2 ] DEBUG Engine               - versionCheckDays: 7
16:10:14.408 [FXGL Background Thread 2 ] DEBUG Engine               - width: 1280
16:10:14.408 [FXGL Background Thread 2 ] DEBUG Engine               - Logging services
16:10:14.408 [FXGL Background Thread 2 ] DEBUG Engine               - class com.almasb.fxgl.app.GameApplication$GameApplicationService
16:10:14.408 [FXGL Background Thread 2 ] DEBUG Engine               - class com.almasb.fxgl.app.services.WindowService
16:10:14.408 [FXGL Background Thread 2 ] DEBUG Engine               - class com.almasb.fxgl.app.services.FXGLDialogService
16:10:14.408 [FXGL Background Thread 2 ] DEBUG Engine               - class com.almasb.fxgl.app.services.IOTaskExecutorService
16:10:14.408 [FXGL Background Thread 2 ] DEBUG Engine               - class com.almasb.fxgl.event.EventBusService
16:10:14.409 [FXGL Background Thread 2 ] DEBUG Engine               - class com.almasb.fxgl.io.FileSystemService
16:10:14.409 [FXGL Background Thread 2 ] DEBUG Engine               - class com.almasb.fxgl.localization.LocalizationService
16:10:14.409 [FXGL Background Thread 2 ] DEBUG Engine               - class com.almasb.fxgl.app.services.AssetLoaderService
16:10:14.409 [FXGL Background Thread 2 ] DEBUG Engine               - class com.almasb.fxgl.app.services.SystemBundleService
16:10:14.409 [FXGL Background Thread 2 ] DEBUG Engine               - class com.almasb.fxgl.profile.SaveLoadService
16:10:14.409 [FXGL Background Thread 2 ] DEBUG Engine               - class com.almasb.fxgl.ui.FXGLUIFactoryServiceProvider
16:10:14.409 [FXGL Background Thread 2 ] DEBUG Engine               - class com.almasb.fxgl.ui.FXGLDialogFactoryServiceProvider
16:10:14.409 [FXGL Background Thread 2 ] DEBUG Engine               - class com.almasb.fxgl.audio.AudioPlayer
16:10:14.409 [FXGL Background Thread 2 ] DEBUG Engine               - class com.almasb.fxgl.notification.impl.NotificationServiceProvider
16:10:14.409 [FXGL Background Thread 2 ] DEBUG Engine               - class com.almasb.fxgl.achievement.AchievementService
16:10:14.409 [FXGL Background Thread 2 ] DEBUG Engine               - class com.almasb.fxgl.cutscene.CutsceneService
16:10:14.409 [FXGL Background Thread 2 ] DEBUG Engine               - class com.almasb.fxgl.minigames.MiniGameService
16:10:14.409 [FXGL Background Thread 2 ] DEBUG Engine               - class com.almasb.fxgl.net.NetService
16:10:14.409 [FXGL Background Thread 2 ] DEBUG Engine               - class com.almasb.fxgl.app.services.UpdaterService
16:10:14.409 [FXGL Background Thread 2 ] DEBUG Engine               - class com.almasb.fxgl.dev.DevService
16:10:14.861 [JavaFX Application Thread] DEBUG AssetLoaderService   - Loading from file system: /assets/sounds/shoot1.wav
16:10:14.889 [JavaFX Application Thread] DEBUG AssetLoaderService   - Loading from file system: /assets/textures/Bullet.png
16:10:14.982 [JavaFX Application Thread] DEBUG AssetLoaderService   - Loading from file system: /assets/sounds/shoot3.wav
16:10:15.004 [JavaFX Application Thread] DEBUG AssetLoaderService   - Loading from cache: /assets/textures/Bullet.png
16:10:15.109 [JavaFX Application Thread] DEBUG AssetLoaderService   - Loading from file system: /assets/sounds/shoot7.wav
16:10:15.134 [JavaFX Application Thread] DEBUG AssetLoaderService   - Loading from cache: /assets/textures/Bullet.png
16:10:15.222 [JavaFX Application Thread] DEBUG AssetLoaderService   - Loading from file system: /assets/sounds/shoot4.wav
16:10:15.224 [JavaFX Application Thread] DEBUG AssetLoaderService   - Loading from cache: /assets/textures/Bullet.png
16:10:15.254 [JavaFX Application Thread] DEBUG AssetLoaderService   - Loading from cache: /assets/textures/explosion.png@3840.0x80.0
16:10:15.262 [JavaFX Application Thread] DEBUG AssetLoaderService   - Loading from file system: /assets/textures/particles/circle_05.png
16:10:15.275 [JavaFX Application Thread] DEBUG AssetLoaderService   - Loading from file system: /assets/sounds/explosion-01.wav
16:10:15.310 [JavaFX Application Thread] DEBUG AssetLoaderService   - Loading from file system: /assets/textures/YellowCrystal.png
16:10:15.477 [JavaFX Application Thread] DEBUG AssetLoaderService   - Loading from file system: /assets/sounds/shoot2.wav
16:10:15.486 [JavaFX Application Thread] DEBUG AssetLoaderService   - Loading from cache: /assets/textures/Bullet.png
16:10:15.574 [JavaFX Application Thread] DEBUG AssetLoaderService   - Loading from file system: /assets/sounds/shoot5.wav
16:10:15.594 [JavaFX Application Thread] DEBUG AssetLoaderService   - Loading from cache: /assets/textures/Bullet.png
16:10:15.653 [JavaFX Application Thread] DEBUG AssetLoaderService   - Loading from cache: /assets/textures/Wanderer.png@80.0x80.0
16:10:15.657 [JavaFX Application Thread] DEBUG AssetLoaderService   - Loading from cache: /assets/textures/wanderer_overlay.png@80.0x80.0
16:10:15.661 [JavaFX Application Thread] DEBUG AssetLoaderService   - Loading from cache: /assets/textures/explosion.png@3840.0x80.0
16:10:15.662 [JavaFX Application Thread] DEBUG AssetLoaderService   - Loading from cache: /assets/textures/particles/circle_05.png@32.0x32.0
16:10:15.662 [JavaFX Application Thread] DEBUG AssetLoaderService   - Loading from file system: /assets/sounds/explosion-06.wav
16:10:15.691 [JavaFX Application Thread] DEBUG AssetLoaderService   - Loading from cache: /assets/textures/YellowCrystal.png
16:10:17.046 [JavaFX Application Thread] DEBUG AssetLoaderService   - Loading from cache: /assets/textures/Wanderer.png@80.0x80.0
16:10:17.048 [JavaFX Application Thread] DEBUG AssetLoaderService   - Loading from cache: /assets/textures/wanderer_overlay.png@80.0x80.0
16:10:18.518 [JavaFX Application Thread] DEBUG AssetLoaderService   - Loading from cache: /assets/textures/Wanderer.png@80.0x80.0
16:10:18.519 [JavaFX Application Thread] DEBUG AssetLoaderService   - Loading from cache: /assets/textures/wanderer_overlay.png@80.0x80.0
16:10:19.095 [JavaFX Application Thread] DEBUG AssetLoaderService   - Loading from cache: /assets/sounds/shoot1.wav
16:10:19.095 [JavaFX Application Thread] DEBUG AssetLoaderService   - Loading from cache: /assets/textures/Bullet.png
16:10:19.205 [JavaFX Application Thread] DEBUG AssetLoaderService   - Loading from file system: /assets/sounds/shoot8.wav
16:10:19.210 [JavaFX Application Thread] DEBUG AssetLoaderService   - Loading from cache: /assets/textures/Bullet.png
16:10:19.318 [JavaFX Application Thread] DEBUG AssetLoaderService   - Loading from cache: /assets/sounds/shoot4.wav
16:10:19.318 [JavaFX Application Thread] DEBUG AssetLoaderService   - Loading from cache: /assets/textures/Bullet.png
16:10:19.430 [JavaFX Application Thread] DEBUG AssetLoaderService   - Loading from cache: /assets/sounds/shoot8.wav
16:10:19.430 [JavaFX Application Thread] DEBUG AssetLoaderService   - Loading from cache: /assets/textures/Bullet.png
16:10:19.558 [JavaFX Application Thread] DEBUG AssetLoaderService   - Loading from cache: /assets/sounds/shoot7.wav
16:10:19.558 [JavaFX Application Thread] DEBUG AssetLoaderService   - Loading from cache: /assets/textures/Bullet.png
16:10:19.670 [JavaFX Application Thread] DEBUG AssetLoaderService   - Loading from file system: /assets/sounds/shoot6.wav
16:10:19.698 [JavaFX Application Thread] DEBUG AssetLoaderService   - Loading from cache: /assets/textures/Bullet.png
16:10:19.782 [JavaFX Application Thread] DEBUG AssetLoaderService   - Loading from cache: /assets/sounds/shoot2.wav
16:10:19.782 [JavaFX Application Thread] DEBUG AssetLoaderService   - Loading from cache: /assets/textures/Bullet.png
16:10:19.862 [JavaFX Application Thread] DEBUG AssetLoaderService   - Loading from cache: /assets/textures/explosion.png@3840.0x80.0
16:10:19.863 [JavaFX Application Thread] DEBUG AssetLoaderService   - Loading from cache: /assets/textures/particles/circle_05.png@32.0x32.0
16:10:19.863 [JavaFX Application Thread] DEBUG AssetLoaderService   - Loading from file system: /assets/sounds/explosion-02.wav
16:10:19.905 [JavaFX Application Thread] DEBUG AssetLoaderService   - Loading from cache: /assets/textures/YellowCrystal.png
16:10:20.070 [JavaFX Application Thread] DEBUG AssetLoaderService   - Loading from file system: /assets/textures/RedWanderer.png
16:10:20.078 [JavaFX Application Thread] DEBUG AssetLoaderService   - Loading from cache: /assets/textures/wanderer_overlay.png@80.0x80.0
16:10:20.135 [JavaFX Application Thread] DEBUG AssetLoaderService   - Loading from cache: /assets/textures/explosion.png@3840.0x80.0
16:10:20.135 [JavaFX Application Thread] DEBUG AssetLoaderService   - Loading from cache: /assets/textures/particles/circle_05.png@32.0x32.0
16:10:20.136 [JavaFX Application Thread] DEBUG AssetLoaderService   - Loading from cache: /assets/sounds/explosion-02.wav
16:10:20.136 [JavaFX Application Thread] DEBUG AssetLoaderService   - Loading from cache: /assets/textures/YellowCrystal.png
16:10:21.574 [JavaFX Application Thread] DEBUG AssetLoaderService   - Loading from cache: /assets/textures/RedWanderer.png@80.0x80.0
16:10:21.575 [JavaFX Application Thread] DEBUG AssetLoaderService   - Loading from cache: /assets/textures/wanderer_overlay.png@80.0x80.0
16:10:22.053 [JavaFX Application Thread] DEBUG AssetLoaderService   - Loading from cache: /assets/sounds/shoot7.wav
16:10:22.053 [JavaFX Application Thread] DEBUG AssetLoaderService   - Loading from cache: /assets/textures/Bullet.png
16:10:22.166 [JavaFX Application Thread] DEBUG AssetLoaderService   - Loading from cache: /assets/sounds/shoot1.wav
16:10:22.166 [JavaFX Application Thread] DEBUG AssetLoaderService   - Loading from cache: /assets/textures/Bullet.png
16:10:22.294 [JavaFX Application Thread] DEBUG AssetLoaderService   - Loading from cache: /assets/sounds/shoot1.wav
16:10:22.294 [JavaFX Application Thread] DEBUG AssetLoaderService   - Loading from cache: /assets/textures/Bullet.png
16:10:22.406 [JavaFX Application Thread] DEBUG AssetLoaderService   - Loading from cache: /assets/sounds/shoot3.wav
16:10:22.406 [JavaFX Application Thread] DEBUG AssetLoaderService   - Loading from cache: /assets/textures/Bullet.png
16:10:22.757 [JavaFX Application Thread] DEBUG AssetLoaderService   - Loading from cache: /assets/sounds/shoot2.wav
16:10:22.757 [JavaFX Application Thread] DEBUG AssetLoaderService   - Loading from cache: /assets/textures/Bullet.png
16:10:22.870 [JavaFX Application Thread] DEBUG AssetLoaderService   - Loading from cache: /assets/sounds/shoot7.wav
16:10:22.870 [JavaFX Application Thread] DEBUG AssetLoaderService   - Loading from cache: /assets/textures/Bullet.png
16:10:22.982 [JavaFX Application Thread] DEBUG AssetLoaderService   - Loading from cache: /assets/sounds/shoot8.wav
16:10:22.982 [JavaFX Application Thread] DEBUG AssetLoaderService   - Loading from cache: /assets/textures/Bullet.png
16:10:23.062 [JavaFX Application Thread] DEBUG AssetLoaderService   - Loading from cache: /assets/textures/RedWanderer.png@80.0x80.0
16:10:23.063 [JavaFX Application Thread] DEBUG AssetLoaderService   - Loading from cache: /assets/textures/wanderer_overlay.png@80.0x80.0
16:10:23.110 [JavaFX Application Thread] DEBUG AssetLoaderService   - Loading from cache: /assets/sounds/shoot5.wav
16:10:23.110 [JavaFX Application Thread] DEBUG AssetLoaderService   - Loading from cache: /assets/textures/Bullet.png
16:10:23.222 [JavaFX Application Thread] DEBUG AssetLoaderService   - Loading from cache: /assets/sounds/shoot7.wav
16:10:23.222 [JavaFX Application Thread] DEBUG AssetLoaderService   - Loading from cache: /assets/textures/Bullet.png
16:10:23.333 [JavaFX Application Thread] DEBUG AssetLoaderService   - Loading from cache: /assets/sounds/shoot7.wav
16:10:23.333 [JavaFX Application Thread] DEBUG AssetLoaderService   - Loading from cache: /assets/textures/Bullet.png
16:10:23.366 [JavaFX Application Thread] DEBUG AssetLoaderService   - Loading from cache: /assets/textures/explosion.png@3840.0x80.0
16:10:23.366 [JavaFX Application Thread] DEBUG AssetLoaderService   - Loading from cache: /assets/textures/particles/circle_05.png@32.0x32.0
16:10:23.367 [JavaFX Application Thread] DEBUG AssetLoaderService   - Loading from file system: /assets/sounds/explosion-08.wav
16:10:23.396 [JavaFX Application Thread] DEBUG AssetLoaderService   - Loading from cache: /assets/textures/YellowCrystal.png
16:10:23.462 [JavaFX Application Thread] DEBUG AssetLoaderService   - Loading from cache: /assets/sounds/shoot5.wav
16:10:23.462 [JavaFX Application Thread] DEBUG AssetLoaderService   - Loading from cache: /assets/textures/Bullet.png
16:10:23.573 [JavaFX Application Thread] DEBUG AssetLoaderService   - Loading from cache: /assets/sounds/shoot7.wav
16:10:23.573 [JavaFX Application Thread] DEBUG AssetLoaderService   - Loading from cache: /assets/textures/Bullet.png
16:10:24.566 [JavaFX Application Thread] DEBUG AssetLoaderService   - Loading from cache: /assets/textures/RedWanderer.png@80.0x80.0
16:10:24.567 [JavaFX Application Thread] DEBUG AssetLoaderService   - Loading from cache: /assets/textures/wanderer_overlay.png@80.0x80.0
16:10:24.934 [JavaFX Application Thread] DEBUG AssetLoaderService   - Loading from cache: /assets/sounds/shoot5.wav
16:10:24.934 [JavaFX Application Thread] DEBUG AssetLoaderService   - Loading from cache: /assets/textures/Bullet.png
16:10:25.046 [JavaFX Application Thread] DEBUG AssetLoaderService   - Loading from cache: /assets/sounds/shoot3.wav
16:10:25.046 [JavaFX Application Thread] DEBUG AssetLoaderService   - Loading from cache: /assets/textures/Bullet.png
16:10:25.174 [JavaFX Application Thread] DEBUG AssetLoaderService   - Loading from cache: /assets/sounds/shoot4.wav
16:10:25.174 [JavaFX Application Thread] DEBUG AssetLoaderService   - Loading from cache: /assets/textures/Bullet.png
16:10:25.285 [JavaFX Application Thread] DEBUG AssetLoaderService   - Loading from cache: /assets/sounds/shoot7.wav
16:10:25.285 [JavaFX Application Thread] DEBUG AssetLoaderService   - Loading from cache: /assets/textures/Bullet.png
16:10:25.397 [JavaFX Application Thread] DEBUG AssetLoaderService   - Loading from cache: /assets/sounds/shoot4.wav
16:10:25.397 [JavaFX Application Thread] DEBUG AssetLoaderService   - Loading from cache: /assets/textures/Bullet.png
16:10:25.637 [JavaFX Application Thread] DEBUG AssetLoaderService   - Loading from cache: /assets/sounds/shoot2.wav
16:10:25.637 [JavaFX Application Thread] DEBUG AssetLoaderService   - Loading from cache: /assets/textures/Bullet.png
16:10:25.749 [JavaFX Application Thread] DEBUG AssetLoaderService   - Loading from cache: /assets/sounds/shoot2.wav
16:10:25.749 [JavaFX Application Thread] DEBUG AssetLoaderService   - Loading from cache: /assets/textures/Bullet.png
16:10:25.862 [JavaFX Application Thread] DEBUG AssetLoaderService   - Loading from cache: /assets/sounds/shoot2.wav
16:10:25.862 [JavaFX Application Thread] DEBUG AssetLoaderService   - Loading from cache: /assets/textures/Bullet.png
16:10:25.990 [JavaFX Application Thread] DEBUG AssetLoaderService   - Loading from cache: /assets/sounds/shoot2.wav
16:10:25.990 [JavaFX Application Thread] DEBUG AssetLoaderService   - Loading from cache: /assets/textures/Bullet.png
16:10:26.069 [JavaFX Application Thread] DEBUG AssetLoaderService   - Loading from cache: /assets/textures/RedWanderer.png@80.0x80.0
16:10:26.070 [JavaFX Application Thread] DEBUG AssetLoaderService   - Loading from cache: /assets/textures/wanderer_overlay.png@80.0x80.0
16:10:26.102 [JavaFX Application Thread] DEBUG AssetLoaderService   - Loading from cache: /assets/sounds/shoot4.wav
16:10:26.102 [JavaFX Application Thread] DEBUG AssetLoaderService   - Loading from cache: /assets/textures/Bullet.png
16:10:26.214 [JavaFX Application Thread] DEBUG AssetLoaderService   - Loading from cache: /assets/sounds/shoot8.wav
16:10:26.214 [JavaFX Application Thread] DEBUG AssetLoaderService   - Loading from cache: /assets/textures/Bullet.png
16:10:26.342 [JavaFX Application Thread] DEBUG AssetLoaderService   - Loading from cache: /assets/sounds/shoot6.wav
16:10:26.342 [JavaFX Application Thread] DEBUG AssetLoaderService   - Loading from cache: /assets/textures/Bullet.png
16:10:26.454 [JavaFX Application Thread] DEBUG AssetLoaderService   - Loading from cache: /assets/sounds/shoot6.wav
16:10:26.454 [JavaFX Application Thread] DEBUG AssetLoaderService   - Loading from cache: /assets/textures/Bullet.png
16:10:26.566 [JavaFX Application Thread] DEBUG AssetLoaderService   - Loading from cache: /assets/sounds/shoot7.wav
16:10:26.566 [JavaFX Application Thread] DEBUG AssetLoaderService   - Loading from cache: /assets/textures/Bullet.png
16:10:26.567 [JavaFX Application Thread] DEBUG AssetLoaderService   - Loading from cache: /assets/textures/explosion.png@3840.0x80.0
16:10:26.567 [JavaFX Application Thread] DEBUG AssetLoaderService   - Loading from cache: /assets/textures/particles/circle_05.png@32.0x32.0
16:10:26.567 [JavaFX Application Thread] DEBUG AssetLoaderService   - Loading from file system: /assets/sounds/explosion-03.wav
16:10:26.604 [JavaFX Application Thread] DEBUG AssetLoaderService   - Loading from cache: /assets/textures/YellowCrystal.png
16:10:26.710 [JavaFX Application Thread] DEBUG AssetLoaderService   - Loading from cache: /assets/sounds/shoot4.wav
16:10:26.710 [JavaFX Application Thread] DEBUG AssetLoaderService   - Loading from cache: /assets/textures/Bullet.png
16:10:26.821 [JavaFX Application Thread] DEBUG AssetLoaderService   - Loading from cache: /assets/sounds/shoot7.wav
16:10:26.821 [JavaFX Application Thread] DEBUG AssetLoaderService   - Loading from cache: /assets/textures/Bullet.png
16:10:26.934 [JavaFX Application Thread] DEBUG AssetLoaderService   - Loading from cache: /assets/sounds/shoot7.wav
16:10:26.934 [JavaFX Application Thread] DEBUG AssetLoaderService   - Loading from cache: /assets/textures/Bullet.png
16:10:27.046 [JavaFX Application Thread] DEBUG AssetLoaderService   - Loading from cache: /assets/sounds/shoot1.wav
16:10:27.046 [JavaFX Application Thread] DEBUG AssetLoaderService   - Loading from cache: /assets/textures/Bullet.png
16:10:27.127 [JavaFX Application Thread] DEBUG AssetLoaderService   - Loading from cache: /assets/textures/explosion.png@3840.0x80.0
16:10:27.127 [JavaFX Application Thread] DEBUG AssetLoaderService   - Loading from cache: /assets/textures/particles/circle_05.png@32.0x32.0
16:10:27.127 [JavaFX Application Thread] DEBUG AssetLoaderService   - Loading from file system: /assets/sounds/explosion-05.wav
16:10:27.157 [JavaFX Application Thread] DEBUG AssetLoaderService   - Loading from cache: /assets/textures/YellowCrystal.png
16:10:27.189 [JavaFX Application Thread] DEBUG AssetLoaderService   - Loading from cache: /assets/sounds/shoot3.wav
16:10:27.189 [JavaFX Application Thread] DEBUG AssetLoaderService   - Loading from cache: /assets/textures/Bullet.png
16:10:27.302 [JavaFX Application Thread] DEBUG AssetLoaderService   - Loading from cache: /assets/sounds/shoot4.wav
16:10:27.302 [JavaFX Application Thread] DEBUG AssetLoaderService   - Loading from cache: /assets/textures/Bullet.png
16:10:27.414 [JavaFX Application Thread] DEBUG AssetLoaderService   - Loading from cache: /assets/sounds/shoot8.wav
16:10:27.414 [JavaFX Application Thread] DEBUG AssetLoaderService   - Loading from cache: /assets/textures/Bullet.png
16:10:27.541 [JavaFX Application Thread] DEBUG AssetLoaderService   - Loading from cache: /assets/sounds/shoot1.wav
16:10:27.541 [JavaFX Application Thread] DEBUG AssetLoaderService   - Loading from cache: /assets/textures/Bullet.png
16:10:27.606 [JavaFX Application Thread] DEBUG AssetLoaderService   - Loading from cache: /assets/textures/Wanderer.png@80.0x80.0
16:10:27.607 [JavaFX Application Thread] DEBUG AssetLoaderService   - Loading from cache: /assets/textures/wanderer_overlay.png@80.0x80.0
16:10:27.669 [JavaFX Application Thread] DEBUG AssetLoaderService   - Loading from cache: /assets/textures/explosion.png@3840.0x80.0
16:10:27.670 [JavaFX Application Thread] DEBUG AssetLoaderService   - Loading from cache: /assets/textures/particles/circle_05.png@32.0x32.0
16:10:27.670 [JavaFX Application Thread] DEBUG AssetLoaderService   - Loading from cache: /assets/sounds/explosion-08.wav
16:10:27.670 [JavaFX Application Thread] DEBUG AssetLoaderService   - Loading from cache: /assets/textures/YellowCrystal.png
16:10:28.422 [JavaFX Application Thread] DEBUG AssetLoaderService   - Loading from cache: /assets/sounds/shoot2.wav
16:10:28.422 [JavaFX Application Thread] DEBUG AssetLoaderService   - Loading from cache: /assets/textures/Bullet.png
16:10:28.533 [JavaFX Application Thread] DEBUG AssetLoaderService   - Loading from cache: /assets/sounds/shoot2.wav
16:10:28.533 [JavaFX Application Thread] DEBUG AssetLoaderService   - Loading from cache: /assets/textures/Bullet.png
16:10:28.646 [JavaFX Application Thread] DEBUG AssetLoaderService   - Loading from cache: /assets/sounds/shoot5.wav
16:10:28.646 [JavaFX Application Thread] DEBUG AssetLoaderService   - Loading from cache: /assets/textures/Bullet.png
16:10:28.774 [JavaFX Application Thread] DEBUG AssetLoaderService   - Loading from cache: /assets/sounds/shoot4.wav
16:10:28.774 [JavaFX Application Thread] DEBUG AssetLoaderService   - Loading from cache: /assets/textures/Bullet.png
16:10:28.885 [JavaFX Application Thread] DEBUG AssetLoaderService   - Loading from cache: /assets/sounds/shoot3.wav
16:10:28.885 [JavaFX Application Thread] DEBUG AssetLoaderService   - Loading from cache: /assets/textures/Bullet.png
16:10:28.998 [JavaFX Application Thread] DEBUG AssetLoaderService   - Loading from cache: /assets/sounds/shoot1.wav
16:10:28.998 [JavaFX Application Thread] DEBUG AssetLoaderService   - Loading from cache: /assets/textures/Bullet.png
16:10:29.095 [JavaFX Application Thread] DEBUG AssetLoaderService   - Loading from cache: /assets/textures/Wanderer.png@80.0x80.0
16:10:29.096 [JavaFX Application Thread] DEBUG AssetLoaderService   - Loading from cache: /assets/textures/wanderer_overlay.png@80.0x80.0
16:10:29.110 [JavaFX Application Thread] DEBUG AssetLoaderService   - Loading from cache: /assets/sounds/shoot7.wav
16:10:29.111 [JavaFX Application Thread] DEBUG AssetLoaderService   - Loading from cache: /assets/textures/Bullet.png
16:10:29.238 [JavaFX Application Thread] DEBUG AssetLoaderService   - Loading from cache: /assets/sounds/shoot1.wav
16:10:29.238 [JavaFX Application Thread] DEBUG AssetLoaderService   - Loading from cache: /assets/textures/Bullet.png
16:10:29.350 [JavaFX Application Thread] DEBUG AssetLoaderService   - Loading from cache: /assets/sounds/shoot1.wav
16:10:29.350 [JavaFX Application Thread] DEBUG AssetLoaderService   - Loading from cache: /assets/textures/Bullet.png
16:10:29.462 [JavaFX Application Thread] DEBUG AssetLoaderService   - Loading from cache: /assets/sounds/shoot3.wav
16:10:29.462 [JavaFX Application Thread] DEBUG AssetLoaderService   - Loading from cache: /assets/textures/Bullet.png
16:10:29.527 [JavaFX Application Thread] DEBUG AssetLoaderService   - Loading from cache: /assets/textures/explosion.png@3840.0x80.0
16:10:29.527 [JavaFX Application Thread] DEBUG AssetLoaderService   - Loading from cache: /assets/textures/particles/circle_05.png@32.0x32.0
16:10:29.527 [JavaFX Application Thread] DEBUG AssetLoaderService   - Loading from cache: /assets/sounds/explosion-05.wav
16:10:29.527 [JavaFX Application Thread] DEBUG AssetLoaderService   - Loading from cache: /assets/textures/YellowCrystal.png
16:10:29.590 [JavaFX Application Thread] DEBUG AssetLoaderService   - Loading from cache: /assets/sounds/shoot2.wav
16:10:29.590 [JavaFX Application Thread] DEBUG AssetLoaderService   - Loading from cache: /assets/textures/Bullet.png
16:10:29.750 [JavaFX Application Thread] DEBUG AssetLoaderService   - Loading from cache: /assets/sounds/shoot3.wav
16:10:29.750 [JavaFX Application Thread] DEBUG AssetLoaderService   - Loading from cache: /assets/textures/Bullet.png
16:10:30.070 [JavaFX Application Thread] DEBUG AssetLoaderService   - Loading from cache: /assets/sounds/shoot5.wav
16:10:30.070 [JavaFX Application Thread] DEBUG AssetLoaderService   - Loading from cache: /assets/textures/Bullet.png
16:10:30.181 [JavaFX Application Thread] DEBUG AssetLoaderService   - Loading from cache: /assets/sounds/shoot2.wav
16:10:30.181 [JavaFX Application Thread] DEBUG AssetLoaderService   - Loading from cache: /assets/textures/Bullet.png
16:10:30.231 [JavaFX Application Thread] DEBUG AssetLoaderService   - Loading from cache: /assets/textures/explosion.png@3840.0x80.0
16:10:30.231 [JavaFX Application Thread] DEBUG AssetLoaderService   - Loading from cache: /assets/textures/particles/circle_05.png@32.0x32.0
16:10:30.231 [JavaFX Application Thread] DEBUG AssetLoaderService   - Loading from file system: /assets/sounds/explosion-04.wav
16:10:30.267 [JavaFX Application Thread] DEBUG AssetLoaderService   - Loading from cache: /assets/textures/YellowCrystal.png
16:10:30.310 [JavaFX Application Thread] DEBUG AssetLoaderService   - Loading from cache: /assets/sounds/shoot4.wav
16:10:30.310 [JavaFX Application Thread] DEBUG AssetLoaderService   - Loading from cache: /assets/textures/Bullet.png
16:10:30.437 [JavaFX Application Thread] DEBUG AssetLoaderService   - Loading from cache: /assets/sounds/shoot5.wav
16:10:30.437 [JavaFX Application Thread] DEBUG AssetLoaderService   - Loading from cache: /assets/textures/Bullet.png
16:10:30.549 [JavaFX Application Thread] DEBUG AssetLoaderService   - Loading from cache: /assets/sounds/shoot4.wav
16:10:30.549 [JavaFX Application Thread] DEBUG AssetLoaderService   - Loading from cache: /assets/textures/Bullet.png
16:10:30.630 [JavaFX Application Thread] DEBUG AssetLoaderService   - Loading from cache: /assets/textures/Wanderer.png@80.0x80.0
16:10:30.631 [JavaFX Application Thread] DEBUG AssetLoaderService   - Loading from cache: /assets/textures/wanderer_overlay.png@80.0x80.0
16:10:30.662 [JavaFX Application Thread] DEBUG AssetLoaderService   - Loading from cache: /assets/sounds/shoot7.wav
16:10:30.662 [JavaFX Application Thread] DEBUG AssetLoaderService   - Loading from cache: /assets/textures/Bullet.png
16:10:31.430 [JavaFX Application Thread] DEBUG AssetLoaderService   - Loading from cache: /assets/sounds/shoot1.wav
16:10:31.430 [JavaFX Application Thread] DEBUG AssetLoaderService   - Loading from cache: /assets/textures/Bullet.png
16:10:31.557 [JavaFX Application Thread] DEBUG AssetLoaderService   - Loading from cache: /assets/sounds/shoot8.wav
16:10:31.557 [JavaFX Application Thread] DEBUG AssetLoaderService   - Loading from cache: /assets/textures/Bullet.png
16:10:31.573 [JavaFX Application Thread] DEBUG AssetLoaderService   - Loading from cache: /assets/textures/explosion.png@3840.0x80.0
16:10:31.574 [JavaFX Application Thread] DEBUG AssetLoaderService   - Loading from cache: /assets/textures/particles/circle_05.png@32.0x32.0
16:10:31.574 [JavaFX Application Thread] DEBUG AssetLoaderService   - Loading from cache: /assets/sounds/explosion-04.wav
16:10:31.574 [JavaFX Application Thread] DEBUG AssetLoaderService   - Loading from cache: /assets/textures/YellowCrystal.png
16:10:31.670 [JavaFX Application Thread] DEBUG AssetLoaderService   - Loading from cache: /assets/sounds/shoot7.wav
16:10:31.670 [JavaFX Application Thread] DEBUG AssetLoaderService   - Loading from cache: /assets/textures/Bullet.png
16:10:31.782 [JavaFX Application Thread] DEBUG AssetLoaderService   - Loading from cache: /assets/sounds/shoot6.wav
16:10:31.782 [JavaFX Application Thread] DEBUG AssetLoaderService   - Loading from cache: /assets/textures/Bullet.png
16:10:31.894 [JavaFX Application Thread] DEBUG AssetLoaderService   - Loading from cache: /assets/sounds/shoot1.wav
16:10:31.894 [JavaFX Application Thread] DEBUG AssetLoaderService   - Loading from cache: /assets/textures/Bullet.png
16:10:32.149 [JavaFX Application Thread] DEBUG AssetLoaderService   - Loading from cache: /assets/textures/Wanderer.png@80.0x80.0
16:10:32.150 [JavaFX Application Thread] DEBUG AssetLoaderService   - Loading from cache: /assets/textures/wanderer_overlay.png@80.0x80.0
16:10:32.645 [JavaFX Application Thread] DEBUG AssetLoaderService   - Loading from cache: /assets/sounds/shoot3.wav
16:10:32.645 [JavaFX Application Thread] DEBUG AssetLoaderService   - Loading from cache: /assets/textures/Bullet.png
16:10:32.774 [JavaFX Application Thread] DEBUG AssetLoaderService   - Loading from cache: /assets/sounds/shoot1.wav
16:10:32.774 [JavaFX Application Thread] DEBUG AssetLoaderService   - Loading from cache: /assets/textures/Bullet.png
16:10:32.886 [JavaFX Application Thread] DEBUG AssetLoaderService   - Loading from cache: /assets/sounds/shoot2.wav
16:10:32.886 [JavaFX Application Thread] DEBUG AssetLoaderService   - Loading from cache: /assets/textures/Bullet.png
16:10:32.917 [JavaFX Application Thread] DEBUG AssetLoaderService   - Loading from cache: /assets/textures/explosion.png@3840.0x80.0
16:10:32.917 [JavaFX Application Thread] DEBUG AssetLoaderService   - Loading from cache: /assets/textures/particles/circle_05.png@32.0x32.0
16:10:32.917 [JavaFX Application Thread] DEBUG AssetLoaderService   - Loading from file system: /assets/sounds/explosion-07.wav
16:10:32.971 [JavaFX Application Thread] DEBUG AssetLoaderService   - Loading from cache: /assets/textures/YellowCrystal.png
16:10:33.030 [JavaFX Application Thread] DEBUG AssetLoaderService   - Loading from cache: /assets/sounds/shoot6.wav
16:10:33.030 [JavaFX Application Thread] DEBUG AssetLoaderService   - Loading from cache: /assets/textures/Bullet.png
16:10:33.158 [JavaFX Application Thread] DEBUG AssetLoaderService   - Loading from cache: /assets/sounds/shoot4.wav
16:10:33.158 [JavaFX Application Thread] DEBUG AssetLoaderService   - Loading from cache: /assets/textures/Bullet.png
16:10:33.159 [JavaFX Application Thread] DEBUG AssetLoaderService   - Loading from cache: /assets/sounds/shoot4.wav
16:10:33.159 [JavaFX Application Thread] DEBUG AssetLoaderService   - Loading from cache: /assets/textures/Bullet.png
16:10:33.702 [JavaFX Application Thread] DEBUG AssetLoaderService   - Loading from cache: /assets/textures/Wanderer.png@80.0x80.0
16:10:33.703 [JavaFX Application Thread] DEBUG AssetLoaderService   - Loading from cache: /assets/textures/wanderer_overlay.png@80.0x80.0
16:10:34.069 [JavaFX Application Thread] DEBUG AssetLoaderService   - Loading from cache: /assets/sounds/shoot6.wav
16:10:34.070 [JavaFX Application Thread] DEBUG AssetLoaderService   - Loading from cache: /assets/textures/Bullet.png
16:10:34.070 [JavaFX Application Thread] DEBUG AssetLoaderService   - Loading from cache: /assets/sounds/shoot8.wav
16:10:34.070 [JavaFX Application Thread] DEBUG AssetLoaderService   - Loading from cache: /assets/textures/Bullet.png
16:10:34.182 [JavaFX Application Thread] DEBUG AssetLoaderService   - Loading from cache: /assets/sounds/shoot1.wav
16:10:34.182 [JavaFX Application Thread] DEBUG AssetLoaderService   - Loading from cache: /assets/textures/Bullet.png
16:10:34.182 [JavaFX Application Thread] DEBUG AssetLoaderService   - Loading from cache: /assets/sounds/shoot7.wav
16:10:34.182 [JavaFX Application Thread] DEBUG AssetLoaderService   - Loading from cache: /assets/textures/Bullet.png
16:10:34.294 [JavaFX Application Thread] DEBUG AssetLoaderService   - Loading from cache: /assets/sounds/shoot5.wav
16:10:34.294 [JavaFX Application Thread] DEBUG AssetLoaderService   - Loading from cache: /assets/textures/Bullet.png
16:10:34.294 [JavaFX Application Thread] DEBUG AssetLoaderService   - Loading from cache: /assets/sounds/shoot7.wav
16:10:34.294 [JavaFX Application Thread] DEBUG AssetLoaderService   - Loading from cache: /assets/textures/Bullet.png
16:10:34.295 [JavaFX Application Thread] DEBUG AssetLoaderService   - Loading from cache: /assets/textures/explosion.png@3840.0x80.0
16:10:34.295 [JavaFX Application Thread] DEBUG AssetLoaderService   - Loading from cache: /assets/textures/particles/circle_05.png@32.0x32.0
16:10:34.295 [JavaFX Application Thread] DEBUG AssetLoaderService   - Loading from cache: /assets/sounds/explosion-01.wav
16:10:34.295 [JavaFX Application Thread] DEBUG AssetLoaderService   - Loading from cache: /assets/textures/YellowCrystal.png
16:10:34.422 [JavaFX Application Thread] DEBUG AssetLoaderService   - Loading from cache: /assets/sounds/shoot2.wav
16:10:34.422 [JavaFX Application Thread] DEBUG AssetLoaderService   - Loading from cache: /assets/textures/Bullet.png
16:10:34.422 [JavaFX Application Thread] DEBUG AssetLoaderService   - Loading from cache: /assets/sounds/shoot8.wav
16:10:34.422 [JavaFX Application Thread] DEBUG AssetLoaderService   - Loading from cache: /assets/textures/Bullet.png
16:10:34.534 [JavaFX Application Thread] DEBUG AssetLoaderService   - Loading from cache: /assets/sounds/shoot5.wav
16:10:34.534 [JavaFX Application Thread] DEBUG AssetLoaderService   - Loading from cache: /assets/textures/Bullet.png
16:10:34.534 [JavaFX Application Thread] DEBUG AssetLoaderService   - Loading from cache: /assets/sounds/shoot5.wav
16:10:34.534 [JavaFX Application Thread] DEBUG AssetLoaderService   - Loading from cache: /assets/textures/Bullet.png
16:10:35.222 [JavaFX Application Thread] DEBUG AssetLoaderService   - Loading from cache: /assets/textures/RedWanderer.png@80.0x80.0
16:10:35.223 [JavaFX Application Thread] DEBUG AssetLoaderService   - Loading from cache: /assets/textures/wanderer_overlay.png@80.0x80.0
16:10:35.543 [JavaFX Application Thread] DEBUG AssetLoaderService   - Loading from cache: /assets/sounds/shoot3.wav
16:10:35.543 [JavaFX Application Thread] DEBUG AssetLoaderService   - Loading from cache: /assets/textures/Bullet.png
16:10:35.543 [JavaFX Application Thread] DEBUG AssetLoaderService   - Loading from cache: /assets/sounds/shoot5.wav
16:10:35.544 [JavaFX Application Thread] DEBUG AssetLoaderService   - Loading from cache: /assets/textures/Bullet.png
16:10:35.670 [JavaFX Application Thread] DEBUG AssetLoaderService   - Loading from cache: /assets/sounds/shoot5.wav
16:10:35.670 [JavaFX Application Thread] DEBUG AssetLoaderService   - Loading from cache: /assets/textures/Bullet.png
16:10:35.670 [JavaFX Application Thread] DEBUG AssetLoaderService   - Loading from cache: /assets/sounds/shoot7.wav
16:10:35.670 [JavaFX Application Thread] DEBUG AssetLoaderService   - Loading from cache: /assets/textures/Bullet.png
16:10:35.782 [JavaFX Application Thread] DEBUG AssetLoaderService   - Loading from cache: /assets/sounds/shoot5.wav
16:10:35.782 [JavaFX Application Thread] DEBUG AssetLoaderService   - Loading from cache: /assets/textures/Bullet.png
16:10:35.782 [JavaFX Application Thread] DEBUG AssetLoaderService   - Loading from cache: /assets/sounds/shoot1.wav
16:10:35.782 [JavaFX Application Thread] DEBUG AssetLoaderService   - Loading from cache: /assets/textures/Bullet.png
16:10:35.894 [JavaFX Application Thread] DEBUG AssetLoaderService   - Loading from cache: /assets/sounds/shoot3.wav
16:10:35.894 [JavaFX Application Thread] DEBUG AssetLoaderService   - Loading from cache: /assets/textures/Bullet.png
16:10:35.894 [JavaFX Application Thread] DEBUG AssetLoaderService   - Loading from cache: /assets/sounds/shoot5.wav
16:10:35.894 [JavaFX Application Thread] DEBUG AssetLoaderService   - Loading from cache: /assets/textures/Bullet.png
16:10:35.942 [JavaFX Application Thread] DEBUG AssetLoaderService   - Loading from cache: /assets/textures/explosion.png@3840.0x80.0
16:10:35.942 [JavaFX Application Thread] DEBUG AssetLoaderService   - Loading from cache: /assets/textures/particles/circle_05.png@32.0x32.0
16:10:35.942 [JavaFX Application Thread] DEBUG AssetLoaderService   - Loading from cache: /assets/sounds/explosion-04.wav
16:10:35.943 [JavaFX Application Thread] DEBUG AssetLoaderService   - Loading from cache: /assets/textures/YellowCrystal.png
16:10:36.230 [JavaFX Application Thread] DEBUG AssetLoaderService   - Loading from cache: /assets/sounds/shoot7.wav
16:10:36.230 [JavaFX Application Thread] DEBUG AssetLoaderService   - Loading from cache: /assets/textures/Bullet.png
16:10:36.231 [JavaFX Application Thread] DEBUG AssetLoaderService   - Loading from cache: /assets/sounds/shoot2.wav
16:10:36.231 [JavaFX Application Thread] DEBUG AssetLoaderService   - Loading from cache: /assets/textures/Bullet.png
16:10:36.341 [JavaFX Application Thread] DEBUG AssetLoaderService   - Loading from cache: /assets/sounds/shoot4.wav
16:10:36.342 [JavaFX Application Thread] DEBUG AssetLoaderService   - Loading from cache: /assets/textures/Bullet.png
16:10:36.342 [JavaFX Application Thread] DEBUG AssetLoaderService   - Loading from cache: /assets/sounds/shoot2.wav
16:10:36.342 [JavaFX Application Thread] DEBUG AssetLoaderService   - Loading from cache: /assets/textures/Bullet.png
16:10:36.469 [JavaFX Application Thread] DEBUG AssetLoaderService   - Loading from cache: /assets/sounds/shoot2.wav
16:10:36.469 [JavaFX Application Thread] DEBUG AssetLoaderService   - Loading from cache: /assets/textures/Bullet.png
16:10:36.469 [JavaFX Application Thread] DEBUG AssetLoaderService   - Loading from cache: /assets/sounds/shoot8.wav
16:10:36.469 [JavaFX Application Thread] DEBUG AssetLoaderService   - Loading from cache: /assets/textures/Bullet.png
16:10:36.534 [JavaFX Application Thread] DEBUG AssetLoaderService   - Loading from cache: /assets/textures/explosion.png@3840.0x80.0
16:10:36.534 [JavaFX Application Thread] DEBUG AssetLoaderService   - Loading from cache: /assets/textures/particles/circle_05.png@32.0x32.0
16:10:36.535 [JavaFX Application Thread] DEBUG AssetLoaderService   - Loading from cache: /assets/sounds/explosion-07.wav
16:10:36.535 [JavaFX Application Thread] DEBUG AssetLoaderService   - Loading from cache: /assets/textures/YellowCrystal.png
16:10:36.550 [JavaFX Application Thread] DEBUG EventBus             - Firing event: javafx.event.Event[source=javafx.event.Event$$Lambda$116/0x000000080022e840@69bd9a02]
16:10:36.581 [JavaFX Application Thread] DEBUG AssetLoaderService   - Loading from cache: /assets/sounds/shoot8.wav
16:10:36.581 [JavaFX Application Thread] DEBUG AssetLoaderService   - Loading from cache: /assets/textures/Bullet.png
16:10:36.581 [JavaFX Application Thread] DEBUG AssetLoaderService   - Loading from cache: /assets/sounds/shoot4.wav
16:10:36.581 [JavaFX Application Thread] DEBUG AssetLoaderService   - Loading from cache: /assets/textures/Bullet.png
16:10:36.694 [JavaFX Application Thread] DEBUG AssetLoaderService   - Loading from cache: /assets/sounds/shoot8.wav
16:10:36.694 [JavaFX Application Thread] DEBUG AssetLoaderService   - Loading from cache: /assets/textures/Bullet.png
16:10:36.694 [JavaFX Application Thread] DEBUG AssetLoaderService   - Loading from cache: /assets/sounds/shoot2.wav
16:10:36.694 [JavaFX Application Thread] DEBUG AssetLoaderService   - Loading from cache: /assets/textures/Bullet.png
16:10:36.726 [JavaFX Application Thread] DEBUG AssetLoaderService   - Loading from cache: /assets/textures/Wanderer.png@80.0x80.0
16:10:36.727 [JavaFX Application Thread] DEBUG AssetLoaderService   - Loading from cache: /assets/textures/wanderer_overlay.png@80.0x80.0
16:10:37.606 [JavaFX Application Thread] DEBUG AssetLoaderService   - Loading from cache: /assets/sounds/shoot2.wav
16:10:37.606 [JavaFX Application Thread] DEBUG AssetLoaderService   - Loading from cache: /assets/textures/Bullet.png
16:10:37.606 [JavaFX Application Thread] DEBUG AssetLoaderService   - Loading from cache: /assets/sounds/shoot8.wav
16:10:37.606 [JavaFX Application Thread] DEBUG AssetLoaderService   - Loading from cache: /assets/textures/Bullet.png
16:10:37.718 [JavaFX Application Thread] DEBUG AssetLoaderService   - Loading from cache: /assets/sounds/shoot3.wav
16:10:37.718 [JavaFX Application Thread] DEBUG AssetLoaderService   - Loading from cache: /assets/textures/Bullet.png
16:10:37.718 [JavaFX Application Thread] DEBUG AssetLoaderService   - Loading from cache: /assets/sounds/shoot3.wav
16:10:37.718 [JavaFX Application Thread] DEBUG AssetLoaderService   - Loading from cache: /assets/textures/Bullet.png
16:10:37.798 [JavaFX Application Thread] DEBUG AssetLoaderService   - Loading from cache: /assets/textures/explosion.png@3840.0x80.0
16:10:37.798 [JavaFX Application Thread] DEBUG AssetLoaderService   - Loading from cache: /assets/textures/particles/circle_05.png@32.0x32.0
16:10:37.798 [JavaFX Application Thread] DEBUG AssetLoaderService   - Loading from cache: /assets/sounds/explosion-01.wav
16:10:37.799 [JavaFX Application Thread] DEBUG AssetLoaderService   - Loading from cache: /assets/textures/YellowCrystal.png
16:10:37.830 [JavaFX Application Thread] DEBUG AssetLoaderService   - Loading from cache: /assets/sounds/shoot1.wav
16:10:37.830 [JavaFX Application Thread] DEBUG AssetLoaderService   - Loading from cache: /assets/textures/Bullet.png
16:10:37.830 [JavaFX Application Thread] DEBUG AssetLoaderService   - Loading from cache: /assets/sounds/shoot8.wav
16:10:37.830 [JavaFX Application Thread] DEBUG AssetLoaderService   - Loading from cache: /assets/textures/Bullet.png
16:10:37.942 [JavaFX Application Thread] DEBUG AssetLoaderService   - Loading from cache: /assets/sounds/shoot1.wav
16:10:37.942 [JavaFX Application Thread] DEBUG AssetLoaderService   - Loading from cache: /assets/textures/Bullet.png
16:10:37.942 [JavaFX Application Thread] DEBUG AssetLoaderService   - Loading from cache: /assets/sounds/shoot2.wav
16:10:37.942 [JavaFX Application Thread] DEBUG AssetLoaderService   - Loading from cache: /assets/textures/Bullet.png
16:10:38.070 [JavaFX Application Thread] DEBUG AssetLoaderService   - Loading from cache: /assets/sounds/shoot3.wav
16:10:38.070 [JavaFX Application Thread] DEBUG AssetLoaderService   - Loading from cache: /assets/textures/Bullet.png
16:10:38.070 [JavaFX Application Thread] DEBUG AssetLoaderService   - Loading from cache: /assets/sounds/shoot1.wav
16:10:38.070 [JavaFX Application Thread] DEBUG AssetLoaderService   - Loading from cache: /assets/textures/Bullet.png
16:10:38.246 [JavaFX Application Thread] DEBUG AssetLoaderService   - Loading from cache: /assets/textures/Wanderer.png@80.0x80.0
16:10:38.247 [JavaFX Application Thread] DEBUG AssetLoaderService   - Loading from cache: /assets/textures/wanderer_overlay.png@80.0x80.0
16:10:39.239 [JavaFX Application Thread] DEBUG AssetLoaderService   - Loading from cache: /assets/sounds/shoot2.wav
16:10:39.239 [JavaFX Application Thread] DEBUG AssetLoaderService   - Loading from cache: /assets/textures/Bullet.png
16:10:39.239 [JavaFX Application Thread] DEBUG AssetLoaderService   - Loading from cache: /assets/sounds/shoot1.wav
16:10:39.239 [JavaFX Application Thread] DEBUG AssetLoaderService   - Loading from cache: /assets/textures/Bullet.png
16:10:39.349 [JavaFX Application Thread] DEBUG AssetLoaderService   - Loading from cache: /assets/sounds/shoot6.wav
16:10:39.349 [JavaFX Application Thread] DEBUG AssetLoaderService   - Loading from cache: /assets/textures/Bullet.png
16:10:39.349 [JavaFX Application Thread] DEBUG AssetLoaderService   - Loading from cache: /assets/sounds/shoot7.wav
16:10:39.349 [JavaFX Application Thread] DEBUG AssetLoaderService   - Loading from cache: /assets/textures/Bullet.png
16:10:39.461 [JavaFX Application Thread] DEBUG AssetLoaderService   - Loading from cache: /assets/sounds/shoot1.wav
16:10:39.461 [JavaFX Application Thread] DEBUG AssetLoaderService   - Loading from cache: /assets/textures/Bullet.png
16:10:39.461 [JavaFX Application Thread] DEBUG AssetLoaderService   - Loading from cache: /assets/sounds/shoot3.wav
16:10:39.461 [JavaFX Application Thread] DEBUG AssetLoaderService   - Loading from cache: /assets/textures/Bullet.png
16:10:39.575 [JavaFX Application Thread] DEBUG AssetLoaderService   - Loading from cache: /assets/sounds/shoot6.wav
16:10:39.575 [JavaFX Application Thread] DEBUG AssetLoaderService   - Loading from cache: /assets/textures/Bullet.png
16:10:39.575 [JavaFX Application Thread] DEBUG AssetLoaderService   - Loading from cache: /assets/sounds/shoot3.wav
16:10:39.575 [JavaFX Application Thread] DEBUG AssetLoaderService   - Loading from cache: /assets/textures/Bullet.png
16:10:39.702 [JavaFX Application Thread] DEBUG AssetLoaderService   - Loading from cache: /assets/sounds/shoot4.wav
16:10:39.702 [JavaFX Application Thread] DEBUG AssetLoaderService   - Loading from cache: /assets/textures/Bullet.png
16:10:39.702 [JavaFX Application Thread] DEBUG AssetLoaderService   - Loading from cache: /assets/sounds/shoot7.wav
16:10:39.702 [JavaFX Application Thread] DEBUG AssetLoaderService   - Loading from cache: /assets/textures/Bullet.png
16:10:39.766 [JavaFX Application Thread] DEBUG AssetLoaderService   - Loading from cache: /assets/textures/Wanderer.png@80.0x80.0
16:10:39.767 [JavaFX Application Thread] DEBUG AssetLoaderService   - Loading from cache: /assets/textures/wanderer_overlay.png@80.0x80.0
16:10:39.814 [JavaFX Application Thread] DEBUG AssetLoaderService   - Loading from cache: /assets/sounds/shoot3.wav
16:10:39.814 [JavaFX Application Thread] DEBUG AssetLoaderService   - Loading from cache: /assets/textures/Bullet.png
16:10:39.814 [JavaFX Application Thread] DEBUG AssetLoaderService   - Loading from cache: /assets/sounds/shoot3.wav
16:10:39.814 [JavaFX Application Thread] DEBUG AssetLoaderService   - Loading from cache: /assets/textures/Bullet.png
16:10:39.926 [JavaFX Application Thread] DEBUG AssetLoaderService   - Loading from cache: /assets/sounds/shoot6.wav
16:10:39.926 [JavaFX Application Thread] DEBUG AssetLoaderService   - Loading from cache: /assets/textures/Bullet.png
16:10:39.926 [JavaFX Application Thread] DEBUG AssetLoaderService   - Loading from cache: /assets/sounds/shoot5.wav
16:10:39.926 [JavaFX Application Thread] DEBUG AssetLoaderService   - Loading from cache: /assets/textures/Bullet.png
16:10:40.054 [JavaFX Application Thread] DEBUG AssetLoaderService   - Loading from cache: /assets/sounds/shoot8.wav
16:10:40.054 [JavaFX Application Thread] DEBUG AssetLoaderService   - Loading from cache: /assets/textures/Bullet.png
16:10:40.054 [JavaFX Application Thread] DEBUG AssetLoaderService   - Loading from cache: /assets/sounds/shoot7.wav
16:10:40.054 [JavaFX Application Thread] DEBUG AssetLoaderService   - Loading from cache: /assets/textures/Bullet.png
16:10:40.165 [JavaFX Application Thread] DEBUG AssetLoaderService   - Loading from cache: /assets/sounds/shoot1.wav
16:10:40.165 [JavaFX Application Thread] DEBUG AssetLoaderService   - Loading from cache: /assets/textures/Bullet.png
16:10:40.165 [JavaFX Application Thread] DEBUG AssetLoaderService   - Loading from cache: /assets/sounds/shoot7.wav
16:10:40.165 [JavaFX Application Thread] DEBUG AssetLoaderService   - Loading from cache: /assets/textures/Bullet.png
16:10:40.265 [JavaFX Application Thread] DEBUG AssetLoaderService   - Loading from cache: /assets/textures/explosion.png@3840.0x80.0
16:10:40.265 [JavaFX Application Thread] DEBUG AssetLoaderService   - Loading from cache: /assets/textures/particles/circle_05.png@32.0x32.0
16:10:40.265 [JavaFX Application Thread] DEBUG AssetLoaderService   - Loading from cache: /assets/sounds/explosion-03.wav
16:10:40.265 [JavaFX Application Thread] DEBUG AssetLoaderService   - Loading from cache: /assets/textures/YellowCrystal.png
16:10:41.286 [JavaFX Application Thread] DEBUG AssetLoaderService   - Loading from cache: /assets/textures/Wanderer.png@80.0x80.0
16:10:41.286 [JavaFX Application Thread] DEBUG AssetLoaderService   - Loading from cache: /assets/textures/wanderer_overlay.png@80.0x80.0
16:10:41.558 [JavaFX Application Thread] DEBUG LoopRunner           - Stopping loop
16:10:41.558 [JavaFX Application Thread] FATAL GameApplication      - Uncaught Exception:

Fatal exception occurred: java.lang.IllegalArgumentException : No EntityFactory has a method annotated @Spawns(Bouncer)
E: com.almasb.fxgl.entity.GameWorld.create(GameWorld.kt:392)
E: com.almasb.fxgl.entity.GameWorld.spawn(GameWorld.kt:375)
E: com.almasb.fxgl.entity.GameWorld.spawn(GameWorld.kt:363)
E: com.almasb.fxgl.entity.GameWorld.spawn(GameWorld.kt:338)
E: com.almasb.fxgl.dsl.FXGL$Companion.spawn(FXGL.kt:420)
E: com.almasb.fxgl.dsl.FXGL.spawn(FXGL.kt)
E: geowars.Main.lambda$initGame$8(Main.java:123)
E: com.almasb.fxgl.time.TimerAction.update(TimerAction.kt:69)
E: com.almasb.fxgl.time.Timer.update(Timer.kt:38)
E: com.almasb.fxgl.scene.Scene.update(Scene.kt:74)
E: com.almasb.fxgl.app.MainWindow$update$1.invoke(MainWindow.kt:209)
E: com.almasb.fxgl.app.MainWindow$update$1.invoke(MainWindow.kt:39)
E: com.almasb.fxgl.core.fsm.StateMachine.runOnActiveStates(StateMachine.kt:60)
E: com.almasb.fxgl.app.MainWindow.update(MainWindow.kt:209)
E: com.almasb.fxgl.app.services.WindowService.onUpdate(WindowService.kt:123)
E: com.almasb.fxgl.app.Engine.loop(Engine.kt:135)
E: com.almasb.fxgl.app.Engine.access$loop(Engine.kt:25)
E: com.almasb.fxgl.app.Engine$loop$1.invoke(Engine.kt:29)
E: com.almasb.fxgl.app.Engine$loop$1.invoke(Engine.kt:25)
E: com.almasb.fxgl.app.LoopRunner.frame(LoopRunner.kt:86)
E: com.almasb.fxgl.app.LoopRunner.access$frame(LoopRunner.kt:17)
E: com.almasb.fxgl.app.LoopRunner$impl$2$1.handle(LoopRunner.kt:37)
E: javafx.animation.AnimationTimer$AnimationTimerReceiver.lambda$handle$0(AnimationTimer.java:57)
E: java.base/java.security.AccessController.doPrivileged(Native Method)
E: javafx.animation.AnimationTimer$AnimationTimerReceiver.handle(AnimationTimer.java:56)
E: com.sun.scenario.animation.AbstractMasterTimer.timePulseImpl(AbstractMasterTimer.java:357)
E: com.sun.scenario.animation.AbstractMasterTimer$MainLoop.run(AbstractMasterTimer.java:267)
E: com.sun.javafx.tk.quantum.QuantumToolkit.pulse(QuantumToolkit.java:559)
E: com.sun.javafx.tk.quantum.QuantumToolkit.pulse(QuantumToolkit.java:543)
E: com.sun.javafx.tk.quantum.QuantumToolkit.pulseFromQueue(QuantumToolkit.java:536)
E: com.sun.javafx.tk.quantum.QuantumToolkit.lambda$runToolkit$11(QuantumToolkit.java:342)
E: com.sun.glass.ui.InvokeLaterDispatcher$Future.run(InvokeLaterDispatcher.java:96)
E: com.sun.glass.ui.win.WinApplication._runLoop(Native Method)
E: com.sun.glass.ui.win.WinApplication.lambda$runLoop$3(WinApplication.java:174)
E: java.base/java.lang.Thread.run(Thread.java:834)

16:10:41.558 [JavaFX Application Thread] FATAL GameApplication      - Application will now exit
16:10:41.577 [JavaFX Application Thread] DEBUG MainWindow           - Push state: ErrorSubScene
16:10:41.577 [JavaFX Application Thread] DEBUG Input                - Clearing active input actions
16:10:41.585 [JavaFX Application Thread] DEBUG WindowService        - Removing overlay from GameScene and adding to ErrorSubScene
16:10:41.585 [JavaFX Application Thread] DEBUG MainWindow           - GameScene -> ErrorSubScene
16:10:49.550 [JavaFX Application Thread] DEBUG GameApplication      - Exiting FXGL
16:10:49.550 [JavaFX Application Thread] DEBUG GameApplication      - Shutting down background threads
16:10:49.550 [JavaFX Application Thread] DEBUG GameApplication      - Closing logger and exiting JavaFX
