17:25:43.934 [main                     ] DEBUG GameApplication      - Logger initialized
17:25:43.948 [main                     ] DEBUG GameApplication      - Logging settings
Title: FXGL Geometry Wars
Version: 1.1.0
Width: 1280
Height: 720
Fullscreen: false
Intro: false
Profiling: false
Single step:false
App Mode: DEVELOPER
Menu Key: ESCAPE
Stage Style: DECORATED
Scene Factory: class com.almasb.fxgl.app.scene.SceneFactory

17:25:44.286 [JavaFX Application Thread] DEBUG GameApplication      - Initializing FXGL
17:25:44.293 [JavaFX Application Thread] INFO  Engine               - FXGL-11.9 (27.05.2020 17.06) on WINDOWS (J:11.0.7 FX:13.0.2)
17:25:44.294 [JavaFX Application Thread] DEBUG Engine               - JRE Vendor Name: Oracle Corporation
17:25:44.294 [JavaFX Application Thread] DEBUG Engine               - Running on OS: Windows 10 version 10.0
17:25:44.294 [JavaFX Application Thread] DEBUG Engine               - Architecture: amd64
17:25:44.294 [JavaFX Application Thread] INFO  Engine               - Source code and latest versions at: https://github.com/AlmasB/FXGL
17:25:44.294 [JavaFX Application Thread] INFO  Engine               -              Join the FXGL chat at: https://gitter.im/AlmasB/FXGL
17:25:44.387 [JavaFX Application Thread] DEBUG MainWindow           - Creating a JavaFX scene
17:25:44.439 [JavaFX Application Thread] DEBUG MainWindow           - Target settings size: 1280.0 x 720.0
17:25:44.439 [JavaFX Application Thread] DEBUG MainWindow           - Scaled scene size:    1280.0 x 720.0
17:25:44.439 [JavaFX Application Thread] DEBUG MainWindow           - Scaled ratio: (1.0, 1.0)
17:25:44.440 [JavaFX Application Thread] DEBUG MainWindow           - Set initial scene to FXGLStartupScene
17:25:44.446 [JavaFX Application Thread] DEBUG MainWindow           - Opening main window
17:25:44.532 [JavaFX Application Thread] DEBUG MainWindow           - Window border size: (16.0, 39.0)
17:25:44.533 [JavaFX Application Thread] DEBUG MainWindow           - Scaled size: 1280.0 x 720.0
17:25:44.533 [JavaFX Application Thread] DEBUG MainWindow           - Scaled ratio: (1.0, 1.0)
17:25:44.533 [JavaFX Application Thread] DEBUG MainWindow           - Scene size: 1280.0 x 720.0
17:25:44.534 [JavaFX Application Thread] DEBUG MainWindow           - Stage size: 1296.0 x 759.0
17:25:44.540 [FXGL Background Thread 1 ] DEBUG Engine               - Initializing environment variables
17:25:44.562 [FXGL Background Thread 1 ] DEBUG WindowService        - Applying CSS: fxgl_dark.css
17:25:44.562 [FXGL Background Thread 1 ] DEBUG AssetLoaderService   - Loading from file system: /assets/ui/css/fxgl_dark.css
17:25:44.614 [FXGL Background Thread 1 ] DEBUG WindowService        - Initializing application scenes
17:25:44.662 [FXGL Background Thread 1 ] DEBUG GameWorld            - Game world initialized
17:25:44.709 [FXGL Background Thread 1 ] DEBUG PhysicsWorld         - Physics world initialized: appHeight=720, physics.ppm=50.0
17:25:44.711 [FXGL Background Thread 1 ] DEBUG GameScene            - Game scene initialized: 1280x720
17:25:44.737 [FXGL Background Thread 1 ] DEBUG AssetLoaderService   - Loading from file system: /assets/textures/particles/trace_horizontal.png
17:25:44.788 [FXGL Background Thread 1 ] DEBUG FXGL.DefaultMenu     - createMenuBodyGameMenu()
17:25:44.802 [FXGL Background Thread 1 ] DEBUG FXGL.DefaultMenu     - createOptionsMenu()
17:25:44.805 [FXGL Background Thread 1 ] DEBUG AssetLoaderService   - Loading from file system: /assets/textures/particles/smoke.png
17:25:44.855 [FXGL Background Thread 1 ] DEBUG WindowService        - Application scenes initialized
17:25:44.867 [FXGL Background Thread 1 ] DEBUG SystemBundleService  - Loading FXGL system data
17:25:44.870 [FXGL Background Thread 1 ] DEBUG FileSystemAccess     - Reading from: D:\CodeGym\casestudy02\system\fxgl.bundle
17:25:44.876 [FXGL Background Thread 1 ] DEBUG SystemBundleService  - Bundle FXGL: {}
17:25:44.876 [FXGL Background Thread 1 ] INFO  Engine               - FXGL initialization took: 0.334 sec
17:25:44.878 [FXGL Background Thread 1 ] DEBUG GameApplication      - Loading localizations
17:25:44.879 [FXGL Background Thread 1 ] DEBUG AssetLoaderService   - Loading from file system: /assets/languages/english.lang
17:25:44.892 [FXGL Background Thread 1 ] DEBUG AssetLoaderService   - Loading from file system: /assets/languages/french.lang
17:25:44.894 [FXGL Background Thread 1 ] DEBUG AssetLoaderService   - Loading from file system: /assets/languages/german.lang
17:25:44.896 [FXGL Background Thread 1 ] DEBUG AssetLoaderService   - Loading from file system: /assets/languages/hungarian.lang
17:25:44.898 [FXGL Background Thread 1 ] DEBUG AssetLoaderService   - Loading from file system: /assets/languages/russian.lang
17:25:44.900 [FXGL Background Thread 1 ] DEBUG GameApplication      - Registering font factories with UI factory
17:25:44.900 [FXGL Background Thread 1 ] DEBUG AssetLoaderService   - Loading from file system: /assets/ui/fonts/game_font_7.ttf
17:25:45.129 [FXGL Background Thread 1 ] DEBUG AssetLoaderService   - Loading from file system: /assets/ui/fonts/Abel-Regular.ttf
17:25:45.132 [FXGL Background Thread 1 ] DEBUG AssetLoaderService   - Loading from file system: /assets/ui/fonts/lucida_console.ttf
17:25:45.138 [FXGL Background Thread 1 ] DEBUG AssetLoaderService   - Loading from file system: /assets/ui/fonts/Courier-Prime.ttf
17:25:45.151 [JavaFX Application Thread] DEBUG Input                - Registered new binding: action0 - W
17:25:45.152 [JavaFX Application Thread] DEBUG Input                - Registered new binding: action1 - A
17:25:45.152 [JavaFX Application Thread] DEBUG Input                - Registered new binding: action2 - S
17:25:45.152 [JavaFX Application Thread] DEBUG Input                - Registered new binding: action3 - D
17:25:45.153 [JavaFX Application Thread] DEBUG Input                - Registered new binding: action4 - LMB
17:25:45.153 [JavaFX Application Thread] DEBUG AssetLoaderService   - Loading from file system: /assets/textures/explosion.png
17:25:45.273 [JavaFX Application Thread] DEBUG AssetLoaderService   - Loading from file system: /assets/music/bgm.mp3
17:25:45.379 [JavaFX Application Thread] DEBUG AudioPlayer          - Playing music com.almasb.fxgl.audio.Music@39fdda19
17:25:45.380 [JavaFX Application Thread] DEBUG AssetLoaderService   - Loading from file system: /assets/textures/fxgl_icon.png
17:25:45.388 [JavaFX Application Thread] DEBUG AssetLoaderService   - Loading from file system: /assets/ui/cursors/fxgl_default.png
17:25:45.390 [JavaFX Application Thread] DEBUG Input                - Registered new binding: Screenshot - P
17:25:45.390 [JavaFX Application Thread] DEBUG Input                - Registered new binding: System info dump - CTRL+9
17:25:45.390 [JavaFX Application Thread] DEBUG Input                - Registered new binding: Restart - CTRL+R
17:25:45.391 [JavaFX Application Thread] DEBUG LoopRunner           - Starting loop
17:25:45.400 [JavaFX Application Thread] DEBUG FXGLStartupScene     - STARTUP
17:25:45.400 [JavaFX Application Thread] DEBUG WindowService        - Starting new game
17:25:45.400 [JavaFX Application Thread] DEBUG Input                - Clearing active input actions
17:25:45.408 [JavaFX Application Thread] DEBUG WindowService        - Removing overlay from FXGLStartupScene and adding to FXGLLoadingScene
17:25:45.409 [JavaFX Application Thread] DEBUG MainWindow           - FXGLStartupScene -> FXGLLoadingScene
17:25:45.409 [JavaFX Application Thread] DEBUG WindowService        - Clearing previous game
17:25:45.409 [JavaFX Application Thread] DEBUG GameScene            - Clearing game scene
17:25:45.409 [JavaFX Application Thread] DEBUG GameWorld            - Clearing game world
17:25:45.409 [JavaFX Application Thread] DEBUG PhysicsWorld         - Clearing physics world
17:25:45.410 [FXGL Background Thread 1 ] DEBUG GameApplication      - Initializing game
17:25:45.431 [FXGL Background Thread 1 ] DEBUG AssetLoaderService   - Loading from file system: /assets/textures/Player.png
17:25:45.448 [FXGL Background Thread 1 ] INFO  GameApplication      - Game initialization took: 0.037 sec
17:25:45.593 [JavaFX Application Thread] DEBUG Input                - Clearing active input actions
17:25:45.600 [JavaFX Application Thread] DEBUG WindowService        - Removing overlay from FXGLLoadingScene and adding to GameScene
17:25:45.600 [JavaFX Application Thread] DEBUG MainWindow           - FXGLLoadingScene -> GameScene
17:25:45.604 [JavaFX Application Thread] DEBUG EventBus             - Firing event: javafx.event.Event[source=javafx.event.Event$$Lambda$112/0x000000080021f040@1516b69a]
17:25:45.605 [JavaFX Application Thread] DEBUG EventBus             - Firing event: javafx.event.Event[source=javafx.event.Event$$Lambda$112/0x000000080021f040@1516b69a]
17:25:46.407 [JavaFX Application Thread] DEBUG AssetLoaderService   - Loading from file system: /assets/sounds/shoot8.wav
17:25:46.413 [JavaFX Application Thread] DEBUG AssetLoaderService   - Loading from file system: /assets/textures/Bullet.png
17:25:47.139 [JavaFX Application Thread] DEBUG AssetLoaderService   - Loading from file system: /assets/textures/Wanderer.png
17:25:47.151 [JavaFX Application Thread] DEBUG AssetLoaderService   - Loading from file system: /assets/textures/wanderer_overlay.png
17:25:47.635 [JavaFX Application Thread] DEBUG AssetLoaderService   - Loading from file system: /assets/textures/Seeker.png
17:25:47.638 [JavaFX Application Thread] DEBUG AssetLoaderService   - Loading from cache: /assets/textures/Seeker.png@60.0x60.0
17:25:47.640 [JavaFX Application Thread] DEBUG AssetLoaderService   - Loading from file system: /assets/textures/Seeker_overlay.png
17:25:47.671 [JavaFX Application Thread] DEBUG AssetLoaderService   - Loading from file system: /assets/textures/Seeker_overlay.png
17:25:47.878 [FXGL Background Thread 2 ] DEBUG Engine               - Logging environment variables
17:25:47.878 [FXGL Background Thread 2 ] DEBUG Engine               - achievements: []
17:25:47.878 [FXGL Background Thread 2 ] DEBUG Engine               - appIcon: fxgl_icon.png
17:25:47.878 [FXGL Background Thread 2 ] DEBUG Engine               - applicationMode: DEVELOPER
17:25:47.879 [FXGL Background Thread 2 ] DEBUG Engine               - cSSList: [fxgl_dark.css]
17:25:47.879 [FXGL Background Thread 2 ] DEBUG Engine               - configClass: Optional[class geowars.GeoWarsConfig]
17:25:47.879 [FXGL Background Thread 2 ] DEBUG Engine               - credits: []
17:25:47.879 [FXGL Background Thread 2 ] DEBUG Engine               - devBBoxColorProperty: ObjectProperty [value: 0xff0000ff]
17:25:47.879 [FXGL Background Thread 2 ] DEBUG Engine               - devSensorColorProperty: ObjectProperty [value: 0xffff00ff]
17:25:47.879 [FXGL Background Thread 2 ] DEBUG Engine               - devShowBBoxProperty: BooleanProperty [value: false]
17:25:47.879 [FXGL Background Thread 2 ] DEBUG Engine               - devShowPositionProperty: BooleanProperty [value: false]
17:25:47.879 [FXGL Background Thread 2 ] DEBUG Engine               - enabledMenuItems: []
17:25:47.879 [FXGL Background Thread 2 ] DEBUG Engine               - engineServices: [class com.almasb.fxgl.app.GameApplication$GameApplicationService, class com.almasb.fxgl.app.services.WindowService, class com.almasb.fxgl.app.services.FXGLDialogService, class com.almasb.fxgl.app.services.IOTaskExecutorService, class com.almasb.fxgl.event.EventBusService, class com.almasb.fxgl.io.FileSystemService, class com.almasb.fxgl.localization.LocalizationService, class com.almasb.fxgl.app.services.AssetLoaderService, class com.almasb.fxgl.app.services.SystemBundleService, class com.almasb.fxgl.profile.SaveLoadService, class com.almasb.fxgl.ui.FXGLUIFactoryServiceProvider, class com.almasb.fxgl.ui.FXGLDialogFactoryServiceProvider, class com.almasb.fxgl.audio.AudioPlayer, class com.almasb.fxgl.notification.impl.NotificationServiceProvider, class com.almasb.fxgl.achievement.AchievementService, class com.almasb.fxgl.cutscene.CutsceneService, class com.almasb.fxgl.minigames.MiniGameService, class com.almasb.fxgl.net.NetService, class com.almasb.fxgl.app.services.UpdaterService, class com.almasb.fxgl.dev.DevService]
17:25:47.879 [FXGL Background Thread 2 ] DEBUG Engine               - fontGame: Abel-Regular.ttf
17:25:47.880 [FXGL Background Thread 2 ] DEBUG Engine               - fontMono: lucida_console.ttf
17:25:47.880 [FXGL Background Thread 2 ] DEBUG Engine               - fontText: Courier-Prime.ttf
17:25:47.880 [FXGL Background Thread 2 ] DEBUG Engine               - fontUI: game_font_7.ttf
17:25:47.880 [FXGL Background Thread 2 ] DEBUG Engine               - fullScreen: BooleanProperty [value: false]
17:25:47.880 [FXGL Background Thread 2 ] DEBUG Engine               - gameDifficulty: MEDIUM
17:25:47.880 [FXGL Background Thread 2 ] DEBUG Engine               - gameDifficultyProperty: ObjectProperty [value: MEDIUM]
17:25:47.880 [FXGL Background Thread 2 ] DEBUG Engine               - globalMusicVolume: 0.5
17:25:47.880 [FXGL Background Thread 2 ] DEBUG Engine               - globalMusicVolumeProperty: DoubleProperty [value: 0.2]
17:25:47.880 [FXGL Background Thread 2 ] DEBUG Engine               - globalSoundVolume: 0.5
17:25:47.880 [FXGL Background Thread 2 ] DEBUG Engine               - globalSoundVolumeProperty: DoubleProperty [value: 0.2]
17:25:47.880 [FXGL Background Thread 2 ] DEBUG Engine               - height: 720
17:25:47.880 [FXGL Background Thread 2 ] DEBUG Engine               - isAndroid: false
17:25:47.880 [FXGL Background Thread 2 ] DEBUG Engine               - isBrowser: false
17:25:47.880 [FXGL Background Thread 2 ] DEBUG Engine               - isClickFeedbackEnabled: false
17:25:47.880 [FXGL Background Thread 2 ] DEBUG Engine               - isCloseConfirmation: false
17:25:47.880 [FXGL Background Thread 2 ] DEBUG Engine               - isDesktop: true
17:25:47.880 [FXGL Background Thread 2 ] DEBUG Engine               - isDeveloperMenuEnabled: false
17:25:47.880 [FXGL Background Thread 2 ] DEBUG Engine               - isExperimentalNative: false
17:25:47.880 [FXGL Background Thread 2 ] DEBUG Engine               - isExperimentalTiledLargeMap: false
17:25:47.880 [FXGL Background Thread 2 ] DEBUG Engine               - isFullScreenAllowed: false
17:25:47.881 [FXGL Background Thread 2 ] DEBUG Engine               - isFullScreenFromStart: false
17:25:47.881 [FXGL Background Thread 2 ] DEBUG Engine               - isGameMenuEnabled: true
17:25:47.881 [FXGL Background Thread 2 ] DEBUG Engine               - isIOS: false
17:25:47.881 [FXGL Background Thread 2 ] DEBUG Engine               - isIntroEnabled: false
17:25:47.881 [FXGL Background Thread 2 ] DEBUG Engine               - isLinux: false
17:25:47.881 [FXGL Background Thread 2 ] DEBUG Engine               - isMac: false
17:25:47.881 [FXGL Background Thread 2 ] DEBUG Engine               - isMainMenuEnabled: false
17:25:47.881 [FXGL Background Thread 2 ] DEBUG Engine               - isManualResizeEnabled: true
17:25:47.881 [FXGL Background Thread 2 ] DEBUG Engine               - isMobile: false
17:25:47.881 [FXGL Background Thread 2 ] DEBUG Engine               - isPreserveResizeRatio: false
17:25:47.881 [FXGL Background Thread 2 ] DEBUG Engine               - isProfilingEnabled: false
17:25:47.881 [FXGL Background Thread 2 ] DEBUG Engine               - isSingleStep: false
17:25:47.881 [FXGL Background Thread 2 ] DEBUG Engine               - isUserProfileEnabled: false
17:25:47.881 [FXGL Background Thread 2 ] DEBUG Engine               - isWindows: true
17:25:47.881 [FXGL Background Thread 2 ] DEBUG Engine               - language: ObjectProperty [value: ENGLISH]
17:25:47.881 [FXGL Background Thread 2 ] DEBUG Engine               - mainWindow: com.almasb.fxgl.app.MainWindow@5beec833
17:25:47.881 [FXGL Background Thread 2 ] DEBUG Engine               - menuKey: ESCAPE
17:25:47.882 [FXGL Background Thread 2 ] DEBUG Engine               - notificationViewClass: class com.almasb.fxgl.notification.view.XboxNotificationView
17:25:47.882 [FXGL Background Thread 2 ] DEBUG Engine               - pixelsPerMeter: 50.0
17:25:47.882 [FXGL Background Thread 2 ] DEBUG Engine               - platform: WINDOWS
17:25:47.882 [FXGL Background Thread 2 ] DEBUG Engine               - profileDir: profiles/
17:25:47.882 [FXGL Background Thread 2 ] DEBUG Engine               - profileName: StringProperty [value: DEFAULT]
17:25:47.882 [FXGL Background Thread 2 ] DEBUG Engine               - randomSeed: -1
17:25:47.882 [FXGL Background Thread 2 ] DEBUG Engine               - runtimeInfo: RuntimeInfo(platform=WINDOWS, version=11.9, build=27.05.2020 17.06)
17:25:47.882 [FXGL Background Thread 2 ] DEBUG Engine               - saveFileExt: sav
17:25:47.882 [FXGL Background Thread 2 ] DEBUG Engine               - sceneFactory: com.almasb.fxgl.app.scene.SceneFactory@102aec99
17:25:47.882 [FXGL Background Thread 2 ] DEBUG Engine               - secondsIn24h: 60
17:25:47.882 [FXGL Background Thread 2 ] DEBUG Engine               - settings: Title: FXGL Geometry Wars
Version: 1.1.0
Width: 1280
Height: 720
Fullscreen: false
Intro: false
Profiling: false
Single step:false
App Mode: DEVELOPER
Menu Key: ESCAPE
Stage Style: DECORATED
Scene Factory: class com.almasb.fxgl.app.scene.SceneFactory

17:25:47.882 [FXGL Background Thread 2 ] DEBUG Engine               - soundMenuBack: menu/back.wav
17:25:47.882 [FXGL Background Thread 2 ] DEBUG Engine               - soundMenuPress: menu/press.wav
17:25:47.882 [FXGL Background Thread 2 ] DEBUG Engine               - soundMenuSelect: menu/select.wav
17:25:47.882 [FXGL Background Thread 2 ] DEBUG Engine               - soundNotification: core/notification.wav
17:25:47.882 [FXGL Background Thread 2 ] DEBUG Engine               - stageStyle: DECORATED
17:25:47.882 [FXGL Background Thread 2 ] DEBUG Engine               - supportedLanguages: [ENGLISH, FRENCH, GERMAN, HUNGARIAN, RUSSIAN]
17:25:47.883 [FXGL Background Thread 2 ] DEBUG Engine               - title: FXGL Geometry Wars
17:25:47.883 [FXGL Background Thread 2 ] DEBUG Engine               - urlGithub: https://github.com/AlmasB/FXGL
17:25:47.883 [FXGL Background Thread 2 ] DEBUG Engine               - urlLeaderboard: http://fxgl-top.herokuapp.com/
17:25:47.883 [FXGL Background Thread 2 ] DEBUG Engine               - urlPOM: https://raw.githubusercontent.com/AlmasB/FXGL/master/pom.xml
17:25:47.883 [FXGL Background Thread 2 ] DEBUG Engine               - version: 1.1.0
17:25:47.883 [FXGL Background Thread 2 ] DEBUG Engine               - versionCheckDays: 7
17:25:47.883 [FXGL Background Thread 2 ] DEBUG Engine               - width: 1280
17:25:47.883 [FXGL Background Thread 2 ] DEBUG Engine               - Logging services
17:25:47.883 [FXGL Background Thread 2 ] DEBUG Engine               - class com.almasb.fxgl.app.GameApplication$GameApplicationService
17:25:47.883 [FXGL Background Thread 2 ] DEBUG Engine               - class com.almasb.fxgl.app.services.WindowService
17:25:47.883 [FXGL Background Thread 2 ] DEBUG Engine               - class com.almasb.fxgl.app.services.FXGLDialogService
17:25:47.883 [FXGL Background Thread 2 ] DEBUG Engine               - class com.almasb.fxgl.app.services.IOTaskExecutorService
17:25:47.883 [FXGL Background Thread 2 ] DEBUG Engine               - class com.almasb.fxgl.event.EventBusService
17:25:47.883 [FXGL Background Thread 2 ] DEBUG Engine               - class com.almasb.fxgl.io.FileSystemService
17:25:47.883 [FXGL Background Thread 2 ] DEBUG Engine               - class com.almasb.fxgl.localization.LocalizationService
17:25:47.883 [FXGL Background Thread 2 ] DEBUG Engine               - class com.almasb.fxgl.app.services.AssetLoaderService
17:25:47.883 [FXGL Background Thread 2 ] DEBUG Engine               - class com.almasb.fxgl.app.services.SystemBundleService
17:25:47.883 [FXGL Background Thread 2 ] DEBUG Engine               - class com.almasb.fxgl.profile.SaveLoadService
17:25:47.883 [FXGL Background Thread 2 ] DEBUG Engine               - class com.almasb.fxgl.ui.FXGLUIFactoryServiceProvider
17:25:47.883 [FXGL Background Thread 2 ] DEBUG Engine               - class com.almasb.fxgl.ui.FXGLDialogFactoryServiceProvider
17:25:47.883 [FXGL Background Thread 2 ] DEBUG Engine               - class com.almasb.fxgl.audio.AudioPlayer
17:25:47.883 [FXGL Background Thread 2 ] DEBUG Engine               - class com.almasb.fxgl.notification.impl.NotificationServiceProvider
17:25:47.883 [FXGL Background Thread 2 ] DEBUG Engine               - class com.almasb.fxgl.achievement.AchievementService
17:25:47.883 [FXGL Background Thread 2 ] DEBUG Engine               - class com.almasb.fxgl.cutscene.CutsceneService
17:25:47.883 [FXGL Background Thread 2 ] DEBUG Engine               - class com.almasb.fxgl.minigames.MiniGameService
17:25:47.884 [FXGL Background Thread 2 ] DEBUG Engine               - class com.almasb.fxgl.net.NetService
17:25:47.884 [FXGL Background Thread 2 ] DEBUG Engine               - class com.almasb.fxgl.app.services.UpdaterService
17:25:47.884 [FXGL Background Thread 2 ] DEBUG Engine               - class com.almasb.fxgl.dev.DevService
17:25:47.907 [JavaFX Application Thread] DEBUG AssetLoaderService   - Loading from file system: /assets/sounds/shoot5.wav
17:25:47.909 [JavaFX Application Thread] DEBUG AssetLoaderService   - Loading from cache: /assets/textures/Bullet.png
17:25:48.019 [JavaFX Application Thread] DEBUG AssetLoaderService   - Loading from file system: /assets/sounds/shoot7.wav
17:25:48.021 [JavaFX Application Thread] DEBUG AssetLoaderService   - Loading from cache: /assets/textures/Bullet.png
17:25:48.147 [JavaFX Application Thread] DEBUG AssetLoaderService   - Loading from file system: /assets/sounds/shoot1.wav
17:25:48.149 [JavaFX Application Thread] DEBUG AssetLoaderService   - Loading from cache: /assets/textures/Bullet.png
17:25:48.260 [JavaFX Application Thread] DEBUG AssetLoaderService   - Loading from cache: /assets/sounds/shoot8.wav
17:25:48.260 [JavaFX Application Thread] DEBUG AssetLoaderService   - Loading from cache: /assets/textures/Bullet.png
17:25:48.371 [JavaFX Application Thread] DEBUG AssetLoaderService   - Loading from cache: /assets/sounds/shoot8.wav
17:25:48.372 [JavaFX Application Thread] DEBUG AssetLoaderService   - Loading from cache: /assets/textures/Bullet.png
17:25:48.483 [JavaFX Application Thread] DEBUG AssetLoaderService   - Loading from cache: /assets/sounds/shoot7.wav
17:25:48.483 [JavaFX Application Thread] DEBUG AssetLoaderService   - Loading from cache: /assets/textures/Bullet.png
17:25:48.611 [JavaFX Application Thread] DEBUG AssetLoaderService   - Loading from file system: /assets/sounds/shoot6.wav
17:25:48.613 [JavaFX Application Thread] DEBUG AssetLoaderService   - Loading from cache: /assets/textures/Bullet.png
17:25:48.643 [JavaFX Application Thread] DEBUG AssetLoaderService   - Loading from cache: /assets/textures/Wanderer.png@80.0x80.0
17:25:48.645 [JavaFX Application Thread] DEBUG AssetLoaderService   - Loading from cache: /assets/textures/wanderer_overlay.png@80.0x80.0
17:25:48.723 [JavaFX Application Thread] DEBUG AssetLoaderService   - Loading from cache: /assets/sounds/shoot1.wav
17:25:48.723 [JavaFX Application Thread] DEBUG AssetLoaderService   - Loading from cache: /assets/textures/Bullet.png
17:25:48.835 [JavaFX Application Thread] DEBUG AssetLoaderService   - Loading from cache: /assets/sounds/shoot6.wav
17:25:48.835 [JavaFX Application Thread] DEBUG AssetLoaderService   - Loading from cache: /assets/textures/Bullet.png
17:25:48.836 [JavaFX Application Thread] DEBUG AssetLoaderService   - Loading from cache: /assets/textures/explosion.png@3840.0x80.0
17:25:48.840 [JavaFX Application Thread] DEBUG AssetLoaderService   - Loading from file system: /assets/textures/particles/circle_05.png
17:25:48.851 [JavaFX Application Thread] DEBUG AssetLoaderService   - Loading from file system: /assets/sounds/explosion-04.wav
17:25:48.853 [JavaFX Application Thread] DEBUG AssetLoaderService   - Loading from file system: /assets/textures/YellowCrystal.png
17:25:49.011 [JavaFX Application Thread] DEBUG AssetLoaderService   - Loading from file system: /assets/sounds/shoot4.wav
17:25:49.013 [JavaFX Application Thread] DEBUG AssetLoaderService   - Loading from cache: /assets/textures/Bullet.png
17:25:49.123 [JavaFX Application Thread] DEBUG AssetLoaderService   - Loading from file system: /assets/sounds/shoot3.wav
17:25:49.125 [JavaFX Application Thread] DEBUG AssetLoaderService   - Loading from cache: /assets/textures/Bullet.png
17:25:49.235 [JavaFX Application Thread] DEBUG AssetLoaderService   - Loading from cache: /assets/sounds/shoot5.wav
17:25:49.235 [JavaFX Application Thread] DEBUG AssetLoaderService   - Loading from cache: /assets/textures/Bullet.png
17:25:49.363 [JavaFX Application Thread] DEBUG AssetLoaderService   - Loading from cache: /assets/sounds/shoot3.wav
17:25:49.363 [JavaFX Application Thread] DEBUG AssetLoaderService   - Loading from cache: /assets/textures/Bullet.png
17:25:49.366 [JavaFX Application Thread] DEBUG AssetLoaderService   - Loading from cache: /assets/textures/explosion.png@3840.0x80.0
17:25:49.367 [JavaFX Application Thread] DEBUG AssetLoaderService   - Loading from cache: /assets/textures/particles/circle_05.png@32.0x32.0
17:25:49.367 [JavaFX Application Thread] DEBUG AssetLoaderService   - Loading from file system: /assets/sounds/explosion-07.wav
17:25:49.370 [JavaFX Application Thread] DEBUG AssetLoaderService   - Loading from cache: /assets/textures/YellowCrystal.png
17:25:49.491 [JavaFX Application Thread] DEBUG AssetLoaderService   - Loading from cache: /assets/sounds/shoot4.wav
17:25:49.491 [JavaFX Application Thread] DEBUG AssetLoaderService   - Loading from cache: /assets/textures/Bullet.png
17:25:49.619 [JavaFX Application Thread] DEBUG AssetLoaderService   - Loading from cache: /assets/sounds/shoot4.wav
17:25:49.620 [JavaFX Application Thread] DEBUG AssetLoaderService   - Loading from cache: /assets/textures/Bullet.png
17:25:49.747 [JavaFX Application Thread] DEBUG AssetLoaderService   - Loading from cache: /assets/textures/Seeker.png@60.0x60.0
17:25:49.748 [JavaFX Application Thread] DEBUG AssetLoaderService   - Loading from cache: /assets/textures/Seeker.png@60.0x60.0
17:25:49.748 [JavaFX Application Thread] DEBUG AssetLoaderService   - Loading from cache: /assets/textures/Seeker_overlay.png
17:25:49.762 [JavaFX Application Thread] DEBUG AssetLoaderService   - Loading from cache: /assets/textures/Seeker_overlay.png@60.0x60.0
17:25:49.988 [JavaFX Application Thread] DEBUG AssetLoaderService   - Loading from cache: /assets/textures/explosion.png@3840.0x80.0
17:25:49.988 [JavaFX Application Thread] DEBUG AssetLoaderService   - Loading from cache: /assets/textures/particles/circle_05.png@32.0x32.0
17:25:49.988 [JavaFX Application Thread] DEBUG AssetLoaderService   - Loading from cache: /assets/sounds/explosion-07.wav
17:25:49.989 [JavaFX Application Thread] DEBUG AssetLoaderService   - Loading from cache: /assets/textures/YellowCrystal.png
17:25:50.259 [JavaFX Application Thread] DEBUG AssetLoaderService   - Loading from cache: /assets/textures/Wanderer.png@80.0x80.0
17:25:50.266 [JavaFX Application Thread] DEBUG AssetLoaderService   - Loading from cache: /assets/textures/wanderer_overlay.png@80.0x80.0
17:25:50.739 [JavaFX Application Thread] DEBUG AssetLoaderService   - Loading from file system: /assets/textures/Bouncer.png
17:25:50.932 [JavaFX Application Thread] DEBUG AssetLoaderService   - Loading from cache: /assets/sounds/shoot4.wav
17:25:50.933 [JavaFX Application Thread] DEBUG AssetLoaderService   - Loading from cache: /assets/textures/Bullet.png
17:25:50.933 [JavaFX Application Thread] DEBUG AssetLoaderService   - Loading from cache: /assets/sounds/shoot1.wav
17:25:50.933 [JavaFX Application Thread] DEBUG AssetLoaderService   - Loading from cache: /assets/textures/Bullet.png
17:25:50.934 [JavaFX Application Thread] DEBUG AssetLoaderService   - Loading from cache: /assets/sounds/shoot7.wav
17:25:50.934 [JavaFX Application Thread] DEBUG AssetLoaderService   - Loading from cache: /assets/textures/Bullet.png
17:25:51.059 [JavaFX Application Thread] DEBUG AssetLoaderService   - Loading from cache: /assets/sounds/shoot7.wav
17:25:51.059 [JavaFX Application Thread] DEBUG AssetLoaderService   - Loading from cache: /assets/textures/Bullet.png
17:25:51.060 [JavaFX Application Thread] DEBUG AssetLoaderService   - Loading from cache: /assets/sounds/shoot1.wav
17:25:51.060 [JavaFX Application Thread] DEBUG AssetLoaderService   - Loading from cache: /assets/textures/Bullet.png
17:25:51.060 [JavaFX Application Thread] DEBUG AssetLoaderService   - Loading from cache: /assets/sounds/shoot3.wav
17:25:51.061 [JavaFX Application Thread] DEBUG AssetLoaderService   - Loading from cache: /assets/textures/Bullet.png
17:25:51.171 [JavaFX Application Thread] DEBUG AssetLoaderService   - Loading from cache: /assets/sounds/shoot5.wav
17:25:51.171 [JavaFX Application Thread] DEBUG AssetLoaderService   - Loading from cache: /assets/textures/Bullet.png
17:25:51.172 [JavaFX Application Thread] DEBUG AssetLoaderService   - Loading from cache: /assets/sounds/shoot5.wav
17:25:51.172 [JavaFX Application Thread] DEBUG AssetLoaderService   - Loading from cache: /assets/textures/Bullet.png
17:25:51.172 [JavaFX Application Thread] DEBUG AssetLoaderService   - Loading from cache: /assets/sounds/shoot4.wav
17:25:51.172 [JavaFX Application Thread] DEBUG AssetLoaderService   - Loading from cache: /assets/textures/Bullet.png
17:25:51.283 [JavaFX Application Thread] DEBUG AssetLoaderService   - Loading from cache: /assets/sounds/shoot8.wav
17:25:51.283 [JavaFX Application Thread] DEBUG AssetLoaderService   - Loading from cache: /assets/textures/Bullet.png
17:25:51.283 [JavaFX Application Thread] DEBUG AssetLoaderService   - Loading from cache: /assets/sounds/shoot7.wav
17:25:51.284 [JavaFX Application Thread] DEBUG AssetLoaderService   - Loading from cache: /assets/textures/Bullet.png
17:25:51.284 [JavaFX Application Thread] DEBUG AssetLoaderService   - Loading from cache: /assets/sounds/shoot6.wav
17:25:51.284 [JavaFX Application Thread] DEBUG AssetLoaderService   - Loading from cache: /assets/textures/Bullet.png
17:25:51.411 [JavaFX Application Thread] DEBUG AssetLoaderService   - Loading from cache: /assets/sounds/shoot1.wav
17:25:51.411 [JavaFX Application Thread] DEBUG AssetLoaderService   - Loading from cache: /assets/textures/Bullet.png
17:25:51.411 [JavaFX Application Thread] DEBUG AssetLoaderService   - Loading from cache: /assets/sounds/shoot4.wav
17:25:51.412 [JavaFX Application Thread] DEBUG AssetLoaderService   - Loading from cache: /assets/textures/Bullet.png
17:25:51.412 [JavaFX Application Thread] DEBUG AssetLoaderService   - Loading from cache: /assets/sounds/shoot1.wav
17:25:51.412 [JavaFX Application Thread] DEBUG AssetLoaderService   - Loading from cache: /assets/textures/Bullet.png
17:25:51.749 [JavaFX Application Thread] DEBUG AssetLoaderService   - Loading from cache: /assets/textures/Wanderer.png@80.0x80.0
17:25:51.750 [JavaFX Application Thread] DEBUG AssetLoaderService   - Loading from cache: /assets/textures/wanderer_overlay.png@80.0x80.0
17:25:51.751 [JavaFX Application Thread] DEBUG AssetLoaderService   - Loading from file system: /assets/textures/RedSeeker.png
17:25:51.755 [JavaFX Application Thread] DEBUG AssetLoaderService   - Loading from cache: /assets/textures/Seeker.png@60.0x60.0
17:25:51.756 [JavaFX Application Thread] DEBUG AssetLoaderService   - Loading from cache: /assets/textures/Seeker_overlay.png
17:25:51.767 [JavaFX Application Thread] DEBUG AssetLoaderService   - Loading from cache: /assets/textures/Seeker_overlay.png@60.0x60.0
17:25:52.531 [JavaFX Application Thread] DEBUG AssetLoaderService   - Loading from cache: /assets/sounds/shoot5.wav
17:25:52.531 [JavaFX Application Thread] DEBUG AssetLoaderService   - Loading from cache: /assets/textures/Bullet.png
17:25:52.532 [JavaFX Application Thread] DEBUG AssetLoaderService   - Loading from cache: /assets/sounds/shoot1.wav
17:25:52.532 [JavaFX Application Thread] DEBUG AssetLoaderService   - Loading from cache: /assets/textures/Bullet.png
17:25:52.532 [JavaFX Application Thread] DEBUG AssetLoaderService   - Loading from cache: /assets/sounds/shoot3.wav
17:25:52.532 [JavaFX Application Thread] DEBUG AssetLoaderService   - Loading from cache: /assets/textures/Bullet.png
17:25:52.659 [JavaFX Application Thread] DEBUG AssetLoaderService   - Loading from cache: /assets/sounds/shoot5.wav
17:25:52.659 [JavaFX Application Thread] DEBUG AssetLoaderService   - Loading from cache: /assets/textures/Bullet.png
17:25:52.659 [JavaFX Application Thread] DEBUG AssetLoaderService   - Loading from cache: /assets/sounds/shoot4.wav
17:25:52.659 [JavaFX Application Thread] DEBUG AssetLoaderService   - Loading from cache: /assets/textures/Bullet.png
17:25:52.659 [JavaFX Application Thread] DEBUG AssetLoaderService   - Loading from cache: /assets/sounds/shoot1.wav
17:25:52.659 [JavaFX Application Thread] DEBUG AssetLoaderService   - Loading from cache: /assets/textures/Bullet.png
17:25:52.771 [JavaFX Application Thread] DEBUG AssetLoaderService   - Loading from file system: /assets/sounds/shoot2.wav
17:25:52.773 [JavaFX Application Thread] DEBUG AssetLoaderService   - Loading from cache: /assets/textures/Bullet.png
17:25:52.773 [JavaFX Application Thread] DEBUG AssetLoaderService   - Loading from cache: /assets/sounds/shoot1.wav
17:25:52.773 [JavaFX Application Thread] DEBUG AssetLoaderService   - Loading from cache: /assets/textures/Bullet.png
17:25:52.773 [JavaFX Application Thread] DEBUG AssetLoaderService   - Loading from cache: /assets/sounds/shoot1.wav
17:25:52.773 [JavaFX Application Thread] DEBUG AssetLoaderService   - Loading from cache: /assets/textures/Bullet.png
17:25:52.836 [JavaFX Application Thread] DEBUG AssetLoaderService   - Loading from cache: /assets/textures/explosion.png@3840.0x80.0
17:25:52.836 [JavaFX Application Thread] DEBUG AssetLoaderService   - Loading from cache: /assets/textures/particles/circle_05.png@32.0x32.0
17:25:52.836 [JavaFX Application Thread] DEBUG AssetLoaderService   - Loading from cache: /assets/sounds/explosion-07.wav
17:25:52.837 [JavaFX Application Thread] DEBUG AssetLoaderService   - Loading from cache: /assets/textures/YellowCrystal.png
17:25:52.883 [JavaFX Application Thread] DEBUG AssetLoaderService   - Loading from cache: /assets/sounds/shoot8.wav
17:25:52.883 [JavaFX Application Thread] DEBUG AssetLoaderService   - Loading from cache: /assets/textures/Bullet.png
17:25:52.883 [JavaFX Application Thread] DEBUG AssetLoaderService   - Loading from cache: /assets/sounds/shoot3.wav
17:25:52.883 [JavaFX Application Thread] DEBUG AssetLoaderService   - Loading from cache: /assets/textures/Bullet.png
17:25:52.884 [JavaFX Application Thread] DEBUG AssetLoaderService   - Loading from cache: /assets/sounds/shoot3.wav
17:25:52.884 [JavaFX Application Thread] DEBUG AssetLoaderService   - Loading from cache: /assets/textures/Bullet.png
17:25:53.269 [JavaFX Application Thread] DEBUG AssetLoaderService   - Loading from cache: /assets/sounds/shoot1.wav
17:25:53.269 [JavaFX Application Thread] DEBUG AssetLoaderService   - Loading from cache: /assets/textures/Bullet.png
17:25:53.269 [JavaFX Application Thread] DEBUG AssetLoaderService   - Loading from cache: /assets/sounds/shoot4.wav
17:25:53.269 [JavaFX Application Thread] DEBUG AssetLoaderService   - Loading from cache: /assets/textures/Bullet.png
17:25:53.269 [JavaFX Application Thread] DEBUG AssetLoaderService   - Loading from cache: /assets/sounds/shoot4.wav
17:25:53.269 [JavaFX Application Thread] DEBUG AssetLoaderService   - Loading from cache: /assets/textures/Bullet.png
17:25:53.269 [JavaFX Application Thread] DEBUG AssetLoaderService   - Loading from file system: /assets/textures/RedWanderer.png
17:25:53.274 [JavaFX Application Thread] DEBUG AssetLoaderService   - Loading from cache: /assets/textures/wanderer_overlay.png@80.0x80.0
17:25:53.395 [JavaFX Application Thread] DEBUG AssetLoaderService   - Loading from cache: /assets/sounds/shoot3.wav
17:25:53.395 [JavaFX Application Thread] DEBUG AssetLoaderService   - Loading from cache: /assets/textures/Bullet.png
17:25:53.396 [JavaFX Application Thread] DEBUG AssetLoaderService   - Loading from cache: /assets/sounds/shoot1.wav
17:25:53.396 [JavaFX Application Thread] DEBUG AssetLoaderService   - Loading from cache: /assets/textures/Bullet.png
17:25:53.396 [JavaFX Application Thread] DEBUG AssetLoaderService   - Loading from cache: /assets/sounds/shoot8.wav
17:25:53.396 [JavaFX Application Thread] DEBUG AssetLoaderService   - Loading from cache: /assets/textures/Bullet.png
17:25:53.507 [JavaFX Application Thread] DEBUG AssetLoaderService   - Loading from cache: /assets/sounds/shoot6.wav
17:25:53.507 [JavaFX Application Thread] DEBUG AssetLoaderService   - Loading from cache: /assets/textures/Bullet.png
17:25:53.507 [JavaFX Application Thread] DEBUG AssetLoaderService   - Loading from cache: /assets/sounds/shoot7.wav
17:25:53.507 [JavaFX Application Thread] DEBUG AssetLoaderService   - Loading from cache: /assets/textures/Bullet.png
17:25:53.508 [JavaFX Application Thread] DEBUG AssetLoaderService   - Loading from cache: /assets/sounds/shoot4.wav
17:25:53.508 [JavaFX Application Thread] DEBUG AssetLoaderService   - Loading from cache: /assets/textures/Bullet.png
17:25:53.619 [JavaFX Application Thread] DEBUG AssetLoaderService   - Loading from cache: /assets/sounds/shoot1.wav
17:25:53.619 [JavaFX Application Thread] DEBUG AssetLoaderService   - Loading from cache: /assets/textures/Bullet.png
17:25:53.620 [JavaFX Application Thread] DEBUG AssetLoaderService   - Loading from cache: /assets/sounds/shoot5.wav
17:25:53.620 [JavaFX Application Thread] DEBUG AssetLoaderService   - Loading from cache: /assets/textures/Bullet.png
17:25:53.620 [JavaFX Application Thread] DEBUG AssetLoaderService   - Loading from cache: /assets/sounds/shoot6.wav
17:25:53.620 [JavaFX Application Thread] DEBUG AssetLoaderService   - Loading from cache: /assets/textures/Bullet.png
17:25:53.731 [JavaFX Application Thread] DEBUG AssetLoaderService   - Loading from cache: /assets/sounds/shoot7.wav
17:25:53.731 [JavaFX Application Thread] DEBUG AssetLoaderService   - Loading from cache: /assets/textures/Bullet.png
17:25:53.732 [JavaFX Application Thread] DEBUG AssetLoaderService   - Loading from cache: /assets/sounds/shoot8.wav
17:25:53.732 [JavaFX Application Thread] DEBUG AssetLoaderService   - Loading from cache: /assets/textures/Bullet.png
17:25:53.732 [JavaFX Application Thread] DEBUG AssetLoaderService   - Loading from cache: /assets/sounds/shoot3.wav
17:25:53.732 [JavaFX Application Thread] DEBUG AssetLoaderService   - Loading from cache: /assets/textures/Bullet.png
17:25:53.764 [JavaFX Application Thread] DEBUG AssetLoaderService   - Loading from cache: /assets/textures/Seeker.png@60.0x60.0
17:25:53.764 [JavaFX Application Thread] DEBUG AssetLoaderService   - Loading from cache: /assets/textures/Seeker.png@60.0x60.0
17:25:53.765 [JavaFX Application Thread] DEBUG AssetLoaderService   - Loading from cache: /assets/textures/Seeker_overlay.png
17:25:53.775 [JavaFX Application Thread] DEBUG AssetLoaderService   - Loading from cache: /assets/textures/Seeker_overlay.png@60.0x60.0
17:25:54.019 [JavaFX Application Thread] DEBUG AssetLoaderService   - Loading from cache: /assets/sounds/shoot2.wav
17:25:54.019 [JavaFX Application Thread] DEBUG AssetLoaderService   - Loading from cache: /assets/textures/Bullet.png
17:25:54.019 [JavaFX Application Thread] DEBUG AssetLoaderService   - Loading from cache: /assets/sounds/shoot4.wav
17:25:54.019 [JavaFX Application Thread] DEBUG AssetLoaderService   - Loading from cache: /assets/textures/Bullet.png
17:25:54.019 [JavaFX Application Thread] DEBUG AssetLoaderService   - Loading from cache: /assets/sounds/shoot5.wav
17:25:54.020 [JavaFX Application Thread] DEBUG AssetLoaderService   - Loading from cache: /assets/textures/Bullet.png
17:25:54.068 [JavaFX Application Thread] DEBUG AssetLoaderService   - Loading from cache: /assets/textures/explosion.png@3840.0x80.0
17:25:54.068 [JavaFX Application Thread] DEBUG AssetLoaderService   - Loading from cache: /assets/textures/particles/circle_05.png@32.0x32.0
17:25:54.068 [JavaFX Application Thread] DEBUG AssetLoaderService   - Loading from file system: /assets/sounds/explosion-06.wav
17:25:54.070 [JavaFX Application Thread] DEBUG AssetLoaderService   - Loading from cache: /assets/textures/YellowCrystal.png
17:25:54.131 [JavaFX Application Thread] DEBUG AssetLoaderService   - Loading from cache: /assets/sounds/shoot3.wav
17:25:54.131 [JavaFX Application Thread] DEBUG AssetLoaderService   - Loading from cache: /assets/textures/Bullet.png
17:25:54.131 [JavaFX Application Thread] DEBUG AssetLoaderService   - Loading from cache: /assets/sounds/shoot5.wav
17:25:54.131 [JavaFX Application Thread] DEBUG AssetLoaderService   - Loading from cache: /assets/textures/Bullet.png
17:25:54.132 [JavaFX Application Thread] DEBUG AssetLoaderService   - Loading from cache: /assets/sounds/shoot5.wav
17:25:54.132 [JavaFX Application Thread] DEBUG AssetLoaderService   - Loading from cache: /assets/textures/Bullet.png
17:25:54.259 [JavaFX Application Thread] DEBUG AssetLoaderService   - Loading from cache: /assets/sounds/shoot2.wav
17:25:54.259 [JavaFX Application Thread] DEBUG AssetLoaderService   - Loading from cache: /assets/textures/Bullet.png
17:25:54.259 [JavaFX Application Thread] DEBUG AssetLoaderService   - Loading from cache: /assets/sounds/shoot1.wav
17:25:54.260 [JavaFX Application Thread] DEBUG AssetLoaderService   - Loading from cache: /assets/textures/Bullet.png
17:25:54.260 [JavaFX Application Thread] DEBUG AssetLoaderService   - Loading from cache: /assets/sounds/shoot4.wav
17:25:54.260 [JavaFX Application Thread] DEBUG AssetLoaderService   - Loading from cache: /assets/textures/Bullet.png
17:25:54.371 [JavaFX Application Thread] DEBUG AssetLoaderService   - Loading from cache: /assets/sounds/shoot2.wav
17:25:54.372 [JavaFX Application Thread] DEBUG AssetLoaderService   - Loading from cache: /assets/textures/Bullet.png
17:25:54.372 [JavaFX Application Thread] DEBUG AssetLoaderService   - Loading from cache: /assets/sounds/shoot3.wav
17:25:54.372 [JavaFX Application Thread] DEBUG AssetLoaderService   - Loading from cache: /assets/textures/Bullet.png
17:25:54.372 [JavaFX Application Thread] DEBUG AssetLoaderService   - Loading from cache: /assets/sounds/shoot7.wav
17:25:54.372 [JavaFX Application Thread] DEBUG AssetLoaderService   - Loading from cache: /assets/textures/Bullet.png
17:25:54.483 [JavaFX Application Thread] DEBUG AssetLoaderService   - Loading from cache: /assets/sounds/shoot8.wav
17:25:54.483 [JavaFX Application Thread] DEBUG AssetLoaderService   - Loading from cache: /assets/textures/Bullet.png
17:25:54.483 [JavaFX Application Thread] DEBUG AssetLoaderService   - Loading from cache: /assets/sounds/shoot5.wav
17:25:54.483 [JavaFX Application Thread] DEBUG AssetLoaderService   - Loading from cache: /assets/textures/Bullet.png
17:25:54.484 [JavaFX Application Thread] DEBUG AssetLoaderService   - Loading from cache: /assets/sounds/shoot1.wav
17:25:54.484 [JavaFX Application Thread] DEBUG AssetLoaderService   - Loading from cache: /assets/textures/Bullet.png
17:25:54.596 [JavaFX Application Thread] DEBUG AssetLoaderService   - Loading from cache: /assets/textures/explosion.png@3840.0x80.0
17:25:54.597 [JavaFX Application Thread] DEBUG AssetLoaderService   - Loading from cache: /assets/textures/particles/circle_05.png@32.0x32.0
17:25:54.597 [JavaFX Application Thread] DEBUG AssetLoaderService   - Loading from file system: /assets/sounds/explosion-01.wav
17:25:54.599 [JavaFX Application Thread] DEBUG AssetLoaderService   - Loading from cache: /assets/textures/YellowCrystal.png
17:25:54.771 [JavaFX Application Thread] DEBUG AssetLoaderService   - Loading from cache: /assets/textures/Wanderer.png@80.0x80.0
17:25:54.772 [JavaFX Application Thread] DEBUG AssetLoaderService   - Loading from cache: /assets/textures/wanderer_overlay.png@80.0x80.0
17:25:54.787 [JavaFX Application Thread] DEBUG AssetLoaderService   - Loading from cache: /assets/sounds/shoot7.wav
17:25:54.787 [JavaFX Application Thread] DEBUG AssetLoaderService   - Loading from cache: /assets/textures/Bullet.png
17:25:54.787 [JavaFX Application Thread] DEBUG AssetLoaderService   - Loading from cache: /assets/sounds/shoot5.wav
17:25:54.787 [JavaFX Application Thread] DEBUG AssetLoaderService   - Loading from cache: /assets/textures/Bullet.png
17:25:54.787 [JavaFX Application Thread] DEBUG AssetLoaderService   - Loading from cache: /assets/sounds/shoot2.wav
17:25:54.788 [JavaFX Application Thread] DEBUG AssetLoaderService   - Loading from cache: /assets/textures/Bullet.png
17:25:54.899 [JavaFX Application Thread] DEBUG AssetLoaderService   - Loading from cache: /assets/sounds/shoot8.wav
17:25:54.899 [JavaFX Application Thread] DEBUG AssetLoaderService   - Loading from cache: /assets/textures/Bullet.png
17:25:54.899 [JavaFX Application Thread] DEBUG AssetLoaderService   - Loading from cache: /assets/sounds/shoot1.wav
17:25:54.900 [JavaFX Application Thread] DEBUG AssetLoaderService   - Loading from cache: /assets/textures/Bullet.png
17:25:54.900 [JavaFX Application Thread] DEBUG AssetLoaderService   - Loading from cache: /assets/sounds/shoot2.wav
17:25:54.900 [JavaFX Application Thread] DEBUG AssetLoaderService   - Loading from cache: /assets/textures/Bullet.png
17:25:55.027 [JavaFX Application Thread] DEBUG AssetLoaderService   - Loading from cache: /assets/sounds/shoot5.wav
17:25:55.027 [JavaFX Application Thread] DEBUG AssetLoaderService   - Loading from cache: /assets/textures/Bullet.png
17:25:55.027 [JavaFX Application Thread] DEBUG AssetLoaderService   - Loading from cache: /assets/sounds/shoot5.wav
17:25:55.027 [JavaFX Application Thread] DEBUG AssetLoaderService   - Loading from cache: /assets/textures/Bullet.png
17:25:55.027 [JavaFX Application Thread] DEBUG AssetLoaderService   - Loading from cache: /assets/sounds/shoot7.wav
17:25:55.027 [JavaFX Application Thread] DEBUG AssetLoaderService   - Loading from cache: /assets/textures/Bullet.png
17:25:55.124 [JavaFX Application Thread] DEBUG AssetLoaderService   - Loading from cache: /assets/textures/explosion.png@3840.0x80.0
17:25:55.124 [JavaFX Application Thread] DEBUG AssetLoaderService   - Loading from cache: /assets/textures/particles/circle_05.png@32.0x32.0
17:25:55.124 [JavaFX Application Thread] DEBUG AssetLoaderService   - Loading from file system: /assets/sounds/explosion-03.wav
17:25:55.126 [JavaFX Application Thread] DEBUG AssetLoaderService   - Loading from cache: /assets/textures/YellowCrystal.png
17:25:55.139 [JavaFX Application Thread] DEBUG AssetLoaderService   - Loading from cache: /assets/sounds/shoot3.wav
17:25:55.139 [JavaFX Application Thread] DEBUG AssetLoaderService   - Loading from cache: /assets/textures/Bullet.png
17:25:55.139 [JavaFX Application Thread] DEBUG AssetLoaderService   - Loading from cache: /assets/sounds/shoot2.wav
17:25:55.139 [JavaFX Application Thread] DEBUG AssetLoaderService   - Loading from cache: /assets/textures/Bullet.png
17:25:55.139 [JavaFX Application Thread] DEBUG AssetLoaderService   - Loading from cache: /assets/sounds/shoot4.wav
17:25:55.139 [JavaFX Application Thread] DEBUG AssetLoaderService   - Loading from cache: /assets/textures/Bullet.png
17:25:55.251 [JavaFX Application Thread] DEBUG AssetLoaderService   - Loading from cache: /assets/sounds/shoot5.wav
17:25:55.251 [JavaFX Application Thread] DEBUG AssetLoaderService   - Loading from cache: /assets/textures/Bullet.png
17:25:55.251 [JavaFX Application Thread] DEBUG AssetLoaderService   - Loading from cache: /assets/sounds/shoot1.wav
17:25:55.251 [JavaFX Application Thread] DEBUG AssetLoaderService   - Loading from cache: /assets/textures/Bullet.png
17:25:55.251 [JavaFX Application Thread] DEBUG AssetLoaderService   - Loading from cache: /assets/sounds/shoot4.wav
17:25:55.251 [JavaFX Application Thread] DEBUG AssetLoaderService   - Loading from cache: /assets/textures/Bullet.png
17:25:55.747 [JavaFX Application Thread] DEBUG AssetLoaderService   - Loading from cache: /assets/textures/Bouncer.png@63.5x76.0
17:25:55.780 [JavaFX Application Thread] DEBUG AssetLoaderService   - Loading from cache: /assets/textures/Seeker.png@60.0x60.0
17:25:55.780 [JavaFX Application Thread] DEBUG AssetLoaderService   - Loading from cache: /assets/textures/Seeker.png@60.0x60.0
17:25:55.781 [JavaFX Application Thread] DEBUG AssetLoaderService   - Loading from cache: /assets/textures/Seeker_overlay.png
17:25:55.791 [JavaFX Application Thread] DEBUG AssetLoaderService   - Loading from cache: /assets/textures/Seeker_overlay.png@60.0x60.0
17:25:55.907 [JavaFX Application Thread] DEBUG AssetLoaderService   - Loading from cache: /assets/sounds/shoot7.wav
17:25:55.907 [JavaFX Application Thread] DEBUG AssetLoaderService   - Loading from cache: /assets/textures/Bullet.png
17:25:55.907 [JavaFX Application Thread] DEBUG AssetLoaderService   - Loading from cache: /assets/sounds/shoot1.wav
17:25:55.907 [JavaFX Application Thread] DEBUG AssetLoaderService   - Loading from cache: /assets/textures/Bullet.png
17:25:55.908 [JavaFX Application Thread] DEBUG AssetLoaderService   - Loading from cache: /assets/sounds/shoot7.wav
17:25:55.908 [JavaFX Application Thread] DEBUG AssetLoaderService   - Loading from cache: /assets/textures/Bullet.png
17:25:56.019 [JavaFX Application Thread] DEBUG AssetLoaderService   - Loading from cache: /assets/sounds/shoot1.wav
17:25:56.019 [JavaFX Application Thread] DEBUG AssetLoaderService   - Loading from cache: /assets/textures/Bullet.png
17:25:56.020 [JavaFX Application Thread] DEBUG AssetLoaderService   - Loading from cache: /assets/sounds/shoot1.wav
17:25:56.020 [JavaFX Application Thread] DEBUG AssetLoaderService   - Loading from cache: /assets/textures/Bullet.png
17:25:56.020 [JavaFX Application Thread] DEBUG AssetLoaderService   - Loading from cache: /assets/sounds/shoot4.wav
17:25:56.020 [JavaFX Application Thread] DEBUG AssetLoaderService   - Loading from cache: /assets/textures/Bullet.png
17:25:56.131 [JavaFX Application Thread] DEBUG AssetLoaderService   - Loading from cache: /assets/sounds/shoot3.wav
17:25:56.131 [JavaFX Application Thread] DEBUG AssetLoaderService   - Loading from cache: /assets/textures/Bullet.png
17:25:56.132 [JavaFX Application Thread] DEBUG AssetLoaderService   - Loading from cache: /assets/sounds/shoot4.wav
17:25:56.132 [JavaFX Application Thread] DEBUG AssetLoaderService   - Loading from cache: /assets/textures/Bullet.png
17:25:56.132 [JavaFX Application Thread] DEBUG AssetLoaderService   - Loading from cache: /assets/sounds/shoot6.wav
17:25:56.132 [JavaFX Application Thread] DEBUG AssetLoaderService   - Loading from cache: /assets/textures/Bullet.png
17:25:56.259 [JavaFX Application Thread] DEBUG AssetLoaderService   - Loading from cache: /assets/sounds/shoot3.wav
17:25:56.259 [JavaFX Application Thread] DEBUG AssetLoaderService   - Loading from cache: /assets/textures/Bullet.png
17:25:56.259 [JavaFX Application Thread] DEBUG AssetLoaderService   - Loading from cache: /assets/sounds/shoot4.wav
17:25:56.259 [JavaFX Application Thread] DEBUG AssetLoaderService   - Loading from cache: /assets/textures/Bullet.png
17:25:56.259 [JavaFX Application Thread] DEBUG AssetLoaderService   - Loading from cache: /assets/sounds/shoot2.wav
17:25:56.260 [JavaFX Application Thread] DEBUG AssetLoaderService   - Loading from cache: /assets/textures/Bullet.png
17:25:56.291 [JavaFX Application Thread] DEBUG AssetLoaderService   - Loading from cache: /assets/textures/Wanderer.png@80.0x80.0
17:25:56.292 [JavaFX Application Thread] DEBUG AssetLoaderService   - Loading from cache: /assets/textures/wanderer_overlay.png@80.0x80.0
17:25:56.340 [JavaFX Application Thread] DEBUG AssetLoaderService   - Loading from cache: /assets/textures/explosion.png@3840.0x80.0
17:25:56.340 [JavaFX Application Thread] DEBUG AssetLoaderService   - Loading from cache: /assets/textures/particles/circle_05.png@32.0x32.0
17:25:56.340 [JavaFX Application Thread] DEBUG AssetLoaderService   - Loading from file system: /assets/sounds/explosion-02.wav
17:25:56.342 [JavaFX Application Thread] DEBUG AssetLoaderService   - Loading from cache: /assets/textures/YellowCrystal.png
17:25:56.371 [JavaFX Application Thread] DEBUG AssetLoaderService   - Loading from cache: /assets/sounds/shoot7.wav
17:25:56.371 [JavaFX Application Thread] DEBUG AssetLoaderService   - Loading from cache: /assets/textures/Bullet.png
17:25:56.371 [JavaFX Application Thread] DEBUG AssetLoaderService   - Loading from cache: /assets/sounds/shoot8.wav
17:25:56.371 [JavaFX Application Thread] DEBUG AssetLoaderService   - Loading from cache: /assets/textures/Bullet.png
17:25:56.372 [JavaFX Application Thread] DEBUG AssetLoaderService   - Loading from cache: /assets/sounds/shoot5.wav
17:25:56.372 [JavaFX Application Thread] DEBUG AssetLoaderService   - Loading from cache: /assets/textures/Bullet.png
17:25:56.483 [JavaFX Application Thread] DEBUG AssetLoaderService   - Loading from cache: /assets/sounds/shoot2.wav
17:25:56.483 [JavaFX Application Thread] DEBUG AssetLoaderService   - Loading from cache: /assets/textures/Bullet.png
17:25:56.483 [JavaFX Application Thread] DEBUG AssetLoaderService   - Loading from cache: /assets/sounds/shoot1.wav
17:25:56.483 [JavaFX Application Thread] DEBUG AssetLoaderService   - Loading from cache: /assets/textures/Bullet.png
17:25:56.484 [JavaFX Application Thread] DEBUG AssetLoaderService   - Loading from cache: /assets/sounds/shoot2.wav
17:25:56.484 [JavaFX Application Thread] DEBUG AssetLoaderService   - Loading from cache: /assets/textures/Bullet.png
17:25:56.595 [JavaFX Application Thread] DEBUG AssetLoaderService   - Loading from cache: /assets/sounds/shoot6.wav
17:25:56.596 [JavaFX Application Thread] DEBUG AssetLoaderService   - Loading from cache: /assets/textures/Bullet.png
17:25:56.596 [JavaFX Application Thread] DEBUG AssetLoaderService   - Loading from cache: /assets/sounds/shoot2.wav
17:25:56.596 [JavaFX Application Thread] DEBUG AssetLoaderService   - Loading from cache: /assets/textures/Bullet.png
17:25:56.596 [JavaFX Application Thread] DEBUG AssetLoaderService   - Loading from cache: /assets/sounds/shoot1.wav
17:25:56.597 [JavaFX Application Thread] DEBUG AssetLoaderService   - Loading from cache: /assets/textures/Bullet.png
17:25:56.708 [JavaFX Application Thread] DEBUG AssetLoaderService   - Loading from cache: /assets/textures/explosion.png@3840.0x80.0
17:25:56.708 [JavaFX Application Thread] DEBUG AssetLoaderService   - Loading from cache: /assets/textures/particles/circle_05.png@32.0x32.0
17:25:56.709 [JavaFX Application Thread] DEBUG AssetLoaderService   - Loading from file system: /assets/sounds/explosion-05.wav
17:25:56.711 [JavaFX Application Thread] DEBUG AssetLoaderService   - Loading from cache: /assets/textures/YellowCrystal.png
17:25:57.491 [JavaFX Application Thread] DEBUG AssetLoaderService   - Loading from cache: /assets/sounds/shoot5.wav
17:25:57.491 [JavaFX Application Thread] DEBUG AssetLoaderService   - Loading from cache: /assets/textures/Bullet.png
17:25:57.491 [JavaFX Application Thread] DEBUG AssetLoaderService   - Loading from cache: /assets/sounds/shoot5.wav
17:25:57.491 [JavaFX Application Thread] DEBUG AssetLoaderService   - Loading from cache: /assets/textures/Bullet.png
17:25:57.491 [JavaFX Application Thread] DEBUG AssetLoaderService   - Loading from cache: /assets/sounds/shoot7.wav
17:25:57.491 [JavaFX Application Thread] DEBUG AssetLoaderService   - Loading from cache: /assets/textures/Bullet.png
17:25:57.603 [JavaFX Application Thread] DEBUG AssetLoaderService   - Loading from cache: /assets/sounds/shoot3.wav
17:25:57.603 [JavaFX Application Thread] DEBUG AssetLoaderService   - Loading from cache: /assets/textures/Bullet.png
17:25:57.604 [JavaFX Application Thread] DEBUG AssetLoaderService   - Loading from cache: /assets/sounds/shoot4.wav
17:25:57.604 [JavaFX Application Thread] DEBUG AssetLoaderService   - Loading from cache: /assets/textures/Bullet.png
17:25:57.604 [JavaFX Application Thread] DEBUG AssetLoaderService   - Loading from cache: /assets/sounds/shoot8.wav
17:25:57.604 [JavaFX Application Thread] DEBUG AssetLoaderService   - Loading from cache: /assets/textures/Bullet.png
17:25:57.715 [JavaFX Application Thread] DEBUG AssetLoaderService   - Loading from cache: /assets/sounds/shoot1.wav
17:25:57.715 [JavaFX Application Thread] DEBUG AssetLoaderService   - Loading from cache: /assets/textures/Bullet.png
17:25:57.779 [JavaFX Application Thread] DEBUG AssetLoaderService   - Loading from cache: /assets/textures/RedWanderer.png@80.0x80.0
17:25:57.780 [JavaFX Application Thread] DEBUG AssetLoaderService   - Loading from cache: /assets/textures/wanderer_overlay.png@80.0x80.0
17:25:57.781 [JavaFX Application Thread] DEBUG AssetLoaderService   - Loading from cache: /assets/textures/Seeker.png@60.0x60.0
17:25:57.781 [JavaFX Application Thread] DEBUG AssetLoaderService   - Loading from cache: /assets/textures/Seeker.png@60.0x60.0
17:25:57.782 [JavaFX Application Thread] DEBUG AssetLoaderService   - Loading from cache: /assets/textures/Seeker_overlay.png
17:25:57.793 [JavaFX Application Thread] DEBUG AssetLoaderService   - Loading from cache: /assets/textures/Seeker_overlay.png@60.0x60.0
17:25:57.843 [JavaFX Application Thread] DEBUG AssetLoaderService   - Loading from cache: /assets/sounds/shoot4.wav
17:25:57.843 [JavaFX Application Thread] DEBUG AssetLoaderService   - Loading from cache: /assets/textures/Bullet.png
17:25:57.907 [JavaFX Application Thread] DEBUG AssetLoaderService   - Loading from cache: /assets/textures/explosion.png@3840.0x80.0
17:25:57.908 [JavaFX Application Thread] DEBUG AssetLoaderService   - Loading from cache: /assets/textures/particles/circle_05.png@32.0x32.0
17:25:57.908 [JavaFX Application Thread] DEBUG AssetLoaderService   - Loading from cache: /assets/sounds/explosion-04.wav
17:25:57.908 [JavaFX Application Thread] DEBUG AssetLoaderService   - Loading from cache: /assets/textures/YellowCrystal.png
17:25:57.956 [JavaFX Application Thread] DEBUG AssetLoaderService   - Loading from cache: /assets/sounds/shoot3.wav
17:25:57.956 [JavaFX Application Thread] DEBUG AssetLoaderService   - Loading from cache: /assets/textures/Bullet.png
17:25:58.291 [JavaFX Application Thread] DEBUG AssetLoaderService   - Loading from cache: /assets/sounds/shoot5.wav
17:25:58.291 [JavaFX Application Thread] DEBUG AssetLoaderService   - Loading from cache: /assets/textures/Bullet.png
17:25:58.403 [JavaFX Application Thread] DEBUG AssetLoaderService   - Loading from cache: /assets/sounds/shoot2.wav
17:25:58.403 [JavaFX Application Thread] DEBUG AssetLoaderService   - Loading from cache: /assets/textures/Bullet.png
17:25:58.515 [JavaFX Application Thread] DEBUG AssetLoaderService   - Loading from cache: /assets/sounds/shoot6.wav
17:25:58.515 [JavaFX Application Thread] DEBUG AssetLoaderService   - Loading from cache: /assets/textures/Bullet.png
17:25:58.643 [JavaFX Application Thread] DEBUG AssetLoaderService   - Loading from cache: /assets/sounds/shoot1.wav
17:25:58.643 [JavaFX Application Thread] DEBUG AssetLoaderService   - Loading from cache: /assets/textures/Bullet.png
17:25:58.755 [JavaFX Application Thread] DEBUG AssetLoaderService   - Loading from cache: /assets/sounds/shoot8.wav
17:25:58.755 [JavaFX Application Thread] DEBUG AssetLoaderService   - Loading from cache: /assets/textures/Bullet.png
17:25:58.771 [JavaFX Application Thread] DEBUG AssetLoaderService   - Loading from cache: /assets/textures/explosion.png@3840.0x80.0
17:25:58.771 [JavaFX Application Thread] DEBUG AssetLoaderService   - Loading from cache: /assets/textures/particles/circle_05.png@32.0x32.0
17:25:58.771 [JavaFX Application Thread] DEBUG AssetLoaderService   - Loading from cache: /assets/sounds/explosion-06.wav
17:25:58.771 [JavaFX Application Thread] DEBUG AssetLoaderService   - Loading from cache: /assets/textures/YellowCrystal.png
17:25:58.867 [JavaFX Application Thread] DEBUG AssetLoaderService   - Loading from cache: /assets/sounds/shoot7.wav
17:25:58.867 [JavaFX Application Thread] DEBUG AssetLoaderService   - Loading from cache: /assets/textures/Bullet.png
17:25:58.979 [JavaFX Application Thread] DEBUG AssetLoaderService   - Loading from cache: /assets/sounds/shoot8.wav
17:25:58.979 [JavaFX Application Thread] DEBUG AssetLoaderService   - Loading from cache: /assets/textures/Bullet.png
17:25:59.107 [JavaFX Application Thread] DEBUG AssetLoaderService   - Loading from cache: /assets/sounds/shoot1.wav
17:25:59.107 [JavaFX Application Thread] DEBUG AssetLoaderService   - Loading from cache: /assets/textures/Bullet.png
17:25:59.219 [JavaFX Application Thread] DEBUG AssetLoaderService   - Loading from cache: /assets/sounds/shoot3.wav
17:25:59.219 [JavaFX Application Thread] DEBUG AssetLoaderService   - Loading from cache: /assets/textures/Bullet.png
17:25:59.283 [JavaFX Application Thread] DEBUG AssetLoaderService   - Loading from cache: /assets/textures/Wanderer.png@80.0x80.0
17:25:59.284 [JavaFX Application Thread] DEBUG AssetLoaderService   - Loading from cache: /assets/textures/wanderer_overlay.png@80.0x80.0
17:25:59.507 [JavaFX Application Thread] DEBUG AssetLoaderService   - Loading from cache: /assets/sounds/shoot1.wav
17:25:59.507 [JavaFX Application Thread] DEBUG AssetLoaderService   - Loading from cache: /assets/textures/Bullet.png
17:25:59.619 [JavaFX Application Thread] DEBUG AssetLoaderService   - Loading from cache: /assets/sounds/shoot7.wav
17:25:59.619 [JavaFX Application Thread] DEBUG AssetLoaderService   - Loading from cache: /assets/textures/Bullet.png
17:25:59.731 [JavaFX Application Thread] DEBUG AssetLoaderService   - Loading from cache: /assets/sounds/shoot4.wav
17:25:59.731 [JavaFX Application Thread] DEBUG AssetLoaderService   - Loading from cache: /assets/textures/Bullet.png
17:25:59.779 [JavaFX Application Thread] DEBUG AssetLoaderService   - Loading from cache: /assets/textures/Seeker.png@60.0x60.0
17:25:59.779 [JavaFX Application Thread] DEBUG AssetLoaderService   - Loading from cache: /assets/textures/Seeker.png@60.0x60.0
17:25:59.780 [JavaFX Application Thread] DEBUG AssetLoaderService   - Loading from cache: /assets/textures/Seeker_overlay.png
17:25:59.791 [JavaFX Application Thread] DEBUG AssetLoaderService   - Loading from cache: /assets/textures/Seeker_overlay.png@60.0x60.0
17:25:59.859 [JavaFX Application Thread] DEBUG AssetLoaderService   - Loading from cache: /assets/sounds/shoot8.wav
17:25:59.859 [JavaFX Application Thread] DEBUG AssetLoaderService   - Loading from cache: /assets/textures/Bullet.png
17:25:59.875 [JavaFX Application Thread] DEBUG AssetLoaderService   - Loading from cache: /assets/textures/explosion.png@3840.0x80.0
17:25:59.876 [JavaFX Application Thread] DEBUG AssetLoaderService   - Loading from cache: /assets/textures/particles/circle_05.png@32.0x32.0
17:25:59.876 [JavaFX Application Thread] DEBUG AssetLoaderService   - Loading from cache: /assets/sounds/explosion-06.wav
17:25:59.876 [JavaFX Application Thread] DEBUG AssetLoaderService   - Loading from cache: /assets/textures/YellowCrystal.png
17:25:59.973 [JavaFX Application Thread] DEBUG AssetLoaderService   - Loading from cache: /assets/sounds/shoot2.wav
17:25:59.973 [JavaFX Application Thread] DEBUG AssetLoaderService   - Loading from cache: /assets/textures/Bullet.png
17:26:00.083 [JavaFX Application Thread] DEBUG AssetLoaderService   - Loading from cache: /assets/sounds/shoot2.wav
17:26:00.083 [JavaFX Application Thread] DEBUG AssetLoaderService   - Loading from cache: /assets/textures/Bullet.png
17:26:00.419 [JavaFX Application Thread] DEBUG AssetLoaderService   - Loading from cache: /assets/sounds/shoot8.wav
17:26:00.419 [JavaFX Application Thread] DEBUG AssetLoaderService   - Loading from cache: /assets/textures/Bullet.png
17:26:00.531 [JavaFX Application Thread] DEBUG AssetLoaderService   - Loading from cache: /assets/sounds/shoot4.wav
17:26:00.531 [JavaFX Application Thread] DEBUG AssetLoaderService   - Loading from cache: /assets/textures/Bullet.png
17:26:00.659 [JavaFX Application Thread] DEBUG AssetLoaderService   - Loading from cache: /assets/sounds/shoot4.wav
17:26:00.659 [JavaFX Application Thread] DEBUG AssetLoaderService   - Loading from cache: /assets/textures/Bullet.png
17:26:00.756 [JavaFX Application Thread] DEBUG AssetLoaderService   - Loading from cache: /assets/textures/Bouncer.png@63.5x76.0
17:26:00.771 [JavaFX Application Thread] DEBUG AssetLoaderService   - Loading from cache: /assets/sounds/shoot6.wav
17:26:00.771 [JavaFX Application Thread] DEBUG AssetLoaderService   - Loading from cache: /assets/textures/Bullet.png
17:26:00.787 [JavaFX Application Thread] DEBUG AssetLoaderService   - Loading from cache: /assets/textures/Wanderer.png@80.0x80.0
17:26:00.788 [JavaFX Application Thread] DEBUG AssetLoaderService   - Loading from cache: /assets/textures/wanderer_overlay.png@80.0x80.0
17:26:00.883 [JavaFX Application Thread] DEBUG AssetLoaderService   - Loading from cache: /assets/sounds/shoot2.wav
17:26:00.883 [JavaFX Application Thread] DEBUG AssetLoaderService   - Loading from cache: /assets/textures/Bullet.png
17:26:00.995 [JavaFX Application Thread] DEBUG AssetLoaderService   - Loading from cache: /assets/sounds/shoot2.wav
17:26:00.995 [JavaFX Application Thread] DEBUG AssetLoaderService   - Loading from cache: /assets/textures/Bullet.png
17:26:01.123 [JavaFX Application Thread] DEBUG AssetLoaderService   - Loading from cache: /assets/sounds/shoot5.wav
17:26:01.123 [JavaFX Application Thread] DEBUG AssetLoaderService   - Loading from cache: /assets/textures/Bullet.png
17:26:01.235 [JavaFX Application Thread] DEBUG AssetLoaderService   - Loading from cache: /assets/sounds/shoot3.wav
17:26:01.235 [JavaFX Application Thread] DEBUG AssetLoaderService   - Loading from cache: /assets/textures/Bullet.png
17:26:01.779 [JavaFX Application Thread] DEBUG AssetLoaderService   - Loading from cache: /assets/textures/Seeker.png@60.0x60.0
17:26:01.780 [JavaFX Application Thread] DEBUG AssetLoaderService   - Loading from cache: /assets/textures/Seeker.png@60.0x60.0
17:26:01.780 [JavaFX Application Thread] DEBUG AssetLoaderService   - Loading from cache: /assets/textures/Seeker_overlay.png
17:26:01.791 [JavaFX Application Thread] DEBUG AssetLoaderService   - Loading from cache: /assets/textures/Seeker_overlay.png@60.0x60.0
17:26:01.859 [JavaFX Application Thread] DEBUG AssetLoaderService   - Loading from cache: /assets/sounds/shoot2.wav
17:26:01.859 [JavaFX Application Thread] DEBUG AssetLoaderService   - Loading from cache: /assets/textures/Bullet.png
17:26:01.971 [JavaFX Application Thread] DEBUG AssetLoaderService   - Loading from cache: /assets/sounds/shoot8.wav
17:26:01.971 [JavaFX Application Thread] DEBUG AssetLoaderService   - Loading from cache: /assets/textures/Bullet.png
17:26:02.083 [JavaFX Application Thread] DEBUG AssetLoaderService   - Loading from cache: /assets/sounds/shoot6.wav
17:26:02.083 [JavaFX Application Thread] DEBUG AssetLoaderService   - Loading from cache: /assets/textures/Bullet.png
17:26:02.195 [JavaFX Application Thread] DEBUG AssetLoaderService   - Loading from cache: /assets/sounds/shoot2.wav
17:26:02.195 [JavaFX Application Thread] DEBUG AssetLoaderService   - Loading from cache: /assets/textures/Bullet.png
17:26:02.291 [JavaFX Application Thread] DEBUG AssetLoaderService   - Loading from cache: /assets/textures/Wanderer.png@80.0x80.0
17:26:02.292 [JavaFX Application Thread] DEBUG AssetLoaderService   - Loading from cache: /assets/textures/wanderer_overlay.png@80.0x80.0
17:26:02.323 [JavaFX Application Thread] DEBUG AssetLoaderService   - Loading from cache: /assets/sounds/shoot4.wav
17:26:02.323 [JavaFX Application Thread] DEBUG AssetLoaderService   - Loading from cache: /assets/textures/Bullet.png
17:26:02.435 [JavaFX Application Thread] DEBUG AssetLoaderService   - Loading from cache: /assets/sounds/shoot1.wav
17:26:02.435 [JavaFX Application Thread] DEBUG AssetLoaderService   - Loading from cache: /assets/textures/Bullet.png
17:26:03.795 [JavaFX Application Thread] DEBUG AssetLoaderService   - Loading from cache: /assets/textures/RedWanderer.png@80.0x80.0
17:26:03.795 [JavaFX Application Thread] DEBUG AssetLoaderService   - Loading from cache: /assets/textures/wanderer_overlay.png@80.0x80.0
17:26:03.796 [JavaFX Application Thread] DEBUG AssetLoaderService   - Loading from cache: /assets/textures/RedSeeker.png@60.0x60.0
17:26:03.797 [JavaFX Application Thread] DEBUG AssetLoaderService   - Loading from cache: /assets/textures/Seeker.png@60.0x60.0
17:26:03.797 [JavaFX Application Thread] DEBUG AssetLoaderService   - Loading from cache: /assets/textures/Seeker_overlay.png
17:26:03.808 [JavaFX Application Thread] DEBUG AssetLoaderService   - Loading from cache: /assets/textures/Seeker_overlay.png@60.0x60.0
17:26:05.315 [JavaFX Application Thread] DEBUG AssetLoaderService   - Loading from cache: /assets/textures/Wanderer.png@80.0x80.0
17:26:05.315 [JavaFX Application Thread] DEBUG AssetLoaderService   - Loading from cache: /assets/textures/wanderer_overlay.png@80.0x80.0
17:26:05.763 [JavaFX Application Thread] DEBUG AssetLoaderService   - Loading from cache: /assets/textures/Bouncer.png@63.5x76.0
17:26:05.811 [JavaFX Application Thread] DEBUG AssetLoaderService   - Loading from cache: /assets/textures/Seeker.png@60.0x60.0
17:26:05.811 [JavaFX Application Thread] DEBUG AssetLoaderService   - Loading from cache: /assets/textures/Seeker.png@60.0x60.0
17:26:05.812 [JavaFX Application Thread] DEBUG AssetLoaderService   - Loading from cache: /assets/textures/Seeker_overlay.png
17:26:05.826 [JavaFX Application Thread] DEBUG AssetLoaderService   - Loading from cache: /assets/textures/Seeker_overlay.png@60.0x60.0
17:26:06.835 [JavaFX Application Thread] DEBUG AssetLoaderService   - Loading from cache: /assets/textures/Wanderer.png@80.0x80.0
17:26:06.836 [JavaFX Application Thread] DEBUG AssetLoaderService   - Loading from cache: /assets/textures/wanderer_overlay.png@80.0x80.0
17:26:07.827 [JavaFX Application Thread] DEBUG AssetLoaderService   - Loading from cache: /assets/textures/Seeker.png@60.0x60.0
17:26:07.827 [JavaFX Application Thread] DEBUG AssetLoaderService   - Loading from cache: /assets/textures/Seeker.png@60.0x60.0
17:26:07.828 [JavaFX Application Thread] DEBUG AssetLoaderService   - Loading from cache: /assets/textures/Seeker_overlay.png
17:26:07.839 [JavaFX Application Thread] DEBUG AssetLoaderService   - Loading from cache: /assets/textures/Seeker_overlay.png@60.0x60.0
17:26:08.355 [JavaFX Application Thread] DEBUG AssetLoaderService   - Loading from cache: /assets/textures/RedWanderer.png@80.0x80.0
17:26:08.356 [JavaFX Application Thread] DEBUG AssetLoaderService   - Loading from cache: /assets/textures/wanderer_overlay.png@80.0x80.0
17:26:09.843 [JavaFX Application Thread] DEBUG AssetLoaderService   - Loading from cache: /assets/textures/Seeker.png@60.0x60.0
17:26:09.843 [JavaFX Application Thread] DEBUG AssetLoaderService   - Loading from cache: /assets/textures/Seeker.png@60.0x60.0
17:26:09.844 [JavaFX Application Thread] DEBUG AssetLoaderService   - Loading from cache: /assets/textures/Seeker_overlay.png
17:26:09.857 [JavaFX Application Thread] DEBUG AssetLoaderService   - Loading from cache: /assets/textures/Seeker_overlay.png@60.0x60.0
17:26:09.859 [JavaFX Application Thread] DEBUG AssetLoaderService   - Loading from cache: /assets/textures/RedWanderer.png@80.0x80.0
17:26:09.860 [JavaFX Application Thread] DEBUG AssetLoaderService   - Loading from cache: /assets/textures/wanderer_overlay.png@80.0x80.0
17:26:10.787 [JavaFX Application Thread] DEBUG AssetLoaderService   - Loading from cache: /assets/textures/Bouncer.png@63.5x76.0
17:26:11.379 [JavaFX Application Thread] DEBUG AssetLoaderService   - Loading from cache: /assets/textures/RedWanderer.png@80.0x80.0
17:26:11.380 [JavaFX Application Thread] DEBUG AssetLoaderService   - Loading from cache: /assets/textures/wanderer_overlay.png@80.0x80.0
17:26:11.605 [JavaFX Application Thread] DEBUG GameApplication      - Exiting FXGL
17:26:11.605 [JavaFX Application Thread] DEBUG LoopRunner           - Stopping loop
17:26:11.605 [JavaFX Application Thread] DEBUG SystemBundleService  - Saving FXGL system data
17:26:11.606 [JavaFX Application Thread] DEBUG FileSystemAccess     - Writing to: D:\CodeGym\casestudy02\system\fxgl.bundle
17:26:11.608 [JavaFX Application Thread] DEBUG GameApplication      - Shutting down background threads
17:26:11.608 [JavaFX Application Thread] DEBUG GameApplication      - Closing logger and exiting JavaFX
