18:10:28.690 [main                     ] DEBUG GameApplication      - Logger initialized
18:10:28.704 [main                     ] DEBUG GameApplication      - Logging settings
Title: FXGL Geometry Wars
Version: 2.1.0
Width: 1920
Height: 1080
Fullscreen: false
Intro: true
Profiling: false
Single step:false
App Mode: RELEASE
Menu Key: ESCAPE
Stage Style: DECORATED
Scene Factory: class com.almasb.fxgl.app.scene.SceneFactory

18:10:29.028 [JavaFX Application Thread] DEBUG GameApplication      - Initializing FXGL
18:10:29.034 [JavaFX Application Thread] INFO  Engine               - FXGL-11.9 (27.05.2020 17.06) on WINDOWS (J:11.0.7 FX:13.0.2)
18:10:29.034 [JavaFX Application Thread] DEBUG Engine               - JRE Vendor Name: Oracle Corporation
18:10:29.035 [JavaFX Application Thread] DEBUG Engine               - Running on OS: Windows 10 version 10.0
18:10:29.035 [JavaFX Application Thread] DEBUG Engine               - Architecture: amd64
18:10:29.035 [JavaFX Application Thread] INFO  Engine               - Source code and latest versions at: https://github.com/AlmasB/FXGL
18:10:29.035 [JavaFX Application Thread] INFO  Engine               -              Join the FXGL chat at: https://gitter.im/AlmasB/FXGL
18:10:29.127 [JavaFX Application Thread] DEBUG MainWindow           - Creating a JavaFX scene
18:10:29.128 [JavaFX Application Thread] DEBUG MainWindow           - Target size > screen size
18:10:29.181 [JavaFX Application Thread] DEBUG MainWindow           - Target settings size: 1920.0 x 1080.0
18:10:29.181 [JavaFX Application Thread] DEBUG MainWindow           - Scaled scene size:    1823.0 x 1039.0
18:10:29.181 [JavaFX Application Thread] DEBUG MainWindow           - Scaled ratio: (0.9494791666666667, 0.962037037037037)
18:10:29.182 [JavaFX Application Thread] DEBUG MainWindow           - Set initial scene to FXGLStartupScene
18:10:29.187 [JavaFX Application Thread] DEBUG MainWindow           - Opening main window
18:10:29.271 [JavaFX Application Thread] DEBUG MainWindow           - Window border size: (16.0, 39.0)
18:10:29.271 [JavaFX Application Thread] DEBUG MainWindow           - Scaled size: 1823.0 x 1039.0
18:10:29.271 [JavaFX Application Thread] DEBUG MainWindow           - Scaled ratio: (0.9494791666666667, 0.962037037037037)
18:10:29.271 [JavaFX Application Thread] DEBUG MainWindow           - Scene size: 1823.0 x 1039.0
18:10:29.271 [JavaFX Application Thread] DEBUG MainWindow           - Stage size: 1839.0 x 1078.0
18:10:29.277 [FXGL Background Thread 1 ] DEBUG Engine               - Initializing environment variables
18:10:29.304 [FXGL Background Thread 1 ] DEBUG WindowService        - Applying CSS: fxgl_dark.css
18:10:29.304 [FXGL Background Thread 1 ] DEBUG AssetLoaderService   - Loading from file system: /assets/ui/css/fxgl_dark.css
18:10:29.356 [FXGL Background Thread 1 ] DEBUG WindowService        - Initializing application scenes
18:10:29.405 [FXGL Background Thread 1 ] DEBUG GameWorld            - Game world initialized
18:10:29.454 [FXGL Background Thread 1 ] DEBUG PhysicsWorld         - Physics world initialized: appHeight=1080, physics.ppm=50.0
18:10:29.455 [FXGL Background Thread 1 ] DEBUG GameScene            - Game scene initialized: 1920x1080
18:10:29.461 [FXGL Background Thread 1 ] DEBUG AssetLoaderService   - Loading from file system: /assets/textures/particles/explosion.png
18:10:29.574 [FXGL Background Thread 1 ] DEBUG AssetLoaderService   - Loading from file system: /assets/textures/particles/trace_horizontal.png
18:10:29.608 [FXGL Background Thread 1 ] DEBUG FXGL.DefaultMenu     - createMenuBodyMainMenu()
18:10:29.621 [FXGL Background Thread 1 ] DEBUG FXGL.DefaultMenu     - createOptionsMenu()
18:10:29.625 [FXGL Background Thread 1 ] DEBUG AssetLoaderService   - Loading from file system: /assets/textures/particles/smoke.png
18:10:29.650 [FXGL Background Thread 1 ] DEBUG AssetLoaderService   - Loading from cache: /assets/textures/particles/trace_horizontal.png@64.0x64.0
18:10:29.651 [FXGL Background Thread 1 ] DEBUG FXGL.DefaultMenu     - createMenuBodyGameMenu()
18:10:29.651 [FXGL Background Thread 1 ] DEBUG FXGL.DefaultMenu     - createOptionsMenu()
18:10:29.653 [FXGL Background Thread 1 ] DEBUG AssetLoaderService   - Loading from cache: /assets/textures/particles/smoke.png@128.0x128.0
18:10:29.662 [FXGL Background Thread 1 ] DEBUG WindowService        - Application scenes initialized
18:10:29.670 [FXGL Background Thread 1 ] DEBUG SystemBundleService  - Loading FXGL system data
18:10:29.673 [FXGL Background Thread 1 ] DEBUG FileSystemAccess     - Reading from: D:\CodeGym\casestudy02\system\fxgl.bundle
18:10:29.676 [FXGL Background Thread 1 ] DEBUG SystemBundleService  - Bundle FXGL: {}
18:10:29.676 [FXGL Background Thread 1 ] INFO  Engine               - FXGL initialization took: 0.397 sec
18:10:29.677 [FXGL Background Thread 1 ] DEBUG GameApplication      - Loading localizations
18:10:29.678 [FXGL Background Thread 1 ] DEBUG AssetLoaderService   - Loading from file system: /assets/languages/english.lang
18:10:29.688 [FXGL Background Thread 1 ] DEBUG AssetLoaderService   - Loading from file system: /assets/languages/french.lang
18:10:29.689 [FXGL Background Thread 1 ] DEBUG AssetLoaderService   - Loading from file system: /assets/languages/german.lang
18:10:29.690 [FXGL Background Thread 1 ] DEBUG AssetLoaderService   - Loading from file system: /assets/languages/hungarian.lang
18:10:29.692 [FXGL Background Thread 1 ] DEBUG AssetLoaderService   - Loading from file system: /assets/languages/russian.lang
18:10:29.694 [FXGL Background Thread 1 ] DEBUG GameApplication      - Registering font factories with UI factory
18:10:29.694 [FXGL Background Thread 1 ] DEBUG AssetLoaderService   - Loading from file system: /assets/ui/fonts/game_font_7.ttf
18:10:29.918 [FXGL Background Thread 1 ] DEBUG AssetLoaderService   - Loading from file system: /assets/ui/fonts/Abel-Regular.ttf
18:10:29.921 [FXGL Background Thread 1 ] DEBUG AssetLoaderService   - Loading from file system: /assets/ui/fonts/lucida_console.ttf
18:10:29.926 [FXGL Background Thread 1 ] DEBUG AssetLoaderService   - Loading from file system: /assets/ui/fonts/Courier-Prime.ttf
18:10:29.938 [JavaFX Application Thread] DEBUG Input                - Registered new binding: action0 - W
18:10:29.939 [JavaFX Application Thread] DEBUG Input                - Registered new binding: action1 - A
18:10:29.939 [JavaFX Application Thread] DEBUG Input                - Registered new binding: action2 - S
18:10:29.939 [JavaFX Application Thread] DEBUG Input                - Registered new binding: action3 - D
18:10:29.940 [JavaFX Application Thread] DEBUG Input                - Registered new binding: action4 - LMB
18:10:29.940 [JavaFX Application Thread] DEBUG AssetLoaderService   - Loading from file system: /assets/textures/explosion.png
18:10:30.071 [JavaFX Application Thread] DEBUG AssetLoaderService   - Loading from file system: /assets/music/bgm.mp3
18:10:30.176 [JavaFX Application Thread] DEBUG AudioPlayer          - Playing music com.almasb.fxgl.audio.Music@10bf30d5
18:10:30.176 [JavaFX Application Thread] DEBUG AssetLoaderService   - Loading from file system: /assets/textures/fxgl_icon.png
18:10:30.185 [JavaFX Application Thread] DEBUG AssetLoaderService   - Loading from file system: /assets/ui/cursors/fxgl_default.png
18:10:30.187 [JavaFX Application Thread] DEBUG Input                - Registered new binding: Screenshot - P
18:10:30.188 [JavaFX Application Thread] DEBUG LoopRunner           - Starting loop
18:10:30.205 [JavaFX Application Thread] DEBUG FXGLStartupScene     - STARTUP
18:10:30.211 [JavaFX Application Thread] DEBUG Input                - Clearing active input actions
18:10:30.220 [JavaFX Application Thread] DEBUG WindowService        - Removing overlay from FXGLStartupScene and adding to FXGLIntroScene
18:10:30.220 [JavaFX Application Thread] DEBUG MainWindow           - FXGLStartupScene -> FXGLIntroScene
18:10:32.677 [FXGL Background Thread 2 ] DEBUG Engine               - Logging environment variables
18:10:32.677 [FXGL Background Thread 2 ] DEBUG Engine               - achievements: []
18:10:32.677 [FXGL Background Thread 2 ] DEBUG Engine               - appIcon: fxgl_icon.png
18:10:32.677 [FXGL Background Thread 2 ] DEBUG Engine               - applicationMode: RELEASE
18:10:32.677 [FXGL Background Thread 2 ] DEBUG Engine               - cSSList: [fxgl_dark.css]
18:10:32.678 [FXGL Background Thread 2 ] DEBUG Engine               - configClass: Optional[class geowars.GeoWarsConfig]
18:10:32.678 [FXGL Background Thread 2 ] DEBUG Engine               - credits: []
18:10:32.678 [FXGL Background Thread 2 ] DEBUG Engine               - devBBoxColorProperty: ObjectProperty [value: 0xff0000ff]
18:10:32.678 [FXGL Background Thread 2 ] DEBUG Engine               - devSensorColorProperty: ObjectProperty [value: 0xffff00ff]
18:10:32.678 [FXGL Background Thread 2 ] DEBUG Engine               - devShowBBoxProperty: BooleanProperty [value: false]
18:10:32.678 [FXGL Background Thread 2 ] DEBUG Engine               - devShowPositionProperty: BooleanProperty [value: false]
18:10:32.678 [FXGL Background Thread 2 ] DEBUG Engine               - enabledMenuItems: []
18:10:32.678 [FXGL Background Thread 2 ] DEBUG Engine               - engineServices: [class com.almasb.fxgl.app.GameApplication$GameApplicationService, class com.almasb.fxgl.app.services.WindowService, class com.almasb.fxgl.app.services.FXGLDialogService, class com.almasb.fxgl.app.services.IOTaskExecutorService, class com.almasb.fxgl.event.EventBusService, class com.almasb.fxgl.io.FileSystemService, class com.almasb.fxgl.localization.LocalizationService, class com.almasb.fxgl.app.services.AssetLoaderService, class com.almasb.fxgl.app.services.SystemBundleService, class com.almasb.fxgl.profile.SaveLoadService, class com.almasb.fxgl.ui.FXGLUIFactoryServiceProvider, class com.almasb.fxgl.ui.FXGLDialogFactoryServiceProvider, class com.almasb.fxgl.audio.AudioPlayer, class com.almasb.fxgl.notification.impl.NotificationServiceProvider, class com.almasb.fxgl.achievement.AchievementService, class com.almasb.fxgl.cutscene.CutsceneService, class com.almasb.fxgl.minigames.MiniGameService, class com.almasb.fxgl.net.NetService, class com.almasb.fxgl.app.services.UpdaterService, class com.almasb.fxgl.dev.DevService]
18:10:32.678 [FXGL Background Thread 2 ] DEBUG Engine               - fontGame: Abel-Regular.ttf
18:10:32.678 [FXGL Background Thread 2 ] DEBUG Engine               - fontMono: lucida_console.ttf
18:10:32.678 [FXGL Background Thread 2 ] DEBUG Engine               - fontText: Courier-Prime.ttf
18:10:32.678 [FXGL Background Thread 2 ] DEBUG Engine               - fontUI: game_font_7.ttf
18:10:32.678 [FXGL Background Thread 2 ] DEBUG Engine               - fullScreen: BooleanProperty [value: false]
18:10:32.678 [FXGL Background Thread 2 ] DEBUG Engine               - gameDifficulty: MEDIUM
18:10:32.679 [FXGL Background Thread 2 ] DEBUG Engine               - gameDifficultyProperty: ObjectProperty [value: MEDIUM]
18:10:32.679 [FXGL Background Thread 2 ] DEBUG Engine               - globalMusicVolume: 0.5
18:10:32.679 [FXGL Background Thread 2 ] DEBUG Engine               - globalMusicVolumeProperty: DoubleProperty [value: 0.2]
18:10:32.679 [FXGL Background Thread 2 ] DEBUG Engine               - globalSoundVolume: 0.5
18:10:32.679 [FXGL Background Thread 2 ] DEBUG Engine               - globalSoundVolumeProperty: DoubleProperty [value: 0.2]
18:10:32.679 [FXGL Background Thread 2 ] DEBUG Engine               - height: 1080
18:10:32.679 [FXGL Background Thread 2 ] DEBUG Engine               - isAndroid: false
18:10:32.679 [FXGL Background Thread 2 ] DEBUG Engine               - isBrowser: false
18:10:32.679 [FXGL Background Thread 2 ] DEBUG Engine               - isClickFeedbackEnabled: false
18:10:32.679 [FXGL Background Thread 2 ] DEBUG Engine               - isCloseConfirmation: false
18:10:32.679 [FXGL Background Thread 2 ] DEBUG Engine               - isDesktop: true
18:10:32.679 [FXGL Background Thread 2 ] DEBUG Engine               - isDeveloperMenuEnabled: false
18:10:32.679 [FXGL Background Thread 2 ] DEBUG Engine               - isExperimentalNative: false
18:10:32.679 [FXGL Background Thread 2 ] DEBUG Engine               - isExperimentalTiledLargeMap: false
18:10:32.679 [FXGL Background Thread 2 ] DEBUG Engine               - isFullScreenAllowed: false
18:10:32.679 [FXGL Background Thread 2 ] DEBUG Engine               - isFullScreenFromStart: false
18:10:32.679 [FXGL Background Thread 2 ] DEBUG Engine               - isGameMenuEnabled: true
18:10:32.679 [FXGL Background Thread 2 ] DEBUG Engine               - isIOS: false
18:10:32.680 [FXGL Background Thread 2 ] DEBUG Engine               - isIntroEnabled: true
18:10:32.680 [FXGL Background Thread 2 ] DEBUG Engine               - isLinux: false
18:10:32.680 [FXGL Background Thread 2 ] DEBUG Engine               - isMac: false
18:10:32.680 [FXGL Background Thread 2 ] DEBUG Engine               - isMainMenuEnabled: true
18:10:32.680 [FXGL Background Thread 2 ] DEBUG Engine               - isManualResizeEnabled: true
18:10:32.680 [FXGL Background Thread 2 ] DEBUG Engine               - isMobile: false
18:10:32.680 [FXGL Background Thread 2 ] DEBUG Engine               - isPreserveResizeRatio: false
18:10:32.680 [FXGL Background Thread 2 ] DEBUG Engine               - isProfilingEnabled: false
18:10:32.680 [FXGL Background Thread 2 ] DEBUG Engine               - isSingleStep: false
18:10:32.680 [FXGL Background Thread 2 ] DEBUG Engine               - isUserProfileEnabled: false
18:10:32.680 [FXGL Background Thread 2 ] DEBUG Engine               - isWindows: true
18:10:32.680 [FXGL Background Thread 2 ] DEBUG Engine               - language: ObjectProperty [value: ENGLISH]
18:10:32.680 [FXGL Background Thread 2 ] DEBUG Engine               - mainWindow: com.almasb.fxgl.app.MainWindow@22c1c5d6
18:10:32.680 [FXGL Background Thread 2 ] DEBUG Engine               - menuKey: ESCAPE
18:10:32.680 [FXGL Background Thread 2 ] DEBUG Engine               - notificationViewClass: class com.almasb.fxgl.notification.view.XboxNotificationView
18:10:32.680 [FXGL Background Thread 2 ] DEBUG Engine               - pixelsPerMeter: 50.0
18:10:32.680 [FXGL Background Thread 2 ] DEBUG Engine               - platform: WINDOWS
18:10:32.680 [FXGL Background Thread 2 ] DEBUG Engine               - profileDir: profiles/
18:10:32.680 [FXGL Background Thread 2 ] DEBUG Engine               - profileName: StringProperty [value: DEFAULT]
18:10:32.681 [FXGL Background Thread 2 ] DEBUG Engine               - randomSeed: -1
18:10:32.681 [FXGL Background Thread 2 ] DEBUG Engine               - runtimeInfo: RuntimeInfo(platform=WINDOWS, version=11.9, build=27.05.2020 17.06)
18:10:32.681 [FXGL Background Thread 2 ] DEBUG Engine               - saveFileExt: sav
18:10:32.681 [FXGL Background Thread 2 ] DEBUG Engine               - sceneFactory: com.almasb.fxgl.app.scene.SceneFactory@21f2cce0
18:10:32.681 [FXGL Background Thread 2 ] DEBUG Engine               - secondsIn24h: 60
18:10:32.681 [FXGL Background Thread 2 ] DEBUG Engine               - settings: Title: FXGL Geometry Wars
Version: 2.1.0
Width: 1920
Height: 1080
Fullscreen: false
Intro: true
Profiling: false
Single step:false
App Mode: RELEASE
Menu Key: ESCAPE
Stage Style: DECORATED
Scene Factory: class com.almasb.fxgl.app.scene.SceneFactory

18:10:32.681 [FXGL Background Thread 2 ] DEBUG Engine               - soundMenuBack: menu/back.wav
18:10:32.681 [FXGL Background Thread 2 ] DEBUG Engine               - soundMenuPress: menu/press.wav
18:10:32.681 [FXGL Background Thread 2 ] DEBUG Engine               - soundMenuSelect: menu/select.wav
18:10:32.681 [FXGL Background Thread 2 ] DEBUG Engine               - soundNotification: core/notification.wav
18:10:32.681 [FXGL Background Thread 2 ] DEBUG Engine               - stageStyle: DECORATED
18:10:32.681 [FXGL Background Thread 2 ] DEBUG Engine               - supportedLanguages: [ENGLISH, FRENCH, GERMAN, HUNGARIAN, RUSSIAN]
18:10:32.682 [FXGL Background Thread 2 ] DEBUG Engine               - title: FXGL Geometry Wars
18:10:32.682 [FXGL Background Thread 2 ] DEBUG Engine               - urlGithub: https://github.com/AlmasB/FXGL
18:10:32.682 [FXGL Background Thread 2 ] DEBUG Engine               - urlLeaderboard: http://fxgl-top.herokuapp.com/
18:10:32.682 [FXGL Background Thread 2 ] DEBUG Engine               - urlPOM: https://raw.githubusercontent.com/AlmasB/FXGL/master/pom.xml
18:10:32.682 [FXGL Background Thread 2 ] DEBUG Engine               - version: 2.1.0
18:10:32.682 [FXGL Background Thread 2 ] DEBUG Engine               - versionCheckDays: 7
18:10:32.682 [FXGL Background Thread 2 ] DEBUG Engine               - width: 1920
18:10:32.682 [FXGL Background Thread 2 ] DEBUG Engine               - Logging services
18:10:32.682 [FXGL Background Thread 2 ] DEBUG Engine               - class com.almasb.fxgl.app.GameApplication$GameApplicationService
18:10:32.682 [FXGL Background Thread 2 ] DEBUG Engine               - class com.almasb.fxgl.app.services.WindowService
18:10:32.682 [FXGL Background Thread 2 ] DEBUG Engine               - class com.almasb.fxgl.app.services.FXGLDialogService
18:10:32.682 [FXGL Background Thread 2 ] DEBUG Engine               - class com.almasb.fxgl.app.services.IOTaskExecutorService
18:10:32.682 [FXGL Background Thread 2 ] DEBUG Engine               - class com.almasb.fxgl.event.EventBusService
18:10:32.682 [FXGL Background Thread 2 ] DEBUG Engine               - class com.almasb.fxgl.io.FileSystemService
18:10:32.683 [FXGL Background Thread 2 ] DEBUG Engine               - class com.almasb.fxgl.localization.LocalizationService
18:10:32.683 [FXGL Background Thread 2 ] DEBUG Engine               - class com.almasb.fxgl.app.services.AssetLoaderService
18:10:32.683 [FXGL Background Thread 2 ] DEBUG Engine               - class com.almasb.fxgl.app.services.SystemBundleService
18:10:32.683 [FXGL Background Thread 2 ] DEBUG Engine               - class com.almasb.fxgl.profile.SaveLoadService
18:10:32.683 [FXGL Background Thread 2 ] DEBUG Engine               - class com.almasb.fxgl.ui.FXGLUIFactoryServiceProvider
18:10:32.683 [FXGL Background Thread 2 ] DEBUG Engine               - class com.almasb.fxgl.ui.FXGLDialogFactoryServiceProvider
18:10:32.683 [FXGL Background Thread 2 ] DEBUG Engine               - class com.almasb.fxgl.audio.AudioPlayer
18:10:32.683 [FXGL Background Thread 2 ] DEBUG Engine               - class com.almasb.fxgl.notification.impl.NotificationServiceProvider
18:10:32.683 [FXGL Background Thread 2 ] DEBUG Engine               - class com.almasb.fxgl.achievement.AchievementService
18:10:32.683 [FXGL Background Thread 2 ] DEBUG Engine               - class com.almasb.fxgl.cutscene.CutsceneService
18:10:32.683 [FXGL Background Thread 2 ] DEBUG Engine               - class com.almasb.fxgl.minigames.MiniGameService
18:10:32.683 [FXGL Background Thread 2 ] DEBUG Engine               - class com.almasb.fxgl.net.NetService
18:10:32.683 [FXGL Background Thread 2 ] DEBUG Engine               - class com.almasb.fxgl.app.services.UpdaterService
18:10:32.683 [FXGL Background Thread 2 ] DEBUG Engine               - class com.almasb.fxgl.dev.DevService
18:10:35.898 [JavaFX Application Thread] DEBUG Input                - Clearing active input actions
18:10:35.907 [JavaFX Application Thread] DEBUG WindowService        - Removing overlay from FXGLIntroScene and adding to 
18:10:35.907 [JavaFX Application Thread] DEBUG MainWindow           - FXGLIntroScene -> 
18:10:35.908 [JavaFX Application Thread] DEBUG MainWindow           - Push state: FXGLDefaultMenu
18:10:35.911 [JavaFX Application Thread] DEBUG Input                - Clearing active input actions
18:10:35.917 [JavaFX Application Thread] DEBUG WindowService        - Removing overlay from  and adding to FXGLDefaultMenu
18:10:35.918 [JavaFX Application Thread] DEBUG MainWindow           -  -> FXGLDefaultMenu
18:10:41.622 [JavaFX Application Thread] DEBUG Menu                 - fireExit()
18:10:41.631 [JavaFX Application Thread] DEBUG MainWindow           - Push state: DialogSubScene
18:10:41.631 [JavaFX Application Thread] DEBUG Input                - Clearing active input actions
18:10:41.634 [JavaFX Application Thread] DEBUG WindowService        - Removing overlay from FXGLDefaultMenu and adding to DialogSubScene
18:10:41.634 [JavaFX Application Thread] DEBUG MainWindow           - FXGLDefaultMenu -> DialogSubScene
18:10:43.560 [JavaFX Application Thread] DEBUG MainWindow           - Pop state: DialogSubScene
18:10:43.560 [JavaFX Application Thread] DEBUG Input                - Clearing active input actions
18:10:43.560 [JavaFX Application Thread] DEBUG WindowService        - Removing overlay from DialogSubScene and adding to FXGLDefaultMenu
18:10:43.560 [JavaFX Application Thread] DEBUG MainWindow           - FXGLDefaultMenu <- DialogSubScene
18:10:43.561 [JavaFX Application Thread] DEBUG GameApplication      - Exiting FXGL
18:10:43.561 [JavaFX Application Thread] DEBUG LoopRunner           - Stopping loop
18:10:43.561 [JavaFX Application Thread] DEBUG SystemBundleService  - Saving FXGL system data
18:10:43.562 [JavaFX Application Thread] DEBUG FileSystemAccess     - Writing to: D:\CodeGym\casestudy02\system\fxgl.bundle
18:10:43.563 [JavaFX Application Thread] DEBUG GameApplication      - Shutting down background threads
18:10:43.563 [JavaFX Application Thread] DEBUG GameApplication      - Closing logger and exiting JavaFX
