14:01:37.554 [main                     ] DEBUG GameApplication      - Logger initialized
14:01:37.569 [main                     ] DEBUG GameApplication      - Logging settings
Title: FXGL Geometry Wars
Version: 1.1.0
Width: 1280
Height: 720
Fullscreen: false
Intro: true
Profiling: false
Single step:false
App Mode: RELEASE
Menu Key: ESCAPE
Stage Style: DECORATED
Scene Factory: class com.almasb.fxgl.app.scene.SceneFactory

14:01:37.905 [JavaFX Application Thread] DEBUG GameApplication      - Initializing FXGL
14:01:37.915 [JavaFX Application Thread] INFO  Engine               - FXGL-11.9 (27.05.2020 17.06) on WINDOWS (J:11.0.7 FX:13.0.2)
14:01:37.915 [JavaFX Application Thread] DEBUG Engine               - JRE Vendor Name: Oracle Corporation
14:01:37.915 [JavaFX Application Thread] DEBUG Engine               - Running on OS: Windows 10 version 10.0
14:01:37.915 [JavaFX Application Thread] DEBUG Engine               - Architecture: amd64
14:01:37.915 [JavaFX Application Thread] INFO  Engine               - Source code and latest versions at: https://github.com/AlmasB/FXGL
14:01:37.915 [JavaFX Application Thread] INFO  Engine               -              Join the FXGL chat at: https://gitter.im/AlmasB/FXGL
14:01:38.014 [JavaFX Application Thread] DEBUG MainWindow           - Creating a JavaFX scene
14:01:38.074 [JavaFX Application Thread] DEBUG MainWindow           - Target settings size: 1280.0 x 720.0
14:01:38.074 [JavaFX Application Thread] DEBUG MainWindow           - Scaled scene size:    1280.0 x 720.0
14:01:38.075 [JavaFX Application Thread] DEBUG MainWindow           - Scaled ratio: (1.0, 1.0)
14:01:38.076 [JavaFX Application Thread] DEBUG MainWindow           - Set initial scene to FXGLStartupScene
14:01:38.081 [JavaFX Application Thread] DEBUG MainWindow           - Opening main window
14:01:38.168 [JavaFX Application Thread] DEBUG MainWindow           - Window border size: (16.0, 39.0)
14:01:38.168 [JavaFX Application Thread] DEBUG MainWindow           - Scaled size: 1280.0 x 720.0
14:01:38.169 [JavaFX Application Thread] DEBUG MainWindow           - Scaled ratio: (1.0, 1.0)
14:01:38.169 [JavaFX Application Thread] DEBUG MainWindow           - Scene size: 1280.0 x 720.0
14:01:38.169 [JavaFX Application Thread] DEBUG MainWindow           - Stage size: 1296.0 x 759.0
14:01:38.176 [FXGL Background Thread 1 ] DEBUG Engine               - Initializing environment variables
14:01:38.206 [FXGL Background Thread 1 ] DEBUG WindowService        - Applying CSS: fxgl_dark.css
14:01:38.207 [FXGL Background Thread 1 ] DEBUG AssetLoaderService   - Loading from file system: /assets/ui/css/fxgl_dark.css
14:01:38.267 [FXGL Background Thread 1 ] DEBUG WindowService        - Initializing application scenes
14:01:38.315 [FXGL Background Thread 1 ] DEBUG GameWorld            - Game world initialized
14:01:38.361 [FXGL Background Thread 1 ] DEBUG PhysicsWorld         - Physics world initialized: appHeight=720, physics.ppm=50.0
14:01:38.364 [FXGL Background Thread 1 ] DEBUG GameScene            - Game scene initialized: 1280x720
14:01:38.372 [FXGL Background Thread 1 ] DEBUG AssetLoaderService   - Loading from file system: /assets/textures/particles/explosion.png
14:01:38.495 [FXGL Background Thread 1 ] DEBUG AssetLoaderService   - Loading from file system: /assets/textures/particles/trace_horizontal.png
14:01:38.531 [FXGL Background Thread 1 ] DEBUG FXGL.DefaultMenu     - createMenuBodyMainMenu()
14:01:38.546 [FXGL Background Thread 1 ] DEBUG FXGL.DefaultMenu     - createOptionsMenu()
14:01:38.551 [FXGL Background Thread 1 ] DEBUG AssetLoaderService   - Loading from file system: /assets/textures/particles/smoke.png
14:01:38.596 [FXGL Background Thread 1 ] DEBUG AssetLoaderService   - Loading from cache: /assets/textures/particles/trace_horizontal.png@64.0x64.0
14:01:38.597 [FXGL Background Thread 1 ] DEBUG FXGL.DefaultMenu     - createMenuBodyGameMenu()
14:01:38.598 [FXGL Background Thread 1 ] DEBUG FXGL.DefaultMenu     - createOptionsMenu()
14:01:38.600 [FXGL Background Thread 1 ] DEBUG AssetLoaderService   - Loading from cache: /assets/textures/particles/smoke.png@128.0x128.0
14:01:38.610 [FXGL Background Thread 1 ] DEBUG WindowService        - Application scenes initialized
14:01:38.619 [FXGL Background Thread 1 ] DEBUG SystemBundleService  - Loading FXGL system data
14:01:38.622 [FXGL Background Thread 1 ] DEBUG FileSystemAccess     - Reading from: D:\CodeGym\casestudy02\system\fxgl.bundle
14:01:38.626 [FXGL Background Thread 1 ] DEBUG SystemBundleService  - Bundle FXGL: {}
14:01:38.626 [FXGL Background Thread 1 ] INFO  Engine               - FXGL initialization took: 0.448 sec
14:01:38.627 [FXGL Background Thread 1 ] DEBUG GameApplication      - Loading localizations
14:01:38.628 [FXGL Background Thread 1 ] DEBUG AssetLoaderService   - Loading from file system: /assets/languages/english.lang
14:01:38.640 [FXGL Background Thread 1 ] DEBUG AssetLoaderService   - Loading from file system: /assets/languages/french.lang
14:01:38.641 [FXGL Background Thread 1 ] DEBUG AssetLoaderService   - Loading from file system: /assets/languages/german.lang
14:01:38.642 [FXGL Background Thread 1 ] DEBUG AssetLoaderService   - Loading from file system: /assets/languages/hungarian.lang
14:01:38.645 [FXGL Background Thread 1 ] DEBUG AssetLoaderService   - Loading from file system: /assets/languages/russian.lang
14:01:38.647 [FXGL Background Thread 1 ] DEBUG GameApplication      - Registering font factories with UI factory
14:01:38.647 [FXGL Background Thread 1 ] DEBUG AssetLoaderService   - Loading from file system: /assets/ui/fonts/game_font_7.ttf
14:01:38.846 [FXGL Background Thread 1 ] DEBUG AssetLoaderService   - Loading from file system: /assets/ui/fonts/Abel-Regular.ttf
14:01:38.848 [FXGL Background Thread 1 ] DEBUG AssetLoaderService   - Loading from file system: /assets/ui/fonts/lucida_console.ttf
14:01:38.852 [FXGL Background Thread 1 ] DEBUG AssetLoaderService   - Loading from file system: /assets/ui/fonts/Courier-Prime.ttf
14:01:38.863 [JavaFX Application Thread] DEBUG Input                - Registered new binding: action0 - W
14:01:38.863 [JavaFX Application Thread] DEBUG Input                - Registered new binding: action1 - A
14:01:38.863 [JavaFX Application Thread] DEBUG Input                - Registered new binding: action2 - S
14:01:38.864 [JavaFX Application Thread] DEBUG Input                - Registered new binding: action3 - D
14:01:38.864 [JavaFX Application Thread] DEBUG Input                - Registered new binding: action4 - LMB
14:01:38.865 [JavaFX Application Thread] DEBUG AssetLoaderService   - Loading from file system: /assets/textures/explosion.png
14:01:39.052 [JavaFX Application Thread] DEBUG AssetLoaderService   - Loading from file system: /assets/music/bgm.mp3
14:01:39.167 [JavaFX Application Thread] DEBUG AudioPlayer          - Playing music com.almasb.fxgl.audio.Music@35bc57c7
14:01:39.167 [JavaFX Application Thread] DEBUG AssetLoaderService   - Loading from file system: /assets/textures/fxgl_icon.png
14:01:39.178 [JavaFX Application Thread] DEBUG AssetLoaderService   - Loading from file system: /assets/ui/cursors/fxgl_default.png
14:01:39.179 [JavaFX Application Thread] DEBUG Input                - Registered new binding: Screenshot - P
14:01:39.180 [JavaFX Application Thread] DEBUG LoopRunner           - Starting loop
14:01:39.197 [JavaFX Application Thread] DEBUG FXGLStartupScene     - STARTUP
14:01:39.200 [JavaFX Application Thread] DEBUG Input                - Clearing active input actions
14:01:39.209 [JavaFX Application Thread] DEBUG WindowService        - Removing overlay from FXGLStartupScene and adding to FXGLIntroScene
14:01:39.210 [JavaFX Application Thread] DEBUG MainWindow           - FXGLStartupScene -> FXGLIntroScene
14:01:41.231 [JavaFX Application Thread] DEBUG GameApplication      - Exiting FXGL
14:01:41.232 [JavaFX Application Thread] DEBUG LoopRunner           - Stopping loop
14:01:41.232 [JavaFX Application Thread] DEBUG SystemBundleService  - Saving FXGL system data
14:01:41.234 [JavaFX Application Thread] DEBUG FileSystemAccess     - Writing to: D:\CodeGym\casestudy02\system\fxgl.bundle
14:01:41.235 [JavaFX Application Thread] DEBUG GameApplication      - Shutting down background threads
14:01:41.235 [JavaFX Application Thread] DEBUG GameApplication      - Closing logger and exiting JavaFX
