09:35:07.155 [main                     ] DEBUG GameApplication      - Logger initialized
09:35:07.172 [main                     ] DEBUG GameApplication      - Logging settings
Title: FXGL Geometry Wars
Version: 1.1.0
Width: 1280
Height: 720
Fullscreen: false
Intro: false
Profiling: false
Single step:false
App Mode: DEVELOPER
Menu Key: ESCAPE
Stage Style: DECORATED
Scene Factory: class com.almasb.fxgl.app.scene.SceneFactory

09:35:07.517 [JavaFX Application Thread] DEBUG GameApplication      - Initializing FXGL
09:35:07.524 [JavaFX Application Thread] INFO  Engine               - FXGL-11.9 (27.05.2020 17.06) on WINDOWS (J:11.0.7 FX:13.0.2)
09:35:07.524 [JavaFX Application Thread] DEBUG Engine               - JRE Vendor Name: Oracle Corporation
09:35:07.524 [JavaFX Application Thread] DEBUG Engine               - Running on OS: Windows 10 version 10.0
09:35:07.525 [JavaFX Application Thread] DEBUG Engine               - Architecture: amd64
09:35:07.525 [JavaFX Application Thread] INFO  Engine               - Source code and latest versions at: https://github.com/AlmasB/FXGL
09:35:07.525 [JavaFX Application Thread] INFO  Engine               -              Join the FXGL chat at: https://gitter.im/AlmasB/FXGL
09:35:07.617 [JavaFX Application Thread] DEBUG MainWindow           - Creating a JavaFX scene
09:35:07.669 [JavaFX Application Thread] DEBUG MainWindow           - Target settings size: 1280.0 x 720.0
09:35:07.669 [JavaFX Application Thread] DEBUG MainWindow           - Scaled scene size:    1280.0 x 720.0
09:35:07.670 [JavaFX Application Thread] DEBUG MainWindow           - Scaled ratio: (1.0, 1.0)
09:35:07.671 [JavaFX Application Thread] DEBUG MainWindow           - Set initial scene to FXGLStartupScene
09:35:07.676 [JavaFX Application Thread] DEBUG MainWindow           - Opening main window
09:35:07.761 [JavaFX Application Thread] DEBUG MainWindow           - Window border size: (16.0, 39.0)
09:35:07.761 [JavaFX Application Thread] DEBUG MainWindow           - Scaled size: 1280.0 x 720.0
09:35:07.762 [JavaFX Application Thread] DEBUG MainWindow           - Scaled ratio: (1.0, 1.0)
09:35:07.762 [JavaFX Application Thread] DEBUG MainWindow           - Scene size: 1280.0 x 720.0
09:35:07.762 [JavaFX Application Thread] DEBUG MainWindow           - Stage size: 1296.0 x 759.0
09:35:07.771 [FXGL Background Thread 1 ] DEBUG Engine               - Initializing environment variables
09:35:07.793 [FXGL Background Thread 1 ] DEBUG WindowService        - Applying CSS: fxgl_dark.css
09:35:07.793 [FXGL Background Thread 1 ] DEBUG AssetLoaderService   - Loading from file system: /assets/ui/css/fxgl_dark.css
09:35:07.846 [FXGL Background Thread 1 ] DEBUG WindowService        - Initializing application scenes
09:35:07.894 [FXGL Background Thread 1 ] DEBUG GameWorld            - Game world initialized
09:35:07.939 [FXGL Background Thread 1 ] DEBUG PhysicsWorld         - Physics world initialized: appHeight=720, physics.ppm=50.0
09:35:07.942 [FXGL Background Thread 1 ] DEBUG GameScene            - Game scene initialized: 1280x720
09:35:07.966 [FXGL Background Thread 1 ] DEBUG AssetLoaderService   - Loading from file system: /assets/textures/particles/trace_horizontal.png
09:35:08.014 [FXGL Background Thread 1 ] DEBUG FXGL.DefaultMenu     - createMenuBodyGameMenu()
09:35:08.029 [FXGL Background Thread 1 ] DEBUG FXGL.DefaultMenu     - createOptionsMenu()
09:35:08.033 [FXGL Background Thread 1 ] DEBUG AssetLoaderService   - Loading from file system: /assets/textures/particles/smoke.png
09:35:08.087 [FXGL Background Thread 1 ] DEBUG WindowService        - Application scenes initialized
09:35:08.096 [FXGL Background Thread 1 ] DEBUG SystemBundleService  - Loading FXGL system data
09:35:08.099 [FXGL Background Thread 1 ] DEBUG FileSystemAccess     - Reading from: D:\CodeGym\casestudy02\system\fxgl.bundle
09:35:08.104 [FXGL Background Thread 1 ] DEBUG SystemBundleService  - Bundle FXGL: {}
09:35:08.105 [FXGL Background Thread 1 ] INFO  Engine               - FXGL initialization took: 0.332 sec
09:35:08.106 [FXGL Background Thread 1 ] DEBUG GameApplication      - Loading localizations
09:35:08.107 [FXGL Background Thread 1 ] DEBUG AssetLoaderService   - Loading from file system: /assets/languages/english.lang
09:35:08.118 [FXGL Background Thread 1 ] DEBUG AssetLoaderService   - Loading from file system: /assets/languages/french.lang
09:35:08.121 [FXGL Background Thread 1 ] DEBUG AssetLoaderService   - Loading from file system: /assets/languages/german.lang
09:35:08.123 [FXGL Background Thread 1 ] DEBUG AssetLoaderService   - Loading from file system: /assets/languages/hungarian.lang
09:35:08.126 [FXGL Background Thread 1 ] DEBUG AssetLoaderService   - Loading from file system: /assets/languages/russian.lang
09:35:08.128 [FXGL Background Thread 1 ] DEBUG GameApplication      - Registering font factories with UI factory
09:35:08.128 [FXGL Background Thread 1 ] DEBUG AssetLoaderService   - Loading from file system: /assets/ui/fonts/game_font_7.ttf
09:35:08.371 [FXGL Background Thread 1 ] DEBUG AssetLoaderService   - Loading from file system: /assets/ui/fonts/Abel-Regular.ttf
09:35:08.376 [FXGL Background Thread 1 ] DEBUG AssetLoaderService   - Loading from file system: /assets/ui/fonts/lucida_console.ttf
09:35:08.383 [FXGL Background Thread 1 ] DEBUG AssetLoaderService   - Loading from file system: /assets/ui/fonts/Courier-Prime.ttf
09:35:08.395 [JavaFX Application Thread] DEBUG Input                - Registered new binding: action0 - W
09:35:08.396 [JavaFX Application Thread] DEBUG Input                - Registered new binding: action1 - A
09:35:08.396 [JavaFX Application Thread] DEBUG Input                - Registered new binding: action2 - S
09:35:08.396 [JavaFX Application Thread] DEBUG Input                - Registered new binding: action3 - D
09:35:08.397 [JavaFX Application Thread] DEBUG Input                - Registered new binding: action4 - LMB
09:35:08.397 [JavaFX Application Thread] DEBUG AssetLoaderService   - Loading from file system: /assets/textures/explosion.png
09:35:08.514 [JavaFX Application Thread] DEBUG AssetLoaderService   - Loading from file system: /assets/music/bgm.mp3
09:35:08.622 [JavaFX Application Thread] DEBUG AudioPlayer          - Playing music com.almasb.fxgl.audio.Music@2c2e1ae1
09:35:08.622 [JavaFX Application Thread] DEBUG AssetLoaderService   - Loading from file system: /assets/textures/fxgl_icon.png
09:35:08.629 [JavaFX Application Thread] DEBUG AssetLoaderService   - Loading from file system: /assets/ui/cursors/fxgl_default.png
09:35:08.631 [JavaFX Application Thread] DEBUG Input                - Registered new binding: Screenshot - P
09:35:08.632 [JavaFX Application Thread] DEBUG Input                - Registered new binding: System info dump - CTRL+9
09:35:08.632 [JavaFX Application Thread] DEBUG Input                - Registered new binding: Restart - CTRL+R
09:35:08.633 [JavaFX Application Thread] DEBUG LoopRunner           - Starting loop
09:35:08.646 [JavaFX Application Thread] DEBUG FXGLStartupScene     - STARTUP
09:35:08.646 [JavaFX Application Thread] DEBUG WindowService        - Starting new game
09:35:08.646 [JavaFX Application Thread] DEBUG Input                - Clearing active input actions
09:35:08.653 [JavaFX Application Thread] DEBUG WindowService        - Removing overlay from FXGLStartupScene and adding to FXGLLoadingScene
09:35:08.653 [JavaFX Application Thread] DEBUG MainWindow           - FXGLStartupScene -> FXGLLoadingScene
09:35:08.654 [JavaFX Application Thread] DEBUG WindowService        - Clearing previous game
09:35:08.654 [JavaFX Application Thread] DEBUG GameScene            - Clearing game scene
09:35:08.654 [JavaFX Application Thread] DEBUG GameWorld            - Clearing game world
09:35:08.654 [JavaFX Application Thread] DEBUG PhysicsWorld         - Clearing physics world
09:35:08.655 [FXGL Background Thread 1 ] DEBUG GameApplication      - Initializing game
09:35:08.673 [FXGL Background Thread 1 ] DEBUG AssetLoaderService   - Loading from file system: /assets/textures/Player.png
09:35:08.760 [FXGL Background Thread 1 ] INFO  GameApplication      - Game initialization took: 0.104 sec
09:35:08.840 [JavaFX Application Thread] DEBUG Input                - Clearing active input actions
09:35:08.848 [JavaFX Application Thread] DEBUG WindowService        - Removing overlay from FXGLLoadingScene and adding to GameScene
09:35:08.849 [JavaFX Application Thread] DEBUG MainWindow           - FXGLLoadingScene -> GameScene
09:35:09.810 [JavaFX Application Thread] DEBUG AssetLoaderService   - Loading from file system: /assets/textures/Wanderer.png
09:35:09.922 [JavaFX Application Thread] DEBUG AssetLoaderService   - Loading from file system: /assets/textures/wanderer_overlay.png
09:35:10.629 [JavaFX Application Thread] DEBUG AssetLoaderService   - Loading from file system: /assets/sounds/shoot3.wav
09:35:10.743 [JavaFX Application Thread] DEBUG AssetLoaderService   - Loading from file system: /assets/textures/Bullet.png
09:35:10.833 [JavaFX Application Thread] DEBUG AssetLoaderService   - Loading from file system: /assets/sounds/shoot1.wav
09:35:10.846 [JavaFX Application Thread] DEBUG AssetLoaderService   - Loading from cache: /assets/textures/Bullet.png
09:35:10.946 [JavaFX Application Thread] DEBUG AssetLoaderService   - Loading from file system: /assets/sounds/shoot4.wav
09:35:10.951 [JavaFX Application Thread] DEBUG AssetLoaderService   - Loading from cache: /assets/textures/Bullet.png
09:35:10.993 [JavaFX Application Thread] DEBUG AssetLoaderService   - Loading from cache: /assets/textures/Wanderer.png@80.0x80.0
09:35:10.995 [JavaFX Application Thread] DEBUG AssetLoaderService   - Loading from cache: /assets/textures/wanderer_overlay.png@80.0x80.0
09:35:11.041 [JavaFX Application Thread] DEBUG AssetLoaderService   - Loading from file system: /assets/sounds/shoot2.wav
09:35:11.059 [JavaFX Application Thread] DEBUG AssetLoaderService   - Loading from cache: /assets/textures/Bullet.png
09:35:11.108 [FXGL Background Thread 2 ] DEBUG Engine               - Logging environment variables
09:35:11.108 [FXGL Background Thread 2 ] DEBUG Engine               - achievements: []
09:35:11.108 [FXGL Background Thread 2 ] DEBUG Engine               - appIcon: fxgl_icon.png
09:35:11.108 [FXGL Background Thread 2 ] DEBUG Engine               - applicationMode: DEVELOPER
09:35:11.108 [FXGL Background Thread 2 ] DEBUG Engine               - cSSList: [fxgl_dark.css]
09:35:11.108 [FXGL Background Thread 2 ] DEBUG Engine               - configClass: Optional[class geowars.GeoWarsConfig]
09:35:11.109 [FXGL Background Thread 2 ] DEBUG Engine               - credits: []
09:35:11.109 [FXGL Background Thread 2 ] DEBUG Engine               - devBBoxColorProperty: ObjectProperty [value: 0xff0000ff]
09:35:11.109 [FXGL Background Thread 2 ] DEBUG Engine               - devSensorColorProperty: ObjectProperty [value: 0xffff00ff]
09:35:11.109 [FXGL Background Thread 2 ] DEBUG Engine               - devShowBBoxProperty: BooleanProperty [value: false]
09:35:11.109 [FXGL Background Thread 2 ] DEBUG Engine               - devShowPositionProperty: BooleanProperty [value: false]
09:35:11.109 [FXGL Background Thread 2 ] DEBUG Engine               - enabledMenuItems: []
09:35:11.109 [FXGL Background Thread 2 ] DEBUG Engine               - engineServices: [class com.almasb.fxgl.app.GameApplication$GameApplicationService, class com.almasb.fxgl.app.services.WindowService, class com.almasb.fxgl.app.services.FXGLDialogService, class com.almasb.fxgl.app.services.IOTaskExecutorService, class com.almasb.fxgl.event.EventBusService, class com.almasb.fxgl.io.FileSystemService, class com.almasb.fxgl.localization.LocalizationService, class com.almasb.fxgl.app.services.AssetLoaderService, class com.almasb.fxgl.app.services.SystemBundleService, class com.almasb.fxgl.profile.SaveLoadService, class com.almasb.fxgl.ui.FXGLUIFactoryServiceProvider, class com.almasb.fxgl.ui.FXGLDialogFactoryServiceProvider, class com.almasb.fxgl.audio.AudioPlayer, class com.almasb.fxgl.notification.impl.NotificationServiceProvider, class com.almasb.fxgl.achievement.AchievementService, class com.almasb.fxgl.cutscene.CutsceneService, class com.almasb.fxgl.minigames.MiniGameService, class com.almasb.fxgl.net.NetService, class com.almasb.fxgl.app.services.UpdaterService, class com.almasb.fxgl.dev.DevService]
09:35:11.109 [FXGL Background Thread 2 ] DEBUG Engine               - fontGame: Abel-Regular.ttf
09:35:11.109 [FXGL Background Thread 2 ] DEBUG Engine               - fontMono: lucida_console.ttf
09:35:11.109 [FXGL Background Thread 2 ] DEBUG Engine               - fontText: Courier-Prime.ttf
09:35:11.109 [FXGL Background Thread 2 ] DEBUG Engine               - fontUI: game_font_7.ttf
09:35:11.109 [FXGL Background Thread 2 ] DEBUG Engine               - fullScreen: BooleanProperty [value: false]
09:35:11.109 [FXGL Background Thread 2 ] DEBUG Engine               - gameDifficulty: MEDIUM
09:35:11.109 [FXGL Background Thread 2 ] DEBUG Engine               - gameDifficultyProperty: ObjectProperty [value: MEDIUM]
09:35:11.109 [FXGL Background Thread 2 ] DEBUG Engine               - globalMusicVolume: 0.5
09:35:11.110 [FXGL Background Thread 2 ] DEBUG Engine               - globalMusicVolumeProperty: DoubleProperty [value: 0.2]
09:35:11.110 [FXGL Background Thread 2 ] DEBUG Engine               - globalSoundVolume: 0.5
09:35:11.110 [FXGL Background Thread 2 ] DEBUG Engine               - globalSoundVolumeProperty: DoubleProperty [value: 0.2]
09:35:11.110 [FXGL Background Thread 2 ] DEBUG Engine               - height: 720
09:35:11.110 [FXGL Background Thread 2 ] DEBUG Engine               - isAndroid: false
09:35:11.110 [FXGL Background Thread 2 ] DEBUG Engine               - isBrowser: false
09:35:11.110 [FXGL Background Thread 2 ] DEBUG Engine               - isClickFeedbackEnabled: false
09:35:11.110 [FXGL Background Thread 2 ] DEBUG Engine               - isCloseConfirmation: false
09:35:11.110 [FXGL Background Thread 2 ] DEBUG Engine               - isDesktop: true
09:35:11.110 [FXGL Background Thread 2 ] DEBUG Engine               - isDeveloperMenuEnabled: false
09:35:11.110 [FXGL Background Thread 2 ] DEBUG Engine               - isExperimentalNative: false
09:35:11.110 [FXGL Background Thread 2 ] DEBUG Engine               - isExperimentalTiledLargeMap: false
09:35:11.110 [FXGL Background Thread 2 ] DEBUG Engine               - isFullScreenAllowed: false
09:35:11.111 [FXGL Background Thread 2 ] DEBUG Engine               - isFullScreenFromStart: false
09:35:11.111 [FXGL Background Thread 2 ] DEBUG Engine               - isGameMenuEnabled: true
09:35:11.111 [FXGL Background Thread 2 ] DEBUG Engine               - isIOS: false
09:35:11.111 [FXGL Background Thread 2 ] DEBUG Engine               - isIntroEnabled: false
09:35:11.111 [FXGL Background Thread 2 ] DEBUG Engine               - isLinux: false
09:35:11.111 [FXGL Background Thread 2 ] DEBUG Engine               - isMac: false
09:35:11.111 [FXGL Background Thread 2 ] DEBUG Engine               - isMainMenuEnabled: false
09:35:11.111 [FXGL Background Thread 2 ] DEBUG Engine               - isManualResizeEnabled: true
09:35:11.111 [FXGL Background Thread 2 ] DEBUG Engine               - isMobile: false
09:35:11.111 [FXGL Background Thread 2 ] DEBUG Engine               - isPreserveResizeRatio: false
09:35:11.111 [FXGL Background Thread 2 ] DEBUG Engine               - isProfilingEnabled: false
09:35:11.111 [FXGL Background Thread 2 ] DEBUG Engine               - isSingleStep: false
09:35:11.111 [FXGL Background Thread 2 ] DEBUG Engine               - isUserProfileEnabled: false
09:35:11.111 [FXGL Background Thread 2 ] DEBUG Engine               - isWindows: true
09:35:11.112 [FXGL Background Thread 2 ] DEBUG Engine               - language: ObjectProperty [value: ENGLISH]
09:35:11.112 [FXGL Background Thread 2 ] DEBUG Engine               - mainWindow: com.almasb.fxgl.app.MainWindow@52d5de65
09:35:11.112 [FXGL Background Thread 2 ] DEBUG Engine               - menuKey: ESCAPE
09:35:11.112 [FXGL Background Thread 2 ] DEBUG Engine               - notificationViewClass: class com.almasb.fxgl.notification.view.XboxNotificationView
09:35:11.112 [FXGL Background Thread 2 ] DEBUG Engine               - pixelsPerMeter: 50.0
09:35:11.112 [FXGL Background Thread 2 ] DEBUG Engine               - platform: WINDOWS
09:35:11.112 [FXGL Background Thread 2 ] DEBUG Engine               - profileDir: profiles/
09:35:11.112 [FXGL Background Thread 2 ] DEBUG Engine               - profileName: StringProperty [value: DEFAULT]
09:35:11.112 [FXGL Background Thread 2 ] DEBUG Engine               - randomSeed: -1
09:35:11.112 [FXGL Background Thread 2 ] DEBUG Engine               - runtimeInfo: RuntimeInfo(platform=WINDOWS, version=11.9, build=27.05.2020 17.06)
09:35:11.112 [FXGL Background Thread 2 ] DEBUG Engine               - saveFileExt: sav
09:35:11.112 [FXGL Background Thread 2 ] DEBUG Engine               - sceneFactory: com.almasb.fxgl.app.scene.SceneFactory@15866ca
09:35:11.112 [FXGL Background Thread 2 ] DEBUG Engine               - secondsIn24h: 60
09:35:11.112 [FXGL Background Thread 2 ] DEBUG Engine               - settings: Title: FXGL Geometry Wars
Version: 1.1.0
Width: 1280
Height: 720
Fullscreen: false
Intro: false
Profiling: false
Single step:false
App Mode: DEVELOPER
Menu Key: ESCAPE
Stage Style: DECORATED
Scene Factory: class com.almasb.fxgl.app.scene.SceneFactory

09:35:11.112 [FXGL Background Thread 2 ] DEBUG Engine               - soundMenuBack: menu/back.wav
09:35:11.112 [FXGL Background Thread 2 ] DEBUG Engine               - soundMenuPress: menu/press.wav
09:35:11.113 [FXGL Background Thread 2 ] DEBUG Engine               - soundMenuSelect: menu/select.wav
09:35:11.113 [FXGL Background Thread 2 ] DEBUG Engine               - soundNotification: core/notification.wav
09:35:11.113 [FXGL Background Thread 2 ] DEBUG Engine               - stageStyle: DECORATED
09:35:11.113 [FXGL Background Thread 2 ] DEBUG Engine               - supportedLanguages: [ENGLISH, FRENCH, GERMAN, HUNGARIAN, RUSSIAN]
09:35:11.113 [FXGL Background Thread 2 ] DEBUG Engine               - title: FXGL Geometry Wars
09:35:11.113 [FXGL Background Thread 2 ] DEBUG Engine               - urlGithub: https://github.com/AlmasB/FXGL
09:35:11.113 [FXGL Background Thread 2 ] DEBUG Engine               - urlLeaderboard: http://fxgl-top.herokuapp.com/
09:35:11.113 [FXGL Background Thread 2 ] DEBUG Engine               - urlPOM: https://raw.githubusercontent.com/AlmasB/FXGL/master/pom.xml
09:35:11.113 [FXGL Background Thread 2 ] DEBUG Engine               - version: 1.1.0
09:35:11.113 [FXGL Background Thread 2 ] DEBUG Engine               - versionCheckDays: 7
09:35:11.113 [FXGL Background Thread 2 ] DEBUG Engine               - width: 1280
09:35:11.113 [FXGL Background Thread 2 ] DEBUG Engine               - Logging services
09:35:11.113 [FXGL Background Thread 2 ] DEBUG Engine               - class com.almasb.fxgl.app.GameApplication$GameApplicationService
09:35:11.113 [FXGL Background Thread 2 ] DEBUG Engine               - class com.almasb.fxgl.app.services.WindowService
09:35:11.113 [FXGL Background Thread 2 ] DEBUG Engine               - class com.almasb.fxgl.app.services.FXGLDialogService
09:35:11.113 [FXGL Background Thread 2 ] DEBUG Engine               - class com.almasb.fxgl.app.services.IOTaskExecutorService
09:35:11.113 [FXGL Background Thread 2 ] DEBUG Engine               - class com.almasb.fxgl.event.EventBusService
09:35:11.113 [FXGL Background Thread 2 ] DEBUG Engine               - class com.almasb.fxgl.io.FileSystemService
09:35:11.114 [FXGL Background Thread 2 ] DEBUG Engine               - class com.almasb.fxgl.localization.LocalizationService
09:35:11.114 [FXGL Background Thread 2 ] DEBUG Engine               - class com.almasb.fxgl.app.services.AssetLoaderService
09:35:11.114 [FXGL Background Thread 2 ] DEBUG Engine               - class com.almasb.fxgl.app.services.SystemBundleService
09:35:11.114 [FXGL Background Thread 2 ] DEBUG Engine               - class com.almasb.fxgl.profile.SaveLoadService
09:35:11.114 [FXGL Background Thread 2 ] DEBUG Engine               - class com.almasb.fxgl.ui.FXGLUIFactoryServiceProvider
09:35:11.114 [FXGL Background Thread 2 ] DEBUG Engine               - class com.almasb.fxgl.ui.FXGLDialogFactoryServiceProvider
09:35:11.114 [FXGL Background Thread 2 ] DEBUG Engine               - class com.almasb.fxgl.audio.AudioPlayer
09:35:11.114 [FXGL Background Thread 2 ] DEBUG Engine               - class com.almasb.fxgl.notification.impl.NotificationServiceProvider
09:35:11.114 [FXGL Background Thread 2 ] DEBUG Engine               - class com.almasb.fxgl.achievement.AchievementService
09:35:11.114 [FXGL Background Thread 2 ] DEBUG Engine               - class com.almasb.fxgl.cutscene.CutsceneService
09:35:11.114 [FXGL Background Thread 2 ] DEBUG Engine               - class com.almasb.fxgl.minigames.MiniGameService
09:35:11.114 [FXGL Background Thread 2 ] DEBUG Engine               - class com.almasb.fxgl.net.NetService
09:35:11.114 [FXGL Background Thread 2 ] DEBUG Engine               - class com.almasb.fxgl.app.services.UpdaterService
09:35:11.114 [FXGL Background Thread 2 ] DEBUG Engine               - class com.almasb.fxgl.dev.DevService
09:35:11.137 [JavaFX Application Thread] DEBUG AssetLoaderService   - Loading from file system: /assets/sounds/shoot5.wav
09:35:11.157 [JavaFX Application Thread] DEBUG AssetLoaderService   - Loading from cache: /assets/textures/Bullet.png
09:35:11.233 [JavaFX Application Thread] DEBUG AssetLoaderService   - Loading from cache: /assets/sounds/shoot5.wav
09:35:11.234 [JavaFX Application Thread] DEBUG AssetLoaderService   - Loading from cache: /assets/textures/Bullet.png
09:35:11.345 [JavaFX Application Thread] DEBUG AssetLoaderService   - Loading from cache: /assets/sounds/shoot2.wav
09:35:11.345 [JavaFX Application Thread] DEBUG AssetLoaderService   - Loading from cache: /assets/textures/Bullet.png
09:35:11.441 [JavaFX Application Thread] DEBUG AssetLoaderService   - Loading from cache: /assets/sounds/shoot5.wav
09:35:11.441 [JavaFX Application Thread] DEBUG AssetLoaderService   - Loading from cache: /assets/textures/Bullet.png
09:35:11.537 [JavaFX Application Thread] DEBUG AssetLoaderService   - Loading from cache: /assets/sounds/shoot2.wav
09:35:11.537 [JavaFX Application Thread] DEBUG AssetLoaderService   - Loading from cache: /assets/textures/Bullet.png
09:35:11.602 [JavaFX Application Thread] DEBUG AssetLoaderService   - Loading from cache: /assets/textures/explosion.png@3840.0x80.0
09:35:11.609 [JavaFX Application Thread] DEBUG AssetLoaderService   - Loading from file system: /assets/textures/particles/circle_05.png
09:35:11.635 [JavaFX Application Thread] DEBUG AssetLoaderService   - Loading from file system: /assets/sounds/explosion-08.wav
09:35:11.710 [JavaFX Application Thread] DEBUG AssetLoaderService   - Loading from file system: /assets/textures/YellowCrystal.png
09:35:11.778 [JavaFX Application Thread] DEBUG AssetLoaderService   - Loading from cache: /assets/sounds/shoot3.wav
09:35:11.778 [JavaFX Application Thread] DEBUG AssetLoaderService   - Loading from cache: /assets/textures/Bullet.png
09:35:11.921 [JavaFX Application Thread] DEBUG AssetLoaderService   - Loading from cache: /assets/sounds/shoot3.wav
09:35:11.921 [JavaFX Application Thread] DEBUG AssetLoaderService   - Loading from cache: /assets/textures/Bullet.png
09:35:12.017 [JavaFX Application Thread] DEBUG AssetLoaderService   - Loading from cache: /assets/sounds/shoot2.wav
09:35:12.017 [JavaFX Application Thread] DEBUG AssetLoaderService   - Loading from cache: /assets/textures/Bullet.png
09:35:12.065 [JavaFX Application Thread] DEBUG AssetLoaderService   - Loading from file system: /assets/textures/RedWanderer.png
09:35:12.081 [JavaFX Application Thread] DEBUG AssetLoaderService   - Loading from cache: /assets/textures/wanderer_overlay.png@80.0x80.0
09:35:12.130 [JavaFX Application Thread] DEBUG AssetLoaderService   - Loading from cache: /assets/sounds/shoot4.wav
09:35:12.130 [JavaFX Application Thread] DEBUG AssetLoaderService   - Loading from cache: /assets/textures/Bullet.png
09:35:12.132 [JavaFX Application Thread] DEBUG AssetLoaderService   - Loading from cache: /assets/textures/explosion.png@3840.0x80.0
09:35:12.133 [JavaFX Application Thread] DEBUG AssetLoaderService   - Loading from cache: /assets/textures/particles/circle_05.png@32.0x32.0
09:35:12.133 [JavaFX Application Thread] DEBUG AssetLoaderService   - Loading from file system: /assets/sounds/explosion-03.wav
09:35:12.170 [JavaFX Application Thread] DEBUG AssetLoaderService   - Loading from cache: /assets/textures/YellowCrystal.png
09:35:12.257 [JavaFX Application Thread] DEBUG AssetLoaderService   - Loading from cache: /assets/sounds/shoot3.wav
09:35:12.257 [JavaFX Application Thread] DEBUG AssetLoaderService   - Loading from cache: /assets/textures/Bullet.png
09:35:12.369 [JavaFX Application Thread] DEBUG AssetLoaderService   - Loading from file system: /assets/sounds/shoot6.wav
09:35:12.389 [JavaFX Application Thread] DEBUG AssetLoaderService   - Loading from cache: /assets/textures/Bullet.png
09:35:12.482 [JavaFX Application Thread] DEBUG AssetLoaderService   - Loading from cache: /assets/sounds/shoot3.wav
09:35:12.482 [JavaFX Application Thread] DEBUG AssetLoaderService   - Loading from cache: /assets/textures/Bullet.png
09:35:12.577 [JavaFX Application Thread] DEBUG AssetLoaderService   - Loading from file system: /assets/sounds/shoot8.wav
09:35:12.581 [JavaFX Application Thread] DEBUG AssetLoaderService   - Loading from cache: /assets/textures/Bullet.png
09:35:12.674 [JavaFX Application Thread] DEBUG AssetLoaderService   - Loading from cache: /assets/sounds/shoot2.wav
09:35:12.674 [JavaFX Application Thread] DEBUG AssetLoaderService   - Loading from cache: /assets/textures/Bullet.png
09:35:12.769 [JavaFX Application Thread] DEBUG AssetLoaderService   - Loading from file system: /assets/sounds/shoot7.wav
09:35:12.774 [JavaFX Application Thread] DEBUG AssetLoaderService   - Loading from cache: /assets/textures/Bullet.png
09:35:12.881 [JavaFX Application Thread] DEBUG AssetLoaderService   - Loading from cache: /assets/sounds/shoot3.wav
09:35:12.882 [JavaFX Application Thread] DEBUG AssetLoaderService   - Loading from cache: /assets/textures/Bullet.png
09:35:12.961 [JavaFX Application Thread] DEBUG AssetLoaderService   - Loading from cache: /assets/textures/RedWanderer.png@80.0x80.0
09:35:12.962 [JavaFX Application Thread] DEBUG AssetLoaderService   - Loading from cache: /assets/textures/wanderer_overlay.png@80.0x80.0
09:35:12.977 [JavaFX Application Thread] DEBUG AssetLoaderService   - Loading from cache: /assets/sounds/shoot1.wav
09:35:12.977 [JavaFX Application Thread] DEBUG AssetLoaderService   - Loading from cache: /assets/textures/Bullet.png
09:35:13.073 [JavaFX Application Thread] DEBUG AssetLoaderService   - Loading from cache: /assets/sounds/shoot2.wav
09:35:13.073 [JavaFX Application Thread] DEBUG AssetLoaderService   - Loading from cache: /assets/textures/Bullet.png
09:35:13.169 [JavaFX Application Thread] DEBUG AssetLoaderService   - Loading from cache: /assets/sounds/shoot7.wav
09:35:13.169 [JavaFX Application Thread] DEBUG AssetLoaderService   - Loading from cache: /assets/textures/Bullet.png
09:35:13.266 [JavaFX Application Thread] DEBUG AssetLoaderService   - Loading from cache: /assets/sounds/shoot8.wav
09:35:13.266 [JavaFX Application Thread] DEBUG AssetLoaderService   - Loading from cache: /assets/textures/Bullet.png
09:35:13.377 [JavaFX Application Thread] DEBUG AssetLoaderService   - Loading from cache: /assets/sounds/shoot7.wav
09:35:13.377 [JavaFX Application Thread] DEBUG AssetLoaderService   - Loading from cache: /assets/textures/Bullet.png
09:35:13.473 [JavaFX Application Thread] DEBUG AssetLoaderService   - Loading from cache: /assets/sounds/shoot4.wav
09:35:13.473 [JavaFX Application Thread] DEBUG AssetLoaderService   - Loading from cache: /assets/textures/Bullet.png
09:35:13.585 [JavaFX Application Thread] DEBUG AssetLoaderService   - Loading from cache: /assets/sounds/shoot1.wav
09:35:13.585 [JavaFX Application Thread] DEBUG AssetLoaderService   - Loading from cache: /assets/textures/Bullet.png
09:35:13.714 [JavaFX Application Thread] DEBUG AssetLoaderService   - Loading from cache: /assets/sounds/shoot8.wav
09:35:13.714 [JavaFX Application Thread] DEBUG AssetLoaderService   - Loading from cache: /assets/textures/Bullet.png
09:35:13.825 [JavaFX Application Thread] DEBUG AssetLoaderService   - Loading from cache: /assets/sounds/shoot5.wav
09:35:13.825 [JavaFX Application Thread] DEBUG AssetLoaderService   - Loading from cache: /assets/textures/Bullet.png
09:35:13.873 [JavaFX Application Thread] DEBUG AssetLoaderService   - Loading from cache: /assets/textures/RedWanderer.png@80.0x80.0
09:35:13.874 [JavaFX Application Thread] DEBUG AssetLoaderService   - Loading from cache: /assets/textures/wanderer_overlay.png@80.0x80.0
09:35:13.937 [JavaFX Application Thread] DEBUG AssetLoaderService   - Loading from cache: /assets/sounds/shoot7.wav
09:35:13.937 [JavaFX Application Thread] DEBUG AssetLoaderService   - Loading from cache: /assets/textures/Bullet.png
09:35:14.049 [JavaFX Application Thread] DEBUG AssetLoaderService   - Loading from cache: /assets/sounds/shoot6.wav
09:35:14.049 [JavaFX Application Thread] DEBUG AssetLoaderService   - Loading from cache: /assets/textures/Bullet.png
09:35:14.210 [JavaFX Application Thread] DEBUG AssetLoaderService   - Loading from cache: /assets/textures/explosion.png@3840.0x80.0
09:35:14.210 [JavaFX Application Thread] DEBUG AssetLoaderService   - Loading from cache: /assets/textures/particles/circle_05.png@32.0x32.0
09:35:14.210 [JavaFX Application Thread] DEBUG AssetLoaderService   - Loading from file system: /assets/sounds/explosion-02.wav
09:35:14.253 [JavaFX Application Thread] DEBUG AssetLoaderService   - Loading from cache: /assets/textures/YellowCrystal.png
09:35:14.908 [JavaFX Application Thread] DEBUG GameApplication      - Exiting FXGL
09:35:14.908 [JavaFX Application Thread] DEBUG LoopRunner           - Stopping loop
09:35:14.908 [JavaFX Application Thread] DEBUG SystemBundleService  - Saving FXGL system data
09:35:14.909 [JavaFX Application Thread] DEBUG FileSystemAccess     - Writing to: D:\CodeGym\casestudy02\system\fxgl.bundle
09:35:14.911 [JavaFX Application Thread] DEBUG GameApplication      - Shutting down background threads
09:35:14.911 [JavaFX Application Thread] DEBUG GameApplication      - Closing logger and exiting JavaFX
