16:58:27.066 [main                     ] DEBUG GameApplication      - Logger initialized
16:58:27.079 [main                     ] DEBUG GameApplication      - Logging settings
Title: FXGL Geometry Wars
Version: 1.1.0
Width: 1280
Height: 720
Fullscreen: false
Intro: false
Profiling: false
Single step:false
App Mode: DEVELOPER
Menu Key: ESCAPE
Stage Style: DECORATED
Scene Factory: class com.almasb.fxgl.app.scene.SceneFactory

16:58:27.404 [JavaFX Application Thread] DEBUG GameApplication      - Initializing FXGL
16:58:27.411 [JavaFX Application Thread] INFO  Engine               - FXGL-11.9 (27.05.2020 17.06) on WINDOWS (J:11.0.7 FX:13.0.2)
16:58:27.411 [JavaFX Application Thread] DEBUG Engine               - JRE Vendor Name: Oracle Corporation
16:58:27.411 [JavaFX Application Thread] DEBUG Engine               - Running on OS: Windows 10 version 10.0
16:58:27.411 [JavaFX Application Thread] DEBUG Engine               - Architecture: amd64
16:58:27.411 [JavaFX Application Thread] INFO  Engine               - Source code and latest versions at: https://github.com/AlmasB/FXGL
16:58:27.411 [JavaFX Application Thread] INFO  Engine               -              Join the FXGL chat at: https://gitter.im/AlmasB/FXGL
16:58:27.503 [JavaFX Application Thread] DEBUG MainWindow           - Creating a JavaFX scene
16:58:27.557 [JavaFX Application Thread] DEBUG MainWindow           - Target settings size: 1280.0 x 720.0
16:58:27.557 [JavaFX Application Thread] DEBUG MainWindow           - Scaled scene size:    1280.0 x 720.0
16:58:27.557 [JavaFX Application Thread] DEBUG MainWindow           - Scaled ratio: (1.0, 1.0)
16:58:27.558 [JavaFX Application Thread] DEBUG MainWindow           - Set initial scene to FXGLStartupScene
16:58:27.563 [JavaFX Application Thread] DEBUG MainWindow           - Opening main window
16:58:27.649 [JavaFX Application Thread] DEBUG MainWindow           - Window border size: (16.0, 39.0)
16:58:27.649 [JavaFX Application Thread] DEBUG MainWindow           - Scaled size: 1280.0 x 720.0
16:58:27.649 [JavaFX Application Thread] DEBUG MainWindow           - Scaled ratio: (1.0, 1.0)
16:58:27.649 [JavaFX Application Thread] DEBUG MainWindow           - Scene size: 1280.0 x 720.0
16:58:27.650 [JavaFX Application Thread] DEBUG MainWindow           - Stage size: 1296.0 x 759.0
16:58:27.658 [FXGL Background Thread 1 ] DEBUG Engine               - Initializing environment variables
16:58:27.678 [FXGL Background Thread 1 ] DEBUG WindowService        - Applying CSS: fxgl_dark.css
16:58:27.678 [FXGL Background Thread 1 ] DEBUG AssetLoaderService   - Loading from file system: /assets/ui/css/fxgl_dark.css
16:58:27.729 [FXGL Background Thread 1 ] DEBUG WindowService        - Initializing application scenes
16:58:27.784 [FXGL Background Thread 1 ] DEBUG GameWorld            - Game world initialized
16:58:27.831 [FXGL Background Thread 1 ] DEBUG PhysicsWorld         - Physics world initialized: appHeight=720, physics.ppm=50.0
16:58:27.832 [FXGL Background Thread 1 ] DEBUG GameScene            - Game scene initialized: 1280x720
16:58:27.860 [FXGL Background Thread 1 ] DEBUG AssetLoaderService   - Loading from file system: /assets/textures/particles/trace_horizontal.png
16:58:27.919 [FXGL Background Thread 1 ] DEBUG FXGL.DefaultMenu     - createMenuBodyGameMenu()
16:58:27.935 [FXGL Background Thread 1 ] DEBUG FXGL.DefaultMenu     - createOptionsMenu()
16:58:27.940 [FXGL Background Thread 1 ] DEBUG AssetLoaderService   - Loading from file system: /assets/textures/particles/smoke.png
16:58:27.988 [FXGL Background Thread 1 ] DEBUG WindowService        - Application scenes initialized
16:58:27.998 [FXGL Background Thread 1 ] DEBUG SystemBundleService  - Loading FXGL system data
16:58:28.002 [FXGL Background Thread 1 ] DEBUG FileSystemAccess     - Reading from: D:\CodeGym\casestudy02\system\fxgl.bundle
16:58:28.008 [FXGL Background Thread 1 ] DEBUG SystemBundleService  - Bundle FXGL: {}
16:58:28.008 [FXGL Background Thread 1 ] INFO  Engine               - FXGL initialization took: 0.349 sec
16:58:28.010 [FXGL Background Thread 1 ] DEBUG GameApplication      - Loading localizations
16:58:28.011 [FXGL Background Thread 1 ] DEBUG AssetLoaderService   - Loading from file system: /assets/languages/english.lang
16:58:28.022 [FXGL Background Thread 1 ] DEBUG AssetLoaderService   - Loading from file system: /assets/languages/french.lang
16:58:28.023 [FXGL Background Thread 1 ] DEBUG AssetLoaderService   - Loading from file system: /assets/languages/german.lang
16:58:28.024 [FXGL Background Thread 1 ] DEBUG AssetLoaderService   - Loading from file system: /assets/languages/hungarian.lang
16:58:28.027 [FXGL Background Thread 1 ] DEBUG AssetLoaderService   - Loading from file system: /assets/languages/russian.lang
16:58:28.028 [FXGL Background Thread 1 ] DEBUG GameApplication      - Registering font factories with UI factory
16:58:28.029 [FXGL Background Thread 1 ] DEBUG AssetLoaderService   - Loading from file system: /assets/ui/fonts/game_font_7.ttf
16:58:28.260 [FXGL Background Thread 1 ] DEBUG AssetLoaderService   - Loading from file system: /assets/ui/fonts/Abel-Regular.ttf
16:58:28.263 [FXGL Background Thread 1 ] DEBUG AssetLoaderService   - Loading from file system: /assets/ui/fonts/lucida_console.ttf
16:58:28.269 [FXGL Background Thread 1 ] DEBUG AssetLoaderService   - Loading from file system: /assets/ui/fonts/Courier-Prime.ttf
16:58:28.284 [JavaFX Application Thread] DEBUG Input                - Registered new binding: action0 - W
16:58:28.284 [JavaFX Application Thread] DEBUG Input                - Registered new binding: action1 - A
16:58:28.284 [JavaFX Application Thread] DEBUG Input                - Registered new binding: action2 - S
16:58:28.284 [JavaFX Application Thread] DEBUG Input                - Registered new binding: action3 - D
16:58:28.285 [JavaFX Application Thread] DEBUG Input                - Registered new binding: action4 - LMB
16:58:28.286 [JavaFX Application Thread] DEBUG AssetLoaderService   - Loading from file system: /assets/textures/explosion.png
16:58:28.403 [JavaFX Application Thread] DEBUG AssetLoaderService   - Loading from file system: /assets/music/bgm.mp3
16:58:28.510 [JavaFX Application Thread] DEBUG AudioPlayer          - Playing music com.almasb.fxgl.audio.Music@3b646f71
16:58:28.510 [JavaFX Application Thread] DEBUG AssetLoaderService   - Loading from file system: /assets/textures/fxgl_icon.png
16:58:28.517 [JavaFX Application Thread] DEBUG AssetLoaderService   - Loading from file system: /assets/ui/cursors/fxgl_default.png
16:58:28.520 [JavaFX Application Thread] DEBUG Input                - Registered new binding: Screenshot - P
16:58:28.520 [JavaFX Application Thread] DEBUG Input                - Registered new binding: System info dump - CTRL+9
16:58:28.520 [JavaFX Application Thread] DEBUG Input                - Registered new binding: Restart - CTRL+R
16:58:28.521 [JavaFX Application Thread] DEBUG LoopRunner           - Starting loop
16:58:28.531 [JavaFX Application Thread] DEBUG FXGLStartupScene     - STARTUP
16:58:28.532 [JavaFX Application Thread] DEBUG WindowService        - Starting new game
16:58:28.532 [JavaFX Application Thread] DEBUG Input                - Clearing active input actions
16:58:28.541 [JavaFX Application Thread] DEBUG WindowService        - Removing overlay from FXGLStartupScene and adding to FXGLLoadingScene
16:58:28.541 [JavaFX Application Thread] DEBUG MainWindow           - FXGLStartupScene -> FXGLLoadingScene
16:58:28.542 [JavaFX Application Thread] DEBUG WindowService        - Clearing previous game
16:58:28.542 [JavaFX Application Thread] DEBUG GameScene            - Clearing game scene
16:58:28.542 [JavaFX Application Thread] DEBUG GameWorld            - Clearing game world
16:58:28.542 [JavaFX Application Thread] DEBUG PhysicsWorld         - Clearing physics world
16:58:28.543 [FXGL Background Thread 1 ] DEBUG GameApplication      - Initializing game
16:58:28.556 [FXGL Background Thread 1 ] DEBUG AssetLoaderService   - Loading from file system: /assets/textures/Player.png
16:58:28.577 [FXGL Background Thread 1 ] INFO  GameApplication      - Game initialization took: 0.035 sec
16:58:28.610 [JavaFX Application Thread] DEBUG Input                - Clearing active input actions
16:58:28.618 [JavaFX Application Thread] DEBUG WindowService        - Removing overlay from FXGLLoadingScene and adding to GameScene
16:58:28.618 [JavaFX Application Thread] DEBUG MainWindow           - FXGLLoadingScene -> GameScene
16:58:28.981 [JavaFX Application Thread] DEBUG GameApplication      - Exiting FXGL
16:58:28.981 [JavaFX Application Thread] DEBUG LoopRunner           - Stopping loop
16:58:28.981 [JavaFX Application Thread] DEBUG SystemBundleService  - Saving FXGL system data
16:58:28.983 [JavaFX Application Thread] DEBUG FileSystemAccess     - Writing to: D:\CodeGym\casestudy02\system\fxgl.bundle
16:58:28.984 [JavaFX Application Thread] DEBUG GameApplication      - Shutting down background threads
16:58:28.985 [JavaFX Application Thread] DEBUG GameApplication      - Closing logger and exiting JavaFX
