17:00:57.364 [main                     ] DEBUG GameApplication      - Logger initialized
17:00:57.379 [main                     ] DEBUG GameApplication      - Logging settings
Title: FXGL Geometry Wars
Version: 1.1.0
Width: 1280
Height: 720
Fullscreen: false
Intro: false
Profiling: false
Single step:false
App Mode: DEVELOPER
Menu Key: ESCAPE
Stage Style: DECORATED
Scene Factory: class com.almasb.fxgl.app.scene.SceneFactory

17:00:57.745 [JavaFX Application Thread] DEBUG GameApplication      - Initializing FXGL
17:00:57.752 [JavaFX Application Thread] INFO  Engine               - FXGL-11.9 (27.05.2020 17.06) on WINDOWS (J:11.0.7 FX:13.0.2)
17:00:57.753 [JavaFX Application Thread] DEBUG Engine               - JRE Vendor Name: Oracle Corporation
17:00:57.753 [JavaFX Application Thread] DEBUG Engine               - Running on OS: Windows 10 version 10.0
17:00:57.753 [JavaFX Application Thread] DEBUG Engine               - Architecture: amd64
17:00:57.753 [JavaFX Application Thread] INFO  Engine               - Source code and latest versions at: https://github.com/AlmasB/FXGL
17:00:57.753 [JavaFX Application Thread] INFO  Engine               -              Join the FXGL chat at: https://gitter.im/AlmasB/FXGL
17:00:57.844 [JavaFX Application Thread] DEBUG MainWindow           - Creating a JavaFX scene
17:00:57.899 [JavaFX Application Thread] DEBUG MainWindow           - Target settings size: 1280.0 x 720.0
17:00:57.899 [JavaFX Application Thread] DEBUG MainWindow           - Scaled scene size:    1280.0 x 720.0
17:00:57.899 [JavaFX Application Thread] DEBUG MainWindow           - Scaled ratio: (1.0, 1.0)
17:00:57.900 [JavaFX Application Thread] DEBUG MainWindow           - Set initial scene to FXGLStartupScene
17:00:57.906 [JavaFX Application Thread] DEBUG MainWindow           - Opening main window
17:00:57.988 [JavaFX Application Thread] DEBUG MainWindow           - Window border size: (16.0, 39.0)
17:00:57.988 [JavaFX Application Thread] DEBUG MainWindow           - Scaled size: 1280.0 x 720.0
17:00:57.988 [JavaFX Application Thread] DEBUG MainWindow           - Scaled ratio: (1.0, 1.0)
17:00:57.988 [JavaFX Application Thread] DEBUG MainWindow           - Scene size: 1280.0 x 720.0
17:00:57.988 [JavaFX Application Thread] DEBUG MainWindow           - Stage size: 1296.0 x 759.0
17:00:57.994 [FXGL Background Thread 1 ] DEBUG Engine               - Initializing environment variables
17:00:58.019 [FXGL Background Thread 1 ] DEBUG WindowService        - Applying CSS: fxgl_dark.css
17:00:58.019 [FXGL Background Thread 1 ] DEBUG AssetLoaderService   - Loading from file system: /assets/ui/css/fxgl_dark.css
17:00:58.062 [FXGL Background Thread 1 ] DEBUG WindowService        - Initializing application scenes
17:00:58.112 [FXGL Background Thread 1 ] DEBUG GameWorld            - Game world initialized
17:00:58.152 [FXGL Background Thread 1 ] DEBUG PhysicsWorld         - Physics world initialized: appHeight=720, physics.ppm=50.0
17:00:58.155 [FXGL Background Thread 1 ] DEBUG GameScene            - Game scene initialized: 1280x720
17:00:58.182 [FXGL Background Thread 1 ] DEBUG AssetLoaderService   - Loading from file system: /assets/textures/particles/trace_horizontal.png
17:00:58.235 [FXGL Background Thread 1 ] DEBUG FXGL.DefaultMenu     - createMenuBodyGameMenu()
17:00:58.249 [FXGL Background Thread 1 ] DEBUG FXGL.DefaultMenu     - createOptionsMenu()
17:00:58.256 [FXGL Background Thread 1 ] DEBUG AssetLoaderService   - Loading from file system: /assets/textures/particles/smoke.png
17:00:58.305 [FXGL Background Thread 1 ] DEBUG WindowService        - Application scenes initialized
17:00:58.315 [FXGL Background Thread 1 ] DEBUG SystemBundleService  - Loading FXGL system data
17:00:58.319 [FXGL Background Thread 1 ] DEBUG FileSystemAccess     - Reading from: D:\CodeGym\casestudy02\system\fxgl.bundle
17:00:58.326 [FXGL Background Thread 1 ] DEBUG SystemBundleService  - Bundle FXGL: {}
17:00:58.326 [FXGL Background Thread 1 ] INFO  Engine               - FXGL initialization took: 0.330 sec
17:00:58.328 [FXGL Background Thread 1 ] DEBUG GameApplication      - Loading localizations
17:00:58.329 [FXGL Background Thread 1 ] DEBUG AssetLoaderService   - Loading from file system: /assets/languages/english.lang
17:00:58.343 [FXGL Background Thread 1 ] DEBUG AssetLoaderService   - Loading from file system: /assets/languages/french.lang
17:00:58.345 [FXGL Background Thread 1 ] DEBUG AssetLoaderService   - Loading from file system: /assets/languages/german.lang
17:00:58.347 [FXGL Background Thread 1 ] DEBUG AssetLoaderService   - Loading from file system: /assets/languages/hungarian.lang
17:00:58.351 [FXGL Background Thread 1 ] DEBUG AssetLoaderService   - Loading from file system: /assets/languages/russian.lang
17:00:58.353 [FXGL Background Thread 1 ] DEBUG GameApplication      - Registering font factories with UI factory
17:00:58.353 [FXGL Background Thread 1 ] DEBUG AssetLoaderService   - Loading from file system: /assets/ui/fonts/game_font_7.ttf
17:00:58.583 [FXGL Background Thread 1 ] DEBUG AssetLoaderService   - Loading from file system: /assets/ui/fonts/Abel-Regular.ttf
17:00:58.586 [FXGL Background Thread 1 ] DEBUG AssetLoaderService   - Loading from file system: /assets/ui/fonts/lucida_console.ttf
17:00:58.593 [FXGL Background Thread 1 ] DEBUG AssetLoaderService   - Loading from file system: /assets/ui/fonts/Courier-Prime.ttf
17:00:58.606 [JavaFX Application Thread] DEBUG Input                - Registered new binding: action0 - W
17:00:58.606 [JavaFX Application Thread] DEBUG Input                - Registered new binding: action1 - A
17:00:58.606 [JavaFX Application Thread] DEBUG Input                - Registered new binding: action2 - S
17:00:58.606 [JavaFX Application Thread] DEBUG Input                - Registered new binding: action3 - D
17:00:58.607 [JavaFX Application Thread] DEBUG Input                - Registered new binding: action4 - LMB
17:00:58.608 [JavaFX Application Thread] DEBUG AssetLoaderService   - Loading from file system: /assets/textures/explosion.png
17:00:58.747 [JavaFX Application Thread] DEBUG AssetLoaderService   - Loading from file system: /assets/music/bgm.mp3
17:00:58.857 [JavaFX Application Thread] DEBUG AudioPlayer          - Playing music com.almasb.fxgl.audio.Music@538f4bb
17:00:58.857 [JavaFX Application Thread] DEBUG AssetLoaderService   - Loading from file system: /assets/textures/fxgl_icon.png
17:00:58.865 [JavaFX Application Thread] DEBUG AssetLoaderService   - Loading from file system: /assets/ui/cursors/fxgl_default.png
17:00:58.867 [JavaFX Application Thread] DEBUG Input                - Registered new binding: Screenshot - P
17:00:58.867 [JavaFX Application Thread] DEBUG Input                - Registered new binding: System info dump - CTRL+9
17:00:58.868 [JavaFX Application Thread] DEBUG Input                - Registered new binding: Restart - CTRL+R
17:00:58.868 [JavaFX Application Thread] DEBUG LoopRunner           - Starting loop
17:00:58.906 [JavaFX Application Thread] DEBUG FXGLStartupScene     - STARTUP
17:00:58.906 [JavaFX Application Thread] DEBUG WindowService        - Starting new game
17:00:58.906 [JavaFX Application Thread] DEBUG Input                - Clearing active input actions
17:00:58.914 [JavaFX Application Thread] DEBUG WindowService        - Removing overlay from FXGLStartupScene and adding to FXGLLoadingScene
17:00:58.914 [JavaFX Application Thread] DEBUG MainWindow           - FXGLStartupScene -> FXGLLoadingScene
17:00:58.914 [JavaFX Application Thread] DEBUG WindowService        - Clearing previous game
17:00:58.914 [JavaFX Application Thread] DEBUG GameScene            - Clearing game scene
17:00:58.915 [JavaFX Application Thread] DEBUG GameWorld            - Clearing game world
17:00:58.915 [JavaFX Application Thread] DEBUG PhysicsWorld         - Clearing physics world
17:00:58.916 [FXGL Background Thread 1 ] DEBUG GameApplication      - Initializing game
17:00:58.927 [FXGL Background Thread 1 ] DEBUG AssetLoaderService   - Loading from file system: /assets/textures/Player.png
17:00:58.947 [FXGL Background Thread 1 ] INFO  GameApplication      - Game initialization took: 0.031 sec
17:00:58.947 [JavaFX Application Thread] DEBUG Input                - Clearing active input actions
17:00:58.954 [JavaFX Application Thread] DEBUG WindowService        - Removing overlay from FXGLLoadingScene and adding to GameScene
17:00:58.954 [JavaFX Application Thread] DEBUG MainWindow           - FXGLLoadingScene -> GameScene
17:00:58.955 [JavaFX Application Thread] DEBUG EventBus             - Firing event: javafx.event.Event[source=javafx.event.Event$$Lambda$112/0x000000080021e840@4198bca4]
17:00:58.955 [JavaFX Application Thread] DEBUG EventBus             - Firing event: javafx.event.Event[source=javafx.event.Event$$Lambda$112/0x000000080021e840@4198bca4]
17:01:00.486 [JavaFX Application Thread] DEBUG AssetLoaderService   - Loading from file system: /assets/textures/RedWanderer.png
17:01:00.496 [JavaFX Application Thread] DEBUG AssetLoaderService   - Loading from file system: /assets/textures/wanderer_overlay.png
17:01:01.014 [JavaFX Application Thread] DEBUG AssetLoaderService   - Loading from file system: /assets/textures/RedSeeker.png
17:01:01.016 [JavaFX Application Thread] DEBUG AssetLoaderService   - Loading from file system: /assets/textures/Seeker.png
17:01:01.020 [JavaFX Application Thread] DEBUG AssetLoaderService   - Loading from file system: /assets/textures/Seeker_overlay.png
17:01:01.047 [JavaFX Application Thread] DEBUG AssetLoaderService   - Loading from file system: /assets/textures/Seeker_overlay.png
17:01:01.328 [FXGL Background Thread 2 ] DEBUG Engine               - Logging environment variables
17:01:01.328 [FXGL Background Thread 2 ] DEBUG Engine               - achievements: []
17:01:01.328 [FXGL Background Thread 2 ] DEBUG Engine               - appIcon: fxgl_icon.png
17:01:01.328 [FXGL Background Thread 2 ] DEBUG Engine               - applicationMode: DEVELOPER
17:01:01.328 [FXGL Background Thread 2 ] DEBUG Engine               - cSSList: [fxgl_dark.css]
17:01:01.329 [FXGL Background Thread 2 ] DEBUG Engine               - configClass: Optional[class geowars.GeoWarsConfig]
17:01:01.329 [FXGL Background Thread 2 ] DEBUG Engine               - credits: []
17:01:01.329 [FXGL Background Thread 2 ] DEBUG Engine               - devBBoxColorProperty: ObjectProperty [value: 0xff0000ff]
17:01:01.329 [FXGL Background Thread 2 ] DEBUG Engine               - devSensorColorProperty: ObjectProperty [value: 0xffff00ff]
17:01:01.329 [FXGL Background Thread 2 ] DEBUG Engine               - devShowBBoxProperty: BooleanProperty [value: false]
17:01:01.329 [FXGL Background Thread 2 ] DEBUG Engine               - devShowPositionProperty: BooleanProperty [value: false]
17:01:01.329 [FXGL Background Thread 2 ] DEBUG Engine               - enabledMenuItems: []
17:01:01.329 [FXGL Background Thread 2 ] DEBUG Engine               - engineServices: [class com.almasb.fxgl.app.GameApplication$GameApplicationService, class com.almasb.fxgl.app.services.WindowService, class com.almasb.fxgl.app.services.FXGLDialogService, class com.almasb.fxgl.app.services.IOTaskExecutorService, class com.almasb.fxgl.event.EventBusService, class com.almasb.fxgl.io.FileSystemService, class com.almasb.fxgl.localization.LocalizationService, class com.almasb.fxgl.app.services.AssetLoaderService, class com.almasb.fxgl.app.services.SystemBundleService, class com.almasb.fxgl.profile.SaveLoadService, class com.almasb.fxgl.ui.FXGLUIFactoryServiceProvider, class com.almasb.fxgl.ui.FXGLDialogFactoryServiceProvider, class com.almasb.fxgl.audio.AudioPlayer, class com.almasb.fxgl.notification.impl.NotificationServiceProvider, class com.almasb.fxgl.achievement.AchievementService, class com.almasb.fxgl.cutscene.CutsceneService, class com.almasb.fxgl.minigames.MiniGameService, class com.almasb.fxgl.net.NetService, class com.almasb.fxgl.app.services.UpdaterService, class com.almasb.fxgl.dev.DevService]
17:01:01.329 [FXGL Background Thread 2 ] DEBUG Engine               - fontGame: Abel-Regular.ttf
17:01:01.329 [FXGL Background Thread 2 ] DEBUG Engine               - fontMono: lucida_console.ttf
17:01:01.329 [FXGL Background Thread 2 ] DEBUG Engine               - fontText: Courier-Prime.ttf
17:01:01.329 [FXGL Background Thread 2 ] DEBUG Engine               - fontUI: game_font_7.ttf
17:01:01.329 [FXGL Background Thread 2 ] DEBUG Engine               - fullScreen: BooleanProperty [value: false]
17:01:01.329 [FXGL Background Thread 2 ] DEBUG Engine               - gameDifficulty: MEDIUM
17:01:01.329 [FXGL Background Thread 2 ] DEBUG Engine               - gameDifficultyProperty: ObjectProperty [value: MEDIUM]
17:01:01.330 [FXGL Background Thread 2 ] DEBUG Engine               - globalMusicVolume: 0.5
17:01:01.330 [FXGL Background Thread 2 ] DEBUG Engine               - globalMusicVolumeProperty: DoubleProperty [value: 0.2]
17:01:01.330 [FXGL Background Thread 2 ] DEBUG Engine               - globalSoundVolume: 0.5
17:01:01.330 [FXGL Background Thread 2 ] DEBUG Engine               - globalSoundVolumeProperty: DoubleProperty [value: 0.2]
17:01:01.330 [FXGL Background Thread 2 ] DEBUG Engine               - height: 720
17:01:01.330 [FXGL Background Thread 2 ] DEBUG Engine               - isAndroid: false
17:01:01.330 [FXGL Background Thread 2 ] DEBUG Engine               - isBrowser: false
17:01:01.330 [FXGL Background Thread 2 ] DEBUG Engine               - isClickFeedbackEnabled: false
17:01:01.330 [FXGL Background Thread 2 ] DEBUG Engine               - isCloseConfirmation: false
17:01:01.330 [FXGL Background Thread 2 ] DEBUG Engine               - isDesktop: true
17:01:01.330 [FXGL Background Thread 2 ] DEBUG Engine               - isDeveloperMenuEnabled: false
17:01:01.330 [FXGL Background Thread 2 ] DEBUG Engine               - isExperimentalNative: false
17:01:01.330 [FXGL Background Thread 2 ] DEBUG Engine               - isExperimentalTiledLargeMap: false
17:01:01.330 [FXGL Background Thread 2 ] DEBUG Engine               - isFullScreenAllowed: false
17:01:01.330 [FXGL Background Thread 2 ] DEBUG Engine               - isFullScreenFromStart: false
17:01:01.330 [FXGL Background Thread 2 ] DEBUG Engine               - isGameMenuEnabled: true
17:01:01.330 [FXGL Background Thread 2 ] DEBUG Engine               - isIOS: false
17:01:01.330 [FXGL Background Thread 2 ] DEBUG Engine               - isIntroEnabled: false
17:01:01.330 [FXGL Background Thread 2 ] DEBUG Engine               - isLinux: false
17:01:01.331 [FXGL Background Thread 2 ] DEBUG Engine               - isMac: false
17:01:01.331 [FXGL Background Thread 2 ] DEBUG Engine               - isMainMenuEnabled: false
17:01:01.331 [FXGL Background Thread 2 ] DEBUG Engine               - isManualResizeEnabled: true
17:01:01.331 [FXGL Background Thread 2 ] DEBUG Engine               - isMobile: false
17:01:01.331 [FXGL Background Thread 2 ] DEBUG Engine               - isPreserveResizeRatio: false
17:01:01.331 [FXGL Background Thread 2 ] DEBUG Engine               - isProfilingEnabled: false
17:01:01.331 [FXGL Background Thread 2 ] DEBUG Engine               - isSingleStep: false
17:01:01.331 [FXGL Background Thread 2 ] DEBUG Engine               - isUserProfileEnabled: false
17:01:01.331 [FXGL Background Thread 2 ] DEBUG Engine               - isWindows: true
17:01:01.331 [FXGL Background Thread 2 ] DEBUG Engine               - language: ObjectProperty [value: ENGLISH]
17:01:01.331 [FXGL Background Thread 2 ] DEBUG Engine               - mainWindow: com.almasb.fxgl.app.MainWindow@22667597
17:01:01.331 [FXGL Background Thread 2 ] DEBUG Engine               - menuKey: ESCAPE
17:01:01.331 [FXGL Background Thread 2 ] DEBUG Engine               - notificationViewClass: class com.almasb.fxgl.notification.view.XboxNotificationView
17:01:01.331 [FXGL Background Thread 2 ] DEBUG Engine               - pixelsPerMeter: 50.0
17:01:01.331 [FXGL Background Thread 2 ] DEBUG Engine               - platform: WINDOWS
17:01:01.331 [FXGL Background Thread 2 ] DEBUG Engine               - profileDir: profiles/
17:01:01.331 [FXGL Background Thread 2 ] DEBUG Engine               - profileName: StringProperty [value: DEFAULT]
17:01:01.331 [FXGL Background Thread 2 ] DEBUG Engine               - randomSeed: -1
17:01:01.331 [FXGL Background Thread 2 ] DEBUG Engine               - runtimeInfo: RuntimeInfo(platform=WINDOWS, version=11.9, build=27.05.2020 17.06)
17:01:01.331 [FXGL Background Thread 2 ] DEBUG Engine               - saveFileExt: sav
17:01:01.332 [FXGL Background Thread 2 ] DEBUG Engine               - sceneFactory: com.almasb.fxgl.app.scene.SceneFactory@19755b6f
17:01:01.332 [FXGL Background Thread 2 ] DEBUG Engine               - secondsIn24h: 60
17:01:01.332 [FXGL Background Thread 2 ] DEBUG Engine               - settings: Title: FXGL Geometry Wars
Version: 1.1.0
Width: 1280
Height: 720
Fullscreen: false
Intro: false
Profiling: false
Single step:false
App Mode: DEVELOPER
Menu Key: ESCAPE
Stage Style: DECORATED
Scene Factory: class com.almasb.fxgl.app.scene.SceneFactory

17:01:01.332 [FXGL Background Thread 2 ] DEBUG Engine               - soundMenuBack: menu/back.wav
17:01:01.332 [FXGL Background Thread 2 ] DEBUG Engine               - soundMenuPress: menu/press.wav
17:01:01.332 [FXGL Background Thread 2 ] DEBUG Engine               - soundMenuSelect: menu/select.wav
17:01:01.332 [FXGL Background Thread 2 ] DEBUG Engine               - soundNotification: core/notification.wav
17:01:01.332 [FXGL Background Thread 2 ] DEBUG Engine               - stageStyle: DECORATED
17:01:01.332 [FXGL Background Thread 2 ] DEBUG Engine               - supportedLanguages: [ENGLISH, FRENCH, GERMAN, HUNGARIAN, RUSSIAN]
17:01:01.332 [FXGL Background Thread 2 ] DEBUG Engine               - title: FXGL Geometry Wars
17:01:01.332 [FXGL Background Thread 2 ] DEBUG Engine               - urlGithub: https://github.com/AlmasB/FXGL
17:01:01.332 [FXGL Background Thread 2 ] DEBUG Engine               - urlLeaderboard: http://fxgl-top.herokuapp.com/
17:01:01.332 [FXGL Background Thread 2 ] DEBUG Engine               - urlPOM: https://raw.githubusercontent.com/AlmasB/FXGL/master/pom.xml
17:01:01.332 [FXGL Background Thread 2 ] DEBUG Engine               - version: 1.1.0
17:01:01.332 [FXGL Background Thread 2 ] DEBUG Engine               - versionCheckDays: 7
17:01:01.332 [FXGL Background Thread 2 ] DEBUG Engine               - width: 1280
17:01:01.332 [FXGL Background Thread 2 ] DEBUG Engine               - Logging services
17:01:01.332 [FXGL Background Thread 2 ] DEBUG Engine               - class com.almasb.fxgl.app.GameApplication$GameApplicationService
17:01:01.332 [FXGL Background Thread 2 ] DEBUG Engine               - class com.almasb.fxgl.app.services.WindowService
17:01:01.332 [FXGL Background Thread 2 ] DEBUG Engine               - class com.almasb.fxgl.app.services.FXGLDialogService
17:01:01.332 [FXGL Background Thread 2 ] DEBUG Engine               - class com.almasb.fxgl.app.services.IOTaskExecutorService
17:01:01.332 [FXGL Background Thread 2 ] DEBUG Engine               - class com.almasb.fxgl.event.EventBusService
17:01:01.332 [FXGL Background Thread 2 ] DEBUG Engine               - class com.almasb.fxgl.io.FileSystemService
17:01:01.332 [FXGL Background Thread 2 ] DEBUG Engine               - class com.almasb.fxgl.localization.LocalizationService
17:01:01.333 [FXGL Background Thread 2 ] DEBUG Engine               - class com.almasb.fxgl.app.services.AssetLoaderService
17:01:01.333 [FXGL Background Thread 2 ] DEBUG Engine               - class com.almasb.fxgl.app.services.SystemBundleService
17:01:01.333 [FXGL Background Thread 2 ] DEBUG Engine               - class com.almasb.fxgl.profile.SaveLoadService
17:01:01.333 [FXGL Background Thread 2 ] DEBUG Engine               - class com.almasb.fxgl.ui.FXGLUIFactoryServiceProvider
17:01:01.333 [FXGL Background Thread 2 ] DEBUG Engine               - class com.almasb.fxgl.ui.FXGLDialogFactoryServiceProvider
17:01:01.333 [FXGL Background Thread 2 ] DEBUG Engine               - class com.almasb.fxgl.audio.AudioPlayer
17:01:01.333 [FXGL Background Thread 2 ] DEBUG Engine               - class com.almasb.fxgl.notification.impl.NotificationServiceProvider
17:01:01.333 [FXGL Background Thread 2 ] DEBUG Engine               - class com.almasb.fxgl.achievement.AchievementService
17:01:01.333 [FXGL Background Thread 2 ] DEBUG Engine               - class com.almasb.fxgl.cutscene.CutsceneService
17:01:01.333 [FXGL Background Thread 2 ] DEBUG Engine               - class com.almasb.fxgl.minigames.MiniGameService
17:01:01.333 [FXGL Background Thread 2 ] DEBUG Engine               - class com.almasb.fxgl.net.NetService
17:01:01.333 [FXGL Background Thread 2 ] DEBUG Engine               - class com.almasb.fxgl.app.services.UpdaterService
17:01:01.333 [FXGL Background Thread 2 ] DEBUG Engine               - class com.almasb.fxgl.dev.DevService
17:01:02.021 [JavaFX Application Thread] DEBUG AssetLoaderService   - Loading from file system: /assets/textures/Wanderer.png
17:01:02.027 [JavaFX Application Thread] DEBUG AssetLoaderService   - Loading from cache: /assets/textures/wanderer_overlay.png@80.0x80.0
17:01:03.046 [JavaFX Application Thread] DEBUG AssetLoaderService   - Loading from cache: /assets/textures/Seeker.png@60.0x60.0
17:01:03.046 [JavaFX Application Thread] DEBUG AssetLoaderService   - Loading from cache: /assets/textures/Seeker.png@60.0x60.0
17:01:03.047 [JavaFX Application Thread] DEBUG AssetLoaderService   - Loading from cache: /assets/textures/Seeker_overlay.png
17:01:03.058 [JavaFX Application Thread] DEBUG AssetLoaderService   - Loading from cache: /assets/textures/Seeker_overlay.png@60.0x60.0
17:01:03.541 [JavaFX Application Thread] DEBUG AssetLoaderService   - Loading from cache: /assets/textures/Wanderer.png@80.0x80.0
17:01:03.542 [JavaFX Application Thread] DEBUG AssetLoaderService   - Loading from cache: /assets/textures/wanderer_overlay.png@80.0x80.0
17:01:04.021 [JavaFX Application Thread] DEBUG AssetLoaderService   - Loading from file system: /assets/textures/Bouncer.png
17:01:05.062 [JavaFX Application Thread] DEBUG AssetLoaderService   - Loading from cache: /assets/textures/Wanderer.png@80.0x80.0
17:01:05.063 [JavaFX Application Thread] DEBUG AssetLoaderService   - Loading from cache: /assets/textures/wanderer_overlay.png@80.0x80.0
17:01:05.065 [JavaFX Application Thread] DEBUG AssetLoaderService   - Loading from cache: /assets/textures/Seeker.png@60.0x60.0
17:01:05.066 [JavaFX Application Thread] DEBUG AssetLoaderService   - Loading from cache: /assets/textures/Seeker.png@60.0x60.0
17:01:05.067 [JavaFX Application Thread] DEBUG AssetLoaderService   - Loading from cache: /assets/textures/Seeker_overlay.png
17:01:05.088 [JavaFX Application Thread] DEBUG AssetLoaderService   - Loading from cache: /assets/textures/Seeker_overlay.png@60.0x60.0
17:01:06.566 [JavaFX Application Thread] DEBUG AssetLoaderService   - Loading from cache: /assets/textures/Wanderer.png@80.0x80.0
17:01:06.567 [JavaFX Application Thread] DEBUG AssetLoaderService   - Loading from cache: /assets/textures/wanderer_overlay.png@80.0x80.0
17:01:07.077 [JavaFX Application Thread] DEBUG AssetLoaderService   - Loading from cache: /assets/textures/RedSeeker.png@60.0x60.0
17:01:07.078 [JavaFX Application Thread] DEBUG AssetLoaderService   - Loading from cache: /assets/textures/Seeker.png@60.0x60.0
17:01:07.078 [JavaFX Application Thread] DEBUG AssetLoaderService   - Loading from cache: /assets/textures/Seeker_overlay.png
17:01:07.089 [JavaFX Application Thread] DEBUG AssetLoaderService   - Loading from cache: /assets/textures/Seeker_overlay.png@60.0x60.0
17:01:08.070 [JavaFX Application Thread] DEBUG AssetLoaderService   - Loading from cache: /assets/textures/Wanderer.png@80.0x80.0
17:01:08.071 [JavaFX Application Thread] DEBUG AssetLoaderService   - Loading from cache: /assets/textures/wanderer_overlay.png@80.0x80.0
17:01:09.029 [JavaFX Application Thread] DEBUG AssetLoaderService   - Loading from cache: /assets/textures/Bouncer.png@63.5x76.0
17:01:09.078 [JavaFX Application Thread] DEBUG AssetLoaderService   - Loading from cache: /assets/textures/Seeker.png@60.0x60.0
17:01:09.079 [JavaFX Application Thread] DEBUG AssetLoaderService   - Loading from cache: /assets/textures/Seeker.png@60.0x60.0
17:01:09.079 [JavaFX Application Thread] DEBUG AssetLoaderService   - Loading from cache: /assets/textures/Seeker_overlay.png
17:01:09.093 [JavaFX Application Thread] DEBUG AssetLoaderService   - Loading from cache: /assets/textures/Seeker_overlay.png@60.0x60.0
17:01:09.574 [JavaFX Application Thread] DEBUG AssetLoaderService   - Loading from cache: /assets/textures/Wanderer.png@80.0x80.0
17:01:09.575 [JavaFX Application Thread] DEBUG AssetLoaderService   - Loading from cache: /assets/textures/wanderer_overlay.png@80.0x80.0
17:01:11.078 [JavaFX Application Thread] DEBUG AssetLoaderService   - Loading from cache: /assets/textures/Wanderer.png@80.0x80.0
17:01:11.079 [JavaFX Application Thread] DEBUG AssetLoaderService   - Loading from cache: /assets/textures/wanderer_overlay.png@80.0x80.0
17:01:11.081 [JavaFX Application Thread] DEBUG AssetLoaderService   - Loading from cache: /assets/textures/Seeker.png@60.0x60.0
17:01:11.081 [JavaFX Application Thread] DEBUG AssetLoaderService   - Loading from cache: /assets/textures/Seeker.png@60.0x60.0
17:01:11.082 [JavaFX Application Thread] DEBUG AssetLoaderService   - Loading from cache: /assets/textures/Seeker_overlay.png
17:01:11.097 [JavaFX Application Thread] DEBUG AssetLoaderService   - Loading from cache: /assets/textures/Seeker_overlay.png@60.0x60.0
17:01:12.565 [JavaFX Application Thread] DEBUG AssetLoaderService   - Loading from cache: /assets/textures/RedWanderer.png@80.0x80.0
17:01:12.566 [JavaFX Application Thread] DEBUG AssetLoaderService   - Loading from cache: /assets/textures/wanderer_overlay.png@80.0x80.0
17:01:13.078 [JavaFX Application Thread] DEBUG AssetLoaderService   - Loading from cache: /assets/textures/Seeker.png@60.0x60.0
17:01:13.078 [JavaFX Application Thread] DEBUG AssetLoaderService   - Loading from cache: /assets/textures/Seeker.png@60.0x60.0
17:01:13.079 [JavaFX Application Thread] DEBUG AssetLoaderService   - Loading from cache: /assets/textures/Seeker_overlay.png
17:01:13.092 [JavaFX Application Thread] DEBUG AssetLoaderService   - Loading from cache: /assets/textures/Seeker_overlay.png@60.0x60.0
17:01:14.021 [JavaFX Application Thread] DEBUG AssetLoaderService   - Loading from cache: /assets/textures/Bouncer.png@63.5x76.0
17:01:14.069 [JavaFX Application Thread] DEBUG AssetLoaderService   - Loading from cache: /assets/textures/Wanderer.png@80.0x80.0
17:01:14.070 [JavaFX Application Thread] DEBUG AssetLoaderService   - Loading from cache: /assets/textures/wanderer_overlay.png@80.0x80.0
17:01:15.078 [JavaFX Application Thread] DEBUG AssetLoaderService   - Loading from cache: /assets/textures/Seeker.png@60.0x60.0
17:01:15.078 [JavaFX Application Thread] DEBUG AssetLoaderService   - Loading from cache: /assets/textures/Seeker.png@60.0x60.0
17:01:15.079 [JavaFX Application Thread] DEBUG AssetLoaderService   - Loading from cache: /assets/textures/Seeker_overlay.png
17:01:15.093 [JavaFX Application Thread] DEBUG AssetLoaderService   - Loading from cache: /assets/textures/Seeker_overlay.png@60.0x60.0
17:01:15.573 [JavaFX Application Thread] DEBUG AssetLoaderService   - Loading from cache: /assets/textures/Wanderer.png@80.0x80.0
17:01:15.574 [JavaFX Application Thread] DEBUG AssetLoaderService   - Loading from cache: /assets/textures/wanderer_overlay.png@80.0x80.0
17:01:17.094 [JavaFX Application Thread] DEBUG AssetLoaderService   - Loading from cache: /assets/textures/Wanderer.png@80.0x80.0
17:01:17.095 [JavaFX Application Thread] DEBUG AssetLoaderService   - Loading from cache: /assets/textures/wanderer_overlay.png@80.0x80.0
17:01:17.096 [JavaFX Application Thread] DEBUG AssetLoaderService   - Loading from cache: /assets/textures/Seeker.png@60.0x60.0
17:01:17.097 [JavaFX Application Thread] DEBUG AssetLoaderService   - Loading from cache: /assets/textures/Seeker.png@60.0x60.0
17:01:17.097 [JavaFX Application Thread] DEBUG AssetLoaderService   - Loading from cache: /assets/textures/Seeker_overlay.png
17:01:17.108 [JavaFX Application Thread] DEBUG AssetLoaderService   - Loading from cache: /assets/textures/Seeker_overlay.png@60.0x60.0
17:01:18.117 [JavaFX Application Thread] DEBUG GameApplication      - Exiting FXGL
17:01:18.117 [JavaFX Application Thread] DEBUG LoopRunner           - Stopping loop
17:01:18.117 [JavaFX Application Thread] DEBUG SystemBundleService  - Saving FXGL system data
17:01:18.119 [JavaFX Application Thread] DEBUG FileSystemAccess     - Writing to: D:\CodeGym\casestudy02\system\fxgl.bundle
17:01:18.120 [JavaFX Application Thread] DEBUG GameApplication      - Shutting down background threads
17:01:18.120 [JavaFX Application Thread] DEBUG GameApplication      - Closing logger and exiting JavaFX
