15:52:47.286 [main                     ] DEBUG GameApplication      - Logger initialized
15:52:47.302 [main                     ] DEBUG GameApplication      - Logging settings
Title: FXGL Geometry Wars
Version: 1.1.0
Width: 1280
Height: 720
Fullscreen: false
Intro: true
Profiling: false
Single step:false
App Mode: DEVELOPER
Menu Key: ESCAPE
Stage Style: DECORATED
Scene Factory: class com.almasb.fxgl.app.scene.SceneFactory

15:52:47.775 [JavaFX Application Thread] DEBUG GameApplication      - Initializing FXGL
15:52:47.788 [JavaFX Application Thread] INFO  Engine               - FXGL-11.9 (27.05.2020 17.06) on WINDOWS (J:11.0.7 FX:13.0.2)
15:52:47.789 [JavaFX Application Thread] DEBUG Engine               - JRE Vendor Name: Oracle Corporation
15:52:47.789 [JavaFX Application Thread] DEBUG Engine               - Running on OS: Windows 10 version 10.0
15:52:47.789 [JavaFX Application Thread] DEBUG Engine               - Architecture: amd64
15:52:47.789 [JavaFX Application Thread] INFO  Engine               - Source code and latest versions at: https://github.com/AlmasB/FXGL
15:52:47.789 [JavaFX Application Thread] INFO  Engine               -              Join the FXGL chat at: https://gitter.im/AlmasB/FXGL
15:52:47.903 [JavaFX Application Thread] DEBUG MainWindow           - Creating a JavaFX scene
15:52:47.976 [JavaFX Application Thread] DEBUG MainWindow           - Target settings size: 1280.0 x 720.0
15:52:47.977 [JavaFX Application Thread] DEBUG MainWindow           - Scaled scene size:    1280.0 x 720.0
15:52:47.977 [JavaFX Application Thread] DEBUG MainWindow           - Scaled ratio: (1.0, 1.0)
15:52:47.978 [JavaFX Application Thread] DEBUG MainWindow           - Set initial scene to FXGLStartupScene
15:52:47.984 [JavaFX Application Thread] DEBUG MainWindow           - Opening main window
15:52:48.072 [JavaFX Application Thread] DEBUG MainWindow           - Window border size: (16.0, 39.0)
15:52:48.072 [JavaFX Application Thread] DEBUG MainWindow           - Scaled size: 1280.0 x 720.0
15:52:48.072 [JavaFX Application Thread] DEBUG MainWindow           - Scaled ratio: (1.0, 1.0)
15:52:48.072 [JavaFX Application Thread] DEBUG MainWindow           - Scene size: 1280.0 x 720.0
15:52:48.072 [JavaFX Application Thread] DEBUG MainWindow           - Stage size: 1296.0 x 759.0
15:52:48.079 [FXGL Background Thread 1 ] DEBUG Engine               - Initializing environment variables
15:52:48.100 [FXGL Background Thread 1 ] DEBUG WindowService        - Applying CSS: fxgl_dark.css
15:52:48.100 [FXGL Background Thread 1 ] DEBUG AssetLoaderService   - Loading from file system: /assets/ui/css/fxgl_dark.css
15:52:48.150 [FXGL Background Thread 1 ] DEBUG WindowService        - Initializing application scenes
15:52:48.182 [FXGL Background Thread 1 ] DEBUG GameWorld            - Game world initialized
15:52:48.217 [FXGL Background Thread 1 ] DEBUG PhysicsWorld         - Physics world initialized: appHeight=720, physics.ppm=50.0
15:52:48.219 [FXGL Background Thread 1 ] DEBUG GameScene            - Game scene initialized: 1280x720
15:52:48.226 [FXGL Background Thread 1 ] DEBUG AssetLoaderService   - Loading from file system: /assets/textures/particles/explosion.png
15:52:48.317 [FXGL Background Thread 1 ] DEBUG AssetLoaderService   - Loading from file system: /assets/textures/particles/trace_horizontal.png
15:52:48.339 [FXGL Background Thread 1 ] DEBUG FXGL.DefaultMenu     - createMenuBodyMainMenu()
15:52:48.349 [FXGL Background Thread 1 ] DEBUG FXGL.DefaultMenu     - createOptionsMenu()
15:52:48.353 [FXGL Background Thread 1 ] DEBUG AssetLoaderService   - Loading from file system: /assets/textures/particles/smoke.png
15:52:48.374 [FXGL Background Thread 1 ] DEBUG AssetLoaderService   - Loading from cache: /assets/textures/particles/trace_horizontal.png@64.0x64.0
15:52:48.375 [FXGL Background Thread 1 ] DEBUG FXGL.DefaultMenu     - createMenuBodyGameMenu()
15:52:48.375 [FXGL Background Thread 1 ] DEBUG FXGL.DefaultMenu     - createOptionsMenu()
15:52:48.377 [FXGL Background Thread 1 ] DEBUG AssetLoaderService   - Loading from cache: /assets/textures/particles/smoke.png@128.0x128.0
15:52:48.387 [FXGL Background Thread 1 ] DEBUG WindowService        - Application scenes initialized
15:52:48.394 [FXGL Background Thread 1 ] DEBUG SystemBundleService  - Loading FXGL system data
15:52:48.397 [FXGL Background Thread 1 ] DEBUG FileSystemAccess     - Reading from: D:\CodeGym\casestudy02\system\fxgl.bundle
15:52:48.400 [FXGL Background Thread 1 ] DEBUG SystemBundleService  - Bundle FXGL: {}
15:52:48.401 [FXGL Background Thread 1 ] INFO  Engine               - FXGL initialization took: 0.322 sec
15:52:48.402 [FXGL Background Thread 1 ] DEBUG GameApplication      - Loading localizations
15:52:48.402 [FXGL Background Thread 1 ] DEBUG AssetLoaderService   - Loading from file system: /assets/languages/english.lang
15:52:48.418 [FXGL Background Thread 1 ] DEBUG AssetLoaderService   - Loading from file system: /assets/languages/french.lang
15:52:48.420 [FXGL Background Thread 1 ] DEBUG AssetLoaderService   - Loading from file system: /assets/languages/german.lang
15:52:48.421 [FXGL Background Thread 1 ] DEBUG AssetLoaderService   - Loading from file system: /assets/languages/hungarian.lang
15:52:48.425 [FXGL Background Thread 1 ] DEBUG AssetLoaderService   - Loading from file system: /assets/languages/russian.lang
15:52:48.426 [FXGL Background Thread 1 ] DEBUG GameApplication      - Registering font factories with UI factory
15:52:48.426 [FXGL Background Thread 1 ] DEBUG AssetLoaderService   - Loading from file system: /assets/ui/fonts/VarelaRound-Regular.ttf
15:52:48.639 [FXGL Background Thread 1 ] DEBUG AssetLoaderService   - Loading from file system: /assets/ui/fonts/Abel-Regular.ttf
15:52:48.643 [FXGL Background Thread 1 ] DEBUG AssetLoaderService   - Loading from file system: /assets/ui/fonts/lucida_console.ttf
15:52:48.647 [FXGL Background Thread 1 ] DEBUG AssetLoaderService   - Loading from file system: /assets/ui/fonts/Courier-Prime.ttf
15:52:48.652 [JavaFX Application Thread] DEBUG AssetLoaderService   - Loading from file system: /assets/textures/fxgl_icon.png
15:52:48.664 [JavaFX Application Thread] DEBUG AssetLoaderService   - Loading from file system: /assets/ui/cursors/fxgl_default.png
15:52:48.673 [JavaFX Application Thread] DEBUG Input                - Registered new binding: Screenshot - P
15:52:48.674 [JavaFX Application Thread] DEBUG Input                - Registered new binding: System info dump - CTRL+9
15:52:48.674 [JavaFX Application Thread] DEBUG Input                - Registered new binding: Restart - CTRL+R
15:52:48.675 [JavaFX Application Thread] DEBUG LoopRunner           - Starting loop
15:52:48.693 [JavaFX Application Thread] DEBUG FXGLStartupScene     - STARTUP
15:52:48.695 [JavaFX Application Thread] DEBUG Input                - Clearing active input actions
15:52:48.704 [JavaFX Application Thread] DEBUG WindowService        - Removing overlay from FXGLStartupScene and adding to FXGLIntroScene
15:52:48.704 [JavaFX Application Thread] DEBUG MainWindow           - FXGLStartupScene -> FXGLIntroScene
15:52:51.402 [FXGL Background Thread 2 ] DEBUG Engine               - Logging environment variables
15:52:51.402 [FXGL Background Thread 2 ] DEBUG Engine               - achievements: []
15:52:51.403 [FXGL Background Thread 2 ] DEBUG Engine               - appIcon: fxgl_icon.png
15:52:51.403 [FXGL Background Thread 2 ] DEBUG Engine               - applicationMode: DEVELOPER
15:52:51.403 [FXGL Background Thread 2 ] DEBUG Engine               - cSSList: [fxgl_dark.css]
15:52:51.403 [FXGL Background Thread 2 ] DEBUG Engine               - configClass: Optional.empty
15:52:51.403 [FXGL Background Thread 2 ] DEBUG Engine               - credits: []
15:52:51.403 [FXGL Background Thread 2 ] DEBUG Engine               - devBBoxColorProperty: ObjectProperty [value: 0xff0000ff]
15:52:51.403 [FXGL Background Thread 2 ] DEBUG Engine               - devSensorColorProperty: ObjectProperty [value: 0xffff00ff]
15:52:51.403 [FXGL Background Thread 2 ] DEBUG Engine               - devShowBBoxProperty: BooleanProperty [value: false]
15:52:51.403 [FXGL Background Thread 2 ] DEBUG Engine               - devShowPositionProperty: BooleanProperty [value: false]
15:52:51.403 [FXGL Background Thread 2 ] DEBUG Engine               - enabledMenuItems: []
15:52:51.403 [FXGL Background Thread 2 ] DEBUG Engine               - engineServices: [class com.almasb.fxgl.app.GameApplication$GameApplicationService, class com.almasb.fxgl.app.services.WindowService, class com.almasb.fxgl.app.services.FXGLDialogService, class com.almasb.fxgl.app.services.IOTaskExecutorService, class com.almasb.fxgl.event.EventBusService, class com.almasb.fxgl.io.FileSystemService, class com.almasb.fxgl.localization.LocalizationService, class com.almasb.fxgl.app.services.AssetLoaderService, class com.almasb.fxgl.app.services.SystemBundleService, class com.almasb.fxgl.profile.SaveLoadService, class com.almasb.fxgl.ui.FXGLUIFactoryServiceProvider, class com.almasb.fxgl.ui.FXGLDialogFactoryServiceProvider, class com.almasb.fxgl.audio.AudioPlayer, class com.almasb.fxgl.notification.impl.NotificationServiceProvider, class com.almasb.fxgl.achievement.AchievementService, class com.almasb.fxgl.cutscene.CutsceneService, class com.almasb.fxgl.minigames.MiniGameService, class com.almasb.fxgl.net.NetService, class com.almasb.fxgl.app.services.UpdaterService, class com.almasb.fxgl.dev.DevService]
15:52:51.404 [FXGL Background Thread 2 ] DEBUG Engine               - fontGame: Abel-Regular.ttf
15:52:51.404 [FXGL Background Thread 2 ] DEBUG Engine               - fontMono: lucida_console.ttf
15:52:51.404 [FXGL Background Thread 2 ] DEBUG Engine               - fontText: Courier-Prime.ttf
15:52:51.404 [FXGL Background Thread 2 ] DEBUG Engine               - fontUI: VarelaRound-Regular.ttf
15:52:51.404 [FXGL Background Thread 2 ] DEBUG Engine               - fullScreen: BooleanProperty [value: false]
15:52:51.404 [FXGL Background Thread 2 ] DEBUG Engine               - gameDifficulty: MEDIUM
15:52:51.404 [FXGL Background Thread 2 ] DEBUG Engine               - gameDifficultyProperty: ObjectProperty [value: MEDIUM]
15:52:51.404 [FXGL Background Thread 2 ] DEBUG Engine               - globalMusicVolume: 0.5
15:52:51.404 [FXGL Background Thread 2 ] DEBUG Engine               - globalMusicVolumeProperty: DoubleProperty [value: 0.5]
15:52:51.404 [FXGL Background Thread 2 ] DEBUG Engine               - globalSoundVolume: 0.5
15:52:51.404 [FXGL Background Thread 2 ] DEBUG Engine               - globalSoundVolumeProperty: DoubleProperty [value: 0.5]
15:52:51.404 [FXGL Background Thread 2 ] DEBUG Engine               - height: 720
15:52:51.404 [FXGL Background Thread 2 ] DEBUG Engine               - isAndroid: false
15:52:51.404 [FXGL Background Thread 2 ] DEBUG Engine               - isBrowser: false
15:52:51.404 [FXGL Background Thread 2 ] DEBUG Engine               - isClickFeedbackEnabled: false
15:52:51.404 [FXGL Background Thread 2 ] DEBUG Engine               - isCloseConfirmation: false
15:52:51.404 [FXGL Background Thread 2 ] DEBUG Engine               - isDesktop: true
15:52:51.405 [FXGL Background Thread 2 ] DEBUG Engine               - isDeveloperMenuEnabled: false
15:52:51.405 [FXGL Background Thread 2 ] DEBUG Engine               - isExperimentalNative: false
15:52:51.405 [FXGL Background Thread 2 ] DEBUG Engine               - isExperimentalTiledLargeMap: false
15:52:51.405 [FXGL Background Thread 2 ] DEBUG Engine               - isFullScreenAllowed: false
15:52:51.405 [FXGL Background Thread 2 ] DEBUG Engine               - isFullScreenFromStart: false
15:52:51.405 [FXGL Background Thread 2 ] DEBUG Engine               - isGameMenuEnabled: true
15:52:51.405 [FXGL Background Thread 2 ] DEBUG Engine               - isIOS: false
15:52:51.405 [FXGL Background Thread 2 ] DEBUG Engine               - isIntroEnabled: true
15:52:51.405 [FXGL Background Thread 2 ] DEBUG Engine               - isLinux: false
15:52:51.405 [FXGL Background Thread 2 ] DEBUG Engine               - isMac: false
15:52:51.405 [FXGL Background Thread 2 ] DEBUG Engine               - isMainMenuEnabled: true
15:52:51.405 [FXGL Background Thread 2 ] DEBUG Engine               - isManualResizeEnabled: false
15:52:51.405 [FXGL Background Thread 2 ] DEBUG Engine               - isMobile: false
15:52:51.406 [FXGL Background Thread 2 ] DEBUG Engine               - isPreserveResizeRatio: false
15:52:51.406 [FXGL Background Thread 2 ] DEBUG Engine               - isProfilingEnabled: false
15:52:51.406 [FXGL Background Thread 2 ] DEBUG Engine               - isSingleStep: false
15:52:51.406 [FXGL Background Thread 2 ] DEBUG Engine               - isUserProfileEnabled: false
15:52:51.406 [FXGL Background Thread 2 ] DEBUG Engine               - isWindows: true
15:52:51.406 [FXGL Background Thread 2 ] DEBUG Engine               - language: ObjectProperty [value: ENGLISH]
15:52:51.406 [FXGL Background Thread 2 ] DEBUG Engine               - mainWindow: com.almasb.fxgl.app.MainWindow@568b1f88
15:52:51.406 [FXGL Background Thread 2 ] DEBUG Engine               - menuKey: ESCAPE
15:52:51.406 [FXGL Background Thread 2 ] DEBUG Engine               - notificationViewClass: class com.almasb.fxgl.notification.view.XboxNotificationView
15:52:51.406 [FXGL Background Thread 2 ] DEBUG Engine               - pixelsPerMeter: 50.0
15:52:51.406 [FXGL Background Thread 2 ] DEBUG Engine               - platform: WINDOWS
15:52:51.406 [FXGL Background Thread 2 ] DEBUG Engine               - profileDir: profiles/
15:52:51.406 [FXGL Background Thread 2 ] DEBUG Engine               - profileName: StringProperty [value: DEFAULT]
15:52:51.406 [FXGL Background Thread 2 ] DEBUG Engine               - randomSeed: -1
15:52:51.406 [FXGL Background Thread 2 ] DEBUG Engine               - runtimeInfo: RuntimeInfo(platform=WINDOWS, version=11.9, build=27.05.2020 17.06)
15:52:51.406 [FXGL Background Thread 2 ] DEBUG Engine               - saveFileExt: sav
15:52:51.406 [FXGL Background Thread 2 ] DEBUG Engine               - sceneFactory: com.almasb.fxgl.app.scene.SceneFactory@55355b00
15:52:51.406 [FXGL Background Thread 2 ] DEBUG Engine               - secondsIn24h: 60
15:52:51.406 [FXGL Background Thread 2 ] DEBUG Engine               - settings: Title: FXGL Geometry Wars
Version: 1.1.0
Width: 1280
Height: 720
Fullscreen: false
Intro: true
Profiling: false
Single step:false
App Mode: DEVELOPER
Menu Key: ESCAPE
Stage Style: DECORATED
Scene Factory: class com.almasb.fxgl.app.scene.SceneFactory

15:52:51.406 [FXGL Background Thread 2 ] DEBUG Engine               - soundMenuBack: menu/back.wav
15:52:51.407 [FXGL Background Thread 2 ] DEBUG Engine               - soundMenuPress: menu/press.wav
15:52:51.407 [FXGL Background Thread 2 ] DEBUG Engine               - soundMenuSelect: menu/select.wav
15:52:51.407 [FXGL Background Thread 2 ] DEBUG Engine               - soundNotification: core/notification.wav
15:52:51.407 [FXGL Background Thread 2 ] DEBUG Engine               - stageStyle: DECORATED
15:52:51.407 [FXGL Background Thread 2 ] DEBUG Engine               - supportedLanguages: [ENGLISH, FRENCH, GERMAN, HUNGARIAN, RUSSIAN]
15:52:51.407 [FXGL Background Thread 2 ] DEBUG Engine               - title: FXGL Geometry Wars
15:52:51.407 [FXGL Background Thread 2 ] DEBUG Engine               - urlGithub: https://github.com/AlmasB/FXGL
15:52:51.407 [FXGL Background Thread 2 ] DEBUG Engine               - urlLeaderboard: http://fxgl-top.herokuapp.com/
15:52:51.407 [FXGL Background Thread 2 ] DEBUG Engine               - urlPOM: https://raw.githubusercontent.com/AlmasB/FXGL/master/pom.xml
15:52:51.407 [FXGL Background Thread 2 ] DEBUG Engine               - version: 1.1.0
15:52:51.407 [FXGL Background Thread 2 ] DEBUG Engine               - versionCheckDays: 7
15:52:51.407 [FXGL Background Thread 2 ] DEBUG Engine               - width: 1280
15:52:51.407 [FXGL Background Thread 2 ] DEBUG Engine               - Logging services
15:52:51.407 [FXGL Background Thread 2 ] DEBUG Engine               - class com.almasb.fxgl.app.GameApplication$GameApplicationService
15:52:51.407 [FXGL Background Thread 2 ] DEBUG Engine               - class com.almasb.fxgl.app.services.WindowService
15:52:51.407 [FXGL Background Thread 2 ] DEBUG Engine               - class com.almasb.fxgl.app.services.FXGLDialogService
15:52:51.407 [FXGL Background Thread 2 ] DEBUG Engine               - class com.almasb.fxgl.app.services.IOTaskExecutorService
15:52:51.407 [FXGL Background Thread 2 ] DEBUG Engine               - class com.almasb.fxgl.event.EventBusService
15:52:51.407 [FXGL Background Thread 2 ] DEBUG Engine               - class com.almasb.fxgl.io.FileSystemService
15:52:51.407 [FXGL Background Thread 2 ] DEBUG Engine               - class com.almasb.fxgl.localization.LocalizationService
15:52:51.407 [FXGL Background Thread 2 ] DEBUG Engine               - class com.almasb.fxgl.app.services.AssetLoaderService
15:52:51.407 [FXGL Background Thread 2 ] DEBUG Engine               - class com.almasb.fxgl.app.services.SystemBundleService
15:52:51.407 [FXGL Background Thread 2 ] DEBUG Engine               - class com.almasb.fxgl.profile.SaveLoadService
15:52:51.408 [FXGL Background Thread 2 ] DEBUG Engine               - class com.almasb.fxgl.ui.FXGLUIFactoryServiceProvider
15:52:51.408 [FXGL Background Thread 2 ] DEBUG Engine               - class com.almasb.fxgl.ui.FXGLDialogFactoryServiceProvider
15:52:51.408 [FXGL Background Thread 2 ] DEBUG Engine               - class com.almasb.fxgl.audio.AudioPlayer
15:52:51.408 [FXGL Background Thread 2 ] DEBUG Engine               - class com.almasb.fxgl.notification.impl.NotificationServiceProvider
15:52:51.408 [FXGL Background Thread 2 ] DEBUG Engine               - class com.almasb.fxgl.achievement.AchievementService
15:52:51.408 [FXGL Background Thread 2 ] DEBUG Engine               - class com.almasb.fxgl.cutscene.CutsceneService
15:52:51.408 [FXGL Background Thread 2 ] DEBUG Engine               - class com.almasb.fxgl.minigames.MiniGameService
15:52:51.408 [FXGL Background Thread 2 ] DEBUG Engine               - class com.almasb.fxgl.net.NetService
15:52:51.408 [FXGL Background Thread 2 ] DEBUG Engine               - class com.almasb.fxgl.app.services.UpdaterService
15:52:51.408 [FXGL Background Thread 2 ] DEBUG Engine               - class com.almasb.fxgl.dev.DevService
15:52:54.370 [JavaFX Application Thread] DEBUG Input                - Clearing active input actions
15:52:54.376 [JavaFX Application Thread] DEBUG WindowService        - Removing overlay from FXGLIntroScene and adding to 
15:52:54.377 [JavaFX Application Thread] DEBUG MainWindow           - FXGLIntroScene -> 
15:52:54.377 [JavaFX Application Thread] DEBUG MainWindow           - Push state: FXGLDefaultMenu
15:52:54.381 [JavaFX Application Thread] DEBUG Input                - Clearing active input actions
15:52:54.389 [JavaFX Application Thread] DEBUG WindowService        - Removing overlay from  and adding to FXGLDefaultMenu
15:52:54.390 [JavaFX Application Thread] DEBUG MainWindow           -  -> FXGLDefaultMenu
15:52:59.355 [JavaFX Application Thread] DEBUG Menu                 - fireNewGame()
15:52:59.355 [JavaFX Application Thread] DEBUG WindowService        - Starting new game
15:52:59.356 [JavaFX Application Thread] DEBUG MainWindow           - Pop state: FXGLDefaultMenu
15:52:59.356 [JavaFX Application Thread] DEBUG Input                - Clearing active input actions
15:52:59.357 [JavaFX Application Thread] DEBUG WindowService        - Removing overlay from FXGLDefaultMenu and adding to 
15:52:59.357 [JavaFX Application Thread] DEBUG MainWindow           -  <- FXGLDefaultMenu
15:52:59.357 [JavaFX Application Thread] DEBUG Input                - Clearing active input actions
15:52:59.360 [JavaFX Application Thread] DEBUG WindowService        - Removing overlay from  and adding to FXGLLoadingScene
15:52:59.361 [JavaFX Application Thread] DEBUG MainWindow           -  -> FXGLLoadingScene
15:52:59.361 [JavaFX Application Thread] DEBUG WindowService        - Clearing previous game
15:52:59.361 [JavaFX Application Thread] DEBUG GameScene            - Clearing game scene
15:52:59.361 [JavaFX Application Thread] DEBUG GameWorld            - Clearing game world
15:52:59.361 [JavaFX Application Thread] DEBUG PhysicsWorld         - Clearing physics world
15:52:59.362 [FXGL Background Thread 1 ] DEBUG GameApplication      - Initializing game
15:52:59.362 [FXGL Background Thread 1 ] INFO  GameApplication      - Game initialization took: 0.001 sec
15:52:59.380 [JavaFX Application Thread] DEBUG Input                - Clearing active input actions
15:52:59.385 [JavaFX Application Thread] DEBUG WindowService        - Removing overlay from FXGLLoadingScene and adding to GameScene
15:52:59.385 [JavaFX Application Thread] DEBUG MainWindow           - FXGLLoadingScene -> GameScene
15:53:02.483 [JavaFX Application Thread] DEBUG GameApplication      - Exiting FXGL
15:53:02.483 [JavaFX Application Thread] DEBUG LoopRunner           - Stopping loop
15:53:02.483 [JavaFX Application Thread] DEBUG SystemBundleService  - Saving FXGL system data
15:53:02.485 [JavaFX Application Thread] DEBUG FileSystemAccess     - Writing to: D:\CodeGym\casestudy02\system\fxgl.bundle
15:53:02.486 [JavaFX Application Thread] DEBUG GameApplication      - Shutting down background threads
15:53:02.486 [JavaFX Application Thread] DEBUG GameApplication      - Closing logger and exiting JavaFX
