15:45:51.401 [main                     ] DEBUG GameApplication      - Logger initialized
15:45:51.417 [main                     ] DEBUG GameApplication      - Logging settings
Title: Star Wars
Version: 0.0.1
Width: 1280
Height: 720
Fullscreen: false
Intro: false
Menus: false
Profiling: false
Single step:false
App Mode: DEVELOPER
Menu Key: ESCAPE
Stage Style: DECORATED
Scene Factory: class com.almasb.fxgl.app.SceneFactory
Dialog Factory: class com.almasb.fxgl.ui.FXGLDialogFactory
UI Factory: class com.almasb.fxgl.ui.FXGLUIFactory

15:45:51.721 [JavaFX Application Thread] DEBUG Engine               - Initializing FXGL
15:45:51.721 [JavaFX Application Thread] INFO  Engine               - FXGL-11.4 (06.08.2019 18.29) on WINDOWS (J:11.0.7 FX:12.0.1)
15:45:51.722 [JavaFX Application Thread] INFO  Engine               - Source code and latest versions at: https://github.com/AlmasB/FXGL
15:45:51.722 [JavaFX Application Thread] INFO  Engine               -              Join the FXGL chat at: https://gitter.im/AlmasB/FXGL
15:45:51.724 [JavaFX Application Thread] DEBUG Engine               - Adding new engine service: class com.almasb.fxgl.audio.AudioPlayer
15:45:51.725 [JavaFX Application Thread] DEBUG Engine               - Adding new engine service: class com.almasb.fxgl.notification.impl.NotificationServiceProvider
15:45:51.725 [JavaFX Application Thread] DEBUG Engine               - Adding new engine service: class com.almasb.fxgl.achievement.AchievementManager
15:45:51.730 [JavaFX Application Thread] DEBUG FS                   - Loaded FSServiceImpl
15:45:51.730 [JavaFX Application Thread] DEBUG SaveLoadManager      - Checking profiles dir: profiles/
15:45:51.731 [JavaFX Application Thread] DEBUG Engine               - Loading localizations
15:45:51.739 [JavaFX Application Thread] DEBUG AssetLoader          - Loading from file system: /assets/properties/languages/english.properties
15:45:51.741 [JavaFX Application Thread] DEBUG AssetLoader          - Loading from file system: /assets/properties/languages/french.properties
15:45:51.741 [JavaFX Application Thread] DEBUG AssetLoader          - Loading from file system: /assets/properties/languages/german.properties
15:45:51.743 [JavaFX Application Thread] DEBUG AssetLoader          - Loading from file system: /assets/properties/languages/russian.properties
15:45:51.744 [JavaFX Application Thread] DEBUG AssetLoader          - Loading from file system: /assets/properties/languages/hungarian.properties
15:45:51.750 [JavaFX Application Thread] DEBUG Engine               - Registering font factories
15:45:51.751 [JavaFX Application Thread] DEBUG AssetLoader          - Loading from file system: /assets/ui/fonts/VarelaRound-Regular.ttf
15:45:51.989 [JavaFX Application Thread] DEBUG AssetLoader          - Loading from file system: /assets/ui/fonts/Abel-Regular.ttf
15:45:51.993 [JavaFX Application Thread] DEBUG AssetLoader          - Loading from file system: /assets/ui/fonts/lucida_console.ttf
15:45:51.998 [JavaFX Application Thread] DEBUG AssetLoader          - Loading from file system: /assets/ui/fonts/Courier-Prime.ttf
15:45:52.005 [JavaFX Application Thread] DEBUG Engine               - Setting UI factory
15:45:52.072 [JavaFX Application Thread] DEBUG AssetLoader          - Loading from file system: /assets/textures/fxgl_logo.png
15:45:52.117 [JavaFX Application Thread] DEBUG MainWindow           - Creating a JavaFX scene
15:45:52.151 [JavaFX Application Thread] DEBUG MainWindow           - Target settings size: 1280.0 x 720.0
15:45:52.151 [JavaFX Application Thread] DEBUG MainWindow           - Scaled scene size:    1280.0 x 720.0
15:45:52.151 [JavaFX Application Thread] DEBUG MainWindow           - Scaled ratio: (1.0, 1.0)
15:45:52.152 [JavaFX Application Thread] DEBUG MainWindow           - Applying CSS: fxgl_dark.css
15:45:52.152 [JavaFX Application Thread] DEBUG AssetLoader          - Loading from file system: /assets/ui/css/fxgl_dark.css
15:45:52.153 [JavaFX Application Thread] DEBUG AssetLoader          - Loading from file system: /assets/ui/cursors/fxgl_default.png
15:45:52.157 [JavaFX Application Thread] DEBUG Input                - Clearing active input actions
15:45:52.157 [JavaFX Application Thread] DEBUG MainWindow           - StartupScene -> StartupScene
15:45:52.161 [JavaFX Application Thread] DEBUG AssetLoader          - Loading from file system: /assets/textures/fxgl_icon.png
15:45:52.171 [JavaFX Application Thread] DEBUG MainWindow           - Opening main window
15:45:52.286 [JavaFX Application Thread] DEBUG MainWindow           - Window border size: (16.0, 39.0)
15:45:52.286 [JavaFX Application Thread] DEBUG MainWindow           - Scaled size: 1280.0 x 720.0
15:45:52.287 [JavaFX Application Thread] DEBUG MainWindow           - Scaled ratio: (1.0, 1.0)
15:45:52.287 [JavaFX Application Thread] DEBUG MainWindow           - Scene size: 1280.0 x 720.0
15:45:52.287 [JavaFX Application Thread] DEBUG MainWindow           - Stage size: 1296.0 x 759.0
15:45:52.296 [FXGL Background Thread 1 ] DEBUG FS                   - Loaded FSServiceImpl
15:45:52.297 [FXGL Background Thread 1 ] DEBUG Engine               - Loading FXGL system data
15:45:52.306 [FXGL Background Thread 1 ] DEBUG FSServiceImpl        - Reading from: D:\CodeGym\casestudy02\system\fxgl.bundle
15:45:52.313 [FXGL Background Thread 1 ] DEBUG Engine               - Bundle FXGL: {}
15:45:52.313 [FXGL Background Thread 1 ] DEBUG Engine               - Initializing application scenes
15:45:52.336 [FXGL Background Thread 1 ] DEBUG GameWorld            - Game world initialized
15:45:52.372 [FXGL Background Thread 1 ] DEBUG PhysicsWorld         - Physics world initialized: appHeight=720, physics.ppm=50.0
15:45:52.374 [FXGL Background Thread 1 ] DEBUG GameScene            - Game scene initialized: 1280x720
15:45:52.396 [FXGL Background Thread 1 ] DEBUG Input                - Registered new binding: Resume - Esc
15:45:52.396 [FXGL Background Thread 1 ] DEBUG AssetLoader          - Loading from file system: /assets/textures/pause_menu_bg.png
15:45:52.416 [FXGL Background Thread 1 ] DEBUG Input                - Registered new binding: Pause - Esc
15:45:52.416 [FXGL Background Thread 1 ] DEBUG Engine               - Application scenes initialized
15:45:52.418 [JavaFX Application Thread] DEBUG Engine               - Running preInit()
15:45:52.419 [JavaFX Application Thread] DEBUG Input                - Registered new binding: Screenshot - P
15:45:52.419 [JavaFX Application Thread] DEBUG Input                - Registered new binding: System info dump - CTRL+9
15:45:52.419 [JavaFX Application Thread] DEBUG Input                - Registered new binding: Restart - CTRL+R
15:45:52.419 [JavaFX Application Thread] DEBUG Engine               - generateDefaultProfile()
15:45:52.419 [JavaFX Application Thread] DEBUG Engine               - Creating default profile
15:45:52.420 [JavaFX Application Thread] DEBUG EventBus             - Firing event: SaveEvent
15:45:52.421 [JavaFX Application Thread] DEBUG Engine               - Logging environment variables
15:45:52.421 [JavaFX Application Thread] DEBUG Engine               - achievements: []
15:45:52.421 [JavaFX Application Thread] DEBUG Engine               - language: ObjectProperty [value: ENGLISH]
15:45:52.421 [JavaFX Application Thread] DEBUG Engine               - isCloseConfirmation: false
15:45:52.421 [JavaFX Application Thread] DEBUG Engine               - isProfilingEnabled: false
15:45:52.421 [JavaFX Application Thread] DEBUG Engine               - soundNotification: core/notification.wav
15:45:52.421 [JavaFX Application Thread] DEBUG Engine               - devShowBBoxProperty: BooleanProperty [value: false]
15:45:52.422 [JavaFX Application Thread] DEBUG Engine               - pixelsPerMeter: 50.0
15:45:52.422 [JavaFX Application Thread] DEBUG Engine               - overlayRoot: Group@4cac55f1
15:45:52.422 [JavaFX Application Thread] DEBUG Engine               - soundMenuBack: menu/back.wav
15:45:52.422 [JavaFX Application Thread] DEBUG Engine               - appIcon: fxgl_icon.png
15:45:52.422 [JavaFX Application Thread] DEBUG Engine               - isFullScreenAllowed: false
15:45:52.422 [JavaFX Application Thread] DEBUG Engine               - isIntroEnabled: false
15:45:52.422 [JavaFX Application Thread] DEBUG Engine               - eventBus: com.almasb.fxgl.event.EventBus@1c27efa
15:45:52.422 [JavaFX Application Thread] DEBUG Engine               - fontMono: lucida_console.ttf
15:45:52.422 [JavaFX Application Thread] DEBUG Engine               - soundMenuSelect: menu/select.wav
15:45:52.422 [JavaFX Application Thread] DEBUG Engine               - isWindows: true
15:45:52.422 [JavaFX Application Thread] DEBUG Engine               - isMobile: false
15:45:52.422 [JavaFX Application Thread] DEBUG Engine               - height: 720
15:45:52.422 [JavaFX Application Thread] DEBUG Engine               - isExperimentalNative: false
15:45:52.422 [JavaFX Application Thread] DEBUG Engine               - isSingleStep: false
15:45:52.422 [JavaFX Application Thread] DEBUG Engine               - cSSList: [fxgl_dark.css]
15:45:52.422 [JavaFX Application Thread] DEBUG Engine               - fontGame: Abel-Regular.ttf
15:45:52.423 [JavaFX Application Thread] DEBUG Engine               - menuKey: ESCAPE
15:45:52.423 [JavaFX Application Thread] DEBUG Engine               - devShowPositionProperty: BooleanProperty [value: false]
15:45:52.423 [JavaFX Application Thread] DEBUG Engine               - versionCheckDays: 7
15:45:52.423 [JavaFX Application Thread] DEBUG Engine               - masterTimer: com.almasb.fxgl.time.Timer@7df18827
15:45:52.423 [JavaFX Application Thread] DEBUG Engine               - configClass: Optional.empty
15:45:52.423 [JavaFX Application Thread] DEBUG Engine               - version: 0.0.1
15:45:52.423 [JavaFX Application Thread] DEBUG Engine               - fullScreen: BooleanProperty [value: false]
15:45:52.423 [JavaFX Application Thread] DEBUG Engine               - dialogFactory: com.almasb.fxgl.ui.FXGLDialogFactory@bd5022b
15:45:52.423 [JavaFX Application Thread] DEBUG Engine               - applicationMode: DEVELOPER
15:45:52.423 [JavaFX Application Thread] DEBUG Engine               - isMac: false
15:45:52.423 [JavaFX Application Thread] DEBUG Engine               - urlGoogleForms: https://goo.gl/forms/6wrMnOBxTE1fEpOy2
15:45:52.423 [JavaFX Application Thread] DEBUG Engine               - isMenuEnabled: false
15:45:52.423 [JavaFX Application Thread] DEBUG Engine               - profileName: user.profile
15:45:52.423 [JavaFX Application Thread] DEBUG Engine               - urlPOM: https://raw.githubusercontent.com/AlmasB/FXGL/master/pom.xml
15:45:52.423 [JavaFX Application Thread] DEBUG Engine               - notificationViewClass: class com.almasb.fxgl.notification.view.XboxNotificationView
15:45:52.423 [JavaFX Application Thread] DEBUG Engine               - devSensorColorProperty: ObjectProperty [value: 0xffff00ff]
15:45:52.424 [JavaFX Application Thread] DEBUG Engine               - sceneFactory: com.almasb.fxgl.app.SceneFactory@5941b897
15:45:52.424 [JavaFX Application Thread] DEBUG Engine               - dataFileExt: .dat
15:45:52.424 [JavaFX Application Thread] DEBUG Engine               - stageStyle: DECORATED
15:45:52.424 [JavaFX Application Thread] DEBUG Engine               - isManualResizeEnabled: false
15:45:52.424 [JavaFX Application Thread] DEBUG Engine               - title: Star Wars
15:45:52.424 [JavaFX Application Thread] DEBUG Engine               - platform: WINDOWS
15:45:52.424 [JavaFX Application Thread] DEBUG Engine               - devBBoxColorProperty: ObjectProperty [value: 0xff0000ff]
15:45:52.424 [JavaFX Application Thread] DEBUG Engine               - isDesktop: true
15:45:52.424 [JavaFX Application Thread] DEBUG Engine               - credits: []
15:45:52.424 [JavaFX Application Thread] DEBUG Engine               - globalMusicVolumeProperty: DoubleProperty [value: 0.5]
15:45:52.424 [JavaFX Application Thread] DEBUG Engine               - isPreserveResizeRatio: false
15:45:52.424 [JavaFX Application Thread] DEBUG Engine               - uIFactory: com.almasb.fxgl.ui.FXGLUIFactory@4be628eb
15:45:52.424 [JavaFX Application Thread] DEBUG Engine               - fontText: Courier-Prime.ttf
15:45:52.424 [JavaFX Application Thread] DEBUG Engine               - isExperimentalTiledLargeMap: false
15:45:52.424 [JavaFX Application Thread] DEBUG Engine               - secondsIn24h: 60
15:45:52.425 [JavaFX Application Thread] DEBUG Engine               - runtimeInfo: RuntimeInfo(platform=WINDOWS, version=11.4, build=06.08.2019 18.29)
15:45:52.425 [JavaFX Application Thread] DEBUG Engine               - soundMenuPress: menu/press.wav
15:45:52.425 [JavaFX Application Thread] DEBUG Engine               - urlGithub: https://github.com/AlmasB/FXGL
15:45:52.425 [JavaFX Application Thread] DEBUG Engine               - isLinux: false
15:45:52.425 [JavaFX Application Thread] DEBUG Engine               - profileDir: profiles/
15:45:52.425 [JavaFX Application Thread] DEBUG Engine               - isDeveloperMenuEnabled: false
15:45:52.425 [JavaFX Application Thread] DEBUG Engine               - globalSoundVolumeProperty: DoubleProperty [value: 0.5]
15:45:52.425 [JavaFX Application Thread] DEBUG Engine               - isBrowser: false
15:45:52.425 [JavaFX Application Thread] DEBUG Engine               - urlLeaderboard: http://fxgl-top.herokuapp.com/
15:45:52.425 [JavaFX Application Thread] DEBUG Engine               - globalSoundVolume: 0.5
15:45:52.425 [JavaFX Application Thread] DEBUG Engine               - saveDir: saves/
15:45:52.425 [JavaFX Application Thread] DEBUG Engine               - engineServices: [class com.almasb.fxgl.audio.AudioPlayer, class com.almasb.fxgl.notification.impl.NotificationServiceProvider, class com.almasb.fxgl.achievement.AchievementManager]
15:45:52.425 [JavaFX Application Thread] DEBUG Engine               - globalMusicVolume: 0.5
15:45:52.425 [JavaFX Application Thread] DEBUG Engine               - width: 1280
15:45:52.425 [JavaFX Application Thread] DEBUG Engine               - saveFileExt: .sav
15:45:52.425 [JavaFX Application Thread] DEBUG Engine               - isAndroid: false
15:45:52.425 [JavaFX Application Thread] DEBUG Engine               - fontUI: VarelaRound-Regular.ttf
15:45:52.426 [JavaFX Application Thread] DEBUG Engine               - enabledMenuItems: []
15:45:52.426 [JavaFX Application Thread] DEBUG Engine               - isIOS: false
15:45:52.435 [JavaFX Application Thread] INFO  Engine               - FXGL initialization took: 0.705 sec
15:45:52.435 [JavaFX Application Thread] DEBUG LoopRunner           - Starting loop
15:45:52.440 [JavaFX Application Thread] DEBUG StartupScene         - STARTUP
15:45:52.440 [JavaFX Application Thread] DEBUG Engine               - Starting new game
15:45:52.440 [JavaFX Application Thread] DEBUG MainWindow           - Applying CSS: fxgl_dark.css
15:45:52.440 [JavaFX Application Thread] DEBUG AssetLoader          - Loading from file system: /assets/ui/css/fxgl_dark.css
15:45:52.440 [JavaFX Application Thread] DEBUG AssetLoader          - Loading from file system: /assets/ui/cursors/fxgl_default.png
15:45:52.441 [JavaFX Application Thread] DEBUG Input                - Clearing active input actions
15:45:52.449 [JavaFX Application Thread] DEBUG MainWindow           - StartupScene -> LoadingScene
15:45:52.453 [JavaFX Application Thread] DEBUG Engine               - Removing overlay from StartupScene and adding to LoadingScene
15:45:52.453 [FXGL Background Thread 1 ] DEBUG InitAppTask          - Clearing previous game
15:45:52.453 [FXGL Background Thread 1 ] DEBUG GameWorld            - Clearing game world
15:45:52.453 [FXGL Background Thread 1 ] DEBUG PhysicsWorld         - Clearing physics world
15:45:52.453 [FXGL Background Thread 1 ] DEBUG GameScene            - Clearing game scene
15:45:52.453 [FXGL Background Thread 1 ] DEBUG InitAppTask          - Initializing Game
15:45:52.454 [FXGL Background Thread 1 ] DEBUG InitAppTask          - Initializing Physics
15:45:52.454 [FXGL Background Thread 1 ] DEBUG InitAppTask          - Initializing UI
15:45:52.454 [FXGL Background Thread 1 ] DEBUG InitAppTask          - Initialization Complete
15:45:52.454 [FXGL Background Thread 1 ] INFO  InitAppTask          - Game initialization took: 0.001 sec
15:45:52.492 [JavaFX Application Thread] DEBUG MainWindow           - Applying CSS: fxgl_dark.css
15:45:52.492 [JavaFX Application Thread] DEBUG AssetLoader          - Loading from file system: /assets/ui/css/fxgl_dark.css
15:45:52.493 [JavaFX Application Thread] DEBUG AssetLoader          - Loading from file system: /assets/ui/cursors/fxgl_default.png
15:45:52.494 [JavaFX Application Thread] DEBUG Input                - Clearing active input actions
15:45:52.500 [JavaFX Application Thread] DEBUG MainWindow           - LoadingScene -> GameScene
15:45:52.501 [JavaFX Application Thread] DEBUG Engine               - Removing overlay from LoadingScene and adding to GameScene
15:45:55.587 [JavaFX Application Thread] DEBUG Engine               - Exiting FXGL
15:45:55.587 [JavaFX Application Thread] DEBUG Engine               - Shutting down background threads
15:45:55.587 [JavaFX Application Thread] DEBUG Engine               - Saving FXGL system data
15:45:55.588 [JavaFX Application Thread] DEBUG FSServiceImpl        - Writing to: D:\CodeGym\casestudy02\system\fxgl.bundle
15:45:55.590 [JavaFX Application Thread] DEBUG Engine               - Closing logger and exiting JavaFX
