18:02:56.017 [main                     ] DEBUG GameApplication      - Logger initialized
18:02:56.034 [main                     ] DEBUG GameApplication      - Logging settings
Title: FXGL Geometry Wars
Version: 1.1.0
Width: 1280
Height: 720
Fullscreen: false
Intro: false
Profiling: false
Single step:false
App Mode: DEVELOPER
Menu Key: ESCAPE
Stage Style: DECORATED
Scene Factory: class com.almasb.fxgl.app.scene.SceneFactory

18:02:56.372 [JavaFX Application Thread] DEBUG GameApplication      - Initializing FXGL
18:02:56.379 [JavaFX Application Thread] INFO  Engine               - FXGL-11.9 (27.05.2020 17.06) on WINDOWS (J:11.0.7 FX:13.0.2)
18:02:56.379 [JavaFX Application Thread] DEBUG Engine               - JRE Vendor Name: Oracle Corporation
18:02:56.379 [JavaFX Application Thread] DEBUG Engine               - Running on OS: Windows 10 version 10.0
18:02:56.379 [JavaFX Application Thread] DEBUG Engine               - Architecture: amd64
18:02:56.379 [JavaFX Application Thread] INFO  Engine               - Source code and latest versions at: https://github.com/AlmasB/FXGL
18:02:56.379 [JavaFX Application Thread] INFO  Engine               -              Join the FXGL chat at: https://gitter.im/AlmasB/FXGL
18:02:56.488 [JavaFX Application Thread] DEBUG MainWindow           - Creating a JavaFX scene
18:02:56.561 [JavaFX Application Thread] DEBUG MainWindow           - Target settings size: 1280.0 x 720.0
18:02:56.562 [JavaFX Application Thread] DEBUG MainWindow           - Scaled scene size:    1280.0 x 720.0
18:02:56.562 [JavaFX Application Thread] DEBUG MainWindow           - Scaled ratio: (1.0, 1.0)
18:02:56.567 [JavaFX Application Thread] DEBUG MainWindow           - Set initial scene to FXGLStartupScene
18:02:56.572 [JavaFX Application Thread] DEBUG MainWindow           - Opening main window
18:02:56.660 [JavaFX Application Thread] DEBUG MainWindow           - Window border size: (16.0, 39.0)
18:02:56.660 [JavaFX Application Thread] DEBUG MainWindow           - Scaled size: 1280.0 x 720.0
18:02:56.660 [JavaFX Application Thread] DEBUG MainWindow           - Scaled ratio: (1.0, 1.0)
18:02:56.660 [JavaFX Application Thread] DEBUG MainWindow           - Scene size: 1280.0 x 720.0
18:02:56.660 [JavaFX Application Thread] DEBUG MainWindow           - Stage size: 1296.0 x 759.0
18:02:56.667 [FXGL Background Thread 1 ] DEBUG Engine               - Initializing environment variables
18:02:56.698 [FXGL Background Thread 1 ] DEBUG WindowService        - Applying CSS: fxgl_dark.css
18:02:56.699 [FXGL Background Thread 1 ] DEBUG AssetLoaderService   - Loading from file system: /assets/ui/css/fxgl_dark.css
18:02:56.758 [FXGL Background Thread 1 ] DEBUG WindowService        - Initializing application scenes
18:02:56.810 [FXGL Background Thread 1 ] DEBUG GameWorld            - Game world initialized
18:02:56.854 [FXGL Background Thread 1 ] DEBUG PhysicsWorld         - Physics world initialized: appHeight=720, physics.ppm=50.0
18:02:56.858 [FXGL Background Thread 1 ] DEBUG GameScene            - Game scene initialized: 1280x720
18:02:56.888 [FXGL Background Thread 1 ] DEBUG AssetLoaderService   - Loading from file system: /assets/textures/particles/trace_horizontal.png
18:02:56.942 [FXGL Background Thread 1 ] DEBUG FXGL.DefaultMenu     - createMenuBodyGameMenu()
18:02:56.955 [FXGL Background Thread 1 ] DEBUG FXGL.DefaultMenu     - createOptionsMenu()
18:02:56.961 [FXGL Background Thread 1 ] DEBUG AssetLoaderService   - Loading from file system: /assets/textures/particles/smoke.png
18:02:57.027 [FXGL Background Thread 1 ] DEBUG WindowService        - Application scenes initialized
18:02:57.039 [FXGL Background Thread 1 ] DEBUG SystemBundleService  - Loading FXGL system data
18:02:57.043 [FXGL Background Thread 1 ] DEBUG FileSystemAccess     - Reading from: D:\CodeGym\casestudy02\system\fxgl.bundle
18:02:57.048 [FXGL Background Thread 1 ] DEBUG SystemBundleService  - Bundle FXGL: {}
18:02:57.048 [FXGL Background Thread 1 ] INFO  Engine               - FXGL initialization took: 0.379 sec
18:02:57.049 [FXGL Background Thread 1 ] DEBUG GameApplication      - Loading localizations
18:02:57.050 [FXGL Background Thread 1 ] DEBUG AssetLoaderService   - Loading from file system: /assets/languages/english.lang
18:02:57.066 [FXGL Background Thread 1 ] DEBUG AssetLoaderService   - Loading from file system: /assets/languages/french.lang
18:02:57.067 [FXGL Background Thread 1 ] DEBUG AssetLoaderService   - Loading from file system: /assets/languages/german.lang
18:02:57.068 [FXGL Background Thread 1 ] DEBUG AssetLoaderService   - Loading from file system: /assets/languages/hungarian.lang
18:02:57.071 [FXGL Background Thread 1 ] DEBUG AssetLoaderService   - Loading from file system: /assets/languages/russian.lang
18:02:57.073 [FXGL Background Thread 1 ] DEBUG GameApplication      - Registering font factories with UI factory
18:02:57.073 [FXGL Background Thread 1 ] DEBUG AssetLoaderService   - Loading from file system: /assets/ui/fonts/game_font_7.ttf
18:02:57.292 [FXGL Background Thread 1 ] DEBUG AssetLoaderService   - Loading from file system: /assets/ui/fonts/Abel-Regular.ttf
18:02:57.296 [FXGL Background Thread 1 ] DEBUG AssetLoaderService   - Loading from file system: /assets/ui/fonts/lucida_console.ttf
18:02:57.299 [FXGL Background Thread 1 ] DEBUG AssetLoaderService   - Loading from file system: /assets/ui/fonts/Courier-Prime.ttf
18:02:57.310 [JavaFX Application Thread] DEBUG Input                - Registered new binding: action0 - W
18:02:57.310 [JavaFX Application Thread] DEBUG Input                - Registered new binding: action1 - A
18:02:57.310 [JavaFX Application Thread] DEBUG Input                - Registered new binding: action2 - S
18:02:57.311 [JavaFX Application Thread] DEBUG Input                - Registered new binding: action3 - D
18:02:57.312 [JavaFX Application Thread] DEBUG Input                - Registered new binding: action4 - LMB
18:02:57.312 [JavaFX Application Thread] DEBUG AssetLoaderService   - Loading from file system: /assets/textures/fxgl_icon.png
18:02:57.327 [JavaFX Application Thread] DEBUG AssetLoaderService   - Loading from file system: /assets/ui/cursors/fxgl_default.png
18:02:57.329 [JavaFX Application Thread] DEBUG Input                - Registered new binding: Screenshot - P
18:02:57.329 [JavaFX Application Thread] DEBUG Input                - Registered new binding: System info dump - CTRL+9
18:02:57.329 [JavaFX Application Thread] DEBUG Input                - Registered new binding: Restart - CTRL+R
18:02:57.330 [JavaFX Application Thread] DEBUG LoopRunner           - Starting loop
18:02:57.340 [JavaFX Application Thread] DEBUG FXGLStartupScene     - STARTUP
18:02:57.340 [JavaFX Application Thread] DEBUG WindowService        - Starting new game
18:02:57.340 [JavaFX Application Thread] DEBUG Input                - Clearing active input actions
18:02:57.349 [JavaFX Application Thread] DEBUG WindowService        - Removing overlay from FXGLStartupScene and adding to FXGLLoadingScene
18:02:57.349 [JavaFX Application Thread] DEBUG MainWindow           - FXGLStartupScene -> FXGLLoadingScene
18:02:57.349 [JavaFX Application Thread] DEBUG WindowService        - Clearing previous game
18:02:57.349 [JavaFX Application Thread] DEBUG GameScene            - Clearing game scene
18:02:57.349 [JavaFX Application Thread] DEBUG GameWorld            - Clearing game world
18:02:57.349 [JavaFX Application Thread] DEBUG PhysicsWorld         - Clearing physics world
18:02:57.350 [FXGL Background Thread 1 ] DEBUG GameApplication      - Initializing game
18:02:57.365 [FXGL Background Thread 1 ] DEBUG AssetLoaderService   - Loading from file system: /assets/textures/Player.png
18:02:57.384 [FXGL Background Thread 1 ] INFO  GameApplication      - Game initialization took: 0.035 sec
18:02:57.424 [JavaFX Application Thread] DEBUG Input                - Clearing active input actions
18:02:57.432 [JavaFX Application Thread] DEBUG WindowService        - Removing overlay from FXGLLoadingScene and adding to GameScene
18:02:57.432 [JavaFX Application Thread] DEBUG MainWindow           - FXGLLoadingScene -> GameScene
18:02:58.424 [JavaFX Application Thread] DEBUG AssetLoaderService   - Loading from file system: /assets/textures/RedWanderer.png
18:02:58.434 [JavaFX Application Thread] DEBUG AssetLoaderService   - Loading from file system: /assets/textures/wanderer_overlay.png
18:02:59.448 [JavaFX Application Thread] DEBUG AssetLoaderService   - Loading from cache: /assets/textures/RedWanderer.png@80.0x80.0
18:02:59.451 [JavaFX Application Thread] DEBUG AssetLoaderService   - Loading from cache: /assets/textures/wanderer_overlay.png@80.0x80.0
18:02:59.470 [JavaFX Application Thread] DEBUG AssetLoaderService   - Loading from file system: /assets/sounds/shoot8.wav
18:02:59.536 [JavaFX Application Thread] DEBUG AssetLoaderService   - Loading from file system: /assets/textures/Bullet.png
18:02:59.623 [JavaFX Application Thread] DEBUG AssetLoaderService   - Loading from file system: /assets/sounds/shoot4.wav
18:02:59.625 [JavaFX Application Thread] DEBUG AssetLoaderService   - Loading from cache: /assets/textures/Bullet.png
18:02:59.751 [JavaFX Application Thread] DEBUG AssetLoaderService   - Loading from file system: /assets/sounds/shoot7.wav
18:02:59.752 [JavaFX Application Thread] DEBUG AssetLoaderService   - Loading from cache: /assets/textures/Bullet.png
18:02:59.863 [JavaFX Application Thread] DEBUG AssetLoaderService   - Loading from cache: /assets/sounds/shoot8.wav
18:02:59.863 [JavaFX Application Thread] DEBUG AssetLoaderService   - Loading from cache: /assets/textures/Bullet.png
18:02:59.943 [JavaFX Application Thread] DEBUG AssetLoaderService   - Loading from file system: /assets/textures/explosion.png
18:03:00.038 [JavaFX Application Thread] DEBUG AssetLoaderService   - Loading from file system: /assets/textures/particles/circle_05.png
18:03:00.047 [JavaFX Application Thread] DEBUG AssetLoaderService   - Loading from file system: /assets/sounds/explosion-05.wav
18:03:00.050 [JavaFX Application Thread] DEBUG AssetLoaderService   - Loading from file system: /assets/textures/YellowCrystal.png
18:03:00.051 [FXGL Background Thread 2 ] DEBUG Engine               - Logging environment variables
18:03:00.051 [FXGL Background Thread 2 ] DEBUG Engine               - achievements: []
18:03:00.051 [FXGL Background Thread 2 ] DEBUG Engine               - appIcon: fxgl_icon.png
18:03:00.051 [FXGL Background Thread 2 ] DEBUG Engine               - applicationMode: DEVELOPER
18:03:00.051 [FXGL Background Thread 2 ] DEBUG Engine               - cSSList: [fxgl_dark.css]
18:03:00.051 [FXGL Background Thread 2 ] DEBUG Engine               - configClass: Optional[class geowars.GeoWarsConfig]
18:03:00.052 [FXGL Background Thread 2 ] DEBUG Engine               - credits: []
18:03:00.052 [FXGL Background Thread 2 ] DEBUG Engine               - devBBoxColorProperty: ObjectProperty [value: 0xff0000ff]
18:03:00.052 [FXGL Background Thread 2 ] DEBUG Engine               - devSensorColorProperty: ObjectProperty [value: 0xffff00ff]
18:03:00.052 [FXGL Background Thread 2 ] DEBUG Engine               - devShowBBoxProperty: BooleanProperty [value: false]
18:03:00.052 [FXGL Background Thread 2 ] DEBUG Engine               - devShowPositionProperty: BooleanProperty [value: false]
18:03:00.052 [FXGL Background Thread 2 ] DEBUG Engine               - enabledMenuItems: []
18:03:00.052 [FXGL Background Thread 2 ] DEBUG Engine               - engineServices: [class com.almasb.fxgl.app.GameApplication$GameApplicationService, class com.almasb.fxgl.app.services.WindowService, class com.almasb.fxgl.app.services.FXGLDialogService, class com.almasb.fxgl.app.services.IOTaskExecutorService, class com.almasb.fxgl.event.EventBusService, class com.almasb.fxgl.io.FileSystemService, class com.almasb.fxgl.localization.LocalizationService, class com.almasb.fxgl.app.services.AssetLoaderService, class com.almasb.fxgl.app.services.SystemBundleService, class com.almasb.fxgl.profile.SaveLoadService, class com.almasb.fxgl.ui.FXGLUIFactoryServiceProvider, class com.almasb.fxgl.ui.FXGLDialogFactoryServiceProvider, class com.almasb.fxgl.audio.AudioPlayer, class com.almasb.fxgl.notification.impl.NotificationServiceProvider, class com.almasb.fxgl.achievement.AchievementService, class com.almasb.fxgl.cutscene.CutsceneService, class com.almasb.fxgl.minigames.MiniGameService, class com.almasb.fxgl.net.NetService, class com.almasb.fxgl.app.services.UpdaterService, class com.almasb.fxgl.dev.DevService]
18:03:00.052 [FXGL Background Thread 2 ] DEBUG Engine               - fontGame: Abel-Regular.ttf
18:03:00.052 [FXGL Background Thread 2 ] DEBUG Engine               - fontMono: lucida_console.ttf
18:03:00.052 [FXGL Background Thread 2 ] DEBUG Engine               - fontText: Courier-Prime.ttf
18:03:00.052 [FXGL Background Thread 2 ] DEBUG Engine               - fontUI: game_font_7.ttf
18:03:00.052 [FXGL Background Thread 2 ] DEBUG Engine               - fullScreen: BooleanProperty [value: false]
18:03:00.052 [FXGL Background Thread 2 ] DEBUG Engine               - gameDifficulty: MEDIUM
18:03:00.052 [FXGL Background Thread 2 ] DEBUG Engine               - gameDifficultyProperty: ObjectProperty [value: MEDIUM]
18:03:00.053 [FXGL Background Thread 2 ] DEBUG Engine               - globalMusicVolume: 0.5
18:03:00.053 [FXGL Background Thread 2 ] DEBUG Engine               - globalMusicVolumeProperty: DoubleProperty [value: 0.5]
18:03:00.053 [FXGL Background Thread 2 ] DEBUG Engine               - globalSoundVolume: 0.5
18:03:00.053 [FXGL Background Thread 2 ] DEBUG Engine               - globalSoundVolumeProperty: DoubleProperty [value: 0.5]
18:03:00.053 [FXGL Background Thread 2 ] DEBUG Engine               - height: 720
18:03:00.053 [FXGL Background Thread 2 ] DEBUG Engine               - isAndroid: false
18:03:00.053 [FXGL Background Thread 2 ] DEBUG Engine               - isBrowser: false
18:03:00.053 [FXGL Background Thread 2 ] DEBUG Engine               - isClickFeedbackEnabled: false
18:03:00.053 [FXGL Background Thread 2 ] DEBUG Engine               - isCloseConfirmation: false
18:03:00.053 [FXGL Background Thread 2 ] DEBUG Engine               - isDesktop: true
18:03:00.053 [FXGL Background Thread 2 ] DEBUG Engine               - isDeveloperMenuEnabled: false
18:03:00.053 [FXGL Background Thread 2 ] DEBUG Engine               - isExperimentalNative: false
18:03:00.053 [FXGL Background Thread 2 ] DEBUG Engine               - isExperimentalTiledLargeMap: false
18:03:00.053 [FXGL Background Thread 2 ] DEBUG Engine               - isFullScreenAllowed: false
18:03:00.053 [FXGL Background Thread 2 ] DEBUG Engine               - isFullScreenFromStart: false
18:03:00.053 [FXGL Background Thread 2 ] DEBUG Engine               - isGameMenuEnabled: true
18:03:00.054 [FXGL Background Thread 2 ] DEBUG Engine               - isIOS: false
18:03:00.054 [FXGL Background Thread 2 ] DEBUG Engine               - isIntroEnabled: false
18:03:00.054 [FXGL Background Thread 2 ] DEBUG Engine               - isLinux: false
18:03:00.054 [FXGL Background Thread 2 ] DEBUG Engine               - isMac: false
18:03:00.054 [FXGL Background Thread 2 ] DEBUG Engine               - isMainMenuEnabled: false
18:03:00.055 [FXGL Background Thread 2 ] DEBUG Engine               - isManualResizeEnabled: true
18:03:00.055 [FXGL Background Thread 2 ] DEBUG Engine               - isMobile: false
18:03:00.055 [FXGL Background Thread 2 ] DEBUG Engine               - isPreserveResizeRatio: false
18:03:00.055 [FXGL Background Thread 2 ] DEBUG Engine               - isProfilingEnabled: false
18:03:00.055 [FXGL Background Thread 2 ] DEBUG Engine               - isSingleStep: false
18:03:00.055 [FXGL Background Thread 2 ] DEBUG Engine               - isUserProfileEnabled: false
18:03:00.055 [FXGL Background Thread 2 ] DEBUG Engine               - isWindows: true
18:03:00.055 [FXGL Background Thread 2 ] DEBUG Engine               - language: ObjectProperty [value: ENGLISH]
18:03:00.055 [FXGL Background Thread 2 ] DEBUG Engine               - mainWindow: com.almasb.fxgl.app.MainWindow@3348c9bb
18:03:00.055 [FXGL Background Thread 2 ] DEBUG Engine               - menuKey: ESCAPE
18:03:00.055 [FXGL Background Thread 2 ] DEBUG Engine               - notificationViewClass: class com.almasb.fxgl.notification.view.XboxNotificationView
18:03:00.055 [FXGL Background Thread 2 ] DEBUG Engine               - pixelsPerMeter: 50.0
18:03:00.055 [FXGL Background Thread 2 ] DEBUG Engine               - platform: WINDOWS
18:03:00.055 [FXGL Background Thread 2 ] DEBUG Engine               - profileDir: profiles/
18:03:00.055 [FXGL Background Thread 2 ] DEBUG Engine               - profileName: StringProperty [value: DEFAULT]
18:03:00.055 [FXGL Background Thread 2 ] DEBUG Engine               - randomSeed: -1
18:03:00.056 [FXGL Background Thread 2 ] DEBUG Engine               - runtimeInfo: RuntimeInfo(platform=WINDOWS, version=11.9, build=27.05.2020 17.06)
18:03:00.056 [FXGL Background Thread 2 ] DEBUG Engine               - saveFileExt: sav
18:03:00.056 [FXGL Background Thread 2 ] DEBUG Engine               - sceneFactory: com.almasb.fxgl.app.scene.SceneFactory@654833fa
18:03:00.056 [FXGL Background Thread 2 ] DEBUG Engine               - secondsIn24h: 60
18:03:00.056 [FXGL Background Thread 2 ] DEBUG Engine               - settings: Title: FXGL Geometry Wars
Version: 1.1.0
Width: 1280
Height: 720
Fullscreen: false
Intro: false
Profiling: false
Single step:false
App Mode: DEVELOPER
Menu Key: ESCAPE
Stage Style: DECORATED
Scene Factory: class com.almasb.fxgl.app.scene.SceneFactory

18:03:00.056 [FXGL Background Thread 2 ] DEBUG Engine               - soundMenuBack: menu/back.wav
18:03:00.056 [FXGL Background Thread 2 ] DEBUG Engine               - soundMenuPress: menu/press.wav
18:03:00.056 [FXGL Background Thread 2 ] DEBUG Engine               - soundMenuSelect: menu/select.wav
18:03:00.056 [FXGL Background Thread 2 ] DEBUG Engine               - soundNotification: core/notification.wav
18:03:00.056 [FXGL Background Thread 2 ] DEBUG Engine               - stageStyle: DECORATED
18:03:00.056 [FXGL Background Thread 2 ] DEBUG Engine               - supportedLanguages: [ENGLISH, FRENCH, GERMAN, HUNGARIAN, RUSSIAN]
18:03:00.056 [FXGL Background Thread 2 ] DEBUG Engine               - title: FXGL Geometry Wars
18:03:00.056 [FXGL Background Thread 2 ] DEBUG Engine               - urlGithub: https://github.com/AlmasB/FXGL
18:03:00.056 [FXGL Background Thread 2 ] DEBUG Engine               - urlLeaderboard: http://fxgl-top.herokuapp.com/
18:03:00.056 [FXGL Background Thread 2 ] DEBUG Engine               - urlPOM: https://raw.githubusercontent.com/AlmasB/FXGL/master/pom.xml
18:03:00.056 [FXGL Background Thread 2 ] DEBUG Engine               - version: 1.1.0
18:03:00.056 [FXGL Background Thread 2 ] DEBUG Engine               - versionCheckDays: 7
18:03:00.056 [FXGL Background Thread 2 ] DEBUG Engine               - width: 1280
18:03:00.056 [FXGL Background Thread 2 ] DEBUG Engine               - Logging services
18:03:00.056 [FXGL Background Thread 2 ] DEBUG Engine               - class com.almasb.fxgl.app.GameApplication$GameApplicationService
18:03:00.056 [FXGL Background Thread 2 ] DEBUG Engine               - class com.almasb.fxgl.app.services.WindowService
18:03:00.057 [FXGL Background Thread 2 ] DEBUG Engine               - class com.almasb.fxgl.app.services.FXGLDialogService
18:03:00.057 [FXGL Background Thread 2 ] DEBUG Engine               - class com.almasb.fxgl.app.services.IOTaskExecutorService
18:03:00.057 [FXGL Background Thread 2 ] DEBUG Engine               - class com.almasb.fxgl.event.EventBusService
18:03:00.057 [FXGL Background Thread 2 ] DEBUG Engine               - class com.almasb.fxgl.io.FileSystemService
18:03:00.057 [FXGL Background Thread 2 ] DEBUG Engine               - class com.almasb.fxgl.localization.LocalizationService
18:03:00.057 [FXGL Background Thread 2 ] DEBUG Engine               - class com.almasb.fxgl.app.services.AssetLoaderService
18:03:00.057 [FXGL Background Thread 2 ] DEBUG Engine               - class com.almasb.fxgl.app.services.SystemBundleService
18:03:00.057 [FXGL Background Thread 2 ] DEBUG Engine               - class com.almasb.fxgl.profile.SaveLoadService
18:03:00.057 [FXGL Background Thread 2 ] DEBUG Engine               - class com.almasb.fxgl.ui.FXGLUIFactoryServiceProvider
18:03:00.057 [FXGL Background Thread 2 ] DEBUG Engine               - class com.almasb.fxgl.ui.FXGLDialogFactoryServiceProvider
18:03:00.057 [FXGL Background Thread 2 ] DEBUG Engine               - class com.almasb.fxgl.audio.AudioPlayer
18:03:00.057 [FXGL Background Thread 2 ] DEBUG Engine               - class com.almasb.fxgl.notification.impl.NotificationServiceProvider
18:03:00.057 [FXGL Background Thread 2 ] DEBUG Engine               - class com.almasb.fxgl.achievement.AchievementService
18:03:00.057 [FXGL Background Thread 2 ] DEBUG Engine               - class com.almasb.fxgl.cutscene.CutsceneService
18:03:00.057 [FXGL Background Thread 2 ] DEBUG Engine               - class com.almasb.fxgl.minigames.MiniGameService
18:03:00.057 [FXGL Background Thread 2 ] DEBUG Engine               - class com.almasb.fxgl.net.NetService
18:03:00.057 [FXGL Background Thread 2 ] DEBUG Engine               - class com.almasb.fxgl.app.services.UpdaterService
18:03:00.057 [FXGL Background Thread 2 ] DEBUG Engine               - class com.almasb.fxgl.dev.DevService
18:03:00.103 [JavaFX Application Thread] DEBUG AssetLoaderService   - Loading from file system: /assets/sounds/shoot3.wav
18:03:00.105 [JavaFX Application Thread] DEBUG AssetLoaderService   - Loading from cache: /assets/textures/Bullet.png
18:03:00.247 [JavaFX Application Thread] DEBUG AssetLoaderService   - Loading from file system: /assets/sounds/shoot5.wav
18:03:00.250 [JavaFX Application Thread] DEBUG AssetLoaderService   - Loading from cache: /assets/textures/Bullet.png
18:03:00.599 [JavaFX Application Thread] DEBUG AssetLoaderService   - Loading from file system: /assets/textures/Wanderer.png
18:03:00.606 [JavaFX Application Thread] DEBUG AssetLoaderService   - Loading from cache: /assets/textures/wanderer_overlay.png@80.0x80.0
18:03:00.711 [JavaFX Application Thread] DEBUG AssetLoaderService   - Loading from file system: /assets/sounds/shoot1.wav
18:03:00.713 [JavaFX Application Thread] DEBUG AssetLoaderService   - Loading from cache: /assets/textures/Bullet.png
18:03:00.807 [JavaFX Application Thread] DEBUG AssetLoaderService   - Loading from cache: /assets/sounds/shoot1.wav
18:03:00.807 [JavaFX Application Thread] DEBUG AssetLoaderService   - Loading from cache: /assets/textures/Bullet.png
18:03:00.919 [JavaFX Application Thread] DEBUG AssetLoaderService   - Loading from cache: /assets/sounds/shoot1.wav
18:03:00.919 [JavaFX Application Thread] DEBUG AssetLoaderService   - Loading from cache: /assets/textures/Bullet.png
18:03:01.016 [JavaFX Application Thread] DEBUG AssetLoaderService   - Loading from cache: /assets/sounds/shoot8.wav
18:03:01.016 [JavaFX Application Thread] DEBUG AssetLoaderService   - Loading from cache: /assets/textures/Bullet.png
18:03:01.111 [JavaFX Application Thread] DEBUG AssetLoaderService   - Loading from cache: /assets/sounds/shoot3.wav
18:03:01.111 [JavaFX Application Thread] DEBUG AssetLoaderService   - Loading from cache: /assets/textures/Bullet.png
18:03:01.207 [JavaFX Application Thread] DEBUG AssetLoaderService   - Loading from file system: /assets/sounds/shoot6.wav
18:03:01.209 [JavaFX Application Thread] DEBUG AssetLoaderService   - Loading from cache: /assets/textures/Bullet.png
18:03:01.320 [JavaFX Application Thread] DEBUG AssetLoaderService   - Loading from cache: /assets/sounds/shoot4.wav
18:03:01.320 [JavaFX Application Thread] DEBUG AssetLoaderService   - Loading from cache: /assets/textures/Bullet.png
18:03:01.415 [JavaFX Application Thread] DEBUG AssetLoaderService   - Loading from cache: /assets/sounds/shoot3.wav
18:03:01.415 [JavaFX Application Thread] DEBUG AssetLoaderService   - Loading from cache: /assets/textures/Bullet.png
18:03:01.479 [JavaFX Application Thread] DEBUG AssetLoaderService   - Loading from cache: /assets/textures/RedWanderer.png@80.0x80.0
18:03:01.480 [JavaFX Application Thread] DEBUG AssetLoaderService   - Loading from cache: /assets/textures/wanderer_overlay.png@80.0x80.0
18:03:01.511 [JavaFX Application Thread] DEBUG AssetLoaderService   - Loading from cache: /assets/sounds/shoot8.wav
18:03:01.511 [JavaFX Application Thread] DEBUG AssetLoaderService   - Loading from cache: /assets/textures/Bullet.png
18:03:01.607 [JavaFX Application Thread] DEBUG AssetLoaderService   - Loading from cache: /assets/sounds/shoot4.wav
18:03:01.607 [JavaFX Application Thread] DEBUG AssetLoaderService   - Loading from cache: /assets/textures/Bullet.png
18:03:01.720 [JavaFX Application Thread] DEBUG AssetLoaderService   - Loading from cache: /assets/sounds/shoot1.wav
18:03:01.720 [JavaFX Application Thread] DEBUG AssetLoaderService   - Loading from cache: /assets/textures/Bullet.png
18:03:01.721 [JavaFX Application Thread] DEBUG AssetLoaderService   - Loading from cache: /assets/textures/explosion.png@3840.0x80.0
18:03:01.722 [JavaFX Application Thread] DEBUG AssetLoaderService   - Loading from cache: /assets/textures/particles/circle_05.png@32.0x32.0
18:03:01.722 [JavaFX Application Thread] DEBUG AssetLoaderService   - Loading from file system: /assets/sounds/explosion-04.wav
18:03:01.724 [JavaFX Application Thread] DEBUG AssetLoaderService   - Loading from cache: /assets/textures/YellowCrystal.png
18:03:01.832 [JavaFX Application Thread] DEBUG AssetLoaderService   - Loading from cache: /assets/sounds/shoot5.wav
18:03:01.832 [JavaFX Application Thread] DEBUG AssetLoaderService   - Loading from cache: /assets/textures/Bullet.png
18:03:02.456 [JavaFX Application Thread] DEBUG AssetLoaderService   - Loading from cache: /assets/textures/Wanderer.png@80.0x80.0
18:03:02.458 [JavaFX Application Thread] DEBUG AssetLoaderService   - Loading from cache: /assets/textures/wanderer_overlay.png@80.0x80.0
18:03:02.616 [JavaFX Application Thread] DEBUG AssetLoaderService   - Loading from cache: /assets/sounds/shoot6.wav
18:03:02.616 [JavaFX Application Thread] DEBUG AssetLoaderService   - Loading from cache: /assets/textures/Bullet.png
18:03:02.727 [JavaFX Application Thread] DEBUG AssetLoaderService   - Loading from file system: /assets/sounds/shoot2.wav
18:03:02.729 [JavaFX Application Thread] DEBUG AssetLoaderService   - Loading from cache: /assets/textures/Bullet.png
18:03:02.839 [JavaFX Application Thread] DEBUG AssetLoaderService   - Loading from cache: /assets/sounds/shoot6.wav
18:03:02.839 [JavaFX Application Thread] DEBUG AssetLoaderService   - Loading from cache: /assets/textures/Bullet.png
18:03:02.967 [JavaFX Application Thread] DEBUG AssetLoaderService   - Loading from cache: /assets/sounds/shoot2.wav
18:03:02.967 [JavaFX Application Thread] DEBUG AssetLoaderService   - Loading from cache: /assets/textures/Bullet.png
18:03:03.079 [JavaFX Application Thread] DEBUG AssetLoaderService   - Loading from cache: /assets/sounds/shoot1.wav
18:03:03.079 [JavaFX Application Thread] DEBUG AssetLoaderService   - Loading from cache: /assets/textures/Bullet.png
18:03:03.080 [JavaFX Application Thread] DEBUG AssetLoaderService   - Loading from cache: /assets/textures/explosion.png@3840.0x80.0
18:03:03.080 [JavaFX Application Thread] DEBUG AssetLoaderService   - Loading from cache: /assets/textures/particles/circle_05.png@32.0x32.0
18:03:03.080 [JavaFX Application Thread] DEBUG AssetLoaderService   - Loading from file system: /assets/sounds/explosion-07.wav
18:03:03.082 [JavaFX Application Thread] DEBUG AssetLoaderService   - Loading from cache: /assets/textures/YellowCrystal.png
18:03:03.191 [JavaFX Application Thread] DEBUG AssetLoaderService   - Loading from cache: /assets/sounds/shoot2.wav
18:03:03.191 [JavaFX Application Thread] DEBUG AssetLoaderService   - Loading from cache: /assets/textures/Bullet.png
18:03:03.320 [JavaFX Application Thread] DEBUG AssetLoaderService   - Loading from cache: /assets/sounds/shoot3.wav
18:03:03.320 [JavaFX Application Thread] DEBUG AssetLoaderService   - Loading from cache: /assets/textures/Bullet.png
18:03:03.479 [JavaFX Application Thread] DEBUG AssetLoaderService   - Loading from cache: /assets/textures/Wanderer.png@80.0x80.0
18:03:03.480 [JavaFX Application Thread] DEBUG AssetLoaderService   - Loading from cache: /assets/textures/wanderer_overlay.png@80.0x80.0
18:03:03.816 [JavaFX Application Thread] DEBUG AssetLoaderService   - Loading from cache: /assets/sounds/shoot6.wav
18:03:03.816 [JavaFX Application Thread] DEBUG AssetLoaderService   - Loading from cache: /assets/textures/Bullet.png
18:03:03.927 [JavaFX Application Thread] DEBUG AssetLoaderService   - Loading from cache: /assets/sounds/shoot2.wav
18:03:03.927 [JavaFX Application Thread] DEBUG AssetLoaderService   - Loading from cache: /assets/textures/Bullet.png
18:03:03.976 [JavaFX Application Thread] DEBUG AssetLoaderService   - Loading from cache: /assets/textures/explosion.png@3840.0x80.0
18:03:03.977 [JavaFX Application Thread] DEBUG AssetLoaderService   - Loading from cache: /assets/textures/particles/circle_05.png@32.0x32.0
18:03:03.977 [JavaFX Application Thread] DEBUG AssetLoaderService   - Loading from file system: /assets/sounds/explosion-08.wav
18:03:03.979 [JavaFX Application Thread] DEBUG AssetLoaderService   - Loading from cache: /assets/textures/YellowCrystal.png
18:03:04.039 [JavaFX Application Thread] DEBUG AssetLoaderService   - Loading from cache: /assets/sounds/shoot6.wav
18:03:04.039 [JavaFX Application Thread] DEBUG AssetLoaderService   - Loading from cache: /assets/textures/Bullet.png
18:03:04.167 [JavaFX Application Thread] DEBUG AssetLoaderService   - Loading from cache: /assets/sounds/shoot5.wav
18:03:04.167 [JavaFX Application Thread] DEBUG AssetLoaderService   - Loading from cache: /assets/textures/Bullet.png
18:03:04.280 [JavaFX Application Thread] DEBUG AssetLoaderService   - Loading from cache: /assets/sounds/shoot3.wav
18:03:04.280 [JavaFX Application Thread] DEBUG AssetLoaderService   - Loading from cache: /assets/textures/Bullet.png
18:03:04.487 [JavaFX Application Thread] DEBUG AssetLoaderService   - Loading from cache: /assets/textures/RedWanderer.png@80.0x80.0
18:03:04.488 [JavaFX Application Thread] DEBUG AssetLoaderService   - Loading from cache: /assets/textures/wanderer_overlay.png@80.0x80.0
18:03:05.495 [JavaFX Application Thread] DEBUG AssetLoaderService   - Loading from cache: /assets/textures/RedWanderer.png@80.0x80.0
18:03:05.496 [JavaFX Application Thread] DEBUG AssetLoaderService   - Loading from cache: /assets/textures/wanderer_overlay.png@80.0x80.0
18:03:06.488 [JavaFX Application Thread] DEBUG AssetLoaderService   - Loading from cache: /assets/textures/RedWanderer.png@80.0x80.0
18:03:06.489 [JavaFX Application Thread] DEBUG AssetLoaderService   - Loading from cache: /assets/textures/wanderer_overlay.png@80.0x80.0
18:03:06.535 [JavaFX Application Thread] DEBUG AssetLoaderService   - Loading from cache: /assets/sounds/shoot3.wav
18:03:06.535 [JavaFX Application Thread] DEBUG AssetLoaderService   - Loading from cache: /assets/textures/Bullet.png
18:03:06.647 [JavaFX Application Thread] DEBUG AssetLoaderService   - Loading from cache: /assets/sounds/shoot4.wav
18:03:06.647 [JavaFX Application Thread] DEBUG AssetLoaderService   - Loading from cache: /assets/textures/Bullet.png
18:03:06.759 [JavaFX Application Thread] DEBUG AssetLoaderService   - Loading from cache: /assets/sounds/shoot5.wav
18:03:06.759 [JavaFX Application Thread] DEBUG AssetLoaderService   - Loading from cache: /assets/textures/Bullet.png
18:03:06.871 [JavaFX Application Thread] DEBUG AssetLoaderService   - Loading from cache: /assets/sounds/shoot3.wav
18:03:06.871 [JavaFX Application Thread] DEBUG AssetLoaderService   - Loading from cache: /assets/textures/Bullet.png
18:03:07.000 [JavaFX Application Thread] DEBUG AssetLoaderService   - Loading from cache: /assets/sounds/shoot7.wav
18:03:07.000 [JavaFX Application Thread] DEBUG AssetLoaderService   - Loading from cache: /assets/textures/Bullet.png
18:03:07.111 [JavaFX Application Thread] DEBUG AssetLoaderService   - Loading from cache: /assets/sounds/shoot3.wav
18:03:07.111 [JavaFX Application Thread] DEBUG AssetLoaderService   - Loading from cache: /assets/textures/Bullet.png
18:03:07.223 [JavaFX Application Thread] DEBUG AssetLoaderService   - Loading from cache: /assets/sounds/shoot6.wav
18:03:07.223 [JavaFX Application Thread] DEBUG AssetLoaderService   - Loading from cache: /assets/textures/Bullet.png
18:03:07.351 [JavaFX Application Thread] DEBUG AssetLoaderService   - Loading from cache: /assets/sounds/shoot8.wav
18:03:07.351 [JavaFX Application Thread] DEBUG AssetLoaderService   - Loading from cache: /assets/textures/Bullet.png
18:03:07.463 [JavaFX Application Thread] DEBUG AssetLoaderService   - Loading from cache: /assets/sounds/shoot4.wav
18:03:07.463 [JavaFX Application Thread] DEBUG AssetLoaderService   - Loading from cache: /assets/textures/Bullet.png
18:03:07.464 [JavaFX Application Thread] DEBUG AssetLoaderService   - Loading from cache: /assets/textures/explosion.png@3840.0x80.0
18:03:07.464 [JavaFX Application Thread] DEBUG AssetLoaderService   - Loading from cache: /assets/textures/particles/circle_05.png@32.0x32.0
18:03:07.464 [JavaFX Application Thread] DEBUG AssetLoaderService   - Loading from cache: /assets/sounds/explosion-05.wav
18:03:07.464 [JavaFX Application Thread] DEBUG AssetLoaderService   - Loading from cache: /assets/textures/YellowCrystal.png
18:03:07.496 [JavaFX Application Thread] DEBUG AssetLoaderService   - Loading from cache: /assets/textures/Wanderer.png@80.0x80.0
18:03:07.497 [JavaFX Application Thread] DEBUG AssetLoaderService   - Loading from cache: /assets/textures/wanderer_overlay.png@80.0x80.0
18:03:07.575 [JavaFX Application Thread] DEBUG AssetLoaderService   - Loading from cache: /assets/sounds/shoot5.wav
18:03:07.575 [JavaFX Application Thread] DEBUG AssetLoaderService   - Loading from cache: /assets/textures/Bullet.png
18:03:08.488 [JavaFX Application Thread] DEBUG AssetLoaderService   - Loading from cache: /assets/textures/Wanderer.png@80.0x80.0
18:03:08.489 [JavaFX Application Thread] DEBUG AssetLoaderService   - Loading from cache: /assets/textures/wanderer_overlay.png@80.0x80.0
18:03:08.831 [JavaFX Application Thread] DEBUG GameApplication      - Exiting FXGL
18:03:08.831 [JavaFX Application Thread] DEBUG LoopRunner           - Stopping loop
18:03:08.831 [JavaFX Application Thread] DEBUG SystemBundleService  - Saving FXGL system data
18:03:08.832 [JavaFX Application Thread] DEBUG FileSystemAccess     - Writing to: D:\CodeGym\casestudy02\system\fxgl.bundle
18:03:08.834 [JavaFX Application Thread] DEBUG GameApplication      - Shutting down background threads
18:03:08.834 [JavaFX Application Thread] DEBUG GameApplication      - Closing logger and exiting JavaFX
