17:04:48.691 [main                     ] DEBUG GameApplication      - Logger initialized
17:04:48.705 [main                     ] DEBUG GameApplication      - Logging settings
Title: FXGL Geometry Wars
Version: 1.1.0
Width: 1280
Height: 720
Fullscreen: false
Intro: false
Profiling: false
Single step:false
App Mode: DEVELOPER
Menu Key: ESCAPE
Stage Style: DECORATED
Scene Factory: class com.almasb.fxgl.app.scene.SceneFactory

17:04:49.028 [JavaFX Application Thread] DEBUG GameApplication      - Initializing FXGL
17:04:49.035 [JavaFX Application Thread] INFO  Engine               - FXGL-11.9 (27.05.2020 17.06) on WINDOWS (J:11.0.7 FX:13.0.2)
17:04:49.035 [JavaFX Application Thread] DEBUG Engine               - JRE Vendor Name: Oracle Corporation
17:04:49.035 [JavaFX Application Thread] DEBUG Engine               - Running on OS: Windows 10 version 10.0
17:04:49.035 [JavaFX Application Thread] DEBUG Engine               - Architecture: amd64
17:04:49.035 [JavaFX Application Thread] INFO  Engine               - Source code and latest versions at: https://github.com/AlmasB/FXGL
17:04:49.035 [JavaFX Application Thread] INFO  Engine               -              Join the FXGL chat at: https://gitter.im/AlmasB/FXGL
17:04:49.127 [JavaFX Application Thread] DEBUG MainWindow           - Creating a JavaFX scene
17:04:49.180 [JavaFX Application Thread] DEBUG MainWindow           - Target settings size: 1280.0 x 720.0
17:04:49.181 [JavaFX Application Thread] DEBUG MainWindow           - Scaled scene size:    1280.0 x 720.0
17:04:49.181 [JavaFX Application Thread] DEBUG MainWindow           - Scaled ratio: (1.0, 1.0)
17:04:49.182 [JavaFX Application Thread] DEBUG MainWindow           - Set initial scene to FXGLStartupScene
17:04:49.187 [JavaFX Application Thread] DEBUG MainWindow           - Opening main window
17:04:49.271 [JavaFX Application Thread] DEBUG MainWindow           - Window border size: (16.0, 39.0)
17:04:49.271 [JavaFX Application Thread] DEBUG MainWindow           - Scaled size: 1280.0 x 720.0
17:04:49.271 [JavaFX Application Thread] DEBUG MainWindow           - Scaled ratio: (1.0, 1.0)
17:04:49.271 [JavaFX Application Thread] DEBUG MainWindow           - Scene size: 1280.0 x 720.0
17:04:49.271 [JavaFX Application Thread] DEBUG MainWindow           - Stage size: 1296.0 x 759.0
17:04:49.279 [FXGL Background Thread 1 ] DEBUG Engine               - Initializing environment variables
17:04:49.303 [FXGL Background Thread 1 ] DEBUG WindowService        - Applying CSS: fxgl_dark.css
17:04:49.303 [FXGL Background Thread 1 ] DEBUG AssetLoaderService   - Loading from file system: /assets/ui/css/fxgl_dark.css
17:04:49.354 [FXGL Background Thread 1 ] DEBUG WindowService        - Initializing application scenes
17:04:49.397 [FXGL Background Thread 1 ] DEBUG GameWorld            - Game world initialized
17:04:49.443 [FXGL Background Thread 1 ] DEBUG PhysicsWorld         - Physics world initialized: appHeight=720, physics.ppm=50.0
17:04:49.445 [FXGL Background Thread 1 ] DEBUG GameScene            - Game scene initialized: 1280x720
17:04:49.475 [FXGL Background Thread 1 ] DEBUG AssetLoaderService   - Loading from file system: /assets/textures/particles/trace_horizontal.png
17:04:49.531 [FXGL Background Thread 1 ] DEBUG FXGL.DefaultMenu     - createMenuBodyGameMenu()
17:04:49.547 [FXGL Background Thread 1 ] DEBUG FXGL.DefaultMenu     - createOptionsMenu()
17:04:49.552 [FXGL Background Thread 1 ] DEBUG AssetLoaderService   - Loading from file system: /assets/textures/particles/smoke.png
17:04:49.648 [FXGL Background Thread 1 ] DEBUG WindowService        - Application scenes initialized
17:04:49.663 [FXGL Background Thread 1 ] DEBUG SystemBundleService  - Loading FXGL system data
17:04:49.666 [FXGL Background Thread 1 ] DEBUG FileSystemAccess     - Reading from: D:\CodeGym\casestudy02\system\fxgl.bundle
17:04:49.671 [FXGL Background Thread 1 ] DEBUG SystemBundleService  - Bundle FXGL: {}
17:04:49.671 [FXGL Background Thread 1 ] INFO  Engine               - FXGL initialization took: 0.391 sec
17:04:49.673 [FXGL Background Thread 1 ] DEBUG GameApplication      - Loading localizations
17:04:49.673 [FXGL Background Thread 1 ] DEBUG AssetLoaderService   - Loading from file system: /assets/languages/english.lang
17:04:49.686 [FXGL Background Thread 1 ] DEBUG AssetLoaderService   - Loading from file system: /assets/languages/french.lang
17:04:49.687 [FXGL Background Thread 1 ] DEBUG AssetLoaderService   - Loading from file system: /assets/languages/german.lang
17:04:49.689 [FXGL Background Thread 1 ] DEBUG AssetLoaderService   - Loading from file system: /assets/languages/hungarian.lang
17:04:49.692 [FXGL Background Thread 1 ] DEBUG AssetLoaderService   - Loading from file system: /assets/languages/russian.lang
17:04:49.694 [FXGL Background Thread 1 ] DEBUG GameApplication      - Registering font factories with UI factory
17:04:49.694 [FXGL Background Thread 1 ] DEBUG AssetLoaderService   - Loading from file system: /assets/ui/fonts/game_font_7.ttf
17:04:49.916 [FXGL Background Thread 1 ] DEBUG AssetLoaderService   - Loading from file system: /assets/ui/fonts/Abel-Regular.ttf
17:04:49.919 [FXGL Background Thread 1 ] DEBUG AssetLoaderService   - Loading from file system: /assets/ui/fonts/lucida_console.ttf
17:04:49.926 [FXGL Background Thread 1 ] DEBUG AssetLoaderService   - Loading from file system: /assets/ui/fonts/Courier-Prime.ttf
17:04:49.940 [JavaFX Application Thread] DEBUG Input                - Registered new binding: action0 - W
17:04:49.941 [JavaFX Application Thread] DEBUG Input                - Registered new binding: action1 - A
17:04:49.941 [JavaFX Application Thread] DEBUG Input                - Registered new binding: action2 - S
17:04:49.941 [JavaFX Application Thread] DEBUG Input                - Registered new binding: action3 - D
17:04:49.942 [JavaFX Application Thread] DEBUG Input                - Registered new binding: action4 - LMB
17:04:49.942 [JavaFX Application Thread] DEBUG AssetLoaderService   - Loading from file system: /assets/textures/explosion.png
17:04:50.047 [JavaFX Application Thread] DEBUG AssetLoaderService   - Loading from file system: /assets/music/bgm.mp3
17:04:50.165 [JavaFX Application Thread] DEBUG AudioPlayer          - Playing music com.almasb.fxgl.audio.Music@5b6d77bc
17:04:50.166 [JavaFX Application Thread] DEBUG AssetLoaderService   - Loading from file system: /assets/textures/fxgl_icon.png
17:04:50.174 [JavaFX Application Thread] DEBUG AssetLoaderService   - Loading from file system: /assets/ui/cursors/fxgl_default.png
17:04:50.176 [JavaFX Application Thread] DEBUG Input                - Registered new binding: Screenshot - P
17:04:50.177 [JavaFX Application Thread] DEBUG Input                - Registered new binding: System info dump - CTRL+9
17:04:50.177 [JavaFX Application Thread] DEBUG Input                - Registered new binding: Restart - CTRL+R
17:04:50.178 [JavaFX Application Thread] DEBUG LoopRunner           - Starting loop
17:04:50.188 [JavaFX Application Thread] DEBUG FXGLStartupScene     - STARTUP
17:04:50.188 [JavaFX Application Thread] DEBUG WindowService        - Starting new game
17:04:50.188 [JavaFX Application Thread] DEBUG Input                - Clearing active input actions
17:04:50.197 [JavaFX Application Thread] DEBUG WindowService        - Removing overlay from FXGLStartupScene and adding to FXGLLoadingScene
17:04:50.197 [JavaFX Application Thread] DEBUG MainWindow           - FXGLStartupScene -> FXGLLoadingScene
17:04:50.197 [JavaFX Application Thread] DEBUG WindowService        - Clearing previous game
17:04:50.197 [JavaFX Application Thread] DEBUG GameScene            - Clearing game scene
17:04:50.197 [JavaFX Application Thread] DEBUG GameWorld            - Clearing game world
17:04:50.197 [JavaFX Application Thread] DEBUG PhysicsWorld         - Clearing physics world
17:04:50.198 [FXGL Background Thread 1 ] DEBUG GameApplication      - Initializing game
17:04:50.210 [FXGL Background Thread 1 ] DEBUG AssetLoaderService   - Loading from file system: /assets/textures/Player.png
17:04:50.229 [FXGL Background Thread 1 ] INFO  GameApplication      - Game initialization took: 0.032 sec
17:04:50.245 [JavaFX Application Thread] DEBUG Input                - Clearing active input actions
17:04:50.252 [JavaFX Application Thread] DEBUG WindowService        - Removing overlay from FXGLLoadingScene and adding to GameScene
17:04:50.252 [JavaFX Application Thread] DEBUG MainWindow           - FXGLLoadingScene -> GameScene
17:04:50.252 [JavaFX Application Thread] DEBUG EventBus             - Firing event: javafx.event.Event[source=javafx.event.Event$$Lambda$112/0x000000080021f040@b4c13ab]
17:04:50.253 [JavaFX Application Thread] DEBUG EventBus             - Firing event: javafx.event.Event[source=javafx.event.Event$$Lambda$112/0x000000080021f040@b4c13ab]
17:04:51.800 [JavaFX Application Thread] DEBUG AssetLoaderService   - Loading from file system: /assets/textures/Wanderer.png
17:04:51.814 [JavaFX Application Thread] DEBUG AssetLoaderService   - Loading from file system: /assets/textures/wanderer_overlay.png
17:04:52.312 [JavaFX Application Thread] DEBUG AssetLoaderService   - Loading from file system: /assets/textures/Seeker.png
17:04:52.315 [JavaFX Application Thread] DEBUG AssetLoaderService   - Loading from cache: /assets/textures/Seeker.png@60.0x60.0
17:04:52.317 [JavaFX Application Thread] DEBUG AssetLoaderService   - Loading from file system: /assets/textures/Seeker_overlay.png
17:04:52.346 [JavaFX Application Thread] DEBUG AssetLoaderService   - Loading from file system: /assets/textures/Seeker_overlay.png
17:04:52.673 [FXGL Background Thread 2 ] DEBUG Engine               - Logging environment variables
17:04:52.673 [FXGL Background Thread 2 ] DEBUG Engine               - achievements: []
17:04:52.674 [FXGL Background Thread 2 ] DEBUG Engine               - appIcon: fxgl_icon.png
17:04:52.674 [FXGL Background Thread 2 ] DEBUG Engine               - applicationMode: DEVELOPER
17:04:52.674 [FXGL Background Thread 2 ] DEBUG Engine               - cSSList: [fxgl_dark.css]
17:04:52.674 [FXGL Background Thread 2 ] DEBUG Engine               - configClass: Optional[class geowars.GeoWarsConfig]
17:04:52.674 [FXGL Background Thread 2 ] DEBUG Engine               - credits: []
17:04:52.674 [FXGL Background Thread 2 ] DEBUG Engine               - devBBoxColorProperty: ObjectProperty [value: 0xff0000ff]
17:04:52.674 [FXGL Background Thread 2 ] DEBUG Engine               - devSensorColorProperty: ObjectProperty [value: 0xffff00ff]
17:04:52.674 [FXGL Background Thread 2 ] DEBUG Engine               - devShowBBoxProperty: BooleanProperty [value: false]
17:04:52.674 [FXGL Background Thread 2 ] DEBUG Engine               - devShowPositionProperty: BooleanProperty [value: false]
17:04:52.674 [FXGL Background Thread 2 ] DEBUG Engine               - enabledMenuItems: []
17:04:52.674 [FXGL Background Thread 2 ] DEBUG Engine               - engineServices: [class com.almasb.fxgl.app.GameApplication$GameApplicationService, class com.almasb.fxgl.app.services.WindowService, class com.almasb.fxgl.app.services.FXGLDialogService, class com.almasb.fxgl.app.services.IOTaskExecutorService, class com.almasb.fxgl.event.EventBusService, class com.almasb.fxgl.io.FileSystemService, class com.almasb.fxgl.localization.LocalizationService, class com.almasb.fxgl.app.services.AssetLoaderService, class com.almasb.fxgl.app.services.SystemBundleService, class com.almasb.fxgl.profile.SaveLoadService, class com.almasb.fxgl.ui.FXGLUIFactoryServiceProvider, class com.almasb.fxgl.ui.FXGLDialogFactoryServiceProvider, class com.almasb.fxgl.audio.AudioPlayer, class com.almasb.fxgl.notification.impl.NotificationServiceProvider, class com.almasb.fxgl.achievement.AchievementService, class com.almasb.fxgl.cutscene.CutsceneService, class com.almasb.fxgl.minigames.MiniGameService, class com.almasb.fxgl.net.NetService, class com.almasb.fxgl.app.services.UpdaterService, class com.almasb.fxgl.dev.DevService]
17:04:52.674 [FXGL Background Thread 2 ] DEBUG Engine               - fontGame: Abel-Regular.ttf
17:04:52.674 [FXGL Background Thread 2 ] DEBUG Engine               - fontMono: lucida_console.ttf
17:04:52.674 [FXGL Background Thread 2 ] DEBUG Engine               - fontText: Courier-Prime.ttf
17:04:52.675 [FXGL Background Thread 2 ] DEBUG Engine               - fontUI: game_font_7.ttf
17:04:52.675 [FXGL Background Thread 2 ] DEBUG Engine               - fullScreen: BooleanProperty [value: false]
17:04:52.675 [FXGL Background Thread 2 ] DEBUG Engine               - gameDifficulty: MEDIUM
17:04:52.675 [FXGL Background Thread 2 ] DEBUG Engine               - gameDifficultyProperty: ObjectProperty [value: MEDIUM]
17:04:52.675 [FXGL Background Thread 2 ] DEBUG Engine               - globalMusicVolume: 0.5
17:04:52.675 [FXGL Background Thread 2 ] DEBUG Engine               - globalMusicVolumeProperty: DoubleProperty [value: 0.2]
17:04:52.675 [FXGL Background Thread 2 ] DEBUG Engine               - globalSoundVolume: 0.5
17:04:52.675 [FXGL Background Thread 2 ] DEBUG Engine               - globalSoundVolumeProperty: DoubleProperty [value: 0.2]
17:04:52.675 [FXGL Background Thread 2 ] DEBUG Engine               - height: 720
17:04:52.675 [FXGL Background Thread 2 ] DEBUG Engine               - isAndroid: false
17:04:52.675 [FXGL Background Thread 2 ] DEBUG Engine               - isBrowser: false
17:04:52.675 [FXGL Background Thread 2 ] DEBUG Engine               - isClickFeedbackEnabled: false
17:04:52.675 [FXGL Background Thread 2 ] DEBUG Engine               - isCloseConfirmation: false
17:04:52.675 [FXGL Background Thread 2 ] DEBUG Engine               - isDesktop: true
17:04:52.675 [FXGL Background Thread 2 ] DEBUG Engine               - isDeveloperMenuEnabled: false
17:04:52.676 [FXGL Background Thread 2 ] DEBUG Engine               - isExperimentalNative: false
17:04:52.676 [FXGL Background Thread 2 ] DEBUG Engine               - isExperimentalTiledLargeMap: false
17:04:52.676 [FXGL Background Thread 2 ] DEBUG Engine               - isFullScreenAllowed: false
17:04:52.676 [FXGL Background Thread 2 ] DEBUG Engine               - isFullScreenFromStart: false
17:04:52.676 [FXGL Background Thread 2 ] DEBUG Engine               - isGameMenuEnabled: true
17:04:52.676 [FXGL Background Thread 2 ] DEBUG Engine               - isIOS: false
17:04:52.676 [FXGL Background Thread 2 ] DEBUG Engine               - isIntroEnabled: false
17:04:52.676 [FXGL Background Thread 2 ] DEBUG Engine               - isLinux: false
17:04:52.676 [FXGL Background Thread 2 ] DEBUG Engine               - isMac: false
17:04:52.676 [FXGL Background Thread 2 ] DEBUG Engine               - isMainMenuEnabled: false
17:04:52.676 [FXGL Background Thread 2 ] DEBUG Engine               - isManualResizeEnabled: true
17:04:52.676 [FXGL Background Thread 2 ] DEBUG Engine               - isMobile: false
17:04:52.676 [FXGL Background Thread 2 ] DEBUG Engine               - isPreserveResizeRatio: false
17:04:52.676 [FXGL Background Thread 2 ] DEBUG Engine               - isProfilingEnabled: false
17:04:52.676 [FXGL Background Thread 2 ] DEBUG Engine               - isSingleStep: false
17:04:52.676 [FXGL Background Thread 2 ] DEBUG Engine               - isUserProfileEnabled: false
17:04:52.676 [FXGL Background Thread 2 ] DEBUG Engine               - isWindows: true
17:04:52.677 [FXGL Background Thread 2 ] DEBUG Engine               - language: ObjectProperty [value: ENGLISH]
17:04:52.677 [FXGL Background Thread 2 ] DEBUG Engine               - mainWindow: com.almasb.fxgl.app.MainWindow@774c77d3
17:04:52.677 [FXGL Background Thread 2 ] DEBUG Engine               - menuKey: ESCAPE
17:04:52.677 [FXGL Background Thread 2 ] DEBUG Engine               - notificationViewClass: class com.almasb.fxgl.notification.view.XboxNotificationView
17:04:52.677 [FXGL Background Thread 2 ] DEBUG Engine               - pixelsPerMeter: 50.0
17:04:52.677 [FXGL Background Thread 2 ] DEBUG Engine               - platform: WINDOWS
17:04:52.677 [FXGL Background Thread 2 ] DEBUG Engine               - profileDir: profiles/
17:04:52.677 [FXGL Background Thread 2 ] DEBUG Engine               - profileName: StringProperty [value: DEFAULT]
17:04:52.677 [FXGL Background Thread 2 ] DEBUG Engine               - randomSeed: -1
17:04:52.677 [FXGL Background Thread 2 ] DEBUG Engine               - runtimeInfo: RuntimeInfo(platform=WINDOWS, version=11.9, build=27.05.2020 17.06)
17:04:52.677 [FXGL Background Thread 2 ] DEBUG Engine               - saveFileExt: sav
17:04:52.677 [FXGL Background Thread 2 ] DEBUG Engine               - sceneFactory: com.almasb.fxgl.app.scene.SceneFactory@605973b2
17:04:52.677 [FXGL Background Thread 2 ] DEBUG Engine               - secondsIn24h: 60
17:04:52.677 [FXGL Background Thread 2 ] DEBUG Engine               - settings: Title: FXGL Geometry Wars
Version: 1.1.0
Width: 1280
Height: 720
Fullscreen: false
Intro: false
Profiling: false
Single step:false
App Mode: DEVELOPER
Menu Key: ESCAPE
Stage Style: DECORATED
Scene Factory: class com.almasb.fxgl.app.scene.SceneFactory

17:04:52.677 [FXGL Background Thread 2 ] DEBUG Engine               - soundMenuBack: menu/back.wav
17:04:52.677 [FXGL Background Thread 2 ] DEBUG Engine               - soundMenuPress: menu/press.wav
17:04:52.677 [FXGL Background Thread 2 ] DEBUG Engine               - soundMenuSelect: menu/select.wav
17:04:52.677 [FXGL Background Thread 2 ] DEBUG Engine               - soundNotification: core/notification.wav
17:04:52.677 [FXGL Background Thread 2 ] DEBUG Engine               - stageStyle: DECORATED
17:04:52.677 [FXGL Background Thread 2 ] DEBUG Engine               - supportedLanguages: [ENGLISH, FRENCH, GERMAN, HUNGARIAN, RUSSIAN]
17:04:52.678 [FXGL Background Thread 2 ] DEBUG Engine               - title: FXGL Geometry Wars
17:04:52.678 [FXGL Background Thread 2 ] DEBUG Engine               - urlGithub: https://github.com/AlmasB/FXGL
17:04:52.678 [FXGL Background Thread 2 ] DEBUG Engine               - urlLeaderboard: http://fxgl-top.herokuapp.com/
17:04:52.678 [FXGL Background Thread 2 ] DEBUG Engine               - urlPOM: https://raw.githubusercontent.com/AlmasB/FXGL/master/pom.xml
17:04:52.678 [FXGL Background Thread 2 ] DEBUG Engine               - version: 1.1.0
17:04:52.678 [FXGL Background Thread 2 ] DEBUG Engine               - versionCheckDays: 7
17:04:52.678 [FXGL Background Thread 2 ] DEBUG Engine               - width: 1280
17:04:52.678 [FXGL Background Thread 2 ] DEBUG Engine               - Logging services
17:04:52.678 [FXGL Background Thread 2 ] DEBUG Engine               - class com.almasb.fxgl.app.GameApplication$GameApplicationService
17:04:52.678 [FXGL Background Thread 2 ] DEBUG Engine               - class com.almasb.fxgl.app.services.WindowService
17:04:52.678 [FXGL Background Thread 2 ] DEBUG Engine               - class com.almasb.fxgl.app.services.FXGLDialogService
17:04:52.678 [FXGL Background Thread 2 ] DEBUG Engine               - class com.almasb.fxgl.app.services.IOTaskExecutorService
17:04:52.678 [FXGL Background Thread 2 ] DEBUG Engine               - class com.almasb.fxgl.event.EventBusService
17:04:52.678 [FXGL Background Thread 2 ] DEBUG Engine               - class com.almasb.fxgl.io.FileSystemService
17:04:52.678 [FXGL Background Thread 2 ] DEBUG Engine               - class com.almasb.fxgl.localization.LocalizationService
17:04:52.678 [FXGL Background Thread 2 ] DEBUG Engine               - class com.almasb.fxgl.app.services.AssetLoaderService
17:04:52.678 [FXGL Background Thread 2 ] DEBUG Engine               - class com.almasb.fxgl.app.services.SystemBundleService
17:04:52.678 [FXGL Background Thread 2 ] DEBUG Engine               - class com.almasb.fxgl.profile.SaveLoadService
17:04:52.678 [FXGL Background Thread 2 ] DEBUG Engine               - class com.almasb.fxgl.ui.FXGLUIFactoryServiceProvider
17:04:52.678 [FXGL Background Thread 2 ] DEBUG Engine               - class com.almasb.fxgl.ui.FXGLDialogFactoryServiceProvider
17:04:52.678 [FXGL Background Thread 2 ] DEBUG Engine               - class com.almasb.fxgl.audio.AudioPlayer
17:04:52.678 [FXGL Background Thread 2 ] DEBUG Engine               - class com.almasb.fxgl.notification.impl.NotificationServiceProvider
17:04:52.678 [FXGL Background Thread 2 ] DEBUG Engine               - class com.almasb.fxgl.achievement.AchievementService
17:04:52.679 [FXGL Background Thread 2 ] DEBUG Engine               - class com.almasb.fxgl.cutscene.CutsceneService
17:04:52.679 [FXGL Background Thread 2 ] DEBUG Engine               - class com.almasb.fxgl.minigames.MiniGameService
17:04:52.679 [FXGL Background Thread 2 ] DEBUG Engine               - class com.almasb.fxgl.net.NetService
17:04:52.679 [FXGL Background Thread 2 ] DEBUG Engine               - class com.almasb.fxgl.app.services.UpdaterService
17:04:52.679 [FXGL Background Thread 2 ] DEBUG Engine               - class com.almasb.fxgl.dev.DevService
17:04:53.321 [JavaFX Application Thread] DEBUG AssetLoaderService   - Loading from file system: /assets/textures/RedWanderer.png
17:04:53.327 [JavaFX Application Thread] DEBUG AssetLoaderService   - Loading from cache: /assets/textures/wanderer_overlay.png@80.0x80.0
17:04:54.328 [JavaFX Application Thread] DEBUG AssetLoaderService   - Loading from cache: /assets/textures/Seeker.png@60.0x60.0
17:04:54.329 [JavaFX Application Thread] DEBUG AssetLoaderService   - Loading from cache: /assets/textures/Seeker.png@60.0x60.0
17:04:54.330 [JavaFX Application Thread] DEBUG AssetLoaderService   - Loading from cache: /assets/textures/Seeker_overlay.png
17:04:54.348 [JavaFX Application Thread] DEBUG AssetLoaderService   - Loading from cache: /assets/textures/Seeker_overlay.png@60.0x60.0
17:04:54.824 [JavaFX Application Thread] DEBUG AssetLoaderService   - Loading from cache: /assets/textures/Wanderer.png@80.0x80.0
17:04:54.825 [JavaFX Application Thread] DEBUG AssetLoaderService   - Loading from cache: /assets/textures/wanderer_overlay.png@80.0x80.0
17:04:55.320 [JavaFX Application Thread] DEBUG AssetLoaderService   - Loading from file system: /assets/textures/Bouncer.png
17:04:56.344 [JavaFX Application Thread] DEBUG AssetLoaderService   - Loading from cache: /assets/textures/Wanderer.png@80.0x80.0
17:04:56.345 [JavaFX Application Thread] DEBUG AssetLoaderService   - Loading from cache: /assets/textures/wanderer_overlay.png@80.0x80.0
17:04:56.346 [JavaFX Application Thread] DEBUG AssetLoaderService   - Loading from file system: /assets/textures/RedSeeker.png
17:04:56.350 [JavaFX Application Thread] DEBUG AssetLoaderService   - Loading from cache: /assets/textures/Seeker.png@60.0x60.0
17:04:56.351 [JavaFX Application Thread] DEBUG AssetLoaderService   - Loading from cache: /assets/textures/Seeker_overlay.png
17:04:56.371 [JavaFX Application Thread] DEBUG AssetLoaderService   - Loading from cache: /assets/textures/Seeker_overlay.png@60.0x60.0
17:04:57.864 [JavaFX Application Thread] DEBUG AssetLoaderService   - Loading from cache: /assets/textures/RedWanderer.png@80.0x80.0
17:04:57.865 [JavaFX Application Thread] DEBUG AssetLoaderService   - Loading from cache: /assets/textures/wanderer_overlay.png@80.0x80.0
17:04:58.360 [JavaFX Application Thread] DEBUG AssetLoaderService   - Loading from cache: /assets/textures/Seeker.png@60.0x60.0
17:04:58.361 [JavaFX Application Thread] DEBUG AssetLoaderService   - Loading from cache: /assets/textures/Seeker.png@60.0x60.0
17:04:58.361 [JavaFX Application Thread] DEBUG AssetLoaderService   - Loading from cache: /assets/textures/Seeker_overlay.png
17:04:58.373 [JavaFX Application Thread] DEBUG AssetLoaderService   - Loading from cache: /assets/textures/Seeker_overlay.png@60.0x60.0
17:04:59.368 [JavaFX Application Thread] DEBUG AssetLoaderService   - Loading from cache: /assets/textures/Wanderer.png@80.0x80.0
17:04:59.368 [JavaFX Application Thread] DEBUG AssetLoaderService   - Loading from cache: /assets/textures/wanderer_overlay.png@80.0x80.0
17:05:00.312 [JavaFX Application Thread] DEBUG AssetLoaderService   - Loading from cache: /assets/textures/Bouncer.png@63.5x76.0
17:05:00.360 [JavaFX Application Thread] DEBUG AssetLoaderService   - Loading from cache: /assets/textures/RedSeeker.png@60.0x60.0
17:05:00.360 [JavaFX Application Thread] DEBUG AssetLoaderService   - Loading from cache: /assets/textures/Seeker.png@60.0x60.0
17:05:00.361 [JavaFX Application Thread] DEBUG AssetLoaderService   - Loading from cache: /assets/textures/Seeker_overlay.png
17:05:00.373 [JavaFX Application Thread] DEBUG AssetLoaderService   - Loading from cache: /assets/textures/Seeker_overlay.png@60.0x60.0
17:05:00.856 [JavaFX Application Thread] DEBUG AssetLoaderService   - Loading from cache: /assets/textures/Wanderer.png@80.0x80.0
17:05:00.857 [JavaFX Application Thread] DEBUG AssetLoaderService   - Loading from cache: /assets/textures/wanderer_overlay.png@80.0x80.0
17:05:02.360 [JavaFX Application Thread] DEBUG AssetLoaderService   - Loading from cache: /assets/textures/RedWanderer.png@80.0x80.0
17:05:02.361 [JavaFX Application Thread] DEBUG AssetLoaderService   - Loading from cache: /assets/textures/wanderer_overlay.png@80.0x80.0
17:05:02.362 [JavaFX Application Thread] DEBUG AssetLoaderService   - Loading from cache: /assets/textures/RedSeeker.png@60.0x60.0
17:05:02.362 [JavaFX Application Thread] DEBUG AssetLoaderService   - Loading from cache: /assets/textures/Seeker.png@60.0x60.0
17:05:02.363 [JavaFX Application Thread] DEBUG AssetLoaderService   - Loading from cache: /assets/textures/Seeker_overlay.png
17:05:02.373 [JavaFX Application Thread] DEBUG AssetLoaderService   - Loading from cache: /assets/textures/Seeker_overlay.png@60.0x60.0
17:05:03.864 [JavaFX Application Thread] DEBUG AssetLoaderService   - Loading from cache: /assets/textures/Wanderer.png@80.0x80.0
17:05:03.865 [JavaFX Application Thread] DEBUG AssetLoaderService   - Loading from cache: /assets/textures/wanderer_overlay.png@80.0x80.0
17:05:04.360 [JavaFX Application Thread] DEBUG AssetLoaderService   - Loading from cache: /assets/textures/RedSeeker.png@60.0x60.0
17:05:04.360 [JavaFX Application Thread] DEBUG AssetLoaderService   - Loading from cache: /assets/textures/Seeker.png@60.0x60.0
17:05:04.361 [JavaFX Application Thread] DEBUG AssetLoaderService   - Loading from cache: /assets/textures/Seeker_overlay.png
17:05:04.373 [JavaFX Application Thread] DEBUG AssetLoaderService   - Loading from cache: /assets/textures/Seeker_overlay.png@60.0x60.0
17:05:05.304 [JavaFX Application Thread] DEBUG AssetLoaderService   - Loading from cache: /assets/textures/Bouncer.png@63.5x76.0
17:05:05.352 [JavaFX Application Thread] DEBUG AssetLoaderService   - Loading from cache: /assets/textures/Wanderer.png@80.0x80.0
17:05:05.353 [JavaFX Application Thread] DEBUG AssetLoaderService   - Loading from cache: /assets/textures/wanderer_overlay.png@80.0x80.0
17:05:06.360 [JavaFX Application Thread] DEBUG AssetLoaderService   - Loading from cache: /assets/textures/Seeker.png@60.0x60.0
17:05:06.360 [JavaFX Application Thread] DEBUG AssetLoaderService   - Loading from cache: /assets/textures/Seeker.png@60.0x60.0
17:05:06.361 [JavaFX Application Thread] DEBUG AssetLoaderService   - Loading from cache: /assets/textures/Seeker_overlay.png
17:05:06.372 [JavaFX Application Thread] DEBUG AssetLoaderService   - Loading from cache: /assets/textures/Seeker_overlay.png@60.0x60.0
17:05:06.856 [JavaFX Application Thread] DEBUG AssetLoaderService   - Loading from cache: /assets/textures/Wanderer.png@80.0x80.0
17:05:06.857 [JavaFX Application Thread] DEBUG AssetLoaderService   - Loading from cache: /assets/textures/wanderer_overlay.png@80.0x80.0
17:05:08.376 [JavaFX Application Thread] DEBUG AssetLoaderService   - Loading from cache: /assets/textures/Wanderer.png@80.0x80.0
17:05:08.377 [JavaFX Application Thread] DEBUG AssetLoaderService   - Loading from cache: /assets/textures/wanderer_overlay.png@80.0x80.0
17:05:08.378 [JavaFX Application Thread] DEBUG AssetLoaderService   - Loading from cache: /assets/textures/Seeker.png@60.0x60.0
17:05:08.379 [JavaFX Application Thread] DEBUG AssetLoaderService   - Loading from cache: /assets/textures/Seeker.png@60.0x60.0
17:05:08.379 [JavaFX Application Thread] DEBUG AssetLoaderService   - Loading from cache: /assets/textures/Seeker_overlay.png
17:05:08.395 [JavaFX Application Thread] DEBUG AssetLoaderService   - Loading from cache: /assets/textures/Seeker_overlay.png@60.0x60.0
17:05:09.896 [JavaFX Application Thread] DEBUG AssetLoaderService   - Loading from cache: /assets/textures/Wanderer.png@80.0x80.0
17:05:09.897 [JavaFX Application Thread] DEBUG AssetLoaderService   - Loading from cache: /assets/textures/wanderer_overlay.png@80.0x80.0
17:05:10.328 [JavaFX Application Thread] DEBUG AssetLoaderService   - Loading from cache: /assets/textures/Bouncer.png@63.5x76.0
17:05:10.392 [JavaFX Application Thread] DEBUG AssetLoaderService   - Loading from cache: /assets/textures/Seeker.png@60.0x60.0
17:05:10.392 [JavaFX Application Thread] DEBUG AssetLoaderService   - Loading from cache: /assets/textures/Seeker.png@60.0x60.0
17:05:10.392 [JavaFX Application Thread] DEBUG AssetLoaderService   - Loading from cache: /assets/textures/Seeker_overlay.png
17:05:10.404 [JavaFX Application Thread] DEBUG AssetLoaderService   - Loading from cache: /assets/textures/Seeker_overlay.png@60.0x60.0
17:05:11.400 [JavaFX Application Thread] DEBUG AssetLoaderService   - Loading from cache: /assets/textures/RedWanderer.png@80.0x80.0
17:05:11.401 [JavaFX Application Thread] DEBUG AssetLoaderService   - Loading from cache: /assets/textures/wanderer_overlay.png@80.0x80.0
17:05:12.408 [JavaFX Application Thread] DEBUG AssetLoaderService   - Loading from cache: /assets/textures/RedSeeker.png@60.0x60.0
17:05:12.408 [JavaFX Application Thread] DEBUG AssetLoaderService   - Loading from cache: /assets/textures/Seeker.png@60.0x60.0
17:05:12.409 [JavaFX Application Thread] DEBUG AssetLoaderService   - Loading from cache: /assets/textures/Seeker_overlay.png
17:05:12.421 [JavaFX Application Thread] DEBUG AssetLoaderService   - Loading from cache: /assets/textures/Seeker_overlay.png@60.0x60.0
17:05:12.920 [JavaFX Application Thread] DEBUG AssetLoaderService   - Loading from cache: /assets/textures/Wanderer.png@80.0x80.0
17:05:12.921 [JavaFX Application Thread] DEBUG AssetLoaderService   - Loading from cache: /assets/textures/wanderer_overlay.png@80.0x80.0
17:05:14.423 [JavaFX Application Thread] DEBUG AssetLoaderService   - Loading from cache: /assets/textures/Seeker.png@60.0x60.0
17:05:14.423 [JavaFX Application Thread] DEBUG AssetLoaderService   - Loading from cache: /assets/textures/Seeker.png@60.0x60.0
17:05:14.424 [JavaFX Application Thread] DEBUG AssetLoaderService   - Loading from cache: /assets/textures/Seeker_overlay.png
17:05:14.436 [JavaFX Application Thread] DEBUG AssetLoaderService   - Loading from cache: /assets/textures/Seeker_overlay.png@60.0x60.0
17:05:14.440 [JavaFX Application Thread] DEBUG AssetLoaderService   - Loading from cache: /assets/textures/Wanderer.png@80.0x80.0
17:05:14.441 [JavaFX Application Thread] DEBUG AssetLoaderService   - Loading from cache: /assets/textures/wanderer_overlay.png@80.0x80.0
17:05:15.336 [JavaFX Application Thread] DEBUG AssetLoaderService   - Loading from cache: /assets/textures/Bouncer.png@63.5x76.0
17:05:15.960 [JavaFX Application Thread] DEBUG AssetLoaderService   - Loading from cache: /assets/textures/Wanderer.png@80.0x80.0
17:05:15.960 [JavaFX Application Thread] DEBUG AssetLoaderService   - Loading from cache: /assets/textures/wanderer_overlay.png@80.0x80.0
17:05:16.440 [JavaFX Application Thread] DEBUG AssetLoaderService   - Loading from cache: /assets/textures/Seeker.png@60.0x60.0
17:05:16.440 [JavaFX Application Thread] DEBUG AssetLoaderService   - Loading from cache: /assets/textures/Seeker.png@60.0x60.0
17:05:16.441 [JavaFX Application Thread] DEBUG AssetLoaderService   - Loading from cache: /assets/textures/Seeker_overlay.png
17:05:16.453 [JavaFX Application Thread] DEBUG AssetLoaderService   - Loading from cache: /assets/textures/Seeker_overlay.png@60.0x60.0
17:05:16.693 [JavaFX Application Thread] DEBUG GameApplication      - Exiting FXGL
17:05:16.693 [JavaFX Application Thread] DEBUG LoopRunner           - Stopping loop
17:05:16.693 [JavaFX Application Thread] DEBUG SystemBundleService  - Saving FXGL system data
17:05:16.694 [JavaFX Application Thread] DEBUG FileSystemAccess     - Writing to: D:\CodeGym\casestudy02\system\fxgl.bundle
17:05:16.695 [JavaFX Application Thread] DEBUG GameApplication      - Shutting down background threads
17:05:16.695 [JavaFX Application Thread] DEBUG GameApplication      - Closing logger and exiting JavaFX
