09:34:47.537 [main                     ] DEBUG GameApplication      - Logger initialized
09:34:47.555 [main                     ] DEBUG GameApplication      - Logging settings
Title: FXGL Geometry Wars
Version: 1.1.0
Width: 1280
Height: 720
Fullscreen: false
Intro: true
Profiling: false
Single step:false
App Mode: RELEASE
Menu Key: ESCAPE
Stage Style: DECORATED
Scene Factory: class com.almasb.fxgl.app.scene.SceneFactory

09:34:48.255 [JavaFX Application Thread] DEBUG GameApplication      - Initializing FXGL
09:34:48.267 [JavaFX Application Thread] INFO  Engine               - FXGL-11.9 (27.05.2020 17.06) on WINDOWS (J:11.0.7 FX:13.0.2)
09:34:48.267 [JavaFX Application Thread] DEBUG Engine               - JRE Vendor Name: Oracle Corporation
09:34:48.267 [JavaFX Application Thread] DEBUG Engine               - Running on OS: Windows 10 version 10.0
09:34:48.267 [JavaFX Application Thread] DEBUG Engine               - Architecture: amd64
09:34:48.267 [JavaFX Application Thread] INFO  Engine               - Source code and latest versions at: https://github.com/AlmasB/FXGL
09:34:48.267 [JavaFX Application Thread] INFO  Engine               -              Join the FXGL chat at: https://gitter.im/AlmasB/FXGL
09:34:48.404 [JavaFX Application Thread] DEBUG MainWindow           - Creating a JavaFX scene
09:34:48.473 [JavaFX Application Thread] DEBUG MainWindow           - Target settings size: 1280.0 x 720.0
09:34:48.473 [JavaFX Application Thread] DEBUG MainWindow           - Scaled scene size:    1280.0 x 720.0
09:34:48.473 [JavaFX Application Thread] DEBUG MainWindow           - Scaled ratio: (1.0, 1.0)
09:34:48.474 [JavaFX Application Thread] DEBUG MainWindow           - Set initial scene to FXGLStartupScene
09:34:48.481 [JavaFX Application Thread] DEBUG MainWindow           - Opening main window
09:34:48.575 [JavaFX Application Thread] DEBUG MainWindow           - Window border size: (16.0, 39.0)
09:34:48.575 [JavaFX Application Thread] DEBUG MainWindow           - Scaled size: 1280.0 x 720.0
09:34:48.575 [JavaFX Application Thread] DEBUG MainWindow           - Scaled ratio: (1.0, 1.0)
09:34:48.575 [JavaFX Application Thread] DEBUG MainWindow           - Scene size: 1280.0 x 720.0
09:34:48.576 [JavaFX Application Thread] DEBUG MainWindow           - Stage size: 1296.0 x 759.0
09:34:48.595 [FXGL Background Thread 1 ] DEBUG Engine               - Initializing environment variables
09:34:48.621 [FXGL Background Thread 1 ] DEBUG WindowService        - Applying CSS: fxgl_dark.css
09:34:48.621 [FXGL Background Thread 1 ] DEBUG AssetLoaderService   - Loading from file system: /assets/ui/css/fxgl_dark.css
09:34:48.676 [FXGL Background Thread 1 ] DEBUG WindowService        - Initializing application scenes
09:34:48.715 [FXGL Background Thread 1 ] DEBUG GameWorld            - Game world initialized
09:34:48.763 [FXGL Background Thread 1 ] DEBUG PhysicsWorld         - Physics world initialized: appHeight=720, physics.ppm=50.0
09:34:48.764 [FXGL Background Thread 1 ] DEBUG GameScene            - Game scene initialized: 1280x720
09:34:48.771 [FXGL Background Thread 1 ] DEBUG AssetLoaderService   - Loading from file system: /assets/textures/particles/explosion.png
09:34:48.882 [FXGL Background Thread 1 ] DEBUG AssetLoaderService   - Loading from file system: /assets/textures/particles/trace_horizontal.png
09:34:48.907 [FXGL Background Thread 1 ] DEBUG FXGL.DefaultMenu     - createMenuBodyMainMenu()
09:34:48.922 [FXGL Background Thread 1 ] DEBUG FXGL.DefaultMenu     - createOptionsMenu()
09:34:48.927 [FXGL Background Thread 1 ] DEBUG AssetLoaderService   - Loading from file system: /assets/textures/particles/smoke.png
09:34:48.952 [FXGL Background Thread 1 ] DEBUG AssetLoaderService   - Loading from cache: /assets/textures/particles/trace_horizontal.png@64.0x64.0
09:34:48.953 [FXGL Background Thread 1 ] DEBUG FXGL.DefaultMenu     - createMenuBodyGameMenu()
09:34:48.954 [FXGL Background Thread 1 ] DEBUG FXGL.DefaultMenu     - createOptionsMenu()
09:34:48.955 [FXGL Background Thread 1 ] DEBUG AssetLoaderService   - Loading from cache: /assets/textures/particles/smoke.png@128.0x128.0
09:34:48.966 [FXGL Background Thread 1 ] DEBUG WindowService        - Application scenes initialized
09:34:48.976 [FXGL Background Thread 1 ] DEBUG SystemBundleService  - Loading FXGL system data
09:34:48.979 [FXGL Background Thread 1 ] DEBUG FileSystemAccess     - Reading from: D:\CodeGym\casestudy02\system\fxgl.bundle
09:34:48.984 [FXGL Background Thread 1 ] DEBUG SystemBundleService  - Bundle FXGL: {}
09:34:48.984 [FXGL Background Thread 1 ] INFO  Engine               - FXGL initialization took: 0.388 sec
09:34:48.985 [FXGL Background Thread 1 ] DEBUG GameApplication      - Loading localizations
09:34:48.986 [FXGL Background Thread 1 ] DEBUG AssetLoaderService   - Loading from file system: /assets/languages/english.lang
09:34:49.001 [FXGL Background Thread 1 ] DEBUG AssetLoaderService   - Loading from file system: /assets/languages/french.lang
09:34:49.002 [FXGL Background Thread 1 ] DEBUG AssetLoaderService   - Loading from file system: /assets/languages/german.lang
09:34:49.003 [FXGL Background Thread 1 ] DEBUG AssetLoaderService   - Loading from file system: /assets/languages/hungarian.lang
09:34:49.006 [FXGL Background Thread 1 ] DEBUG AssetLoaderService   - Loading from file system: /assets/languages/russian.lang
09:34:49.008 [FXGL Background Thread 1 ] DEBUG GameApplication      - Registering font factories with UI factory
09:34:49.008 [FXGL Background Thread 1 ] DEBUG AssetLoaderService   - Loading from file system: /assets/ui/fonts/game_font_7.ttf
09:34:49.558 [FXGL Background Thread 1 ] DEBUG AssetLoaderService   - Loading from file system: /assets/ui/fonts/Abel-Regular.ttf
09:34:49.562 [FXGL Background Thread 1 ] DEBUG AssetLoaderService   - Loading from file system: /assets/ui/fonts/lucida_console.ttf
09:34:49.574 [FXGL Background Thread 1 ] DEBUG AssetLoaderService   - Loading from file system: /assets/ui/fonts/Courier-Prime.ttf
09:34:49.591 [JavaFX Application Thread] DEBUG Input                - Registered new binding: action0 - W
09:34:49.591 [JavaFX Application Thread] DEBUG Input                - Registered new binding: action1 - A
09:34:49.591 [JavaFX Application Thread] DEBUG Input                - Registered new binding: action2 - S
09:34:49.591 [JavaFX Application Thread] DEBUG Input                - Registered new binding: action3 - D
09:34:49.593 [JavaFX Application Thread] DEBUG Input                - Registered new binding: action4 - LMB
09:34:49.593 [JavaFX Application Thread] DEBUG AssetLoaderService   - Loading from file system: /assets/textures/explosion.png
09:34:49.904 [JavaFX Application Thread] DEBUG AssetLoaderService   - Loading from file system: /assets/music/bgm.mp3
09:34:50.150 [JavaFX Application Thread] DEBUG AudioPlayer          - Playing music com.almasb.fxgl.audio.Music@1c3b71a1
09:34:50.150 [JavaFX Application Thread] DEBUG AssetLoaderService   - Loading from file system: /assets/textures/fxgl_icon.png
09:34:50.160 [JavaFX Application Thread] DEBUG AssetLoaderService   - Loading from file system: /assets/ui/cursors/fxgl_default.png
09:34:50.163 [JavaFX Application Thread] DEBUG Input                - Registered new binding: Screenshot - P
09:34:50.163 [JavaFX Application Thread] DEBUG LoopRunner           - Starting loop
09:34:50.179 [JavaFX Application Thread] DEBUG FXGLStartupScene     - STARTUP
09:34:50.182 [JavaFX Application Thread] DEBUG Input                - Clearing active input actions
09:34:50.190 [JavaFX Application Thread] DEBUG WindowService        - Removing overlay from FXGLStartupScene and adding to FXGLIntroScene
09:34:50.191 [JavaFX Application Thread] DEBUG MainWindow           - FXGLStartupScene -> FXGLIntroScene
09:34:51.986 [FXGL Background Thread 2 ] DEBUG Engine               - Logging environment variables
09:34:51.986 [FXGL Background Thread 2 ] DEBUG Engine               - achievements: []
09:34:51.986 [FXGL Background Thread 2 ] DEBUG Engine               - appIcon: fxgl_icon.png
09:34:51.986 [FXGL Background Thread 2 ] DEBUG Engine               - applicationMode: RELEASE
09:34:51.986 [FXGL Background Thread 2 ] DEBUG Engine               - cSSList: [fxgl_dark.css]
09:34:51.987 [FXGL Background Thread 2 ] DEBUG Engine               - configClass: Optional[class geowars.GeoWarsConfig]
09:34:51.987 [FXGL Background Thread 2 ] DEBUG Engine               - credits: []
09:34:51.987 [FXGL Background Thread 2 ] DEBUG Engine               - devBBoxColorProperty: ObjectProperty [value: 0xff0000ff]
09:34:51.987 [FXGL Background Thread 2 ] DEBUG Engine               - devSensorColorProperty: ObjectProperty [value: 0xffff00ff]
09:34:51.987 [FXGL Background Thread 2 ] DEBUG Engine               - devShowBBoxProperty: BooleanProperty [value: false]
09:34:51.987 [FXGL Background Thread 2 ] DEBUG Engine               - devShowPositionProperty: BooleanProperty [value: false]
09:34:51.987 [FXGL Background Thread 2 ] DEBUG Engine               - enabledMenuItems: []
09:34:51.987 [FXGL Background Thread 2 ] DEBUG Engine               - engineServices: [class com.almasb.fxgl.app.GameApplication$GameApplicationService, class com.almasb.fxgl.app.services.WindowService, class com.almasb.fxgl.app.services.FXGLDialogService, class com.almasb.fxgl.app.services.IOTaskExecutorService, class com.almasb.fxgl.event.EventBusService, class com.almasb.fxgl.io.FileSystemService, class com.almasb.fxgl.localization.LocalizationService, class com.almasb.fxgl.app.services.AssetLoaderService, class com.almasb.fxgl.app.services.SystemBundleService, class com.almasb.fxgl.profile.SaveLoadService, class com.almasb.fxgl.ui.FXGLUIFactoryServiceProvider, class com.almasb.fxgl.ui.FXGLDialogFactoryServiceProvider, class com.almasb.fxgl.audio.AudioPlayer, class com.almasb.fxgl.notification.impl.NotificationServiceProvider, class com.almasb.fxgl.achievement.AchievementService, class com.almasb.fxgl.cutscene.CutsceneService, class com.almasb.fxgl.minigames.MiniGameService, class com.almasb.fxgl.net.NetService, class com.almasb.fxgl.app.services.UpdaterService, class com.almasb.fxgl.dev.DevService]
09:34:51.987 [FXGL Background Thread 2 ] DEBUG Engine               - fontGame: Abel-Regular.ttf
09:34:51.987 [FXGL Background Thread 2 ] DEBUG Engine               - fontMono: lucida_console.ttf
09:34:51.987 [FXGL Background Thread 2 ] DEBUG Engine               - fontText: Courier-Prime.ttf
09:34:51.987 [FXGL Background Thread 2 ] DEBUG Engine               - fontUI: game_font_7.ttf
09:34:51.988 [FXGL Background Thread 2 ] DEBUG Engine               - fullScreen: BooleanProperty [value: false]
09:34:51.988 [FXGL Background Thread 2 ] DEBUG Engine               - gameDifficulty: MEDIUM
09:34:51.988 [FXGL Background Thread 2 ] DEBUG Engine               - gameDifficultyProperty: ObjectProperty [value: MEDIUM]
09:34:51.988 [FXGL Background Thread 2 ] DEBUG Engine               - globalMusicVolume: 0.5
09:34:51.988 [FXGL Background Thread 2 ] DEBUG Engine               - globalMusicVolumeProperty: DoubleProperty [value: 0.2]
09:34:51.988 [FXGL Background Thread 2 ] DEBUG Engine               - globalSoundVolume: 0.5
09:34:51.988 [FXGL Background Thread 2 ] DEBUG Engine               - globalSoundVolumeProperty: DoubleProperty [value: 0.2]
09:34:51.988 [FXGL Background Thread 2 ] DEBUG Engine               - height: 720
09:34:51.988 [FXGL Background Thread 2 ] DEBUG Engine               - isAndroid: false
09:34:51.988 [FXGL Background Thread 2 ] DEBUG Engine               - isBrowser: false
09:34:51.988 [FXGL Background Thread 2 ] DEBUG Engine               - isClickFeedbackEnabled: false
09:34:51.988 [FXGL Background Thread 2 ] DEBUG Engine               - isCloseConfirmation: false
09:34:51.988 [FXGL Background Thread 2 ] DEBUG Engine               - isDesktop: true
09:34:51.988 [FXGL Background Thread 2 ] DEBUG Engine               - isDeveloperMenuEnabled: false
09:34:51.988 [FXGL Background Thread 2 ] DEBUG Engine               - isExperimentalNative: false
09:34:51.989 [FXGL Background Thread 2 ] DEBUG Engine               - isExperimentalTiledLargeMap: false
09:34:51.989 [FXGL Background Thread 2 ] DEBUG Engine               - isFullScreenAllowed: false
09:34:51.989 [FXGL Background Thread 2 ] DEBUG Engine               - isFullScreenFromStart: false
09:34:51.989 [FXGL Background Thread 2 ] DEBUG Engine               - isGameMenuEnabled: true
09:34:51.989 [FXGL Background Thread 2 ] DEBUG Engine               - isIOS: false
09:34:51.989 [FXGL Background Thread 2 ] DEBUG Engine               - isIntroEnabled: true
09:34:51.989 [FXGL Background Thread 2 ] DEBUG Engine               - isLinux: false
09:34:51.989 [FXGL Background Thread 2 ] DEBUG Engine               - isMac: false
09:34:51.989 [FXGL Background Thread 2 ] DEBUG Engine               - isMainMenuEnabled: true
09:34:51.989 [FXGL Background Thread 2 ] DEBUG Engine               - isManualResizeEnabled: true
09:34:51.989 [FXGL Background Thread 2 ] DEBUG Engine               - isMobile: false
09:34:51.989 [FXGL Background Thread 2 ] DEBUG Engine               - isPreserveResizeRatio: false
09:34:51.989 [FXGL Background Thread 2 ] DEBUG Engine               - isProfilingEnabled: false
09:34:51.990 [FXGL Background Thread 2 ] DEBUG Engine               - isSingleStep: false
09:34:51.990 [FXGL Background Thread 2 ] DEBUG Engine               - isUserProfileEnabled: false
09:34:51.990 [FXGL Background Thread 2 ] DEBUG Engine               - isWindows: true
09:34:51.990 [FXGL Background Thread 2 ] DEBUG Engine               - language: ObjectProperty [value: ENGLISH]
09:34:51.990 [FXGL Background Thread 2 ] DEBUG Engine               - mainWindow: com.almasb.fxgl.app.MainWindow@1f655f9e
09:34:51.990 [FXGL Background Thread 2 ] DEBUG Engine               - menuKey: ESCAPE
09:34:51.990 [FXGL Background Thread 2 ] DEBUG Engine               - notificationViewClass: class com.almasb.fxgl.notification.view.XboxNotificationView
09:34:51.990 [FXGL Background Thread 2 ] DEBUG Engine               - pixelsPerMeter: 50.0
09:34:51.990 [FXGL Background Thread 2 ] DEBUG Engine               - platform: WINDOWS
09:34:51.991 [FXGL Background Thread 2 ] DEBUG Engine               - profileDir: profiles/
09:34:51.991 [FXGL Background Thread 2 ] DEBUG Engine               - profileName: StringProperty [value: DEFAULT]
09:34:51.991 [FXGL Background Thread 2 ] DEBUG Engine               - randomSeed: -1
09:34:51.991 [FXGL Background Thread 2 ] DEBUG Engine               - runtimeInfo: RuntimeInfo(platform=WINDOWS, version=11.9, build=27.05.2020 17.06)
09:34:51.991 [FXGL Background Thread 2 ] DEBUG Engine               - saveFileExt: sav
09:34:51.991 [FXGL Background Thread 2 ] DEBUG Engine               - sceneFactory: com.almasb.fxgl.app.scene.SceneFactory@68313bbe
09:34:51.991 [FXGL Background Thread 2 ] DEBUG Engine               - secondsIn24h: 60
09:34:51.991 [FXGL Background Thread 2 ] DEBUG Engine               - settings: Title: FXGL Geometry Wars
Version: 1.1.0
Width: 1280
Height: 720
Fullscreen: false
Intro: true
Profiling: false
Single step:false
App Mode: RELEASE
Menu Key: ESCAPE
Stage Style: DECORATED
Scene Factory: class com.almasb.fxgl.app.scene.SceneFactory

09:34:51.991 [FXGL Background Thread 2 ] DEBUG Engine               - soundMenuBack: menu/back.wav
09:34:51.991 [FXGL Background Thread 2 ] DEBUG Engine               - soundMenuPress: menu/press.wav
09:34:51.991 [FXGL Background Thread 2 ] DEBUG Engine               - soundMenuSelect: menu/select.wav
09:34:51.992 [FXGL Background Thread 2 ] DEBUG Engine               - soundNotification: core/notification.wav
09:34:51.992 [FXGL Background Thread 2 ] DEBUG Engine               - stageStyle: DECORATED
09:34:51.992 [FXGL Background Thread 2 ] DEBUG Engine               - supportedLanguages: [ENGLISH, FRENCH, GERMAN, HUNGARIAN, RUSSIAN]
09:34:51.992 [FXGL Background Thread 2 ] DEBUG Engine               - title: FXGL Geometry Wars
09:34:51.992 [FXGL Background Thread 2 ] DEBUG Engine               - urlGithub: https://github.com/AlmasB/FXGL
09:34:51.992 [FXGL Background Thread 2 ] DEBUG Engine               - urlLeaderboard: http://fxgl-top.herokuapp.com/
09:34:51.992 [FXGL Background Thread 2 ] DEBUG Engine               - urlPOM: https://raw.githubusercontent.com/AlmasB/FXGL/master/pom.xml
09:34:51.992 [FXGL Background Thread 2 ] DEBUG Engine               - version: 1.1.0
09:34:51.992 [FXGL Background Thread 2 ] DEBUG Engine               - versionCheckDays: 7
09:34:51.992 [FXGL Background Thread 2 ] DEBUG Engine               - width: 1280
09:34:51.992 [FXGL Background Thread 2 ] DEBUG Engine               - Logging services
09:34:51.992 [FXGL Background Thread 2 ] DEBUG Engine               - class com.almasb.fxgl.app.GameApplication$GameApplicationService
09:34:51.992 [FXGL Background Thread 2 ] DEBUG Engine               - class com.almasb.fxgl.app.services.WindowService
09:34:51.992 [FXGL Background Thread 2 ] DEBUG Engine               - class com.almasb.fxgl.app.services.FXGLDialogService
09:34:51.993 [FXGL Background Thread 2 ] DEBUG Engine               - class com.almasb.fxgl.app.services.IOTaskExecutorService
09:34:51.993 [FXGL Background Thread 2 ] DEBUG Engine               - class com.almasb.fxgl.event.EventBusService
09:34:51.993 [FXGL Background Thread 2 ] DEBUG Engine               - class com.almasb.fxgl.io.FileSystemService
09:34:51.993 [FXGL Background Thread 2 ] DEBUG Engine               - class com.almasb.fxgl.localization.LocalizationService
09:34:51.993 [FXGL Background Thread 2 ] DEBUG Engine               - class com.almasb.fxgl.app.services.AssetLoaderService
09:34:51.993 [FXGL Background Thread 2 ] DEBUG Engine               - class com.almasb.fxgl.app.services.SystemBundleService
09:34:51.993 [FXGL Background Thread 2 ] DEBUG Engine               - class com.almasb.fxgl.profile.SaveLoadService
09:34:51.993 [FXGL Background Thread 2 ] DEBUG Engine               - class com.almasb.fxgl.ui.FXGLUIFactoryServiceProvider
09:34:51.993 [FXGL Background Thread 2 ] DEBUG Engine               - class com.almasb.fxgl.ui.FXGLDialogFactoryServiceProvider
09:34:51.993 [FXGL Background Thread 2 ] DEBUG Engine               - class com.almasb.fxgl.audio.AudioPlayer
09:34:51.993 [FXGL Background Thread 2 ] DEBUG Engine               - class com.almasb.fxgl.notification.impl.NotificationServiceProvider
09:34:51.993 [FXGL Background Thread 2 ] DEBUG Engine               - class com.almasb.fxgl.achievement.AchievementService
09:34:51.993 [FXGL Background Thread 2 ] DEBUG Engine               - class com.almasb.fxgl.cutscene.CutsceneService
09:34:51.993 [FXGL Background Thread 2 ] DEBUG Engine               - class com.almasb.fxgl.minigames.MiniGameService
09:34:51.993 [FXGL Background Thread 2 ] DEBUG Engine               - class com.almasb.fxgl.net.NetService
09:34:51.993 [FXGL Background Thread 2 ] DEBUG Engine               - class com.almasb.fxgl.app.services.UpdaterService
09:34:51.994 [FXGL Background Thread 2 ] DEBUG Engine               - class com.almasb.fxgl.dev.DevService
09:34:55.372 [JavaFX Application Thread] DEBUG GameApplication      - Exiting FXGL
09:34:55.372 [JavaFX Application Thread] DEBUG LoopRunner           - Stopping loop
09:34:55.372 [JavaFX Application Thread] DEBUG SystemBundleService  - Saving FXGL system data
09:34:55.377 [JavaFX Application Thread] DEBUG FileSystemAccess     - Writing to: D:\CodeGym\casestudy02\system\fxgl.bundle
09:34:55.379 [JavaFX Application Thread] DEBUG GameApplication      - Shutting down background threads
09:34:55.379 [JavaFX Application Thread] DEBUG GameApplication      - Closing logger and exiting JavaFX
