17:46:44.309 [main                     ] DEBUG GameApplication      - Logger initialized
17:46:44.323 [main                     ] DEBUG GameApplication      - Logging settings
Title: FXGL Geometry Wars
Version: 1.1.0
Width: 1280
Height: 720
Fullscreen: false
Intro: false
Profiling: false
Single step:false
App Mode: DEVELOPER
Menu Key: ESCAPE
Stage Style: DECORATED
Scene Factory: class com.almasb.fxgl.app.scene.SceneFactory

17:46:44.656 [JavaFX Application Thread] DEBUG GameApplication      - Initializing FXGL
17:46:44.662 [JavaFX Application Thread] INFO  Engine               - FXGL-11.9 (27.05.2020 17.06) on WINDOWS (J:11.0.7 FX:13.0.2)
17:46:44.663 [JavaFX Application Thread] DEBUG Engine               - JRE Vendor Name: Oracle Corporation
17:46:44.663 [JavaFX Application Thread] DEBUG Engine               - Running on OS: Windows 10 version 10.0
17:46:44.663 [JavaFX Application Thread] DEBUG Engine               - Architecture: amd64
17:46:44.663 [JavaFX Application Thread] INFO  Engine               - Source code and latest versions at: https://github.com/AlmasB/FXGL
17:46:44.663 [JavaFX Application Thread] INFO  Engine               -              Join the FXGL chat at: https://gitter.im/AlmasB/FXGL
17:46:44.757 [JavaFX Application Thread] DEBUG MainWindow           - Creating a JavaFX scene
17:46:44.812 [JavaFX Application Thread] DEBUG MainWindow           - Target settings size: 1280.0 x 720.0
17:46:44.812 [JavaFX Application Thread] DEBUG MainWindow           - Scaled scene size:    1280.0 x 720.0
17:46:44.812 [JavaFX Application Thread] DEBUG MainWindow           - Scaled ratio: (1.0, 1.0)
17:46:44.813 [JavaFX Application Thread] DEBUG MainWindow           - Set initial scene to FXGLStartupScene
17:46:44.818 [JavaFX Application Thread] DEBUG MainWindow           - Opening main window
17:46:44.898 [JavaFX Application Thread] DEBUG MainWindow           - Window border size: (16.0, 39.0)
17:46:44.898 [JavaFX Application Thread] DEBUG MainWindow           - Scaled size: 1280.0 x 720.0
17:46:44.898 [JavaFX Application Thread] DEBUG MainWindow           - Scaled ratio: (1.0, 1.0)
17:46:44.898 [JavaFX Application Thread] DEBUG MainWindow           - Scene size: 1280.0 x 720.0
17:46:44.898 [JavaFX Application Thread] DEBUG MainWindow           - Stage size: 1296.0 x 759.0
17:46:44.905 [FXGL Background Thread 1 ] DEBUG Engine               - Initializing environment variables
17:46:44.927 [FXGL Background Thread 1 ] DEBUG WindowService        - Applying CSS: fxgl_dark.css
17:46:44.928 [FXGL Background Thread 1 ] DEBUG AssetLoaderService   - Loading from file system: /assets/ui/css/fxgl_dark.css
17:46:44.978 [FXGL Background Thread 1 ] DEBUG WindowService        - Initializing application scenes
17:46:45.024 [FXGL Background Thread 1 ] DEBUG GameWorld            - Game world initialized
17:46:45.073 [FXGL Background Thread 1 ] DEBUG PhysicsWorld         - Physics world initialized: appHeight=720, physics.ppm=50.0
17:46:45.076 [FXGL Background Thread 1 ] DEBUG GameScene            - Game scene initialized: 1280x720
17:46:45.110 [FXGL Background Thread 1 ] DEBUG AssetLoaderService   - Loading from file system: /assets/textures/particles/trace_horizontal.png
17:46:45.165 [FXGL Background Thread 1 ] DEBUG FXGL.DefaultMenu     - createMenuBodyGameMenu()
17:46:45.178 [FXGL Background Thread 1 ] DEBUG FXGL.DefaultMenu     - createOptionsMenu()
17:46:45.181 [FXGL Background Thread 1 ] DEBUG AssetLoaderService   - Loading from file system: /assets/textures/particles/smoke.png
17:46:45.236 [FXGL Background Thread 1 ] DEBUG WindowService        - Application scenes initialized
17:46:45.245 [FXGL Background Thread 1 ] DEBUG SystemBundleService  - Loading FXGL system data
17:46:45.249 [FXGL Background Thread 1 ] DEBUG FileSystemAccess     - Reading from: D:\CodeGym\casestudy02\system\fxgl.bundle
17:46:45.253 [FXGL Background Thread 1 ] DEBUG SystemBundleService  - Bundle FXGL: {}
17:46:45.253 [FXGL Background Thread 1 ] INFO  Engine               - FXGL initialization took: 0.347 sec
17:46:45.255 [FXGL Background Thread 1 ] DEBUG GameApplication      - Loading localizations
17:46:45.255 [FXGL Background Thread 1 ] DEBUG AssetLoaderService   - Loading from file system: /assets/languages/english.lang
17:46:45.267 [FXGL Background Thread 1 ] DEBUG AssetLoaderService   - Loading from file system: /assets/languages/french.lang
17:46:45.269 [FXGL Background Thread 1 ] DEBUG AssetLoaderService   - Loading from file system: /assets/languages/german.lang
17:46:45.271 [FXGL Background Thread 1 ] DEBUG AssetLoaderService   - Loading from file system: /assets/languages/hungarian.lang
17:46:45.275 [FXGL Background Thread 1 ] DEBUG AssetLoaderService   - Loading from file system: /assets/languages/russian.lang
17:46:45.277 [FXGL Background Thread 1 ] DEBUG GameApplication      - Registering font factories with UI factory
17:46:45.277 [FXGL Background Thread 1 ] DEBUG AssetLoaderService   - Loading from file system: /assets/ui/fonts/game_font_7.ttf
17:46:45.488 [FXGL Background Thread 1 ] DEBUG AssetLoaderService   - Loading from file system: /assets/ui/fonts/Abel-Regular.ttf
17:46:45.491 [FXGL Background Thread 1 ] DEBUG AssetLoaderService   - Loading from file system: /assets/ui/fonts/lucida_console.ttf
17:46:45.495 [FXGL Background Thread 1 ] DEBUG AssetLoaderService   - Loading from file system: /assets/ui/fonts/Courier-Prime.ttf
17:46:45.508 [JavaFX Application Thread] DEBUG Input                - Registered new binding: action0 - W
17:46:45.508 [JavaFX Application Thread] DEBUG Input                - Registered new binding: action1 - A
17:46:45.509 [JavaFX Application Thread] DEBUG Input                - Registered new binding: action2 - S
17:46:45.509 [JavaFX Application Thread] DEBUG Input                - Registered new binding: action3 - D
17:46:45.510 [JavaFX Application Thread] DEBUG Input                - Registered new binding: action4 - LMB
17:46:45.510 [JavaFX Application Thread] DEBUG AssetLoaderService   - Loading from file system: /assets/textures/fxgl_icon.png
17:46:45.526 [JavaFX Application Thread] DEBUG AssetLoaderService   - Loading from file system: /assets/ui/cursors/fxgl_default.png
17:46:45.528 [JavaFX Application Thread] DEBUG Input                - Registered new binding: Screenshot - P
17:46:45.528 [JavaFX Application Thread] DEBUG Input                - Registered new binding: System info dump - CTRL+9
17:46:45.528 [JavaFX Application Thread] DEBUG Input                - Registered new binding: Restart - CTRL+R
17:46:45.529 [JavaFX Application Thread] DEBUG LoopRunner           - Starting loop
17:46:45.544 [JavaFX Application Thread] DEBUG FXGLStartupScene     - STARTUP
17:46:45.544 [JavaFX Application Thread] DEBUG WindowService        - Starting new game
17:46:45.544 [JavaFX Application Thread] DEBUG Input                - Clearing active input actions
17:46:45.558 [JavaFX Application Thread] DEBUG WindowService        - Removing overlay from FXGLStartupScene and adding to FXGLLoadingScene
17:46:45.558 [JavaFX Application Thread] DEBUG MainWindow           - FXGLStartupScene -> FXGLLoadingScene
17:46:45.558 [JavaFX Application Thread] DEBUG WindowService        - Clearing previous game
17:46:45.558 [JavaFX Application Thread] DEBUG GameScene            - Clearing game scene
17:46:45.558 [JavaFX Application Thread] DEBUG GameWorld            - Clearing game world
17:46:45.558 [JavaFX Application Thread] DEBUG PhysicsWorld         - Clearing physics world
17:46:45.559 [FXGL Background Thread 1 ] DEBUG GameApplication      - Initializing game
17:46:45.573 [FXGL Background Thread 1 ] DEBUG AssetLoaderService   - Loading from file system: /assets/textures/Player.png
17:46:45.590 [FXGL Background Thread 1 ] INFO  GameApplication      - Game initialization took: 0.030 sec
17:46:45.627 [JavaFX Application Thread] DEBUG Input                - Clearing active input actions
17:46:45.634 [JavaFX Application Thread] DEBUG WindowService        - Removing overlay from FXGLLoadingScene and adding to GameScene
17:46:45.635 [JavaFX Application Thread] DEBUG MainWindow           - FXGLLoadingScene -> GameScene
17:46:46.645 [JavaFX Application Thread] DEBUG AssetLoaderService   - Loading from file system: /assets/textures/Wanderer.png
17:46:46.654 [JavaFX Application Thread] DEBUG AssetLoaderService   - Loading from file system: /assets/textures/wanderer_overlay.png
17:46:47.652 [JavaFX Application Thread] DEBUG AssetLoaderService   - Loading from cache: /assets/textures/Wanderer.png@80.0x80.0
17:46:47.654 [JavaFX Application Thread] DEBUG AssetLoaderService   - Loading from cache: /assets/textures/wanderer_overlay.png@80.0x80.0
17:46:47.928 [JavaFX Application Thread] DEBUG AssetLoaderService   - Loading from file system: /assets/sounds/shoot2.wav
17:46:48.115 [JavaFX Application Thread] DEBUG AssetLoaderService   - Loading from file system: /assets/textures/Bullet.png
17:46:48.255 [FXGL Background Thread 2 ] DEBUG Engine               - Logging environment variables
17:46:48.255 [FXGL Background Thread 2 ] DEBUG Engine               - achievements: []
17:46:48.255 [FXGL Background Thread 2 ] DEBUG Engine               - appIcon: fxgl_icon.png
17:46:48.256 [FXGL Background Thread 2 ] DEBUG Engine               - applicationMode: DEVELOPER
17:46:48.256 [FXGL Background Thread 2 ] DEBUG Engine               - cSSList: [fxgl_dark.css]
17:46:48.256 [FXGL Background Thread 2 ] DEBUG Engine               - configClass: Optional[class geowars.GeoWarsConfig]
17:46:48.256 [FXGL Background Thread 2 ] DEBUG Engine               - credits: []
17:46:48.256 [FXGL Background Thread 2 ] DEBUG Engine               - devBBoxColorProperty: ObjectProperty [value: 0xff0000ff]
17:46:48.256 [FXGL Background Thread 2 ] DEBUG Engine               - devSensorColorProperty: ObjectProperty [value: 0xffff00ff]
17:46:48.256 [FXGL Background Thread 2 ] DEBUG Engine               - devShowBBoxProperty: BooleanProperty [value: false]
17:46:48.256 [FXGL Background Thread 2 ] DEBUG Engine               - devShowPositionProperty: BooleanProperty [value: false]
17:46:48.256 [FXGL Background Thread 2 ] DEBUG Engine               - enabledMenuItems: []
17:46:48.256 [FXGL Background Thread 2 ] DEBUG Engine               - engineServices: [class com.almasb.fxgl.app.GameApplication$GameApplicationService, class com.almasb.fxgl.app.services.WindowService, class com.almasb.fxgl.app.services.FXGLDialogService, class com.almasb.fxgl.app.services.IOTaskExecutorService, class com.almasb.fxgl.event.EventBusService, class com.almasb.fxgl.io.FileSystemService, class com.almasb.fxgl.localization.LocalizationService, class com.almasb.fxgl.app.services.AssetLoaderService, class com.almasb.fxgl.app.services.SystemBundleService, class com.almasb.fxgl.profile.SaveLoadService, class com.almasb.fxgl.ui.FXGLUIFactoryServiceProvider, class com.almasb.fxgl.ui.FXGLDialogFactoryServiceProvider, class com.almasb.fxgl.audio.AudioPlayer, class com.almasb.fxgl.notification.impl.NotificationServiceProvider, class com.almasb.fxgl.achievement.AchievementService, class com.almasb.fxgl.cutscene.CutsceneService, class com.almasb.fxgl.minigames.MiniGameService, class com.almasb.fxgl.net.NetService, class com.almasb.fxgl.app.services.UpdaterService, class com.almasb.fxgl.dev.DevService]
17:46:48.256 [FXGL Background Thread 2 ] DEBUG Engine               - fontGame: Abel-Regular.ttf
17:46:48.256 [FXGL Background Thread 2 ] DEBUG Engine               - fontMono: lucida_console.ttf
17:46:48.256 [FXGL Background Thread 2 ] DEBUG Engine               - fontText: Courier-Prime.ttf
17:46:48.256 [FXGL Background Thread 2 ] DEBUG Engine               - fontUI: game_font_7.ttf
17:46:48.256 [FXGL Background Thread 2 ] DEBUG Engine               - fullScreen: BooleanProperty [value: false]
17:46:48.256 [FXGL Background Thread 2 ] DEBUG Engine               - gameDifficulty: MEDIUM
17:46:48.256 [FXGL Background Thread 2 ] DEBUG Engine               - gameDifficultyProperty: ObjectProperty [value: MEDIUM]
17:46:48.256 [FXGL Background Thread 2 ] DEBUG Engine               - globalMusicVolume: 0.5
17:46:48.257 [FXGL Background Thread 2 ] DEBUG Engine               - globalMusicVolumeProperty: DoubleProperty [value: 0.5]
17:46:48.257 [FXGL Background Thread 2 ] DEBUG Engine               - globalSoundVolume: 0.5
17:46:48.257 [FXGL Background Thread 2 ] DEBUG Engine               - globalSoundVolumeProperty: DoubleProperty [value: 0.5]
17:46:48.257 [FXGL Background Thread 2 ] DEBUG Engine               - height: 720
17:46:48.257 [FXGL Background Thread 2 ] DEBUG Engine               - isAndroid: false
17:46:48.257 [FXGL Background Thread 2 ] DEBUG Engine               - isBrowser: false
17:46:48.257 [FXGL Background Thread 2 ] DEBUG Engine               - isClickFeedbackEnabled: false
17:46:48.257 [FXGL Background Thread 2 ] DEBUG Engine               - isCloseConfirmation: false
17:46:48.257 [FXGL Background Thread 2 ] DEBUG Engine               - isDesktop: true
17:46:48.257 [FXGL Background Thread 2 ] DEBUG Engine               - isDeveloperMenuEnabled: false
17:46:48.257 [FXGL Background Thread 2 ] DEBUG Engine               - isExperimentalNative: false
17:46:48.257 [FXGL Background Thread 2 ] DEBUG Engine               - isExperimentalTiledLargeMap: false
17:46:48.257 [FXGL Background Thread 2 ] DEBUG Engine               - isFullScreenAllowed: false
17:46:48.257 [FXGL Background Thread 2 ] DEBUG Engine               - isFullScreenFromStart: false
17:46:48.257 [FXGL Background Thread 2 ] DEBUG Engine               - isGameMenuEnabled: true
17:46:48.257 [FXGL Background Thread 2 ] DEBUG Engine               - isIOS: false
17:46:48.257 [FXGL Background Thread 2 ] DEBUG Engine               - isIntroEnabled: false
17:46:48.258 [FXGL Background Thread 2 ] DEBUG Engine               - isLinux: false
17:46:48.258 [FXGL Background Thread 2 ] DEBUG Engine               - isMac: false
17:46:48.258 [FXGL Background Thread 2 ] DEBUG Engine               - isMainMenuEnabled: false
17:46:48.258 [FXGL Background Thread 2 ] DEBUG Engine               - isManualResizeEnabled: true
17:46:48.258 [FXGL Background Thread 2 ] DEBUG Engine               - isMobile: false
17:46:48.258 [FXGL Background Thread 2 ] DEBUG Engine               - isPreserveResizeRatio: false
17:46:48.258 [FXGL Background Thread 2 ] DEBUG Engine               - isProfilingEnabled: false
17:46:48.258 [FXGL Background Thread 2 ] DEBUG Engine               - isSingleStep: false
17:46:48.258 [FXGL Background Thread 2 ] DEBUG Engine               - isUserProfileEnabled: false
17:46:48.258 [FXGL Background Thread 2 ] DEBUG Engine               - isWindows: true
17:46:48.258 [FXGL Background Thread 2 ] DEBUG Engine               - language: ObjectProperty [value: ENGLISH]
17:46:48.258 [FXGL Background Thread 2 ] DEBUG Engine               - mainWindow: com.almasb.fxgl.app.MainWindow@160f6c84
17:46:48.258 [FXGL Background Thread 2 ] DEBUG Engine               - menuKey: ESCAPE
17:46:48.258 [FXGL Background Thread 2 ] DEBUG Engine               - notificationViewClass: class com.almasb.fxgl.notification.view.XboxNotificationView
17:46:48.258 [FXGL Background Thread 2 ] DEBUG Engine               - pixelsPerMeter: 50.0
17:46:48.258 [FXGL Background Thread 2 ] DEBUG Engine               - platform: WINDOWS
17:46:48.258 [FXGL Background Thread 2 ] DEBUG Engine               - profileDir: profiles/
17:46:48.258 [FXGL Background Thread 2 ] DEBUG Engine               - profileName: StringProperty [value: DEFAULT]
17:46:48.258 [FXGL Background Thread 2 ] DEBUG Engine               - randomSeed: -1
17:46:48.258 [FXGL Background Thread 2 ] DEBUG Engine               - runtimeInfo: RuntimeInfo(platform=WINDOWS, version=11.9, build=27.05.2020 17.06)
17:46:48.259 [FXGL Background Thread 2 ] DEBUG Engine               - saveFileExt: sav
17:46:48.259 [FXGL Background Thread 2 ] DEBUG Engine               - sceneFactory: com.almasb.fxgl.app.scene.SceneFactory@726f9e24
17:46:48.259 [FXGL Background Thread 2 ] DEBUG Engine               - secondsIn24h: 60
17:46:48.259 [FXGL Background Thread 2 ] DEBUG Engine               - settings: Title: FXGL Geometry Wars
Version: 1.1.0
Width: 1280
Height: 720
Fullscreen: false
Intro: false
Profiling: false
Single step:false
App Mode: DEVELOPER
Menu Key: ESCAPE
Stage Style: DECORATED
Scene Factory: class com.almasb.fxgl.app.scene.SceneFactory

17:46:48.259 [FXGL Background Thread 2 ] DEBUG Engine               - soundMenuBack: menu/back.wav
17:46:48.259 [FXGL Background Thread 2 ] DEBUG Engine               - soundMenuPress: menu/press.wav
17:46:48.259 [FXGL Background Thread 2 ] DEBUG Engine               - soundMenuSelect: menu/select.wav
17:46:48.259 [FXGL Background Thread 2 ] DEBUG Engine               - soundNotification: core/notification.wav
17:46:48.259 [FXGL Background Thread 2 ] DEBUG Engine               - stageStyle: DECORATED
17:46:48.259 [FXGL Background Thread 2 ] DEBUG Engine               - supportedLanguages: [ENGLISH, FRENCH, GERMAN, HUNGARIAN, RUSSIAN]
17:46:48.259 [FXGL Background Thread 2 ] DEBUG Engine               - title: FXGL Geometry Wars
17:46:48.259 [FXGL Background Thread 2 ] DEBUG Engine               - urlGithub: https://github.com/AlmasB/FXGL
17:46:48.259 [FXGL Background Thread 2 ] DEBUG Engine               - urlLeaderboard: http://fxgl-top.herokuapp.com/
17:46:48.259 [FXGL Background Thread 2 ] DEBUG Engine               - urlPOM: https://raw.githubusercontent.com/AlmasB/FXGL/master/pom.xml
17:46:48.259 [FXGL Background Thread 2 ] DEBUG Engine               - version: 1.1.0
17:46:48.259 [FXGL Background Thread 2 ] DEBUG Engine               - versionCheckDays: 7
17:46:48.259 [FXGL Background Thread 2 ] DEBUG Engine               - width: 1280
17:46:48.259 [FXGL Background Thread 2 ] DEBUG Engine               - Logging services
17:46:48.259 [FXGL Background Thread 2 ] DEBUG Engine               - class com.almasb.fxgl.app.GameApplication$GameApplicationService
17:46:48.259 [FXGL Background Thread 2 ] DEBUG Engine               - class com.almasb.fxgl.app.services.WindowService
17:46:48.259 [FXGL Background Thread 2 ] DEBUG Engine               - class com.almasb.fxgl.app.services.FXGLDialogService
17:46:48.259 [FXGL Background Thread 2 ] DEBUG Engine               - class com.almasb.fxgl.app.services.IOTaskExecutorService
17:46:48.259 [FXGL Background Thread 2 ] DEBUG Engine               - class com.almasb.fxgl.event.EventBusService
17:46:48.259 [FXGL Background Thread 2 ] DEBUG Engine               - class com.almasb.fxgl.io.FileSystemService
17:46:48.259 [FXGL Background Thread 2 ] DEBUG Engine               - class com.almasb.fxgl.localization.LocalizationService
17:46:48.260 [FXGL Background Thread 2 ] DEBUG Engine               - class com.almasb.fxgl.app.services.AssetLoaderService
17:46:48.260 [FXGL Background Thread 2 ] DEBUG Engine               - class com.almasb.fxgl.app.services.SystemBundleService
17:46:48.260 [FXGL Background Thread 2 ] DEBUG Engine               - class com.almasb.fxgl.profile.SaveLoadService
17:46:48.260 [FXGL Background Thread 2 ] DEBUG Engine               - class com.almasb.fxgl.ui.FXGLUIFactoryServiceProvider
17:46:48.260 [FXGL Background Thread 2 ] DEBUG Engine               - class com.almasb.fxgl.ui.FXGLDialogFactoryServiceProvider
17:46:48.260 [FXGL Background Thread 2 ] DEBUG Engine               - class com.almasb.fxgl.audio.AudioPlayer
17:46:48.260 [FXGL Background Thread 2 ] DEBUG Engine               - class com.almasb.fxgl.notification.impl.NotificationServiceProvider
17:46:48.260 [FXGL Background Thread 2 ] DEBUG Engine               - class com.almasb.fxgl.achievement.AchievementService
17:46:48.260 [FXGL Background Thread 2 ] DEBUG Engine               - class com.almasb.fxgl.cutscene.CutsceneService
17:46:48.260 [FXGL Background Thread 2 ] DEBUG Engine               - class com.almasb.fxgl.minigames.MiniGameService
17:46:48.260 [FXGL Background Thread 2 ] DEBUG Engine               - class com.almasb.fxgl.net.NetService
17:46:48.260 [FXGL Background Thread 2 ] DEBUG Engine               - class com.almasb.fxgl.app.services.UpdaterService
17:46:48.260 [FXGL Background Thread 2 ] DEBUG Engine               - class com.almasb.fxgl.dev.DevService
17:46:48.389 [JavaFX Application Thread] DEBUG AssetLoaderService   - Loading from file system: /assets/textures/explosion.png
17:46:48.484 [JavaFX Application Thread] DEBUG AssetLoaderService   - Loading from file system: /assets/textures/particles/circle_05.png
17:46:48.496 [JavaFX Application Thread] DEBUG AssetLoaderService   - Loading from file system: /assets/sounds/explosion-03.wav
17:46:48.614 [JavaFX Application Thread] DEBUG AssetLoaderService   - Loading from file system: /assets/textures/YellowCrystal.png
17:46:48.996 [JavaFX Application Thread] DEBUG AssetLoaderService   - Loading from file system: /assets/textures/RedWanderer.png
17:46:49.002 [JavaFX Application Thread] DEBUG AssetLoaderService   - Loading from cache: /assets/textures/wanderer_overlay.png@80.0x80.0
17:46:49.780 [JavaFX Application Thread] DEBUG AssetLoaderService   - Loading from cache: /assets/textures/Wanderer.png@80.0x80.0
17:46:49.782 [JavaFX Application Thread] DEBUG AssetLoaderService   - Loading from cache: /assets/textures/wanderer_overlay.png@80.0x80.0
17:46:50.021 [JavaFX Application Thread] DEBUG AssetLoaderService   - Loading from file system: /assets/sounds/shoot1.wav
17:46:50.124 [JavaFX Application Thread] DEBUG AssetLoaderService   - Loading from cache: /assets/textures/Bullet.png
17:46:50.277 [JavaFX Application Thread] DEBUG AssetLoaderService   - Loading from cache: /assets/textures/explosion.png@3840.0x80.0
17:46:50.278 [JavaFX Application Thread] DEBUG AssetLoaderService   - Loading from cache: /assets/textures/particles/circle_05.png@32.0x32.0
17:46:50.278 [JavaFX Application Thread] DEBUG AssetLoaderService   - Loading from file system: /assets/sounds/explosion-06.wav
17:46:50.304 [JavaFX Application Thread] DEBUG AssetLoaderService   - Loading from cache: /assets/textures/YellowCrystal.png
17:46:50.709 [JavaFX Application Thread] DEBUG AssetLoaderService   - Loading from cache: /assets/textures/Wanderer.png@80.0x80.0
17:46:50.711 [JavaFX Application Thread] DEBUG AssetLoaderService   - Loading from cache: /assets/textures/wanderer_overlay.png@80.0x80.0
17:46:50.964 [JavaFX Application Thread] DEBUG AssetLoaderService   - Loading from file system: /assets/sounds/shoot8.wav
17:46:50.969 [JavaFX Application Thread] DEBUG AssetLoaderService   - Loading from cache: /assets/textures/Bullet.png
17:46:51.732 [JavaFX Application Thread] DEBUG AssetLoaderService   - Loading from cache: /assets/textures/RedWanderer.png@80.0x80.0
17:46:51.733 [JavaFX Application Thread] DEBUG AssetLoaderService   - Loading from cache: /assets/textures/wanderer_overlay.png@80.0x80.0
17:46:51.828 [JavaFX Application Thread] DEBUG AssetLoaderService   - Loading from file system: /assets/sounds/shoot5.wav
17:46:51.830 [JavaFX Application Thread] DEBUG AssetLoaderService   - Loading from cache: /assets/textures/Bullet.png
17:46:52.036 [JavaFX Application Thread] DEBUG AssetLoaderService   - Loading from cache: /assets/textures/explosion.png@3840.0x80.0
17:46:52.036 [JavaFX Application Thread] DEBUG AssetLoaderService   - Loading from cache: /assets/textures/particles/circle_05.png@32.0x32.0
17:46:52.037 [JavaFX Application Thread] DEBUG AssetLoaderService   - Loading from file system: /assets/sounds/explosion-07.wav
17:46:52.158 [JavaFX Application Thread] DEBUG AssetLoaderService   - Loading from cache: /assets/textures/YellowCrystal.png
17:46:52.708 [JavaFX Application Thread] DEBUG AssetLoaderService   - Loading from file system: /assets/sounds/shoot3.wav
17:46:52.715 [JavaFX Application Thread] DEBUG AssetLoaderService   - Loading from cache: /assets/textures/Bullet.png
17:46:52.820 [JavaFX Application Thread] DEBUG AssetLoaderService   - Loading from cache: /assets/textures/Wanderer.png@80.0x80.0
17:46:52.821 [JavaFX Application Thread] DEBUG AssetLoaderService   - Loading from cache: /assets/textures/wanderer_overlay.png@80.0x80.0
17:46:53.572 [JavaFX Application Thread] DEBUG AssetLoaderService   - Loading from file system: /assets/sounds/shoot6.wav
17:46:53.577 [JavaFX Application Thread] DEBUG AssetLoaderService   - Loading from cache: /assets/textures/Bullet.png
17:46:53.685 [JavaFX Application Thread] DEBUG AssetLoaderService   - Loading from cache: /assets/sounds/shoot2.wav
17:46:53.685 [JavaFX Application Thread] DEBUG AssetLoaderService   - Loading from cache: /assets/textures/Bullet.png
17:46:53.828 [JavaFX Application Thread] DEBUG AssetLoaderService   - Loading from cache: /assets/textures/RedWanderer.png@80.0x80.0
17:46:53.829 [JavaFX Application Thread] DEBUG AssetLoaderService   - Loading from cache: /assets/textures/wanderer_overlay.png@80.0x80.0
17:46:54.340 [JavaFX Application Thread] DEBUG AssetLoaderService   - Loading from cache: /assets/sounds/shoot8.wav
17:46:54.340 [JavaFX Application Thread] DEBUG AssetLoaderService   - Loading from cache: /assets/textures/Bullet.png
17:46:54.452 [JavaFX Application Thread] DEBUG AssetLoaderService   - Loading from cache: /assets/sounds/shoot3.wav
17:46:54.452 [JavaFX Application Thread] DEBUG AssetLoaderService   - Loading from cache: /assets/textures/Bullet.png
17:46:54.580 [JavaFX Application Thread] DEBUG AssetLoaderService   - Loading from cache: /assets/sounds/shoot1.wav
17:46:54.580 [JavaFX Application Thread] DEBUG AssetLoaderService   - Loading from cache: /assets/textures/Bullet.png
17:46:54.692 [JavaFX Application Thread] DEBUG AssetLoaderService   - Loading from cache: /assets/sounds/shoot2.wav
17:46:54.692 [JavaFX Application Thread] DEBUG AssetLoaderService   - Loading from cache: /assets/textures/Bullet.png
17:46:54.804 [JavaFX Application Thread] DEBUG AssetLoaderService   - Loading from cache: /assets/sounds/shoot2.wav
17:46:54.804 [JavaFX Application Thread] DEBUG AssetLoaderService   - Loading from cache: /assets/textures/Bullet.png
17:46:54.820 [JavaFX Application Thread] DEBUG AssetLoaderService   - Loading from cache: /assets/textures/Wanderer.png@80.0x80.0
17:46:54.821 [JavaFX Application Thread] DEBUG AssetLoaderService   - Loading from cache: /assets/textures/wanderer_overlay.png@80.0x80.0
17:46:55.476 [JavaFX Application Thread] DEBUG AssetLoaderService   - Loading from file system: /assets/sounds/shoot7.wav
17:46:55.477 [JavaFX Application Thread] DEBUG AssetLoaderService   - Loading from cache: /assets/textures/Bullet.png
17:46:55.588 [JavaFX Application Thread] DEBUG AssetLoaderService   - Loading from cache: /assets/sounds/shoot6.wav
17:46:55.588 [JavaFX Application Thread] DEBUG AssetLoaderService   - Loading from cache: /assets/textures/Bullet.png
17:46:55.701 [JavaFX Application Thread] DEBUG AssetLoaderService   - Loading from cache: /assets/sounds/shoot2.wav
17:46:55.701 [JavaFX Application Thread] DEBUG AssetLoaderService   - Loading from cache: /assets/textures/Bullet.png
17:46:55.732 [JavaFX Application Thread] DEBUG AssetLoaderService   - Loading from cache: /assets/textures/explosion.png@3840.0x80.0
17:46:55.733 [JavaFX Application Thread] DEBUG AssetLoaderService   - Loading from cache: /assets/textures/particles/circle_05.png@32.0x32.0
17:46:55.733 [JavaFX Application Thread] DEBUG AssetLoaderService   - Loading from cache: /assets/sounds/explosion-03.wav
17:46:55.733 [JavaFX Application Thread] DEBUG AssetLoaderService   - Loading from cache: /assets/textures/YellowCrystal.png
17:46:55.828 [JavaFX Application Thread] DEBUG AssetLoaderService   - Loading from cache: /assets/sounds/shoot2.wav
17:46:55.828 [JavaFX Application Thread] DEBUG AssetLoaderService   - Loading from cache: /assets/textures/Bullet.png
17:46:55.829 [JavaFX Application Thread] DEBUG AssetLoaderService   - Loading from cache: /assets/textures/Wanderer.png@80.0x80.0
17:46:55.830 [JavaFX Application Thread] DEBUG AssetLoaderService   - Loading from cache: /assets/textures/wanderer_overlay.png@80.0x80.0
17:46:55.940 [JavaFX Application Thread] DEBUG AssetLoaderService   - Loading from cache: /assets/sounds/shoot8.wav
17:46:55.940 [JavaFX Application Thread] DEBUG AssetLoaderService   - Loading from cache: /assets/textures/Bullet.png
17:46:56.052 [JavaFX Application Thread] DEBUG AssetLoaderService   - Loading from cache: /assets/sounds/shoot3.wav
17:46:56.052 [JavaFX Application Thread] DEBUG AssetLoaderService   - Loading from cache: /assets/textures/Bullet.png
17:46:56.164 [JavaFX Application Thread] DEBUG AssetLoaderService   - Loading from cache: /assets/textures/explosion.png@3840.0x80.0
17:46:56.165 [JavaFX Application Thread] DEBUG AssetLoaderService   - Loading from cache: /assets/textures/particles/circle_05.png@32.0x32.0
17:46:56.165 [JavaFX Application Thread] DEBUG AssetLoaderService   - Loading from file system: /assets/sounds/explosion-05.wav
17:46:56.176 [JavaFX Application Thread] DEBUG AssetLoaderService   - Loading from cache: /assets/textures/YellowCrystal.png
17:46:56.356 [JavaFX Application Thread] DEBUG AssetLoaderService   - Loading from cache: /assets/sounds/shoot7.wav
17:46:56.356 [JavaFX Application Thread] DEBUG AssetLoaderService   - Loading from cache: /assets/textures/Bullet.png
17:46:56.469 [JavaFX Application Thread] DEBUG AssetLoaderService   - Loading from cache: /assets/sounds/shoot2.wav
17:46:56.469 [JavaFX Application Thread] DEBUG AssetLoaderService   - Loading from cache: /assets/textures/Bullet.png
17:46:56.580 [JavaFX Application Thread] DEBUG AssetLoaderService   - Loading from cache: /assets/textures/explosion.png@3840.0x80.0
17:46:56.581 [JavaFX Application Thread] DEBUG AssetLoaderService   - Loading from cache: /assets/textures/particles/circle_05.png@32.0x32.0
17:46:56.581 [JavaFX Application Thread] DEBUG AssetLoaderService   - Loading from cache: /assets/sounds/explosion-03.wav
17:46:56.581 [JavaFX Application Thread] DEBUG AssetLoaderService   - Loading from cache: /assets/textures/YellowCrystal.png
17:46:56.596 [JavaFX Application Thread] DEBUG AssetLoaderService   - Loading from cache: /assets/sounds/shoot8.wav
17:46:56.596 [JavaFX Application Thread] DEBUG AssetLoaderService   - Loading from cache: /assets/textures/Bullet.png
17:46:56.724 [JavaFX Application Thread] DEBUG AssetLoaderService   - Loading from cache: /assets/sounds/shoot1.wav
17:46:56.724 [JavaFX Application Thread] DEBUG AssetLoaderService   - Loading from cache: /assets/textures/Bullet.png
17:46:56.852 [JavaFX Application Thread] DEBUG AssetLoaderService   - Loading from cache: /assets/sounds/shoot7.wav
17:46:56.852 [JavaFX Application Thread] DEBUG AssetLoaderService   - Loading from cache: /assets/textures/Bullet.png
17:46:56.852 [JavaFX Application Thread] DEBUG AssetLoaderService   - Loading from cache: /assets/textures/Wanderer.png@80.0x80.0
17:46:56.853 [JavaFX Application Thread] DEBUG AssetLoaderService   - Loading from cache: /assets/textures/wanderer_overlay.png@80.0x80.0
17:46:57.140 [JavaFX Application Thread] DEBUG AssetLoaderService   - Loading from cache: /assets/textures/explosion.png@3840.0x80.0
17:46:57.141 [JavaFX Application Thread] DEBUG AssetLoaderService   - Loading from cache: /assets/textures/particles/circle_05.png@32.0x32.0
17:46:57.141 [JavaFX Application Thread] DEBUG AssetLoaderService   - Loading from cache: /assets/sounds/explosion-06.wav
17:46:57.141 [JavaFX Application Thread] DEBUG AssetLoaderService   - Loading from cache: /assets/textures/YellowCrystal.png
17:46:57.540 [JavaFX Application Thread] DEBUG AssetLoaderService   - Loading from cache: /assets/sounds/shoot8.wav
17:46:57.540 [JavaFX Application Thread] DEBUG AssetLoaderService   - Loading from cache: /assets/textures/Bullet.png
17:46:57.652 [JavaFX Application Thread] DEBUG AssetLoaderService   - Loading from cache: /assets/sounds/shoot8.wav
17:46:57.652 [JavaFX Application Thread] DEBUG AssetLoaderService   - Loading from cache: /assets/textures/Bullet.png
17:46:57.781 [JavaFX Application Thread] DEBUG AssetLoaderService   - Loading from cache: /assets/sounds/shoot5.wav
17:46:57.781 [JavaFX Application Thread] DEBUG AssetLoaderService   - Loading from cache: /assets/textures/Bullet.png
17:46:57.782 [JavaFX Application Thread] DEBUG AssetLoaderService   - Loading from cache: /assets/textures/explosion.png@3840.0x80.0
17:46:57.782 [JavaFX Application Thread] DEBUG AssetLoaderService   - Loading from cache: /assets/textures/particles/circle_05.png@32.0x32.0
17:46:57.783 [JavaFX Application Thread] DEBUG AssetLoaderService   - Loading from cache: /assets/sounds/explosion-03.wav
17:46:57.783 [JavaFX Application Thread] DEBUG AssetLoaderService   - Loading from cache: /assets/textures/YellowCrystal.png
17:46:57.876 [JavaFX Application Thread] DEBUG AssetLoaderService   - Loading from cache: /assets/textures/RedWanderer.png@80.0x80.0
17:46:57.877 [JavaFX Application Thread] DEBUG AssetLoaderService   - Loading from cache: /assets/textures/wanderer_overlay.png@80.0x80.0
17:46:57.892 [JavaFX Application Thread] DEBUG AssetLoaderService   - Loading from cache: /assets/sounds/shoot2.wav
17:46:57.892 [JavaFX Application Thread] DEBUG AssetLoaderService   - Loading from cache: /assets/textures/Bullet.png
17:46:58.004 [JavaFX Application Thread] DEBUG AssetLoaderService   - Loading from cache: /assets/sounds/shoot2.wav
17:46:58.004 [JavaFX Application Thread] DEBUG AssetLoaderService   - Loading from cache: /assets/textures/Bullet.png
17:46:58.116 [JavaFX Application Thread] DEBUG AssetLoaderService   - Loading from cache: /assets/sounds/shoot5.wav
17:46:58.116 [JavaFX Application Thread] DEBUG AssetLoaderService   - Loading from cache: /assets/textures/Bullet.png
17:46:58.149 [JavaFX Application Thread] DEBUG AssetLoaderService   - Loading from cache: /assets/textures/explosion.png@3840.0x80.0
17:46:58.149 [JavaFX Application Thread] DEBUG AssetLoaderService   - Loading from cache: /assets/textures/particles/circle_05.png@32.0x32.0
17:46:58.149 [JavaFX Application Thread] DEBUG AssetLoaderService   - Loading from file system: /assets/sounds/explosion-08.wav
17:46:58.262 [JavaFX Application Thread] DEBUG AssetLoaderService   - Loading from cache: /assets/textures/YellowCrystal.png
17:46:58.565 [JavaFX Application Thread] DEBUG AssetLoaderService   - Loading from cache: /assets/textures/explosion.png@3840.0x80.0
17:46:58.565 [JavaFX Application Thread] DEBUG AssetLoaderService   - Loading from cache: /assets/textures/particles/circle_05.png@32.0x32.0
17:46:58.565 [JavaFX Application Thread] DEBUG AssetLoaderService   - Loading from cache: /assets/sounds/explosion-07.wav
17:46:58.566 [JavaFX Application Thread] DEBUG AssetLoaderService   - Loading from cache: /assets/textures/YellowCrystal.png
17:46:59.012 [JavaFX Application Thread] DEBUG AssetLoaderService   - Loading from cache: /assets/textures/RedWanderer.png@80.0x80.0
17:46:59.013 [JavaFX Application Thread] DEBUG AssetLoaderService   - Loading from cache: /assets/textures/wanderer_overlay.png@80.0x80.0
17:46:59.348 [JavaFX Application Thread] DEBUG AssetLoaderService   - Loading from file system: /assets/sounds/shoot4.wav
17:46:59.349 [JavaFX Application Thread] DEBUG AssetLoaderService   - Loading from cache: /assets/textures/Bullet.png
17:46:59.460 [JavaFX Application Thread] DEBUG AssetLoaderService   - Loading from cache: /assets/sounds/shoot1.wav
17:46:59.460 [JavaFX Application Thread] DEBUG AssetLoaderService   - Loading from cache: /assets/textures/Bullet.png
17:46:59.556 [JavaFX Application Thread] DEBUG AssetLoaderService   - Loading from cache: /assets/sounds/shoot3.wav
17:46:59.556 [JavaFX Application Thread] DEBUG AssetLoaderService   - Loading from cache: /assets/textures/Bullet.png
17:46:59.636 [JavaFX Application Thread] DEBUG AssetLoaderService   - Loading from cache: /assets/textures/explosion.png@3840.0x80.0
17:46:59.636 [JavaFX Application Thread] DEBUG AssetLoaderService   - Loading from cache: /assets/textures/particles/circle_05.png@32.0x32.0
17:46:59.637 [JavaFX Application Thread] DEBUG AssetLoaderService   - Loading from cache: /assets/sounds/explosion-03.wav
17:46:59.637 [JavaFX Application Thread] DEBUG AssetLoaderService   - Loading from cache: /assets/textures/YellowCrystal.png
17:46:59.652 [JavaFX Application Thread] DEBUG AssetLoaderService   - Loading from cache: /assets/sounds/shoot2.wav
17:46:59.652 [JavaFX Application Thread] DEBUG AssetLoaderService   - Loading from cache: /assets/textures/Bullet.png
17:46:59.749 [JavaFX Application Thread] DEBUG AssetLoaderService   - Loading from cache: /assets/sounds/shoot3.wav
17:46:59.749 [JavaFX Application Thread] DEBUG AssetLoaderService   - Loading from cache: /assets/textures/Bullet.png
17:46:59.861 [JavaFX Application Thread] DEBUG AssetLoaderService   - Loading from cache: /assets/sounds/shoot7.wav
17:46:59.861 [JavaFX Application Thread] DEBUG AssetLoaderService   - Loading from cache: /assets/textures/Bullet.png
17:46:59.892 [JavaFX Application Thread] DEBUG AssetLoaderService   - Loading from cache: /assets/textures/Wanderer.png@80.0x80.0
17:46:59.893 [JavaFX Application Thread] DEBUG AssetLoaderService   - Loading from cache: /assets/textures/wanderer_overlay.png@80.0x80.0
17:46:59.956 [JavaFX Application Thread] DEBUG AssetLoaderService   - Loading from cache: /assets/sounds/shoot2.wav
17:46:59.956 [JavaFX Application Thread] DEBUG AssetLoaderService   - Loading from cache: /assets/textures/Bullet.png
17:47:00.052 [JavaFX Application Thread] DEBUG AssetLoaderService   - Loading from cache: /assets/sounds/shoot6.wav
17:47:00.052 [JavaFX Application Thread] DEBUG AssetLoaderService   - Loading from cache: /assets/textures/Bullet.png
17:47:00.869 [JavaFX Application Thread] DEBUG AssetLoaderService   - Loading from cache: /assets/textures/Wanderer.png@80.0x80.0
17:47:00.870 [JavaFX Application Thread] DEBUG AssetLoaderService   - Loading from cache: /assets/textures/wanderer_overlay.png@80.0x80.0
17:47:01.876 [JavaFX Application Thread] DEBUG AssetLoaderService   - Loading from cache: /assets/textures/Wanderer.png@80.0x80.0
17:47:01.877 [JavaFX Application Thread] DEBUG AssetLoaderService   - Loading from cache: /assets/textures/wanderer_overlay.png@80.0x80.0
17:47:02.180 [JavaFX Application Thread] DEBUG AssetLoaderService   - Loading from cache: /assets/sounds/shoot5.wav
17:47:02.180 [JavaFX Application Thread] DEBUG AssetLoaderService   - Loading from cache: /assets/textures/Bullet.png
17:47:02.308 [JavaFX Application Thread] DEBUG AssetLoaderService   - Loading from cache: /assets/sounds/shoot6.wav
17:47:02.308 [JavaFX Application Thread] DEBUG AssetLoaderService   - Loading from cache: /assets/textures/Bullet.png
17:47:02.420 [JavaFX Application Thread] DEBUG AssetLoaderService   - Loading from cache: /assets/sounds/shoot6.wav
17:47:02.420 [JavaFX Application Thread] DEBUG AssetLoaderService   - Loading from cache: /assets/textures/Bullet.png
17:47:02.532 [JavaFX Application Thread] DEBUG AssetLoaderService   - Loading from cache: /assets/sounds/shoot7.wav
17:47:02.532 [JavaFX Application Thread] DEBUG AssetLoaderService   - Loading from cache: /assets/textures/Bullet.png
17:47:02.644 [JavaFX Application Thread] DEBUG AssetLoaderService   - Loading from cache: /assets/textures/explosion.png@3840.0x80.0
17:47:02.644 [JavaFX Application Thread] DEBUG AssetLoaderService   - Loading from cache: /assets/textures/particles/circle_05.png@32.0x32.0
17:47:02.645 [JavaFX Application Thread] DEBUG AssetLoaderService   - Loading from cache: /assets/sounds/explosion-08.wav
17:47:02.645 [JavaFX Application Thread] DEBUG AssetLoaderService   - Loading from cache: /assets/textures/YellowCrystal.png
17:47:02.660 [JavaFX Application Thread] DEBUG AssetLoaderService   - Loading from cache: /assets/sounds/shoot2.wav
17:47:02.660 [JavaFX Application Thread] DEBUG AssetLoaderService   - Loading from cache: /assets/textures/Bullet.png
17:47:02.884 [JavaFX Application Thread] DEBUG AssetLoaderService   - Loading from cache: /assets/textures/RedWanderer.png@80.0x80.0
17:47:02.885 [JavaFX Application Thread] DEBUG AssetLoaderService   - Loading from cache: /assets/textures/wanderer_overlay.png@80.0x80.0
17:47:03.365 [JavaFX Application Thread] DEBUG AssetLoaderService   - Loading from cache: /assets/sounds/shoot6.wav
17:47:03.365 [JavaFX Application Thread] DEBUG AssetLoaderService   - Loading from cache: /assets/textures/Bullet.png
17:47:03.492 [JavaFX Application Thread] DEBUG AssetLoaderService   - Loading from cache: /assets/sounds/shoot7.wav
17:47:03.492 [JavaFX Application Thread] DEBUG AssetLoaderService   - Loading from cache: /assets/textures/Bullet.png
17:47:03.604 [JavaFX Application Thread] DEBUG AssetLoaderService   - Loading from cache: /assets/sounds/shoot3.wav
17:47:03.604 [JavaFX Application Thread] DEBUG AssetLoaderService   - Loading from cache: /assets/textures/Bullet.png
17:47:03.716 [JavaFX Application Thread] DEBUG AssetLoaderService   - Loading from cache: /assets/sounds/shoot1.wav
17:47:03.716 [JavaFX Application Thread] DEBUG AssetLoaderService   - Loading from cache: /assets/textures/Bullet.png
17:47:03.844 [JavaFX Application Thread] DEBUG AssetLoaderService   - Loading from cache: /assets/sounds/shoot7.wav
17:47:03.844 [JavaFX Application Thread] DEBUG AssetLoaderService   - Loading from cache: /assets/textures/Bullet.png
17:47:03.908 [JavaFX Application Thread] DEBUG AssetLoaderService   - Loading from cache: /assets/textures/RedWanderer.png@80.0x80.0
17:47:03.909 [JavaFX Application Thread] DEBUG AssetLoaderService   - Loading from cache: /assets/textures/wanderer_overlay.png@80.0x80.0
17:47:03.956 [JavaFX Application Thread] DEBUG AssetLoaderService   - Loading from cache: /assets/sounds/shoot3.wav
17:47:03.956 [JavaFX Application Thread] DEBUG AssetLoaderService   - Loading from cache: /assets/textures/Bullet.png
17:47:04.213 [JavaFX Application Thread] DEBUG AssetLoaderService   - Loading from cache: /assets/sounds/shoot7.wav
17:47:04.213 [JavaFX Application Thread] DEBUG AssetLoaderService   - Loading from cache: /assets/textures/Bullet.png
17:47:04.340 [JavaFX Application Thread] DEBUG AssetLoaderService   - Loading from cache: /assets/sounds/shoot6.wav
17:47:04.340 [JavaFX Application Thread] DEBUG AssetLoaderService   - Loading from cache: /assets/textures/Bullet.png
17:47:04.452 [JavaFX Application Thread] DEBUG AssetLoaderService   - Loading from cache: /assets/sounds/shoot5.wav
17:47:04.452 [JavaFX Application Thread] DEBUG AssetLoaderService   - Loading from cache: /assets/textures/Bullet.png
17:47:04.565 [JavaFX Application Thread] DEBUG AssetLoaderService   - Loading from cache: /assets/sounds/shoot8.wav
17:47:04.565 [JavaFX Application Thread] DEBUG AssetLoaderService   - Loading from cache: /assets/textures/Bullet.png
17:47:04.692 [JavaFX Application Thread] DEBUG AssetLoaderService   - Loading from cache: /assets/sounds/shoot4.wav
17:47:04.692 [JavaFX Application Thread] DEBUG AssetLoaderService   - Loading from cache: /assets/textures/Bullet.png
17:47:04.740 [JavaFX Application Thread] DEBUG AssetLoaderService   - Loading from cache: /assets/textures/explosion.png@3840.0x80.0
17:47:04.740 [JavaFX Application Thread] DEBUG AssetLoaderService   - Loading from cache: /assets/textures/particles/circle_05.png@32.0x32.0
17:47:04.740 [JavaFX Application Thread] DEBUG AssetLoaderService   - Loading from cache: /assets/sounds/explosion-05.wav
17:47:04.741 [JavaFX Application Thread] DEBUG AssetLoaderService   - Loading from cache: /assets/textures/YellowCrystal.png
17:47:04.804 [JavaFX Application Thread] DEBUG AssetLoaderService   - Loading from cache: /assets/sounds/shoot3.wav
17:47:04.804 [JavaFX Application Thread] DEBUG AssetLoaderService   - Loading from cache: /assets/textures/Bullet.png
17:47:04.805 [JavaFX Application Thread] DEBUG AssetLoaderService   - Loading from cache: /assets/textures/explosion.png@3840.0x80.0
17:47:04.805 [JavaFX Application Thread] DEBUG AssetLoaderService   - Loading from cache: /assets/textures/particles/circle_05.png@32.0x32.0
17:47:04.805 [JavaFX Application Thread] DEBUG AssetLoaderService   - Loading from cache: /assets/sounds/explosion-03.wav
17:47:04.805 [JavaFX Application Thread] DEBUG AssetLoaderService   - Loading from cache: /assets/textures/YellowCrystal.png
17:47:04.916 [JavaFX Application Thread] DEBUG AssetLoaderService   - Loading from cache: /assets/sounds/shoot7.wav
17:47:04.916 [JavaFX Application Thread] DEBUG AssetLoaderService   - Loading from cache: /assets/textures/Bullet.png
17:47:04.916 [JavaFX Application Thread] DEBUG AssetLoaderService   - Loading from cache: /assets/textures/Wanderer.png@80.0x80.0
17:47:04.917 [JavaFX Application Thread] DEBUG AssetLoaderService   - Loading from cache: /assets/textures/wanderer_overlay.png@80.0x80.0
17:47:05.061 [JavaFX Application Thread] DEBUG AssetLoaderService   - Loading from cache: /assets/sounds/shoot5.wav
17:47:05.061 [JavaFX Application Thread] DEBUG AssetLoaderService   - Loading from cache: /assets/textures/Bullet.png
17:47:05.173 [JavaFX Application Thread] DEBUG AssetLoaderService   - Loading from cache: /assets/sounds/shoot8.wav
17:47:05.173 [JavaFX Application Thread] DEBUG AssetLoaderService   - Loading from cache: /assets/textures/Bullet.png
17:47:05.957 [JavaFX Application Thread] DEBUG AssetLoaderService   - Loading from cache: /assets/textures/RedWanderer.png@80.0x80.0
17:47:05.958 [JavaFX Application Thread] DEBUG AssetLoaderService   - Loading from cache: /assets/textures/wanderer_overlay.png@80.0x80.0
17:47:05.972 [JavaFX Application Thread] DEBUG AssetLoaderService   - Loading from cache: /assets/sounds/shoot8.wav
17:47:05.972 [JavaFX Application Thread] DEBUG AssetLoaderService   - Loading from cache: /assets/textures/Bullet.png
17:47:05.988 [JavaFX Application Thread] DEBUG AssetLoaderService   - Loading from cache: /assets/textures/explosion.png@3840.0x80.0
17:47:05.988 [JavaFX Application Thread] DEBUG AssetLoaderService   - Loading from cache: /assets/textures/particles/circle_05.png@32.0x32.0
17:47:05.988 [JavaFX Application Thread] DEBUG AssetLoaderService   - Loading from cache: /assets/sounds/explosion-05.wav
17:47:05.989 [JavaFX Application Thread] DEBUG AssetLoaderService   - Loading from cache: /assets/textures/YellowCrystal.png
17:47:06.084 [JavaFX Application Thread] DEBUG AssetLoaderService   - Loading from cache: /assets/sounds/shoot3.wav
17:47:06.084 [JavaFX Application Thread] DEBUG AssetLoaderService   - Loading from cache: /assets/textures/Bullet.png
17:47:06.196 [JavaFX Application Thread] DEBUG AssetLoaderService   - Loading from cache: /assets/sounds/shoot2.wav
17:47:06.196 [JavaFX Application Thread] DEBUG AssetLoaderService   - Loading from cache: /assets/textures/Bullet.png
17:47:06.325 [JavaFX Application Thread] DEBUG AssetLoaderService   - Loading from cache: /assets/sounds/shoot8.wav
17:47:06.325 [JavaFX Application Thread] DEBUG AssetLoaderService   - Loading from cache: /assets/textures/Bullet.png
17:47:06.436 [JavaFX Application Thread] DEBUG AssetLoaderService   - Loading from cache: /assets/sounds/shoot5.wav
17:47:06.436 [JavaFX Application Thread] DEBUG AssetLoaderService   - Loading from cache: /assets/textures/Bullet.png
17:47:06.548 [JavaFX Application Thread] DEBUG AssetLoaderService   - Loading from cache: /assets/sounds/shoot3.wav
17:47:06.548 [JavaFX Application Thread] DEBUG AssetLoaderService   - Loading from cache: /assets/textures/Bullet.png
17:47:06.677 [JavaFX Application Thread] DEBUG AssetLoaderService   - Loading from cache: /assets/sounds/shoot6.wav
17:47:06.677 [JavaFX Application Thread] DEBUG AssetLoaderService   - Loading from cache: /assets/textures/Bullet.png
17:47:06.964 [JavaFX Application Thread] DEBUG AssetLoaderService   - Loading from cache: /assets/textures/Wanderer.png@80.0x80.0
17:47:06.965 [JavaFX Application Thread] DEBUG AssetLoaderService   - Loading from cache: /assets/textures/wanderer_overlay.png@80.0x80.0
17:47:07.972 [JavaFX Application Thread] DEBUG AssetLoaderService   - Loading from cache: /assets/sounds/shoot5.wav
17:47:07.972 [JavaFX Application Thread] DEBUG AssetLoaderService   - Loading from cache: /assets/textures/Bullet.png
17:47:07.988 [JavaFX Application Thread] DEBUG AssetLoaderService   - Loading from cache: /assets/textures/Wanderer.png@80.0x80.0
17:47:07.989 [JavaFX Application Thread] DEBUG AssetLoaderService   - Loading from cache: /assets/textures/wanderer_overlay.png@80.0x80.0
17:47:08.084 [JavaFX Application Thread] DEBUG AssetLoaderService   - Loading from cache: /assets/sounds/shoot5.wav
17:47:08.084 [JavaFX Application Thread] DEBUG AssetLoaderService   - Loading from cache: /assets/textures/Bullet.png
17:47:08.196 [JavaFX Application Thread] DEBUG AssetLoaderService   - Loading from cache: /assets/sounds/shoot3.wav
17:47:08.196 [JavaFX Application Thread] DEBUG AssetLoaderService   - Loading from cache: /assets/textures/Bullet.png
17:47:08.325 [JavaFX Application Thread] DEBUG AssetLoaderService   - Loading from cache: /assets/sounds/shoot3.wav
17:47:08.325 [JavaFX Application Thread] DEBUG AssetLoaderService   - Loading from cache: /assets/textures/Bullet.png
17:47:08.436 [JavaFX Application Thread] DEBUG AssetLoaderService   - Loading from cache: /assets/sounds/shoot4.wav
17:47:08.436 [JavaFX Application Thread] DEBUG AssetLoaderService   - Loading from cache: /assets/textures/Bullet.png
17:47:08.437 [JavaFX Application Thread] DEBUG AssetLoaderService   - Loading from cache: /assets/textures/explosion.png@3840.0x80.0
17:47:08.437 [JavaFX Application Thread] DEBUG AssetLoaderService   - Loading from cache: /assets/textures/particles/circle_05.png@32.0x32.0
17:47:08.437 [JavaFX Application Thread] DEBUG AssetLoaderService   - Loading from file system: /assets/sounds/explosion-02.wav
17:47:08.443 [JavaFX Application Thread] DEBUG AssetLoaderService   - Loading from cache: /assets/textures/YellowCrystal.png
17:47:08.548 [JavaFX Application Thread] DEBUG AssetLoaderService   - Loading from cache: /assets/sounds/shoot1.wav
17:47:08.548 [JavaFX Application Thread] DEBUG AssetLoaderService   - Loading from cache: /assets/textures/Bullet.png
17:47:08.996 [JavaFX Application Thread] DEBUG AssetLoaderService   - Loading from cache: /assets/textures/Wanderer.png@80.0x80.0
17:47:08.997 [JavaFX Application Thread] DEBUG AssetLoaderService   - Loading from cache: /assets/textures/wanderer_overlay.png@80.0x80.0
17:47:10.020 [JavaFX Application Thread] DEBUG AssetLoaderService   - Loading from cache: /assets/textures/RedWanderer.png@80.0x80.0
17:47:10.021 [JavaFX Application Thread] DEBUG AssetLoaderService   - Loading from cache: /assets/textures/wanderer_overlay.png@80.0x80.0
17:47:10.357 [JavaFX Application Thread] DEBUG AssetLoaderService   - Loading from cache: /assets/sounds/shoot4.wav
17:47:10.357 [JavaFX Application Thread] DEBUG AssetLoaderService   - Loading from cache: /assets/textures/Bullet.png
17:47:10.468 [JavaFX Application Thread] DEBUG AssetLoaderService   - Loading from cache: /assets/sounds/shoot4.wav
17:47:10.468 [JavaFX Application Thread] DEBUG AssetLoaderService   - Loading from cache: /assets/textures/Bullet.png
17:47:10.580 [JavaFX Application Thread] DEBUG AssetLoaderService   - Loading from cache: /assets/sounds/shoot8.wav
17:47:10.580 [JavaFX Application Thread] DEBUG AssetLoaderService   - Loading from cache: /assets/textures/Bullet.png
17:47:10.708 [JavaFX Application Thread] DEBUG AssetLoaderService   - Loading from cache: /assets/sounds/shoot8.wav
17:47:10.708 [JavaFX Application Thread] DEBUG AssetLoaderService   - Loading from cache: /assets/textures/Bullet.png
17:47:10.820 [JavaFX Application Thread] DEBUG AssetLoaderService   - Loading from cache: /assets/sounds/shoot2.wav
17:47:10.820 [JavaFX Application Thread] DEBUG AssetLoaderService   - Loading from cache: /assets/textures/Bullet.png
17:47:10.932 [JavaFX Application Thread] DEBUG AssetLoaderService   - Loading from cache: /assets/sounds/shoot3.wav
17:47:10.932 [JavaFX Application Thread] DEBUG AssetLoaderService   - Loading from cache: /assets/textures/Bullet.png
17:47:11.029 [JavaFX Application Thread] DEBUG AssetLoaderService   - Loading from cache: /assets/textures/Wanderer.png@80.0x80.0
17:47:11.030 [JavaFX Application Thread] DEBUG AssetLoaderService   - Loading from cache: /assets/textures/wanderer_overlay.png@80.0x80.0
17:47:11.044 [JavaFX Application Thread] DEBUG AssetLoaderService   - Loading from cache: /assets/sounds/shoot8.wav
17:47:11.044 [JavaFX Application Thread] DEBUG AssetLoaderService   - Loading from cache: /assets/textures/Bullet.png
17:47:11.172 [JavaFX Application Thread] DEBUG AssetLoaderService   - Loading from cache: /assets/sounds/shoot1.wav
17:47:11.172 [JavaFX Application Thread] DEBUG AssetLoaderService   - Loading from cache: /assets/textures/Bullet.png
17:47:11.252 [JavaFX Application Thread] DEBUG AssetLoaderService   - Loading from cache: /assets/textures/explosion.png@3840.0x80.0
17:47:11.252 [JavaFX Application Thread] DEBUG AssetLoaderService   - Loading from cache: /assets/textures/particles/circle_05.png@32.0x32.0
17:47:11.252 [JavaFX Application Thread] DEBUG AssetLoaderService   - Loading from file system: /assets/sounds/explosion-01.wav
17:47:11.370 [JavaFX Application Thread] DEBUG AssetLoaderService   - Loading from cache: /assets/textures/YellowCrystal.png
17:47:11.380 [JavaFX Application Thread] DEBUG AssetLoaderService   - Loading from cache: /assets/sounds/shoot7.wav
17:47:11.380 [JavaFX Application Thread] DEBUG AssetLoaderService   - Loading from cache: /assets/textures/Bullet.png
17:47:11.492 [JavaFX Application Thread] DEBUG AssetLoaderService   - Loading from cache: /assets/sounds/shoot5.wav
17:47:11.492 [JavaFX Application Thread] DEBUG AssetLoaderService   - Loading from cache: /assets/textures/Bullet.png
17:47:12.132 [JavaFX Application Thread] DEBUG AssetLoaderService   - Loading from cache: /assets/textures/Wanderer.png@80.0x80.0
17:47:12.133 [JavaFX Application Thread] DEBUG AssetLoaderService   - Loading from cache: /assets/textures/wanderer_overlay.png@80.0x80.0
17:47:12.308 [JavaFX Application Thread] DEBUG AssetLoaderService   - Loading from cache: /assets/sounds/shoot2.wav
17:47:12.308 [JavaFX Application Thread] DEBUG AssetLoaderService   - Loading from cache: /assets/textures/Bullet.png
17:47:12.420 [JavaFX Application Thread] DEBUG AssetLoaderService   - Loading from cache: /assets/sounds/shoot7.wav
17:47:12.420 [JavaFX Application Thread] DEBUG AssetLoaderService   - Loading from cache: /assets/textures/Bullet.png
17:47:12.532 [JavaFX Application Thread] DEBUG AssetLoaderService   - Loading from cache: /assets/sounds/shoot4.wav
17:47:12.532 [JavaFX Application Thread] DEBUG AssetLoaderService   - Loading from cache: /assets/textures/Bullet.png
17:47:12.580 [JavaFX Application Thread] DEBUG AssetLoaderService   - Loading from cache: /assets/textures/explosion.png@3840.0x80.0
17:47:12.580 [JavaFX Application Thread] DEBUG AssetLoaderService   - Loading from cache: /assets/textures/particles/circle_05.png@32.0x32.0
17:47:12.580 [JavaFX Application Thread] DEBUG AssetLoaderService   - Loading from cache: /assets/sounds/explosion-06.wav
17:47:12.581 [JavaFX Application Thread] DEBUG AssetLoaderService   - Loading from cache: /assets/textures/YellowCrystal.png
17:47:12.644 [JavaFX Application Thread] DEBUG AssetLoaderService   - Loading from cache: /assets/sounds/shoot2.wav
17:47:12.644 [JavaFX Application Thread] DEBUG AssetLoaderService   - Loading from cache: /assets/textures/Bullet.png
17:47:12.772 [JavaFX Application Thread] DEBUG AssetLoaderService   - Loading from cache: /assets/sounds/shoot3.wav
17:47:12.772 [JavaFX Application Thread] DEBUG AssetLoaderService   - Loading from cache: /assets/textures/Bullet.png
17:47:12.884 [JavaFX Application Thread] DEBUG AssetLoaderService   - Loading from cache: /assets/sounds/shoot2.wav
17:47:12.884 [JavaFX Application Thread] DEBUG AssetLoaderService   - Loading from cache: /assets/textures/Bullet.png
17:47:12.997 [JavaFX Application Thread] DEBUG AssetLoaderService   - Loading from cache: /assets/sounds/shoot1.wav
17:47:12.997 [JavaFX Application Thread] DEBUG AssetLoaderService   - Loading from cache: /assets/textures/Bullet.png
17:47:13.124 [JavaFX Application Thread] DEBUG AssetLoaderService   - Loading from cache: /assets/sounds/shoot4.wav
17:47:13.124 [JavaFX Application Thread] DEBUG AssetLoaderService   - Loading from cache: /assets/textures/Bullet.png
17:47:13.156 [JavaFX Application Thread] DEBUG AssetLoaderService   - Loading from cache: /assets/textures/Wanderer.png@80.0x80.0
17:47:13.157 [JavaFX Application Thread] DEBUG AssetLoaderService   - Loading from cache: /assets/textures/wanderer_overlay.png@80.0x80.0
17:47:13.204 [JavaFX Application Thread] DEBUG AssetLoaderService   - Loading from cache: /assets/textures/explosion.png@3840.0x80.0
17:47:13.204 [JavaFX Application Thread] DEBUG AssetLoaderService   - Loading from cache: /assets/textures/particles/circle_05.png@32.0x32.0
17:47:13.205 [JavaFX Application Thread] DEBUG AssetLoaderService   - Loading from cache: /assets/sounds/explosion-08.wav
17:47:13.205 [JavaFX Application Thread] DEBUG AssetLoaderService   - Loading from cache: /assets/textures/YellowCrystal.png
17:47:13.236 [JavaFX Application Thread] DEBUG AssetLoaderService   - Loading from cache: /assets/sounds/shoot1.wav
17:47:13.236 [JavaFX Application Thread] DEBUG AssetLoaderService   - Loading from cache: /assets/textures/Bullet.png
17:47:14.164 [JavaFX Application Thread] DEBUG AssetLoaderService   - Loading from cache: /assets/textures/Wanderer.png@80.0x80.0
17:47:14.165 [JavaFX Application Thread] DEBUG AssetLoaderService   - Loading from cache: /assets/textures/wanderer_overlay.png@80.0x80.0
17:47:14.935 [JavaFX Application Thread] DEBUG MainWindow           - Push state: DialogSubScene
17:47:14.935 [JavaFX Application Thread] DEBUG Input                - Clearing active input actions
17:47:14.940 [JavaFX Application Thread] DEBUG WindowService        - Removing overlay from GameScene and adding to DialogSubScene
17:47:14.941 [JavaFX Application Thread] DEBUG MainWindow           - GameScene -> DialogSubScene
17:47:16.792 [JavaFX Application Thread] DEBUG MainWindow           - Pop state: DialogSubScene
17:47:16.792 [JavaFX Application Thread] DEBUG Input                - Clearing active input actions
17:47:16.792 [JavaFX Application Thread] DEBUG WindowService        - Removing overlay from DialogSubScene and adding to GameScene
17:47:16.792 [JavaFX Application Thread] DEBUG MainWindow           - GameScene <- DialogSubScene
17:47:16.792 [JavaFX Application Thread] DEBUG GameApplication      - Exiting FXGL
17:47:16.792 [JavaFX Application Thread] DEBUG LoopRunner           - Stopping loop
17:47:16.793 [JavaFX Application Thread] DEBUG SystemBundleService  - Saving FXGL system data
17:47:16.794 [JavaFX Application Thread] DEBUG FileSystemAccess     - Writing to: D:\CodeGym\casestudy02\system\fxgl.bundle
17:47:16.795 [JavaFX Application Thread] DEBUG GameApplication      - Shutting down background threads
17:47:16.795 [JavaFX Application Thread] DEBUG GameApplication      - Closing logger and exiting JavaFX
