14:08:33.484 [main                     ] DEBUG GameApplication      - Logger initialized
14:08:33.498 [main                     ] DEBUG GameApplication      - Logging settings
Title: FXGL Geometry Wars
Version: 1.1.0
Width: 1280
Height: 720
Fullscreen: false
Intro: true
Profiling: false
Single step:false
App Mode: RELEASE
Menu Key: ESCAPE
Stage Style: DECORATED
Scene Factory: class com.almasb.fxgl.app.scene.SceneFactory

14:08:33.823 [JavaFX Application Thread] DEBUG GameApplication      - Initializing FXGL
14:08:33.830 [JavaFX Application Thread] INFO  Engine               - FXGL-11.9 (27.05.2020 17.06) on WINDOWS (J:11.0.7 FX:13.0.2)
14:08:33.830 [JavaFX Application Thread] DEBUG Engine               - JRE Vendor Name: Oracle Corporation
14:08:33.830 [JavaFX Application Thread] DEBUG Engine               - Running on OS: Windows 10 version 10.0
14:08:33.830 [JavaFX Application Thread] DEBUG Engine               - Architecture: amd64
14:08:33.830 [JavaFX Application Thread] INFO  Engine               - Source code and latest versions at: https://github.com/AlmasB/FXGL
14:08:33.831 [JavaFX Application Thread] INFO  Engine               -              Join the FXGL chat at: https://gitter.im/AlmasB/FXGL
14:08:33.925 [JavaFX Application Thread] DEBUG MainWindow           - Creating a JavaFX scene
14:08:33.979 [JavaFX Application Thread] DEBUG MainWindow           - Target settings size: 1280.0 x 720.0
14:08:33.979 [JavaFX Application Thread] DEBUG MainWindow           - Scaled scene size:    1280.0 x 720.0
14:08:33.979 [JavaFX Application Thread] DEBUG MainWindow           - Scaled ratio: (1.0, 1.0)
14:08:33.981 [JavaFX Application Thread] DEBUG MainWindow           - Set initial scene to FXGLStartupScene
14:08:33.986 [JavaFX Application Thread] DEBUG MainWindow           - Opening main window
14:08:34.070 [JavaFX Application Thread] DEBUG MainWindow           - Window border size: (16.0, 39.0)
14:08:34.070 [JavaFX Application Thread] DEBUG MainWindow           - Scaled size: 1280.0 x 720.0
14:08:34.071 [JavaFX Application Thread] DEBUG MainWindow           - Scaled ratio: (1.0, 1.0)
14:08:34.071 [JavaFX Application Thread] DEBUG MainWindow           - Scene size: 1280.0 x 720.0
14:08:34.071 [JavaFX Application Thread] DEBUG MainWindow           - Stage size: 1296.0 x 759.0
14:08:34.077 [FXGL Background Thread 1 ] DEBUG Engine               - Initializing environment variables
14:08:34.109 [FXGL Background Thread 1 ] DEBUG WindowService        - Applying CSS: fxgl_dark.css
14:08:34.110 [FXGL Background Thread 1 ] DEBUG AssetLoaderService   - Loading from file system: /assets/ui/css/fxgl_dark.css
14:08:34.170 [FXGL Background Thread 1 ] DEBUG WindowService        - Initializing application scenes
14:08:34.228 [FXGL Background Thread 1 ] DEBUG GameWorld            - Game world initialized
14:08:34.280 [FXGL Background Thread 1 ] DEBUG PhysicsWorld         - Physics world initialized: appHeight=720, physics.ppm=50.0
14:08:34.282 [FXGL Background Thread 1 ] DEBUG GameScene            - Game scene initialized: 1280x720
14:08:34.295 [FXGL Background Thread 1 ] DEBUG AssetLoaderService   - Loading from file system: /assets/textures/particles/explosion.png
14:08:34.417 [FXGL Background Thread 1 ] DEBUG AssetLoaderService   - Loading from file system: /assets/textures/particles/trace_horizontal.png
14:08:34.448 [FXGL Background Thread 1 ] DEBUG FXGL.DefaultMenu     - createMenuBodyMainMenu()
14:08:34.457 [FXGL Background Thread 1 ] DEBUG FXGL.DefaultMenu     - createOptionsMenu()
14:08:34.461 [FXGL Background Thread 1 ] DEBUG AssetLoaderService   - Loading from file system: /assets/textures/particles/smoke.png
14:08:34.485 [FXGL Background Thread 1 ] DEBUG AssetLoaderService   - Loading from cache: /assets/textures/particles/trace_horizontal.png@64.0x64.0
14:08:34.486 [FXGL Background Thread 1 ] DEBUG FXGL.DefaultMenu     - createMenuBodyGameMenu()
14:08:34.487 [FXGL Background Thread 1 ] DEBUG FXGL.DefaultMenu     - createOptionsMenu()
14:08:34.489 [FXGL Background Thread 1 ] DEBUG AssetLoaderService   - Loading from cache: /assets/textures/particles/smoke.png@128.0x128.0
14:08:34.500 [FXGL Background Thread 1 ] DEBUG WindowService        - Application scenes initialized
14:08:34.507 [FXGL Background Thread 1 ] DEBUG SystemBundleService  - Loading FXGL system data
14:08:34.510 [FXGL Background Thread 1 ] DEBUG FileSystemAccess     - Reading from: D:\CodeGym\casestudy02\system\fxgl.bundle
14:08:34.514 [FXGL Background Thread 1 ] DEBUG SystemBundleService  - Bundle FXGL: {}
14:08:34.514 [FXGL Background Thread 1 ] INFO  Engine               - FXGL initialization took: 0.435 sec
14:08:34.515 [FXGL Background Thread 1 ] DEBUG GameApplication      - Loading localizations
14:08:34.515 [FXGL Background Thread 1 ] DEBUG AssetLoaderService   - Loading from file system: /assets/languages/english.lang
14:08:34.526 [FXGL Background Thread 1 ] DEBUG AssetLoaderService   - Loading from file system: /assets/languages/french.lang
14:08:34.527 [FXGL Background Thread 1 ] DEBUG AssetLoaderService   - Loading from file system: /assets/languages/german.lang
14:08:34.529 [FXGL Background Thread 1 ] DEBUG AssetLoaderService   - Loading from file system: /assets/languages/hungarian.lang
14:08:34.531 [FXGL Background Thread 1 ] DEBUG AssetLoaderService   - Loading from file system: /assets/languages/russian.lang
14:08:34.533 [FXGL Background Thread 1 ] DEBUG GameApplication      - Registering font factories with UI factory
14:08:34.533 [FXGL Background Thread 1 ] DEBUG AssetLoaderService   - Loading from file system: /assets/ui/fonts/game_font_7.ttf
14:08:34.757 [FXGL Background Thread 1 ] DEBUG AssetLoaderService   - Loading from file system: /assets/ui/fonts/Abel-Regular.ttf
14:08:34.761 [FXGL Background Thread 1 ] DEBUG AssetLoaderService   - Loading from file system: /assets/ui/fonts/lucida_console.ttf
14:08:34.766 [FXGL Background Thread 1 ] DEBUG AssetLoaderService   - Loading from file system: /assets/ui/fonts/Courier-Prime.ttf
14:08:34.778 [JavaFX Application Thread] DEBUG Input                - Registered new binding: action0 - W
14:08:34.778 [JavaFX Application Thread] DEBUG Input                - Registered new binding: action1 - A
14:08:34.779 [JavaFX Application Thread] DEBUG Input                - Registered new binding: action2 - S
14:08:34.779 [JavaFX Application Thread] DEBUG Input                - Registered new binding: action3 - D
14:08:34.780 [JavaFX Application Thread] DEBUG Input                - Registered new binding: action4 - LMB
14:08:34.780 [JavaFX Application Thread] DEBUG AssetLoaderService   - Loading from file system: /assets/textures/explosion.png
14:08:34.918 [JavaFX Application Thread] DEBUG AssetLoaderService   - Loading from file system: /assets/music/bgm.mp3
14:08:35.033 [JavaFX Application Thread] DEBUG AudioPlayer          - Playing music com.almasb.fxgl.audio.Music@7ec761c0
14:08:35.033 [JavaFX Application Thread] DEBUG AssetLoaderService   - Loading from file system: /assets/textures/fxgl_icon.png
14:08:35.041 [JavaFX Application Thread] DEBUG AssetLoaderService   - Loading from file system: /assets/ui/cursors/fxgl_default.png
14:08:35.043 [JavaFX Application Thread] DEBUG Input                - Registered new binding: Screenshot - P
14:08:35.044 [JavaFX Application Thread] DEBUG LoopRunner           - Starting loop
14:08:35.073 [JavaFX Application Thread] DEBUG FXGLStartupScene     - STARTUP
14:08:35.076 [JavaFX Application Thread] DEBUG Input                - Clearing active input actions
14:08:35.084 [JavaFX Application Thread] DEBUG WindowService        - Removing overlay from FXGLStartupScene and adding to FXGLIntroScene
14:08:35.085 [JavaFX Application Thread] DEBUG MainWindow           - FXGLStartupScene -> FXGLIntroScene
14:08:35.464 [JavaFX Application Thread] DEBUG GameApplication      - Exiting FXGL
14:08:35.464 [JavaFX Application Thread] DEBUG LoopRunner           - Stopping loop
14:08:35.464 [JavaFX Application Thread] DEBUG SystemBundleService  - Saving FXGL system data
14:08:35.770 [JavaFX Application Thread] DEBUG FileSystemAccess     - Writing to: D:\CodeGym\casestudy02\system\fxgl.bundle
14:08:35.772 [JavaFX Application Thread] DEBUG GameApplication      - Shutting down background threads
14:08:35.772 [JavaFX Application Thread] DEBUG GameApplication      - Closing logger and exiting JavaFX
