18:26:37.816 [main                     ] DEBUG GameApplication      - Logger initialized
18:26:37.829 [main                     ] DEBUG GameApplication      - Logging settings
Title: FXGL Geometry Wars
Version: 2.1.0
Width: 1280
Height: 720
Fullscreen: false
Intro: true
Profiling: false
Single step:false
App Mode: RELEASE
Menu Key: ESCAPE
Stage Style: DECORATED
Scene Factory: class com.almasb.fxgl.app.scene.SceneFactory

18:26:38.148 [JavaFX Application Thread] DEBUG GameApplication      - Initializing FXGL
18:26:38.154 [JavaFX Application Thread] INFO  Engine               - FXGL-11.9 (27.05.2020 17.06) on WINDOWS (J:11.0.7 FX:13.0.2)
18:26:38.154 [JavaFX Application Thread] DEBUG Engine               - JRE Vendor Name: Oracle Corporation
18:26:38.155 [JavaFX Application Thread] DEBUG Engine               - Running on OS: Windows 10 version 10.0
18:26:38.155 [JavaFX Application Thread] DEBUG Engine               - Architecture: amd64
18:26:38.155 [JavaFX Application Thread] INFO  Engine               - Source code and latest versions at: https://github.com/AlmasB/FXGL
18:26:38.155 [JavaFX Application Thread] INFO  Engine               -              Join the FXGL chat at: https://gitter.im/AlmasB/FXGL
18:26:38.247 [JavaFX Application Thread] DEBUG MainWindow           - Creating a JavaFX scene
18:26:38.301 [JavaFX Application Thread] DEBUG MainWindow           - Target settings size: 1280.0 x 720.0
18:26:38.301 [JavaFX Application Thread] DEBUG MainWindow           - Scaled scene size:    1280.0 x 720.0
18:26:38.301 [JavaFX Application Thread] DEBUG MainWindow           - Scaled ratio: (1.0, 1.0)
18:26:38.302 [JavaFX Application Thread] DEBUG MainWindow           - Set initial scene to FXGLStartupScene
18:26:38.308 [JavaFX Application Thread] DEBUG MainWindow           - Opening main window
18:26:38.391 [JavaFX Application Thread] DEBUG MainWindow           - Window border size: (16.0, 39.0)
18:26:38.391 [JavaFX Application Thread] DEBUG MainWindow           - Scaled size: 1280.0 x 720.0
18:26:38.391 [JavaFX Application Thread] DEBUG MainWindow           - Scaled ratio: (1.0, 1.0)
18:26:38.391 [JavaFX Application Thread] DEBUG MainWindow           - Scene size: 1280.0 x 720.0
18:26:38.391 [JavaFX Application Thread] DEBUG MainWindow           - Stage size: 1296.0 x 759.0
18:26:38.398 [FXGL Background Thread 1 ] DEBUG Engine               - Initializing environment variables
18:26:38.423 [FXGL Background Thread 1 ] DEBUG WindowService        - Applying CSS: fxgl_dark.css
18:26:38.424 [FXGL Background Thread 1 ] DEBUG AssetLoaderService   - Loading from file system: /assets/ui/css/fxgl_dark.css
18:26:38.476 [FXGL Background Thread 1 ] DEBUG WindowService        - Initializing application scenes
18:26:38.523 [FXGL Background Thread 1 ] DEBUG GameWorld            - Game world initialized
18:26:38.564 [FXGL Background Thread 1 ] DEBUG PhysicsWorld         - Physics world initialized: appHeight=720, physics.ppm=50.0
18:26:38.567 [FXGL Background Thread 1 ] DEBUG GameScene            - Game scene initialized: 1280x720
18:26:38.575 [FXGL Background Thread 1 ] DEBUG AssetLoaderService   - Loading from file system: /assets/textures/particles/explosion.png
18:26:38.680 [FXGL Background Thread 1 ] DEBUG AssetLoaderService   - Loading from file system: /assets/textures/particles/trace_horizontal.png
18:26:38.706 [FXGL Background Thread 1 ] DEBUG FXGL.DefaultMenu     - createMenuBodyMainMenu()
18:26:38.717 [FXGL Background Thread 1 ] DEBUG FXGL.DefaultMenu     - createOptionsMenu()
18:26:38.721 [FXGL Background Thread 1 ] DEBUG AssetLoaderService   - Loading from file system: /assets/textures/particles/smoke.png
18:26:38.753 [FXGL Background Thread 1 ] DEBUG AssetLoaderService   - Loading from cache: /assets/textures/particles/trace_horizontal.png@64.0x64.0
18:26:38.754 [FXGL Background Thread 1 ] DEBUG FXGL.DefaultMenu     - createMenuBodyGameMenu()
18:26:38.755 [FXGL Background Thread 1 ] DEBUG FXGL.DefaultMenu     - createOptionsMenu()
18:26:38.758 [FXGL Background Thread 1 ] DEBUG AssetLoaderService   - Loading from cache: /assets/textures/particles/smoke.png@128.0x128.0
18:26:38.770 [FXGL Background Thread 1 ] DEBUG WindowService        - Application scenes initialized
18:26:38.777 [FXGL Background Thread 1 ] DEBUG SystemBundleService  - Loading FXGL system data
18:26:38.780 [FXGL Background Thread 1 ] DEBUG FileSystemAccess     - Reading from: D:\CodeGym\casestudy02\system\fxgl.bundle
18:26:38.784 [FXGL Background Thread 1 ] DEBUG SystemBundleService  - Bundle FXGL: {}
18:26:38.784 [FXGL Background Thread 1 ] INFO  Engine               - FXGL initialization took: 0.383 sec
18:26:38.785 [FXGL Background Thread 1 ] DEBUG GameApplication      - Loading localizations
18:26:38.785 [FXGL Background Thread 1 ] DEBUG AssetLoaderService   - Loading from file system: /assets/languages/english.lang
18:26:38.795 [FXGL Background Thread 1 ] DEBUG AssetLoaderService   - Loading from file system: /assets/languages/french.lang
18:26:38.796 [FXGL Background Thread 1 ] DEBUG AssetLoaderService   - Loading from file system: /assets/languages/german.lang
18:26:38.797 [FXGL Background Thread 1 ] DEBUG AssetLoaderService   - Loading from file system: /assets/languages/hungarian.lang
18:26:38.800 [FXGL Background Thread 1 ] DEBUG AssetLoaderService   - Loading from file system: /assets/languages/russian.lang
18:26:38.801 [FXGL Background Thread 1 ] DEBUG GameApplication      - Registering font factories with UI factory
18:26:38.801 [FXGL Background Thread 1 ] DEBUG AssetLoaderService   - Loading from file system: /assets/ui/fonts/game_font_7.ttf
18:26:39.029 [FXGL Background Thread 1 ] DEBUG AssetLoaderService   - Loading from file system: /assets/ui/fonts/Abel-Regular.ttf
18:26:39.032 [FXGL Background Thread 1 ] DEBUG AssetLoaderService   - Loading from file system: /assets/ui/fonts/lucida_console.ttf
18:26:39.037 [FXGL Background Thread 1 ] DEBUG AssetLoaderService   - Loading from file system: /assets/ui/fonts/Courier-Prime.ttf
18:26:39.050 [JavaFX Application Thread] DEBUG Input                - Registered new binding: action0 - W
18:26:39.051 [JavaFX Application Thread] DEBUG Input                - Registered new binding: action1 - A
18:26:39.051 [JavaFX Application Thread] DEBUG Input                - Registered new binding: action2 - S
18:26:39.051 [JavaFX Application Thread] DEBUG Input                - Registered new binding: action3 - D
18:26:39.052 [JavaFX Application Thread] DEBUG Input                - Registered new binding: action4 - LMB
18:26:39.052 [JavaFX Application Thread] DEBUG AssetLoaderService   - Loading from file system: /assets/textures/explosion.png
18:26:39.186 [JavaFX Application Thread] DEBUG AssetLoaderService   - Loading from file system: /assets/music/bgm.mp3
18:26:39.290 [JavaFX Application Thread] DEBUG AudioPlayer          - Playing music com.almasb.fxgl.audio.Music@2d969de0
18:26:39.290 [JavaFX Application Thread] DEBUG AssetLoaderService   - Loading from file system: /assets/textures/fxgl_icon.png
18:26:39.298 [JavaFX Application Thread] DEBUG AssetLoaderService   - Loading from file system: /assets/ui/cursors/fxgl_default.png
18:26:39.300 [JavaFX Application Thread] DEBUG Input                - Registered new binding: Screenshot - P
18:26:39.301 [JavaFX Application Thread] DEBUG LoopRunner           - Starting loop
18:26:39.309 [JavaFX Application Thread] DEBUG FXGLStartupScene     - STARTUP
18:26:39.312 [JavaFX Application Thread] DEBUG Input                - Clearing active input actions
18:26:39.326 [JavaFX Application Thread] DEBUG WindowService        - Removing overlay from FXGLStartupScene and adding to FXGLIntroScene
18:26:39.327 [JavaFX Application Thread] DEBUG MainWindow           - FXGLStartupScene -> FXGLIntroScene
18:26:41.785 [FXGL Background Thread 2 ] DEBUG Engine               - Logging environment variables
18:26:41.785 [FXGL Background Thread 2 ] DEBUG Engine               - achievements: []
18:26:41.785 [FXGL Background Thread 2 ] DEBUG Engine               - appIcon: fxgl_icon.png
18:26:41.785 [FXGL Background Thread 2 ] DEBUG Engine               - applicationMode: RELEASE
18:26:41.785 [FXGL Background Thread 2 ] DEBUG Engine               - cSSList: [fxgl_dark.css]
18:26:41.785 [FXGL Background Thread 2 ] DEBUG Engine               - configClass: Optional[class geowars.GeoWarsConfig]
18:26:41.785 [FXGL Background Thread 2 ] DEBUG Engine               - credits: []
18:26:41.786 [FXGL Background Thread 2 ] DEBUG Engine               - devBBoxColorProperty: ObjectProperty [value: 0xff0000ff]
18:26:41.786 [FXGL Background Thread 2 ] DEBUG Engine               - devSensorColorProperty: ObjectProperty [value: 0xffff00ff]
18:26:41.786 [FXGL Background Thread 2 ] DEBUG Engine               - devShowBBoxProperty: BooleanProperty [value: false]
18:26:41.786 [FXGL Background Thread 2 ] DEBUG Engine               - devShowPositionProperty: BooleanProperty [value: false]
18:26:41.786 [FXGL Background Thread 2 ] DEBUG Engine               - enabledMenuItems: []
18:26:41.786 [FXGL Background Thread 2 ] DEBUG Engine               - engineServices: [class com.almasb.fxgl.app.GameApplication$GameApplicationService, class com.almasb.fxgl.app.services.WindowService, class com.almasb.fxgl.app.services.FXGLDialogService, class com.almasb.fxgl.app.services.IOTaskExecutorService, class com.almasb.fxgl.event.EventBusService, class com.almasb.fxgl.io.FileSystemService, class com.almasb.fxgl.localization.LocalizationService, class com.almasb.fxgl.app.services.AssetLoaderService, class com.almasb.fxgl.app.services.SystemBundleService, class com.almasb.fxgl.profile.SaveLoadService, class com.almasb.fxgl.ui.FXGLUIFactoryServiceProvider, class com.almasb.fxgl.ui.FXGLDialogFactoryServiceProvider, class com.almasb.fxgl.audio.AudioPlayer, class com.almasb.fxgl.notification.impl.NotificationServiceProvider, class com.almasb.fxgl.achievement.AchievementService, class com.almasb.fxgl.cutscene.CutsceneService, class com.almasb.fxgl.minigames.MiniGameService, class com.almasb.fxgl.net.NetService, class com.almasb.fxgl.app.services.UpdaterService, class com.almasb.fxgl.dev.DevService]
18:26:41.786 [FXGL Background Thread 2 ] DEBUG Engine               - fontGame: Abel-Regular.ttf
18:26:41.786 [FXGL Background Thread 2 ] DEBUG Engine               - fontMono: lucida_console.ttf
18:26:41.786 [FXGL Background Thread 2 ] DEBUG Engine               - fontText: Courier-Prime.ttf
18:26:41.786 [FXGL Background Thread 2 ] DEBUG Engine               - fontUI: game_font_7.ttf
18:26:41.787 [FXGL Background Thread 2 ] DEBUG Engine               - fullScreen: BooleanProperty [value: false]
18:26:41.787 [FXGL Background Thread 2 ] DEBUG Engine               - gameDifficulty: MEDIUM
18:26:41.787 [FXGL Background Thread 2 ] DEBUG Engine               - gameDifficultyProperty: ObjectProperty [value: MEDIUM]
18:26:41.787 [FXGL Background Thread 2 ] DEBUG Engine               - globalMusicVolume: 0.5
18:26:41.787 [FXGL Background Thread 2 ] DEBUG Engine               - globalMusicVolumeProperty: DoubleProperty [value: 0.2]
18:26:41.787 [FXGL Background Thread 2 ] DEBUG Engine               - globalSoundVolume: 0.5
18:26:41.787 [FXGL Background Thread 2 ] DEBUG Engine               - globalSoundVolumeProperty: DoubleProperty [value: 0.2]
18:26:41.787 [FXGL Background Thread 2 ] DEBUG Engine               - height: 720
18:26:41.787 [FXGL Background Thread 2 ] DEBUG Engine               - isAndroid: false
18:26:41.787 [FXGL Background Thread 2 ] DEBUG Engine               - isBrowser: false
18:26:41.787 [FXGL Background Thread 2 ] DEBUG Engine               - isClickFeedbackEnabled: false
18:26:41.787 [FXGL Background Thread 2 ] DEBUG Engine               - isCloseConfirmation: false
18:26:41.787 [FXGL Background Thread 2 ] DEBUG Engine               - isDesktop: true
18:26:41.787 [FXGL Background Thread 2 ] DEBUG Engine               - isDeveloperMenuEnabled: false
18:26:41.787 [FXGL Background Thread 2 ] DEBUG Engine               - isExperimentalNative: false
18:26:41.787 [FXGL Background Thread 2 ] DEBUG Engine               - isExperimentalTiledLargeMap: false
18:26:41.787 [FXGL Background Thread 2 ] DEBUG Engine               - isFullScreenAllowed: false
18:26:41.787 [FXGL Background Thread 2 ] DEBUG Engine               - isFullScreenFromStart: false
18:26:41.787 [FXGL Background Thread 2 ] DEBUG Engine               - isGameMenuEnabled: true
18:26:41.788 [FXGL Background Thread 2 ] DEBUG Engine               - isIOS: false
18:26:41.788 [FXGL Background Thread 2 ] DEBUG Engine               - isIntroEnabled: true
18:26:41.788 [FXGL Background Thread 2 ] DEBUG Engine               - isLinux: false
18:26:41.788 [FXGL Background Thread 2 ] DEBUG Engine               - isMac: false
18:26:41.788 [FXGL Background Thread 2 ] DEBUG Engine               - isMainMenuEnabled: true
18:26:41.788 [FXGL Background Thread 2 ] DEBUG Engine               - isManualResizeEnabled: true
18:26:41.788 [FXGL Background Thread 2 ] DEBUG Engine               - isMobile: false
18:26:41.788 [FXGL Background Thread 2 ] DEBUG Engine               - isPreserveResizeRatio: false
18:26:41.788 [FXGL Background Thread 2 ] DEBUG Engine               - isProfilingEnabled: false
18:26:41.788 [FXGL Background Thread 2 ] DEBUG Engine               - isSingleStep: false
18:26:41.788 [FXGL Background Thread 2 ] DEBUG Engine               - isUserProfileEnabled: false
18:26:41.788 [FXGL Background Thread 2 ] DEBUG Engine               - isWindows: true
18:26:41.788 [FXGL Background Thread 2 ] DEBUG Engine               - language: ObjectProperty [value: ENGLISH]
18:26:41.788 [FXGL Background Thread 2 ] DEBUG Engine               - mainWindow: com.almasb.fxgl.app.MainWindow@78c23764
18:26:41.788 [FXGL Background Thread 2 ] DEBUG Engine               - menuKey: ESCAPE
18:26:41.788 [FXGL Background Thread 2 ] DEBUG Engine               - notificationViewClass: class com.almasb.fxgl.notification.view.XboxNotificationView
18:26:41.788 [FXGL Background Thread 2 ] DEBUG Engine               - pixelsPerMeter: 50.0
18:26:41.789 [FXGL Background Thread 2 ] DEBUG Engine               - platform: WINDOWS
18:26:41.789 [FXGL Background Thread 2 ] DEBUG Engine               - profileDir: profiles/
18:26:41.789 [FXGL Background Thread 2 ] DEBUG Engine               - profileName: StringProperty [value: DEFAULT]
18:26:41.789 [FXGL Background Thread 2 ] DEBUG Engine               - randomSeed: -1
18:26:41.789 [FXGL Background Thread 2 ] DEBUG Engine               - runtimeInfo: RuntimeInfo(platform=WINDOWS, version=11.9, build=27.05.2020 17.06)
18:26:41.789 [FXGL Background Thread 2 ] DEBUG Engine               - saveFileExt: sav
18:26:41.789 [FXGL Background Thread 2 ] DEBUG Engine               - sceneFactory: com.almasb.fxgl.app.scene.SceneFactory@6e2f4c7a
18:26:41.789 [FXGL Background Thread 2 ] DEBUG Engine               - secondsIn24h: 60
18:26:41.789 [FXGL Background Thread 2 ] DEBUG Engine               - settings: Title: FXGL Geometry Wars
Version: 2.1.0
Width: 1280
Height: 720
Fullscreen: false
Intro: true
Profiling: false
Single step:false
App Mode: RELEASE
Menu Key: ESCAPE
Stage Style: DECORATED
Scene Factory: class com.almasb.fxgl.app.scene.SceneFactory

18:26:41.789 [FXGL Background Thread 2 ] DEBUG Engine               - soundMenuBack: menu/back.wav
18:26:41.790 [FXGL Background Thread 2 ] DEBUG Engine               - soundMenuPress: menu/press.wav
18:26:41.790 [FXGL Background Thread 2 ] DEBUG Engine               - soundMenuSelect: menu/select.wav
18:26:41.790 [FXGL Background Thread 2 ] DEBUG Engine               - soundNotification: core/notification.wav
18:26:41.790 [FXGL Background Thread 2 ] DEBUG Engine               - stageStyle: DECORATED
18:26:41.790 [FXGL Background Thread 2 ] DEBUG Engine               - supportedLanguages: [ENGLISH, FRENCH, GERMAN, HUNGARIAN, RUSSIAN]
18:26:41.790 [FXGL Background Thread 2 ] DEBUG Engine               - title: FXGL Geometry Wars
18:26:41.790 [FXGL Background Thread 2 ] DEBUG Engine               - urlGithub: https://github.com/AlmasB/FXGL
18:26:41.790 [FXGL Background Thread 2 ] DEBUG Engine               - urlLeaderboard: http://fxgl-top.herokuapp.com/
18:26:41.790 [FXGL Background Thread 2 ] DEBUG Engine               - urlPOM: https://raw.githubusercontent.com/AlmasB/FXGL/master/pom.xml
18:26:41.790 [FXGL Background Thread 2 ] DEBUG Engine               - version: 2.1.0
18:26:41.790 [FXGL Background Thread 2 ] DEBUG Engine               - versionCheckDays: 7
18:26:41.790 [FXGL Background Thread 2 ] DEBUG Engine               - width: 1280
18:26:41.790 [FXGL Background Thread 2 ] DEBUG Engine               - Logging services
18:26:41.790 [FXGL Background Thread 2 ] DEBUG Engine               - class com.almasb.fxgl.app.GameApplication$GameApplicationService
18:26:41.790 [FXGL Background Thread 2 ] DEBUG Engine               - class com.almasb.fxgl.app.services.WindowService
18:26:41.790 [FXGL Background Thread 2 ] DEBUG Engine               - class com.almasb.fxgl.app.services.FXGLDialogService
18:26:41.790 [FXGL Background Thread 2 ] DEBUG Engine               - class com.almasb.fxgl.app.services.IOTaskExecutorService
18:26:41.790 [FXGL Background Thread 2 ] DEBUG Engine               - class com.almasb.fxgl.event.EventBusService
18:26:41.790 [FXGL Background Thread 2 ] DEBUG Engine               - class com.almasb.fxgl.io.FileSystemService
18:26:41.790 [FXGL Background Thread 2 ] DEBUG Engine               - class com.almasb.fxgl.localization.LocalizationService
18:26:41.790 [FXGL Background Thread 2 ] DEBUG Engine               - class com.almasb.fxgl.app.services.AssetLoaderService
18:26:41.790 [FXGL Background Thread 2 ] DEBUG Engine               - class com.almasb.fxgl.app.services.SystemBundleService
18:26:41.790 [FXGL Background Thread 2 ] DEBUG Engine               - class com.almasb.fxgl.profile.SaveLoadService
18:26:41.790 [FXGL Background Thread 2 ] DEBUG Engine               - class com.almasb.fxgl.ui.FXGLUIFactoryServiceProvider
18:26:41.791 [FXGL Background Thread 2 ] DEBUG Engine               - class com.almasb.fxgl.ui.FXGLDialogFactoryServiceProvider
18:26:41.791 [FXGL Background Thread 2 ] DEBUG Engine               - class com.almasb.fxgl.audio.AudioPlayer
18:26:41.791 [FXGL Background Thread 2 ] DEBUG Engine               - class com.almasb.fxgl.notification.impl.NotificationServiceProvider
18:26:41.791 [FXGL Background Thread 2 ] DEBUG Engine               - class com.almasb.fxgl.achievement.AchievementService
18:26:41.791 [FXGL Background Thread 2 ] DEBUG Engine               - class com.almasb.fxgl.cutscene.CutsceneService
18:26:41.791 [FXGL Background Thread 2 ] DEBUG Engine               - class com.almasb.fxgl.minigames.MiniGameService
18:26:41.791 [FXGL Background Thread 2 ] DEBUG Engine               - class com.almasb.fxgl.net.NetService
18:26:41.791 [FXGL Background Thread 2 ] DEBUG Engine               - class com.almasb.fxgl.app.services.UpdaterService
18:26:41.791 [FXGL Background Thread 2 ] DEBUG Engine               - class com.almasb.fxgl.dev.DevService
18:26:44.985 [JavaFX Application Thread] DEBUG Input                - Clearing active input actions
18:26:44.991 [JavaFX Application Thread] DEBUG WindowService        - Removing overlay from FXGLIntroScene and adding to 
18:26:44.992 [JavaFX Application Thread] DEBUG MainWindow           - FXGLIntroScene -> 
18:26:44.992 [JavaFX Application Thread] DEBUG MainWindow           - Push state: FXGLDefaultMenu
18:26:44.995 [JavaFX Application Thread] DEBUG Input                - Clearing active input actions
18:26:45.004 [JavaFX Application Thread] DEBUG WindowService        - Removing overlay from  and adding to FXGLDefaultMenu
18:26:45.004 [JavaFX Application Thread] DEBUG MainWindow           -  -> FXGLDefaultMenu
18:26:46.086 [JavaFX Application Thread] DEBUG Menu                 - fireNewGame()
18:26:46.086 [JavaFX Application Thread] DEBUG WindowService        - Starting new game
18:26:46.087 [JavaFX Application Thread] DEBUG MainWindow           - Pop state: FXGLDefaultMenu
18:26:46.087 [JavaFX Application Thread] DEBUG Input                - Clearing active input actions
18:26:46.088 [JavaFX Application Thread] DEBUG WindowService        - Removing overlay from FXGLDefaultMenu and adding to 
18:26:46.088 [JavaFX Application Thread] DEBUG MainWindow           -  <- FXGLDefaultMenu
18:26:46.089 [JavaFX Application Thread] DEBUG Input                - Clearing active input actions
18:26:46.092 [JavaFX Application Thread] DEBUG WindowService        - Removing overlay from  and adding to FXGLLoadingScene
18:26:46.092 [JavaFX Application Thread] DEBUG MainWindow           -  -> FXGLLoadingScene
18:26:46.092 [JavaFX Application Thread] DEBUG WindowService        - Clearing previous game
18:26:46.092 [JavaFX Application Thread] DEBUG GameScene            - Clearing game scene
18:26:46.092 [JavaFX Application Thread] DEBUG GameWorld            - Clearing game world
18:26:46.093 [JavaFX Application Thread] DEBUG PhysicsWorld         - Clearing physics world
18:26:46.094 [FXGL Background Thread 1 ] DEBUG GameApplication      - Initializing game
18:26:46.117 [FXGL Background Thread 1 ] DEBUG AssetLoaderService   - Loading from file system: /assets/textures/Player.png
18:26:46.134 [FXGL Background Thread 1 ] INFO  GameApplication      - Game initialization took: 0.040 sec
18:26:46.134 [JavaFX Application Thread] DEBUG Input                - Clearing active input actions
18:26:46.138 [JavaFX Application Thread] DEBUG WindowService        - Removing overlay from FXGLLoadingScene and adding to GameScene
18:26:46.138 [JavaFX Application Thread] DEBUG MainWindow           - FXGLLoadingScene -> GameScene
18:26:47.640 [JavaFX Application Thread] DEBUG AssetLoaderService   - Loading from file system: /assets/textures/Wanderer.png
18:26:47.650 [JavaFX Application Thread] DEBUG AssetLoaderService   - Loading from file system: /assets/textures/wanderer_overlay.png
18:26:49.159 [JavaFX Application Thread] DEBUG AssetLoaderService   - Loading from file system: /assets/textures/RedWanderer.png
18:26:49.165 [JavaFX Application Thread] DEBUG AssetLoaderService   - Loading from cache: /assets/textures/wanderer_overlay.png@80.0x80.0
18:26:50.679 [JavaFX Application Thread] DEBUG AssetLoaderService   - Loading from cache: /assets/textures/Wanderer.png@80.0x80.0
18:26:50.680 [JavaFX Application Thread] DEBUG AssetLoaderService   - Loading from cache: /assets/textures/wanderer_overlay.png@80.0x80.0
18:26:52.184 [JavaFX Application Thread] DEBUG AssetLoaderService   - Loading from cache: /assets/textures/RedWanderer.png@80.0x80.0
18:26:52.185 [JavaFX Application Thread] DEBUG AssetLoaderService   - Loading from cache: /assets/textures/wanderer_overlay.png@80.0x80.0
18:26:53.704 [JavaFX Application Thread] DEBUG AssetLoaderService   - Loading from cache: /assets/textures/Wanderer.png@80.0x80.0
18:26:53.705 [JavaFX Application Thread] DEBUG AssetLoaderService   - Loading from cache: /assets/textures/wanderer_overlay.png@80.0x80.0
18:26:53.897 [JavaFX Application Thread] DEBUG MainWindow           - Push state: DialogSubScene
18:26:53.897 [JavaFX Application Thread] DEBUG Input                - Clearing active input actions
18:26:53.898 [JavaFX Application Thread] DEBUG WindowService        - Removing overlay from GameScene and adding to DialogSubScene
18:26:53.898 [JavaFX Application Thread] DEBUG MainWindow           - GameScene -> DialogSubScene
18:26:56.231 [JavaFX Application Thread] DEBUG MainWindow           - Pop state: DialogSubScene
18:26:56.231 [JavaFX Application Thread] DEBUG Input                - Clearing active input actions
18:26:56.232 [JavaFX Application Thread] DEBUG WindowService        - Removing overlay from DialogSubScene and adding to GameScene
18:26:56.232 [JavaFX Application Thread] DEBUG MainWindow           - GameScene <- DialogSubScene
18:26:56.232 [JavaFX Application Thread] DEBUG Input                - Clearing active input actions
18:26:56.247 [JavaFX Application Thread] DEBUG WindowService        - Removing overlay from GameScene and adding to FXGLIntroScene
18:26:56.248 [JavaFX Application Thread] DEBUG MainWindow           - GameScene -> FXGLIntroScene
18:26:56.249 [JavaFX Application Thread] DEBUG Input                - Clearing active input actions
18:26:56.253 [JavaFX Application Thread] DEBUG WindowService        - Removing overlay from FXGLIntroScene and adding to 
18:26:56.253 [JavaFX Application Thread] DEBUG MainWindow           - FXGLIntroScene -> 
18:26:56.253 [JavaFX Application Thread] DEBUG MainWindow           - Push state: FXGLDefaultMenu
18:26:56.253 [JavaFX Application Thread] DEBUG Input                - Clearing active input actions
18:26:56.254 [JavaFX Application Thread] DEBUG WindowService        - Removing overlay from  and adding to FXGLDefaultMenu
18:26:56.254 [JavaFX Application Thread] DEBUG MainWindow           -  -> FXGLDefaultMenu
18:27:02.038 [JavaFX Application Thread] DEBUG Menu                 - fireExit()
18:27:02.039 [JavaFX Application Thread] DEBUG MainWindow           - Push state: DialogSubScene
18:27:02.039 [JavaFX Application Thread] DEBUG Input                - Clearing active input actions
18:27:02.040 [JavaFX Application Thread] DEBUG WindowService        - Removing overlay from FXGLDefaultMenu and adding to DialogSubScene
18:27:02.040 [JavaFX Application Thread] DEBUG MainWindow           - FXGLDefaultMenu -> DialogSubScene
18:27:03.454 [JavaFX Application Thread] DEBUG MainWindow           - Pop state: DialogSubScene
18:27:03.454 [JavaFX Application Thread] DEBUG Input                - Clearing active input actions
18:27:03.455 [JavaFX Application Thread] DEBUG WindowService        - Removing overlay from DialogSubScene and adding to FXGLDefaultMenu
18:27:03.455 [JavaFX Application Thread] DEBUG MainWindow           - FXGLDefaultMenu <- DialogSubScene
18:27:03.455 [JavaFX Application Thread] DEBUG GameApplication      - Exiting FXGL
18:27:03.455 [JavaFX Application Thread] DEBUG LoopRunner           - Stopping loop
18:27:03.455 [JavaFX Application Thread] DEBUG SystemBundleService  - Saving FXGL system data
18:27:03.456 [JavaFX Application Thread] DEBUG FileSystemAccess     - Writing to: D:\CodeGym\casestudy02\system\fxgl.bundle
18:27:03.458 [JavaFX Application Thread] DEBUG GameApplication      - Shutting down background threads
18:27:03.458 [JavaFX Application Thread] DEBUG GameApplication      - Closing logger and exiting JavaFX
